2025-10-30 20:29:33,283 - [INFO] - [hemoprod_se.xlsx] - ============================================================
2025-10-30 20:29:33,283 - [INFO] - [hemoprod_se.xlsx] - INICIANDO PROCESSAMENTO: SE
2025-10-30 20:29:33,283 - [INFO] - [hemoprod_se.xlsx] - ============================================================
2025-10-30 20:29:33,283 - [INFO] - [hemoprod_se.xlsx] - Carregando arquivo: Hemoprod_SE.xlsx
2025-10-30 20:29:33,283 - [INFO] - [hemoprod_se.xlsx] - Planilha: HEMOPROD - SERGIPE
2025-10-30 20:29:34,080 - [INFO] - [hemoprod_se.xlsx] - ✓ Colunas Originais: 269
2025-10-30 20:29:34,080 - [INFO] - [hemoprod_se.xlsx] - ✓ Linhas Originais: 904
2025-10-30 20:29:34,080 - [INFO] - [hemoprod_se.xlsx] - Iniciando limpeza e renomeação de colunas...
2025-10-30 20:29:34,081 - [INFO] - [hemoprod_se.xlsx] - ✓ Colunas limpas e renomeadas
2025-10-30 20:29:34,081 - [INFO] - [hemoprod_se.xlsx] - Normalizando período e ano de referência...
2025-10-30 20:29:34,083 - [INFO] - [hemoprod_se.xlsx] - ✓ Nenhum registro necessitou normalização de período/ano
2025-10-30 20:29:34,083 - [INFO] - [hemoprod_se.xlsx] - ✓ Período/Ano normalizado
2025-10-30 20:29:34,083 - [INFO] - [hemoprod_se.xlsx] - Normalizando município e estado...
2025-10-30 20:29:34,083 - [INFO] - [hemoprod_se.xlsx] - Coluna 'estado' não existe. Criando...
2025-10-30 20:29:34,110 - [INFO] - [hemoprod_se.xlsx] - ✓ Normalizados 904 registros com estado no município
2025-10-30 20:29:34,110 - [INFO] - [hemoprod_se.xlsx] - ✓ Município/Estado normalizado
2025-10-30 20:29:34,110 - [INFO] - [hemoprod_se.xlsx] - Aplicando tipos de dados...
2025-10-30 20:29:34,175 - [INFO] - [hemoprod_se.xlsx] - ✓ Tipos aplicados
2025-10-30 20:29:34,175 - [INFO] - [hemoprod_se.xlsx] - ✓ Colunas Faltantes: 1
2025-10-30 20:29:34,175 - [INFO] - [hemoprod_se.xlsx] -   → ['estado']
2025-10-30 20:29:34,175 - [INFO] - [hemoprod_se.xlsx] - ✓ Colunas A Mais: 0
2025-10-30 20:29:34,175 - [INFO] - [hemoprod_se.xlsx] - Padronizando schema...
2025-10-30 20:29:34,176 - [INFO] - [hemoprod_se.xlsx] - Coluna 'estado' já existe, mantendo valores atuais
2025-10-30 20:29:34,178 - [INFO] - [hemoprod_se.xlsx] - ✓ Schema padronizado - Colunas Finais: 270
2025-10-30 20:29:34,178 - [INFO] - [hemoprod_se.xlsx] - Preenchendo valores nulos em colunas Int64 com 0...
2025-10-30 20:29:34,179 - [INFO] - [hemoprod_se.xlsx] -   → Coluna 'semente': 25 valores nulos preenchidos com 0
2025-10-30 20:29:34,179 - [INFO] - [hemoprod_se.xlsx] -   → Coluna 'identificacao_dado': 904 valores nulos preenchidos com 0
2025-10-30 20:29:34,179 - [INFO] - [hemoprod_se.xlsx] -   → Coluna 'identificacao_estabelecimento': 904 valores nulos preenchidos com 0
2025-10-30 20:29:34,179 - [INFO] - [hemoprod_se.xlsx] -   → Coluna 'cnes': 904 valores nulos preenchidos com 0
2025-10-30 20:29:34,179 - [INFO] - [hemoprod_se.xlsx] -   → Coluna 'endereco': 904 valores nulos preenchidos com 0
2025-10-30 20:29:34,179 - [INFO] - [hemoprod_se.xlsx] -   → Coluna 'triagem_clinica_total_doacao_espontanea_aptos': 735 valores nulos preenchidos com 0
2025-10-30 20:29:34,181 - [INFO] - [hemoprod_se.xlsx] -   → Coluna 'triagem_clinica_total_doacao_espontanea_inaptos': 735 valores nulos preenchidos com 0
2025-10-30 20:29:34,181 - [INFO] - [hemoprod_se.xlsx] -   → Coluna 'triagem_clinica_total_doacao_reposicao_aptos': 735 valores nulos preenchidos com 0
2025-10-30 20:29:34,181 - [INFO] - [hemoprod_se.xlsx] -   → Coluna 'triagem_clinica_total_doacao_reposicao_inaptos': 735 valores nulos preenchidos com 0
2025-10-30 20:29:34,181 - [INFO] - [hemoprod_se.xlsx] -   → Coluna 'triagem_clinica_total_doacao_autologa_aptos': 735 valores nulos preenchidos com 0
2025-10-30 20:29:34,181 - [INFO] - [hemoprod_se.xlsx] -   → Coluna 'triagem_clinica_total_doacao_autologa_inaptos': 735 valores nulos preenchidos com 0
2025-10-30 20:29:34,181 - [INFO] - [hemoprod_se.xlsx] -   → Coluna 'total_doador_primeira_vez_aptos': 735 valores nulos preenchidos com 0
2025-10-30 20:29:34,181 - [INFO] - [hemoprod_se.xlsx] -   → Coluna 'total_doador_primeira_vez_inaptos': 735 valores nulos preenchidos com 0
2025-10-30 20:29:34,181 - [INFO] - [hemoprod_se.xlsx] -   → Coluna 'total_doador_repeticao_aptos': 735 valores nulos preenchidos com 0
2025-10-30 20:29:34,182 - [INFO] - [hemoprod_se.xlsx] -   → Coluna 'total_doador_repeticao_inaptos': 735 valores nulos preenchidos com 0
2025-10-30 20:29:34,182 - [INFO] - [hemoprod_se.xlsx] -   → Coluna 'total_doador_esporadico_aptos': 735 valores nulos preenchidos com 0
2025-10-30 20:29:34,182 - [INFO] - [hemoprod_se.xlsx] -   → Coluna 'total_doador_esporadico_inaptos': 735 valores nulos preenchidos com 0
2025-10-30 20:29:34,182 - [INFO] - [hemoprod_se.xlsx] -   → Coluna 'total_doador_masculino_aptos': 735 valores nulos preenchidos com 0
2025-10-30 20:29:34,182 - [INFO] - [hemoprod_se.xlsx] -   → Coluna 'total_doador_masculino_inaptos': 735 valores nulos preenchidos com 0
2025-10-30 20:29:34,183 - [INFO] - [hemoprod_se.xlsx] -   → Coluna 'total_doador_feminino_aptos': 735 valores nulos preenchidos com 0
2025-10-30 20:29:34,183 - [INFO] - [hemoprod_se.xlsx] -   → Coluna 'total_doador_feminino_inaptos': 735 valores nulos preenchidos com 0
2025-10-30 20:29:34,183 - [INFO] - [hemoprod_se.xlsx] -   → Coluna 'total_doador_menor_de_18_anos_aptos': 735 valores nulos preenchidos com 0
2025-10-30 20:29:34,183 - [INFO] - [hemoprod_se.xlsx] -   → Coluna 'total_doador_menor_de_18_anos_inaptos': 735 valores nulos preenchidos com 0
2025-10-30 20:29:34,183 - [INFO] - [hemoprod_se.xlsx] -   → Coluna 'total_doador_18_ate_29_anos_aptos': 735 valores nulos preenchidos com 0
2025-10-30 20:29:34,183 - [INFO] - [hemoprod_se.xlsx] -   → Coluna 'total_doador_18_ate_29_anos_inaptos': 735 valores nulos preenchidos com 0
2025-10-30 20:29:34,183 - [INFO] - [hemoprod_se.xlsx] -   → Coluna 'total_doador_acima_de_29_anos_aptos': 735 valores nulos preenchidos com 0
2025-10-30 20:29:34,185 - [INFO] - [hemoprod_se.xlsx] -   → Coluna 'total_doador_acima_de_29_anos_inaptos': 735 valores nulos preenchidos com 0
2025-10-30 20:29:34,185 - [INFO] - [hemoprod_se.xlsx] -   → Coluna 'total_candidatos_inaptos_anemia_masculino': 735 valores nulos preenchidos com 0
2025-10-30 20:29:34,185 - [INFO] - [hemoprod_se.xlsx] -   → Coluna 'total_candidatos_inaptos_anemia_feminino': 735 valores nulos preenchidos com 0
2025-10-30 20:29:34,185 - [INFO] - [hemoprod_se.xlsx] -   → Coluna 'total_candidatos_inaptos_anemia_total': 735 valores nulos preenchidos com 0
2025-10-30 20:29:34,186 - [INFO] - [hemoprod_se.xlsx] -   → Coluna 'total_candidatos_inaptos_hipertensao_masculino': 735 valores nulos preenchidos com 0
2025-10-30 20:29:34,186 - [INFO] - [hemoprod_se.xlsx] -   → Coluna 'total_candidatos_inaptos_hipertensao_feminino': 735 valores nulos preenchidos com 0
2025-10-30 20:29:34,186 - [INFO] - [hemoprod_se.xlsx] -   → Coluna 'total_candidatos_inaptos_hipertensao_total': 735 valores nulos preenchidos com 0
2025-10-30 20:29:34,186 - [INFO] - [hemoprod_se.xlsx] -   → Coluna 'total_candidatos_inaptos_hipotensao_masculino': 735 valores nulos preenchidos com 0
2025-10-30 20:29:34,186 - [INFO] - [hemoprod_se.xlsx] -   → Coluna 'total_candidatos_inaptos_hipotensao_feminino': 735 valores nulos preenchidos com 0
2025-10-30 20:29:34,187 - [INFO] - [hemoprod_se.xlsx] -   → Coluna 'total_candidatos_inaptos_hipotensao_total': 735 valores nulos preenchidos com 0
2025-10-30 20:29:34,187 - [INFO] - [hemoprod_se.xlsx] -   → Coluna 'total_candidatos_inaptos_alcoolismo_masculino': 735 valores nulos preenchidos com 0
2025-10-30 20:29:34,187 - [INFO] - [hemoprod_se.xlsx] -   → Coluna 'total_candidatos_inaptos_alcoolismo_feminino': 735 valores nulos preenchidos com 0
2025-10-30 20:29:34,187 - [INFO] - [hemoprod_se.xlsx] -   → Coluna 'total_candidatos_inaptos_alcoolismo_total': 735 valores nulos preenchidos com 0
2025-10-30 20:29:34,187 - [INFO] - [hemoprod_se.xlsx] -   → Coluna 'total_candidatos_inaptos_comportamento_risco_dst_masculino': 735 valores nulos preenchidos com 0
2025-10-30 20:29:34,187 - [INFO] - [hemoprod_se.xlsx] -   → Coluna 'total_candidatos_inaptos_comportamento_risco_dst_feminino': 735 valores nulos preenchidos com 0
2025-10-30 20:29:34,188 - [INFO] - [hemoprod_se.xlsx] -   → Coluna 'total_candidatos_inaptos_comportamento_risco_dst_total': 735 valores nulos preenchidos com 0
2025-10-30 20:29:34,188 - [INFO] - [hemoprod_se.xlsx] -   → Coluna 'total_candidatos_inaptos_uso_drogas_masculino': 735 valores nulos preenchidos com 0
2025-10-30 20:29:34,188 - [INFO] - [hemoprod_se.xlsx] -   → Coluna 'total_candidatos_inaptos_uso_drogas_feminino': 735 valores nulos preenchidos com 0
2025-10-30 20:29:34,188 - [INFO] - [hemoprod_se.xlsx] -   → Coluna 'total_candidatos_inaptos_uso_drogas_total': 735 valores nulos preenchidos com 0
2025-10-30 20:29:34,188 - [INFO] - [hemoprod_se.xlsx] -   → Coluna 'total_candidatos_inaptos_hepatite_masculino': 735 valores nulos preenchidos com 0
2025-10-30 20:29:34,188 - [INFO] - [hemoprod_se.xlsx] -   → Coluna 'total_candidatos_inaptos_hepatite_feminino': 735 valores nulos preenchidos com 0
2025-10-30 20:29:34,188 - [INFO] - [hemoprod_se.xlsx] -   → Coluna 'total_candidatos_inaptos_hepatite_total': 735 valores nulos preenchidos com 0
2025-10-30 20:29:34,188 - [INFO] - [hemoprod_se.xlsx] -   → Coluna 'total_candidatos_inaptos_doenca_chagas_masculino': 735 valores nulos preenchidos com 0
2025-10-30 20:29:34,188 - [INFO] - [hemoprod_se.xlsx] -   → Coluna 'total_candidatos_inaptos_doenca_chagas_feminino': 735 valores nulos preenchidos com 0
2025-10-30 20:29:34,190 - [INFO] - [hemoprod_se.xlsx] -   → Coluna 'total_candidatos_inaptos_doenca_chagas_total': 735 valores nulos preenchidos com 0
2025-10-30 20:29:34,190 - [INFO] - [hemoprod_se.xlsx] -   → Coluna 'total_candidatos_inaptos_malaria_masculino': 735 valores nulos preenchidos com 0
2025-10-30 20:29:34,190 - [INFO] - [hemoprod_se.xlsx] -   → Coluna 'total_candidatos_inaptos_malaria_feminino': 735 valores nulos preenchidos com 0
2025-10-30 20:29:34,190 - [INFO] - [hemoprod_se.xlsx] -   → Coluna 'total_candidatos_inaptos_malaria_total': 735 valores nulos preenchidos com 0
2025-10-30 20:29:34,190 - [INFO] - [hemoprod_se.xlsx] -   → Coluna 'total_candidatos_inaptos_outras_masculino': 735 valores nulos preenchidos com 0
2025-10-30 20:29:34,190 - [INFO] - [hemoprod_se.xlsx] -   → Coluna 'total_candidatos_inaptos_outras_feminino': 735 valores nulos preenchidos com 0
2025-10-30 20:29:34,191 - [INFO] - [hemoprod_se.xlsx] -   → Coluna 'total_candidatos_inaptos_outras_total': 735 valores nulos preenchidos com 0
2025-10-30 20:29:34,191 - [INFO] - [hemoprod_se.xlsx] -   → Coluna 'coleta_total_candidatos_desistentes': 735 valores nulos preenchidos com 0
2025-10-30 20:29:34,191 - [INFO] - [hemoprod_se.xlsx] -   → Coluna 'total_interrupcoes_coleta_dificuldade_puncao_venosa': 735 valores nulos preenchidos com 0
2025-10-30 20:29:34,191 - [INFO] - [hemoprod_se.xlsx] -   → Coluna 'total_interrupcoes_coleta_reacao_vagal': 735 valores nulos preenchidos com 0
2025-10-30 20:29:34,192 - [INFO] - [hemoprod_se.xlsx] -   → Coluna 'total_interrupcoes_coleta_outros_motivos': 735 valores nulos preenchidos com 0
2025-10-30 20:29:34,192 - [INFO] - [hemoprod_se.xlsx] -   → Coluna 'total_coletas_sangue_total': 735 valores nulos preenchidos com 0
2025-10-30 20:29:34,192 - [INFO] - [hemoprod_se.xlsx] -   → Coluna 'total_coletas_aferese': 735 valores nulos preenchidos com 0
2025-10-30 20:29:34,192 - [INFO] - [hemoprod_se.xlsx] -   → Coluna 'exames_triagem_doenca_doenca_chagas_amostras_testadas': 736 valores nulos preenchidos com 0
2025-10-30 20:29:34,193 - [INFO] - [hemoprod_se.xlsx] -   → Coluna 'exames_triagem_doenca_doenca_chagas_amostras_reagentes': 736 valores nulos preenchidos com 0
2025-10-30 20:29:34,193 - [INFO] - [hemoprod_se.xlsx] -   → Coluna 'exames_triagem_doenca_hiv_amostras_testadas': 736 valores nulos preenchidos com 0
2025-10-30 20:29:34,193 - [INFO] - [hemoprod_se.xlsx] -   → Coluna 'exames_triagem_doenca_hiv_amostras_reagentes': 736 valores nulos preenchidos com 0
2025-10-30 20:29:34,193 - [INFO] - [hemoprod_se.xlsx] -   → Coluna 'exames_triagem_doenca_sifilis_amostras_testadas': 736 valores nulos preenchidos com 0
2025-10-30 20:29:34,194 - [INFO] - [hemoprod_se.xlsx] -   → Coluna '`exames_triagem_doenca_sifilis_amostras_reagentes': 736 valores nulos preenchidos com 0
2025-10-30 20:29:34,194 - [INFO] - [hemoprod_se.xlsx] -   → Coluna 'exames_triagem_doenca_hepatite_b_hbs_ag_amostras_testadas': 736 valores nulos preenchidos com 0
2025-10-30 20:29:34,194 - [INFO] - [hemoprod_se.xlsx] -   → Coluna 'exames_triagem_doenca_hepatite_b_hbs_ag_amostras_reagentes': 736 valores nulos preenchidos com 0
2025-10-30 20:29:34,194 - [INFO] - [hemoprod_se.xlsx] -   → Coluna 'exames_triagem_doenca_hepatite_b_anti_hbc_amostras_testadas': 736 valores nulos preenchidos com 0
2025-10-30 20:29:34,195 - [INFO] - [hemoprod_se.xlsx] -   → Coluna 'exames_triagem_doenca_hepatite_b_anti_hbc_amostras_reagentes': 736 valores nulos preenchidos com 0
2025-10-30 20:29:34,195 - [INFO] - [hemoprod_se.xlsx] -   → Coluna 'exames_triagem_doenca_hepatite_c_amostras_testadas': 736 valores nulos preenchidos com 0
2025-10-30 20:29:34,195 - [INFO] - [hemoprod_se.xlsx] -   → Coluna 'exames_triagem_doenca_hepatite_c_amostras_reagentes': 736 valores nulos preenchidos com 0
2025-10-30 20:29:34,195 - [INFO] - [hemoprod_se.xlsx] -   → Coluna 'exames_triagem_doenca_htlv_i_ii_amostras_testadas': 736 valores nulos preenchidos com 0
2025-10-30 20:29:34,195 - [INFO] - [hemoprod_se.xlsx] -   → Coluna 'exames_triagem_doenca_htlv_i_ii_amostras_reagentes': 736 valores nulos preenchidos com 0
2025-10-30 20:29:34,196 - [INFO] - [hemoprod_se.xlsx] -   → Coluna 'exames_triagem_doenca_malaria_amostras_testadas': 736 valores nulos preenchidos com 0
2025-10-30 20:29:34,196 - [INFO] - [hemoprod_se.xlsx] -   → Coluna 'exames_triagem_doenca_malaria_amostras_reagentes': 736 valores nulos preenchidos com 0
2025-10-30 20:29:34,196 - [INFO] - [hemoprod_se.xlsx] -   → Coluna 'exames_triagem_doenca_hbv_teste_nat_amostras_testadas': 736 valores nulos preenchidos com 0
2025-10-30 20:29:34,196 - [INFO] - [hemoprod_se.xlsx] -   → Coluna 'exames_triagem_doenca_hbv_teste_nat_amostras_reagentes': 736 valores nulos preenchidos com 0
2025-10-30 20:29:34,196 - [INFO] - [hemoprod_se.xlsx] -   → Coluna 'exames_triagem_doenca_hcv_teste_nat_amostras_testadas': 736 valores nulos preenchidos com 0
2025-10-30 20:29:34,197 - [INFO] - [hemoprod_se.xlsx] -   → Coluna 'exames_triagem_doenca_hcv_teste_nat_amostras_reagentes': 736 valores nulos preenchidos com 0
2025-10-30 20:29:34,197 - [INFO] - [hemoprod_se.xlsx] -   → Coluna 'exames_triagem_doenca_hiv_teste_nat_amostras_testadas': 736 valores nulos preenchidos com 0
2025-10-30 20:29:34,197 - [INFO] - [hemoprod_se.xlsx] -   → Coluna 'exames_triagem_doenca_hiv_teste_nat_amostras_reagentes': 736 valores nulos preenchidos com 0
2025-10-30 20:29:34,197 - [INFO] - [hemoprod_se.xlsx] -   → Coluna 'imunohematologia_a_positivo_doador': 1 valores nulos preenchidos com 0
2025-10-30 20:29:34,198 - [INFO] - [hemoprod_se.xlsx] -   → Coluna 'imunohematologia_a_positivo_receptor': 1 valores nulos preenchidos com 0
2025-10-30 20:29:34,198 - [INFO] - [hemoprod_se.xlsx] -   → Coluna 'imunohematologia_b_positivo_doador': 1 valores nulos preenchidos com 0
2025-10-30 20:29:34,198 - [INFO] - [hemoprod_se.xlsx] -   → Coluna 'imunohematologia_b_positivo_receptor': 1 valores nulos preenchidos com 0
2025-10-30 20:29:34,198 - [INFO] - [hemoprod_se.xlsx] -   → Coluna 'imunohematologia_ab_positivo_doador': 1 valores nulos preenchidos com 0
2025-10-30 20:29:34,198 - [INFO] - [hemoprod_se.xlsx] -   → Coluna 'imunohematologia_ab_positivo_receptor': 1 valores nulos preenchidos com 0
2025-10-30 20:29:34,199 - [INFO] - [hemoprod_se.xlsx] -   → Coluna 'imunohematologia_o_positivo_doador': 1 valores nulos preenchidos com 0
2025-10-30 20:29:34,199 - [INFO] - [hemoprod_se.xlsx] -   → Coluna 'imunohematologia_o_positivo_receptor': 1 valores nulos preenchidos com 0
2025-10-30 20:29:34,199 - [INFO] - [hemoprod_se.xlsx] -   → Coluna 'imunohematologia_a_negativo_doador': 1 valores nulos preenchidos com 0
2025-10-30 20:29:34,199 - [INFO] - [hemoprod_se.xlsx] -   → Coluna 'imunohematologia_a_negativo_receptor': 1 valores nulos preenchidos com 0
2025-10-30 20:29:34,199 - [INFO] - [hemoprod_se.xlsx] -   → Coluna 'imunohematologia_b_negativo_doador': 1 valores nulos preenchidos com 0
2025-10-30 20:29:34,200 - [INFO] - [hemoprod_se.xlsx] -   → Coluna 'imunohematologia_b_negativo_receptor': 1 valores nulos preenchidos com 0
2025-10-30 20:29:34,200 - [INFO] - [hemoprod_se.xlsx] -   → Coluna 'imunohematologia_ab_negativo_doador': 1 valores nulos preenchidos com 0
2025-10-30 20:29:34,200 - [INFO] - [hemoprod_se.xlsx] -   → Coluna 'imunohematologia_ab_negativo_receptor': 1 valores nulos preenchidos com 0
2025-10-30 20:29:34,200 - [INFO] - [hemoprod_se.xlsx] -   → Coluna 'imunohematologia_o_negativo_doador': 1 valores nulos preenchidos com 0
2025-10-30 20:29:34,200 - [INFO] - [hemoprod_se.xlsx] -   → Coluna 'imunohematologia_o_negativo_receptor': 1 valores nulos preenchidos com 0
2025-10-30 20:29:34,200 - [INFO] - [hemoprod_se.xlsx] -   → Coluna 'imunohematologia_dfraco_doador': 1 valores nulos preenchidos com 0
2025-10-30 20:29:34,200 - [INFO] - [hemoprod_se.xlsx] -   → Coluna 'imunohematologia_dfraco_receptor': 1 valores nulos preenchidos com 0
2025-10-30 20:29:34,200 - [INFO] - [hemoprod_se.xlsx] -   → Coluna 'imunohematologia_pesquisa_anticorpo_irregular_positivo_doador': 1 valores nulos preenchidos com 0
2025-10-30 20:29:34,200 - [INFO] - [hemoprod_se.xlsx] -   → Coluna 'imunohematologia_pesquisa_anticorpo_irregular_positivo_receptor': 1 valores nulos preenchidos com 0
2025-10-30 20:29:34,201 - [INFO] - [hemoprod_se.xlsx] -   → Coluna 'imunohematologia_fenotipagem_doador': 1 valores nulos preenchidos com 0
2025-10-30 20:29:34,201 - [INFO] - [hemoprod_se.xlsx] -   → Coluna 'imunohematologia_fenotipagem_receptor': 1 valores nulos preenchidos com 0
2025-10-30 20:29:34,201 - [INFO] - [hemoprod_se.xlsx] -   → Coluna 'imunohematologia_combs_direto_doador': 1 valores nulos preenchidos com 0
2025-10-30 20:29:34,201 - [INFO] - [hemoprod_se.xlsx] -   → Coluna 'imunohematologia_combs_direto_receptor': 1 valores nulos preenchidos com 0
2025-10-30 20:29:34,201 - [INFO] - [hemoprod_se.xlsx] -   → Coluna 'outros_tipos_pesquisa_pesquisa_hbs_doador': 736 valores nulos preenchidos com 0
2025-10-30 20:29:34,201 - [INFO] - [hemoprod_se.xlsx] -   → Coluna 'inaptidao_triagem_laboratorial_total_bolsas_testadas': 736 valores nulos preenchidos com 0
2025-10-30 20:29:34,202 - [INFO] - [hemoprod_se.xlsx] -   → Coluna 'inaptidao_triagem_laboratorial_total_bolsas_reagentes_1_ou_mais_marcadores': 736 valores nulos preenchidos com 0
2025-10-30 20:29:34,202 - [INFO] - [hemoprod_se.xlsx] -   → Coluna 'descarte_bolsas_total_bolsas_descartadas_auto_exclusao': 736 valores nulos preenchidos com 0
2025-10-30 20:29:34,202 - [INFO] - [hemoprod_se.xlsx] -   → Coluna 'producao_hemoterapica_entradas_sangue_total_produzidas': 1 valores nulos preenchidos com 0
2025-10-30 20:29:34,202 - [INFO] - [hemoprod_se.xlsx] -   → Coluna 'producao_hemoterapica_entradas_sangue_total_recebidas': 1 valores nulos preenchidos com 0
2025-10-30 20:29:34,202 - [INFO] - [hemoprod_se.xlsx] -   → Coluna 'producao_hemoterapica_entradas_sangue_total_devolvidas': 1 valores nulos preenchidos com 0
2025-10-30 20:29:34,202 - [INFO] - [hemoprod_se.xlsx] -   → Coluna 'producao_hemoterapica_entradas_plasma_fresco_congelado_produzidas': 1 valores nulos preenchidos com 0
2025-10-30 20:29:34,203 - [INFO] - [hemoprod_se.xlsx] -   → Coluna 'producao_hemoterapica_entradas_plasma_fresco_congelado_recebidas': 1 valores nulos preenchidos com 0
2025-10-30 20:29:34,203 - [INFO] - [hemoprod_se.xlsx] -   → Coluna 'producao_hemoterapica_entradas_plasma_fresco_congelado_devolvidas': 1 valores nulos preenchidos com 0
2025-10-30 20:29:34,203 - [INFO] - [hemoprod_se.xlsx] -   → Coluna 'producao_hemoterapica_entradas_plasma_comum_produzidas': 1 valores nulos preenchidos com 0
2025-10-30 20:29:34,203 - [INFO] - [hemoprod_se.xlsx] -   → Coluna 'producao_hemoterapica_entradas_plasma_comum_recebidas': 1 valores nulos preenchidos com 0
2025-10-30 20:29:34,203 - [INFO] - [hemoprod_se.xlsx] -   → Coluna 'producao_hemoterapica_entradas_plasma_comum_devolvidas': 1 valores nulos preenchidos com 0
2025-10-30 20:29:34,203 - [INFO] - [hemoprod_se.xlsx] -   → Coluna 'producao_hemoterapica_entradas_concentrado_hemacias_produzidas': 1 valores nulos preenchidos com 0
2025-10-30 20:29:34,203 - [INFO] - [hemoprod_se.xlsx] -   → Coluna 'producao_hemoterapica_entradas_concentrado_hemacias_recebidas': 1 valores nulos preenchidos com 0
2025-10-30 20:29:34,203 - [INFO] - [hemoprod_se.xlsx] -   → Coluna 'producao_hemoterapica_entradas_concentrado_hemacias_devolvidas': 1 valores nulos preenchidos com 0
2025-10-30 20:29:34,205 - [INFO] - [hemoprod_se.xlsx] -   → Coluna 'producao_hemoterapica_entradas_concentrado_hemacias_sem_buffy_coat_produzidas': 1 valores nulos preenchidos com 0
2025-10-30 20:29:34,205 - [INFO] - [hemoprod_se.xlsx] -   → Coluna 'producao_hemoterapica_entradas_concentrado_hemacias_sem_buffy_coat_recebidas': 1 valores nulos preenchidos com 0
2025-10-30 20:29:34,205 - [INFO] - [hemoprod_se.xlsx] -   → Coluna 'producao_hemoterapica_entradas_concentrado_hemacias_sem_buffy_coat_devolvidas': 1 valores nulos preenchidos com 0
2025-10-30 20:29:34,205 - [INFO] - [hemoprod_se.xlsx] -   → Coluna 'producao_hemoterapica_entradas_concentrado_plaquetas_produzidas': 1 valores nulos preenchidos com 0
2025-10-30 20:29:34,206 - [INFO] - [hemoprod_se.xlsx] -   → Coluna 'producao_hemoterapica_entradas_concentrado_plaquetas_recebidas': 1 valores nulos preenchidos com 0
2025-10-30 20:29:34,206 - [INFO] - [hemoprod_se.xlsx] -   → Coluna 'producao_hemoterapica_entradas_concentrado_plaquetas_devolvidas': 1 valores nulos preenchidos com 0
2025-10-30 20:29:34,206 - [INFO] - [hemoprod_se.xlsx] -   → Coluna 'producao_hemoterapica_entradas_concentrado_plaquetas_aferese_produzidas': 1 valores nulos preenchidos com 0
2025-10-30 20:29:34,206 - [INFO] - [hemoprod_se.xlsx] -   → Coluna 'producao_hemoterapica_entradas_concentrado_plaquetas_aferese_recebidas': 1 valores nulos preenchidos com 0
2025-10-30 20:29:34,206 - [INFO] - [hemoprod_se.xlsx] -   → Coluna 'producao_hemoterapica_entradas_concentrado_plaquetas_aferese_devolvidas': 1 valores nulos preenchidos com 0
2025-10-30 20:29:34,207 - [INFO] - [hemoprod_se.xlsx] -   → Coluna 'producao_hemoterapica_entradas_concentrado_leucocitos_produzidas': 1 valores nulos preenchidos com 0
2025-10-30 20:29:34,207 - [INFO] - [hemoprod_se.xlsx] -   → Coluna 'producao_hemoterapica_entradas_concentrado_leucocitos_recebidas': 1 valores nulos preenchidos com 0
2025-10-30 20:29:34,207 - [INFO] - [hemoprod_se.xlsx] -   → Coluna 'producao_hemoterapica_entradas_concentrado_leucocitos_devolvidas': 1 valores nulos preenchidos com 0
2025-10-30 20:29:34,207 - [INFO] - [hemoprod_se.xlsx] -   → Coluna 'producao_hemoterapica_entradas_crioprecipitado_produzidas': 1 valores nulos preenchidos com 0
2025-10-30 20:29:34,207 - [INFO] - [hemoprod_se.xlsx] -   → Coluna 'producao_hemoterapica_entradas_crioprecipitado_recebidas': 1 valores nulos preenchidos com 0
2025-10-30 20:29:34,207 - [INFO] - [hemoprod_se.xlsx] -   → Coluna 'producao_hemoterapica_entradas_crioprecipitado_devolvidas': 1 valores nulos preenchidos com 0
2025-10-30 20:29:34,208 - [INFO] - [hemoprod_se.xlsx] -   → Coluna 'producao_hemoterapica_entradas_concentrado_de_plaquetas_sem_buffy_coat_produzidas': 1 valores nulos preenchidos com 0
2025-10-30 20:29:34,208 - [INFO] - [hemoprod_se.xlsx] -   → Coluna 'producao_hemoterapica_entradas_concentrado_de_plaquetas_sem_buffy_coat_recebidas': 1 valores nulos preenchidos com 0
2025-10-30 20:29:34,208 - [INFO] - [hemoprod_se.xlsx] -   → Coluna 'producao_hemoterapica_entradas_concentrado_de_plaquetas_sem_buffy_coat_devolvidas': 1 valores nulos preenchidos com 0
2025-10-30 20:29:34,208 - [INFO] - [hemoprod_se.xlsx] -   → Coluna 'perdas_sangue_total_rompimento_de_bolsa': 1 valores nulos preenchidos com 0
2025-10-30 20:29:34,208 - [INFO] - [hemoprod_se.xlsx] -   → Coluna 'perdas_sangue_total_validade': 1 valores nulos preenchidos com 0
2025-10-30 20:29:34,208 - [INFO] - [hemoprod_se.xlsx] -   → Coluna 'perdas_sangue_total_outros_motivos': 1 valores nulos preenchidos com 0
2025-10-30 20:29:34,209 - [INFO] - [hemoprod_se.xlsx] -   → Coluna 'perdas_plasma_fresco_congelado_rompimento_de_bolsa': 1 valores nulos preenchidos com 0
2025-10-30 20:29:34,209 - [INFO] - [hemoprod_se.xlsx] -   → Coluna 'perdas_plasma_fresco_congelado_validade': 1 valores nulos preenchidos com 0
2025-10-30 20:29:34,209 - [INFO] - [hemoprod_se.xlsx] -   → Coluna 'perdas_plasma_fresco_congelado_outros_motivos': 1 valores nulos preenchidos com 0
2025-10-30 20:29:34,209 - [INFO] - [hemoprod_se.xlsx] -   → Coluna 'perdas_plasma_comum_rompimento_de_bolsa': 1 valores nulos preenchidos com 0
2025-10-30 20:29:34,209 - [INFO] - [hemoprod_se.xlsx] -   → Coluna 'perdas_plasma_comum_validade': 1 valores nulos preenchidos com 0
2025-10-30 20:29:34,210 - [INFO] - [hemoprod_se.xlsx] -   → Coluna 'perdas_plasma_comum_outros_motivos': 1 valores nulos preenchidos com 0
2025-10-30 20:29:34,210 - [INFO] - [hemoprod_se.xlsx] -   → Coluna 'perdas_concentrado_de_hemacias_rompimento_de_bolsa': 1 valores nulos preenchidos com 0
2025-10-30 20:29:34,210 - [INFO] - [hemoprod_se.xlsx] -   → Coluna 'perdas_concentrado_de_hemacias_validade': 1 valores nulos preenchidos com 0
2025-10-30 20:29:34,210 - [INFO] - [hemoprod_se.xlsx] -   → Coluna 'perdas_concentrado_de_hemacias_outros_motivos': 1 valores nulos preenchidos com 0
2025-10-30 20:29:34,211 - [INFO] - [hemoprod_se.xlsx] -   → Coluna 'perdas_concentrado_de_hemacias_sem_buffy_coat_rompimento_de_bolsa': 1 valores nulos preenchidos com 0
2025-10-30 20:29:34,211 - [INFO] - [hemoprod_se.xlsx] -   → Coluna 'perdas_concentrado_de_hemacias_sem_buffy_coat_validade': 1 valores nulos preenchidos com 0
2025-10-30 20:29:34,211 - [INFO] - [hemoprod_se.xlsx] -   → Coluna 'perdas_concentrado_de_hemacias_sem_buffy_coat_outros_motivos': 1 valores nulos preenchidos com 0
2025-10-30 20:29:34,211 - [INFO] - [hemoprod_se.xlsx] -   → Coluna 'perdas_concentrado_de_plaquetas_rompimento_de_bolsa': 1 valores nulos preenchidos com 0
2025-10-30 20:29:34,211 - [INFO] - [hemoprod_se.xlsx] -   → Coluna 'perdas_concentrado_de_plaquetas_validade': 1 valores nulos preenchidos com 0
2025-10-30 20:29:34,212 - [INFO] - [hemoprod_se.xlsx] -   → Coluna 'perdas_concentrado_de_plaquetas_outros_motivos': 1 valores nulos preenchidos com 0
2025-10-30 20:29:34,212 - [INFO] - [hemoprod_se.xlsx] -   → Coluna 'perdas_concentrado_de_plaquetas_de_aferese_rompimento_de_bolsa': 1 valores nulos preenchidos com 0
2025-10-30 20:29:34,212 - [INFO] - [hemoprod_se.xlsx] -   → Coluna 'perdas_concentrado_de_plaquetas_de_aferese_validade': 1 valores nulos preenchidos com 0
2025-10-30 20:29:34,212 - [INFO] - [hemoprod_se.xlsx] -   → Coluna 'perdas_concentrado_de_plaquetas_de_aferese_outros_motivos': 1 valores nulos preenchidos com 0
2025-10-30 20:29:34,212 - [INFO] - [hemoprod_se.xlsx] -   → Coluna 'perdas_concentrado_de_leucocitos_rompimento_de_bolsa': 1 valores nulos preenchidos com 0
2025-10-30 20:29:34,212 - [INFO] - [hemoprod_se.xlsx] -   → Coluna 'perdas_concentrado_de_leucocitos_validade': 1 valores nulos preenchidos com 0
2025-10-30 20:29:34,213 - [INFO] - [hemoprod_se.xlsx] -   → Coluna 'perdas_concentrado_de_leucocitos_outros_motivos': 1 valores nulos preenchidos com 0
2025-10-30 20:29:34,213 - [INFO] - [hemoprod_se.xlsx] -   → Coluna 'perdas_crioprecipitado_rompimento_de_bolsa': 1 valores nulos preenchidos com 0
2025-10-30 20:29:34,213 - [INFO] - [hemoprod_se.xlsx] -   → Coluna 'perdas_crioprecipitado_validade': 1 valores nulos preenchidos com 0
2025-10-30 20:29:34,213 - [INFO] - [hemoprod_se.xlsx] -   → Coluna 'perdas_crioprecipitado_outros_motivos': 1 valores nulos preenchidos com 0
2025-10-30 20:29:34,213 - [INFO] - [hemoprod_se.xlsx] -   → Coluna 'perdas_concentrado_de_plaquetas_sem_buffy_coat_rompimento_de_bolsa': 1 valores nulos preenchidos com 0
2025-10-30 20:29:34,213 - [INFO] - [hemoprod_se.xlsx] -   → Coluna 'perdas_concentrado_de_plaquetas_sem_buffy_coat_validade': 1 valores nulos preenchidos com 0
2025-10-30 20:29:34,213 - [INFO] - [hemoprod_se.xlsx] -   → Coluna 'perdas_concentrado_de_plaquetas_sem_buffy_coat_outros_motivos': 1 valores nulos preenchidos com 0
2025-10-30 20:29:34,213 - [INFO] - [hemoprod_se.xlsx] -   → Coluna 'tranfusoes_sangue_total_ambulatorial': 1 valores nulos preenchidos com 0
2025-10-30 20:29:34,213 - [INFO] - [hemoprod_se.xlsx] -   → Coluna 'tranfusoes_sangue_total_hospitalar': 1 valores nulos preenchidos com 0
2025-10-30 20:29:34,214 - [INFO] - [hemoprod_se.xlsx] -   → Coluna 'tranfusoes_sangue_total_total': 1 valores nulos preenchidos com 0
2025-10-30 20:29:34,214 - [INFO] - [hemoprod_se.xlsx] -   → Coluna 'tranfusoes_plasma_fresco_congelado_ambulatorial': 1 valores nulos preenchidos com 0
2025-10-30 20:29:34,214 - [INFO] - [hemoprod_se.xlsx] -   → Coluna 'tranfusoes_plasma_fresco_congelado_hospitalar': 1 valores nulos preenchidos com 0
2025-10-30 20:29:34,215 - [INFO] - [hemoprod_se.xlsx] -   → Coluna 'tranfusoes_plasma_fresco_congelado_total': 1 valores nulos preenchidos com 0
2025-10-30 20:29:34,215 - [INFO] - [hemoprod_se.xlsx] -   → Coluna 'tranfusoes_plasma_comum_ambulatorial': 1 valores nulos preenchidos com 0
2025-10-30 20:29:34,215 - [INFO] - [hemoprod_se.xlsx] -   → Coluna 'tranfusoes_plasma_comum_hospitalar': 1 valores nulos preenchidos com 0
2025-10-30 20:29:34,215 - [INFO] - [hemoprod_se.xlsx] -   → Coluna 'tranfusoes_plasma_comum_total': 1 valores nulos preenchidos com 0
2025-10-30 20:29:34,215 - [INFO] - [hemoprod_se.xlsx] -   → Coluna 'tranfusoes_concentrado_de_hemacias_ambulatorial': 1 valores nulos preenchidos com 0
2025-10-30 20:29:34,216 - [INFO] - [hemoprod_se.xlsx] -   → Coluna 'tranfusoes_concentrado_de_hemacias_hospitalar': 1 valores nulos preenchidos com 0
2025-10-30 20:29:34,216 - [INFO] - [hemoprod_se.xlsx] -   → Coluna 'tranfusoes_concentrado_de_hemacias_total': 1 valores nulos preenchidos com 0
2025-10-30 20:29:34,216 - [INFO] - [hemoprod_se.xlsx] -   → Coluna 'tranfusoes_concentrado_de_hemacias_sem_buffy_coat_ambulatorial': 1 valores nulos preenchidos com 0
2025-10-30 20:29:34,216 - [INFO] - [hemoprod_se.xlsx] -   → Coluna 'tranfusoes_concentrado_de_hemacias_sem_buffy_coat_hospitalar': 1 valores nulos preenchidos com 0
2025-10-30 20:29:34,217 - [INFO] - [hemoprod_se.xlsx] -   → Coluna 'tranfusoes_concentrado_de_hemacias_sem_buffy_coat_total': 1 valores nulos preenchidos com 0
2025-10-30 20:29:34,217 - [INFO] - [hemoprod_se.xlsx] -   → Coluna 'tranfusoes_concentrado_de_plaquetas_ambulatorial': 1 valores nulos preenchidos com 0
2025-10-30 20:29:34,217 - [INFO] - [hemoprod_se.xlsx] -   → Coluna 'tranfusoes_concentrado_de_plaquetas_hospitalar': 1 valores nulos preenchidos com 0
2025-10-30 20:29:34,217 - [INFO] - [hemoprod_se.xlsx] -   → Coluna 'tranfusoes_concentrado_de_plaquetas_total': 1 valores nulos preenchidos com 0
2025-10-30 20:29:34,217 - [INFO] - [hemoprod_se.xlsx] -   → Coluna 'tranfusoes_concentrado_de_plaquetas_de_aferese_ambulatorial': 1 valores nulos preenchidos com 0
2025-10-30 20:29:34,218 - [INFO] - [hemoprod_se.xlsx] -   → Coluna 'tranfusoes_concentrado_de_plaquetas_de_aferese_hospitalar': 1 valores nulos preenchidos com 0
2025-10-30 20:29:34,218 - [INFO] - [hemoprod_se.xlsx] -   → Coluna 'tranfusoes_concentrado_de_plaquetas_de_aferese_total': 1 valores nulos preenchidos com 0
2025-10-30 20:29:34,218 - [INFO] - [hemoprod_se.xlsx] -   → Coluna 'tranfusoes_concentrado_de_leucocitos_ambulatorial': 1 valores nulos preenchidos com 0
2025-10-30 20:29:34,218 - [INFO] - [hemoprod_se.xlsx] -   → Coluna 'tranfusoes_concentrado_de_leucocitos_hospitalar': 1 valores nulos preenchidos com 0
2025-10-30 20:29:34,218 - [INFO] - [hemoprod_se.xlsx] -   → Coluna 'tranfusoes_concentrado_de_leucocitos_total': 1 valores nulos preenchidos com 0
2025-10-30 20:29:34,218 - [INFO] - [hemoprod_se.xlsx] -   → Coluna 'tranfusoes_crioprecipitado_ambulatorial': 1 valores nulos preenchidos com 0
2025-10-30 20:29:34,218 - [INFO] - [hemoprod_se.xlsx] -   → Coluna 'tranfusoes_crioprecipitado_hospitalar': 1 valores nulos preenchidos com 0
2025-10-30 20:29:34,218 - [INFO] - [hemoprod_se.xlsx] -   → Coluna 'tranfusoes_crioprecipitado_total': 1 valores nulos preenchidos com 0
2025-10-30 20:29:34,218 - [INFO] - [hemoprod_se.xlsx] -   → Coluna 'tranfusoes_concentrado_de_plaquetas_sem_buffy_coat_ambulatorial': 1 valores nulos preenchidos com 0
2025-10-30 20:29:34,218 - [INFO] - [hemoprod_se.xlsx] -   → Coluna 'tranfusoes_concentrado_de_plaquetas_sem_buffy_coat_hospitalar': 1 valores nulos preenchidos com 0
2025-10-30 20:29:34,219 - [INFO] - [hemoprod_se.xlsx] -   → Coluna 'tranfusoes_concentrado_de_plaquetas_sem_buffy_coat_total': 1 valores nulos preenchidos com 0
2025-10-30 20:29:34,219 - [INFO] - [hemoprod_se.xlsx] -   → Coluna 'distribuicao_para_outros_servicos_sangue_total_sem_exame_pre_transfusional': 1 valores nulos preenchidos com 0
2025-10-30 20:29:34,220 - [INFO] - [hemoprod_se.xlsx] -   → Coluna 'distribuicao_para_outros_servicos_sangue_total_com_exame_pre_transfusional': 1 valores nulos preenchidos com 0
2025-10-30 20:29:34,220 - [INFO] - [hemoprod_se.xlsx] -   → Coluna 'distribuicao_para_outros_servicos_sangue_total_total': 1 valores nulos preenchidos com 0
2025-10-30 20:29:34,220 - [INFO] - [hemoprod_se.xlsx] -   → Coluna 'distribuicao_para_outros_servicos_plasma_fresco_congelado_sem_exame_pre_transfusional': 1 valores nulos preenchidos com 0
2025-10-30 20:29:34,220 - [INFO] - [hemoprod_se.xlsx] -   → Coluna 'distribuicao_para_outros_servicos_plasma_fresco_congelado_com_exame_pre_transfusional': 1 valores nulos preenchidos com 0
2025-10-30 20:29:34,220 - [INFO] - [hemoprod_se.xlsx] -   → Coluna 'distribuicao_para_outros_servicos_plasma_fresco_congelado_total': 1 valores nulos preenchidos com 0
2025-10-30 20:29:34,220 - [INFO] - [hemoprod_se.xlsx] -   → Coluna 'distribuicao_para_outros_servicos_plasma_comum_sem_exame_pre_transfusional': 1 valores nulos preenchidos com 0
2025-10-30 20:29:34,221 - [INFO] - [hemoprod_se.xlsx] -   → Coluna 'distribuicao_para_outros_servicos_plasma_comum_com_exame_pre_transfusional': 1 valores nulos preenchidos com 0
2025-10-30 20:29:34,221 - [INFO] - [hemoprod_se.xlsx] -   → Coluna 'distribuicao_para_outros_servicos_plasma_comum_total': 1 valores nulos preenchidos com 0
2025-10-30 20:29:34,221 - [INFO] - [hemoprod_se.xlsx] -   → Coluna 'distribuicao_para_outros_servicos_concentrado_de_hemacias_sem_exame_pre_transfusional': 1 valores nulos preenchidos com 0
2025-10-30 20:29:34,221 - [INFO] - [hemoprod_se.xlsx] -   → Coluna 'distribuicao_para_outros_servicos_concentrado_de_hemacias_com_exame_pre_transfusional': 1 valores nulos preenchidos com 0
2025-10-30 20:29:34,222 - [INFO] - [hemoprod_se.xlsx] -   → Coluna 'distribuicao_para_outros_servicos_concentrado_de_hemacias_total': 1 valores nulos preenchidos com 0
2025-10-30 20:29:34,222 - [INFO] - [hemoprod_se.xlsx] -   → Coluna 'distribuicao_para_outros_servicos_concentrado_de_hemacias_sem_buffy_coat_sem_exame_pre_transfusi': 1 valores nulos preenchidos com 0
2025-10-30 20:29:34,222 - [INFO] - [hemoprod_se.xlsx] -   → Coluna 'distribuicao_para_outros_servicos_concentrado_de_hemacias_sem_buffy_coat_com_exame_pre_transfusi': 1 valores nulos preenchidos com 0
2025-10-30 20:29:34,222 - [INFO] - [hemoprod_se.xlsx] -   → Coluna 'distribuicao_para_outros_servicos_concentrado_de_hemacias_sem_buffy_coat_total': 1 valores nulos preenchidos com 0
2025-10-30 20:29:34,222 - [INFO] - [hemoprod_se.xlsx] -   → Coluna 'distribuicao_para_outros_servicos_concentrado_de_plaquetas_sem_exame_pre_transfusional': 1 valores nulos preenchidos com 0
2025-10-30 20:29:34,222 - [INFO] - [hemoprod_se.xlsx] -   → Coluna 'distribuicao_para_outros_servicos_concentrado_de_plaquetas_com_exame_pre_transfusional': 1 valores nulos preenchidos com 0
2025-10-30 20:29:34,223 - [INFO] - [hemoprod_se.xlsx] -   → Coluna 'distribuicao_para_outros_servicos_concentrado_de_plaquetas_total': 1 valores nulos preenchidos com 0
2025-10-30 20:29:34,223 - [INFO] - [hemoprod_se.xlsx] -   → Coluna 'distribuicao_para_outros_servicos_concentrado_de_plaquetas_aferese_sem_exame_pre_transfusional': 1 valores nulos preenchidos com 0
2025-10-30 20:29:34,223 - [INFO] - [hemoprod_se.xlsx] -   → Coluna 'distribuicao_para_outros_servicos_concentrado_de_plaquetas_aferese_com_exame_pre_transfusional': 1 valores nulos preenchidos com 0
2025-10-30 20:29:34,224 - [INFO] - [hemoprod_se.xlsx] -   → Coluna 'distribuicao_para_outros_servicos_concentrado_de_plaquetas_aferese_total': 1 valores nulos preenchidos com 0
2025-10-30 20:29:34,224 - [INFO] - [hemoprod_se.xlsx] -   → Coluna 'distribuicao_para_outros_servicos_concentrado_de_leucocitos_sem_exame_pre_transfusional': 1 valores nulos preenchidos com 0
2025-10-30 20:29:34,224 - [INFO] - [hemoprod_se.xlsx] -   → Coluna 'distribuicao_para_outros_servicos_concentrado_de_leucocitos_com_exame_pre_transfusional': 1 valores nulos preenchidos com 0
2025-10-30 20:29:34,225 - [INFO] - [hemoprod_se.xlsx] -   → Coluna 'distribuicao_para_outros_servicos_concentrado_de_leucocitos_total': 1 valores nulos preenchidos com 0
2025-10-30 20:29:34,225 - [INFO] - [hemoprod_se.xlsx] -   → Coluna 'distribuicao_para_outros_servicos_crioprecipitado_sem_exame_pre_transfusional': 1 valores nulos preenchidos com 0
2025-10-30 20:29:34,225 - [INFO] - [hemoprod_se.xlsx] -   → Coluna 'distribuicao_para_outros_servicos_crioprecipitado_com_exame_pre_transfusional': 1 valores nulos preenchidos com 0
2025-10-30 20:29:34,225 - [INFO] - [hemoprod_se.xlsx] -   → Coluna 'distribuicao_para_outros_servicos_crioprecipitado_total': 1 valores nulos preenchidos com 0
2025-10-30 20:29:34,225 - [INFO] - [hemoprod_se.xlsx] -   → Coluna 'distribuicao_para_outros_servicos_concentrado_de_plaquetas_sem_buffy_coat_sem_exame_pre_transfusional': 1 valores nulos preenchidos com 0
2025-10-30 20:29:34,225 - [INFO] - [hemoprod_se.xlsx] -   → Coluna 'distribuicao_para_outros_servicos_concentrado_de_plaquetas_sem_buffy_coat_com_exame_pre_transfusional': 1 valores nulos preenchidos com 0
2025-10-30 20:29:34,226 - [INFO] - [hemoprod_se.xlsx] -   → Coluna 'distribuicao_para_outros_servicos_concentrado_de_plaquetas_sem_buffy_coat_total': 1 valores nulos preenchidos com 0
2025-10-30 20:29:34,226 - [INFO] - [hemoprod_se.xlsx] -   → Coluna 'procedimentos_de_modificacao_dos_hemocomponentes_lavagem': 1 valores nulos preenchidos com 0
2025-10-30 20:29:34,226 - [INFO] - [hemoprod_se.xlsx] -   → Coluna 'procedimentos_de_modificacao_dos_hemocomponentes_irradiacao': 1 valores nulos preenchidos com 0
2025-10-30 20:29:34,226 - [INFO] - [hemoprod_se.xlsx] -   → Coluna 'procedimentos_de_modificacao_dos_hemocomponentes_filtracao_em_concentrado_de_plaquetas': 1 valores nulos preenchidos com 0
2025-10-30 20:29:34,226 - [INFO] - [hemoprod_se.xlsx] -   → Coluna 'procedimentos_de_modificacao_dos_hemocomponentes_filtracao_em_concentrado_de_hemacias': 1 valores nulos preenchidos com 0
2025-10-30 20:29:34,227 - [INFO] - [hemoprod_se.xlsx] -   → Coluna 'procedimentos_de_modificacao_dos_hemocomponentes_fracionamento_pediatrico': 1 valores nulos preenchidos com 0
2025-10-30 20:29:34,227 - [INFO] - [hemoprod_se.xlsx] -   → Coluna 'reacoes_transfusionais_reacao_febril_nao_hemolitica': 1 valores nulos preenchidos com 0
2025-10-30 20:29:34,227 - [INFO] - [hemoprod_se.xlsx] -   → Coluna 'reacoes_transfusionais_reacao_hemolitica': 1 valores nulos preenchidos com 0
2025-10-30 20:29:34,227 - [INFO] - [hemoprod_se.xlsx] -   → Coluna 'reacoes_transfusionais_reacao_alergica': 1 valores nulos preenchidos com 0
2025-10-30 20:29:34,227 - [INFO] - [hemoprod_se.xlsx] -   → Coluna 'reacoes_transfusionais_choque_bacteriano': 1 valores nulos preenchidos com 0
2025-10-30 20:29:34,228 - [INFO] - [hemoprod_se.xlsx] -   → Coluna 'reacoes_transfusionais_alteracoes_metabolicas': 1 valores nulos preenchidos com 0
2025-10-30 20:29:34,228 - [INFO] - [hemoprod_se.xlsx] -   → Coluna 'reacoes_transfusionais_sobrecarga_volemica': 1 valores nulos preenchidos com 0
2025-10-30 20:29:34,228 - [INFO] - [hemoprod_se.xlsx] -   → Coluna 'reacoes_transfusionais_outras_reacoes': 1 valores nulos preenchidos com 0
2025-10-30 20:29:34,228 - [INFO] - [hemoprod_se.xlsx] -   → Coluna 'envio_plasma_producao_hemoderivados_plasma_fresco_congelado': 736 valores nulos preenchidos com 0
2025-10-30 20:29:34,229 - [INFO] - [hemoprod_se.xlsx] -   → Coluna 'envio_plasma_producao_hemoderivados_plasma_comum': 736 valores nulos preenchidos com 0
2025-10-30 20:29:34,229 - [INFO] - [hemoprod_se.xlsx] - ✓ 247 colunas Int64 preenchidas com 0
2025-10-30 20:29:34,229 - [INFO] - [hemoprod_se.xlsx] - Iniciando deduplicação...
2025-10-30 20:29:34,229 - [INFO] - [hemoprod_se.xlsx] - Convertendo 'data_envio' para datetime...
2025-10-30 20:29:34,241 - [INFO] - [hemoprod_se.xlsx] - ✓ Deduplicação concluída - Removidas 13 linhas duplicadas
2025-10-30 20:29:34,241 - [INFO] - [hemoprod_se.xlsx] - ✓ Linhas Finais: 891
2025-10-30 20:29:34,241 - [INFO] - [hemoprod_se.xlsx] - Salvando arquivo processado...
2025-10-30 20:29:35,769 - [INFO] - [hemoprod_se.xlsx] - ============================================================
2025-10-30 20:29:35,769 - [INFO] - [hemoprod_se.xlsx] - ✅ PROCESSAMENTO CONCLUÍDO COM SUCESSO
2025-10-30 20:29:35,770 - [INFO] - [hemoprod_se.xlsx] - ✅ Arquivo salvo em: D:\Documentos\STTP\hemoce\src\dados_processados\hemoprod_se.xlsx
2025-10-30 20:29:35,770 - [INFO] - [hemoprod_se.xlsx] - ============================================================
2025-10-30 20:29:35,770 - [INFO] - [hemoprod_se.xlsx] - 
