2025-10-30 20:28:51,912 - [INFO] - [hemoprod_es.xlsx] - ============================================================
2025-10-30 20:28:51,912 - [INFO] - [hemoprod_es.xlsx] - INICIANDO PROCESSAMENTO: ES
2025-10-30 20:28:51,912 - [INFO] - [hemoprod_es.xlsx] - ============================================================
2025-10-30 20:28:51,913 - [INFO] - [hemoprod_es.xlsx] - Carregando arquivo: Hemoprod_ES.xlsx
2025-10-30 20:28:51,913 - [INFO] - [hemoprod_es.xlsx] - Planilha: HEMOPROD - ESPIRITOSANTO
2025-10-30 20:28:53,364 - [INFO] - [hemoprod_es.xlsx] - ✓ Colunas Originais: 257
2025-10-30 20:28:53,365 - [INFO] - [hemoprod_es.xlsx] - ✓ Linhas Originais: 1827
2025-10-30 20:28:53,365 - [INFO] - [hemoprod_es.xlsx] - Iniciando limpeza e renomeação de colunas...
2025-10-30 20:28:53,366 - [INFO] - [hemoprod_es.xlsx] - ✓ Colunas limpas e renomeadas
2025-10-30 20:28:53,366 - [INFO] - [hemoprod_es.xlsx] - Normalizando período e ano de referência...
2025-10-30 20:28:53,366 - [INFO] - [hemoprod_es.xlsx] - Coluna 'ano_referencia' não existe. Criando...
2025-10-30 20:28:53,423 - [INFO] - [hemoprod_es.xlsx] - ✓ Normalizados 1827 registros com ano no período
2025-10-30 20:28:53,423 - [INFO] - [hemoprod_es.xlsx] - ✓ Período/Ano normalizado
2025-10-30 20:28:53,423 - [INFO] - [hemoprod_es.xlsx] - Normalizando município e estado...
2025-10-30 20:28:53,423 - [INFO] - [hemoprod_es.xlsx] - Coluna 'estado' não existe. Criando...
2025-10-30 20:28:53,473 - [INFO] - [hemoprod_es.xlsx] - ✓ Normalizados 1827 registros com estado no município
2025-10-30 20:28:53,473 - [INFO] - [hemoprod_es.xlsx] - ✓ Município/Estado normalizado
2025-10-30 20:28:53,473 - [INFO] - [hemoprod_es.xlsx] - Aplicando tipos de dados...
2025-10-30 20:28:53,549 - [INFO] - [hemoprod_es.xlsx] - ✓ Tipos aplicados
2025-10-30 20:28:53,549 - [INFO] - [hemoprod_es.xlsx] - ✓ Colunas Faltantes: 16
2025-10-30 20:28:53,549 - [INFO] - [hemoprod_es.xlsx] -   → ['distribuicao_para_outros_servicos_concentrado_de_plaquetas_aferese_sem_exame_pre_transfusional', 'producao_hemoterapica_entradas_concentrado_plaquetas_aferese_devolvidas', 'tranfusoes_concentrado_de_plaquetas_de_aferese_hospitalar', 'estado', 'rede_estabelecimento']...
2025-10-30 20:28:53,549 - [INFO] - [hemoprod_es.xlsx] - ✓ Colunas A Mais: 3
2025-10-30 20:28:53,549 - [INFO] - [hemoprod_es.xlsx] -   → ['Período de referência [Outros]', 'Município [Outros]', 'URL de referência']
2025-10-30 20:28:53,549 - [INFO] - [hemoprod_es.xlsx] - Padronizando schema...
2025-10-30 20:28:53,554 - [INFO] - [hemoprod_es.xlsx] - Coluna 'estado' já existe, mantendo valores atuais
2025-10-30 20:28:53,555 - [INFO] - [hemoprod_es.xlsx] - Coluna 'ano_referencia' já existe, mantendo valores atuais
2025-10-30 20:28:53,561 - [INFO] - [hemoprod_es.xlsx] - ✓ Schema padronizado - Colunas Finais: 270
2025-10-30 20:28:53,561 - [INFO] - [hemoprod_es.xlsx] - Preenchendo valores nulos em colunas Int64 com 0...
2025-10-30 20:28:53,562 - [INFO] - [hemoprod_es.xlsx] -   → Coluna 'semente': 233 valores nulos preenchidos com 0
2025-10-30 20:28:53,562 - [INFO] - [hemoprod_es.xlsx] -   → Coluna 'identificacao_dado': 1827 valores nulos preenchidos com 0
2025-10-30 20:28:53,563 - [INFO] - [hemoprod_es.xlsx] -   → Coluna 'identificacao_estabelecimento': 1827 valores nulos preenchidos com 0
2025-10-30 20:28:53,563 - [INFO] - [hemoprod_es.xlsx] -   → Coluna 'cnes': 1827 valores nulos preenchidos com 0
2025-10-30 20:28:53,563 - [INFO] - [hemoprod_es.xlsx] -   → Coluna 'endereco': 1827 valores nulos preenchidos com 0
2025-10-30 20:28:53,563 - [INFO] - [hemoprod_es.xlsx] -   → Coluna 'triagem_clinica_total_doacao_espontanea_aptos': 1533 valores nulos preenchidos com 0
2025-10-30 20:28:53,563 - [INFO] - [hemoprod_es.xlsx] -   → Coluna 'triagem_clinica_total_doacao_espontanea_inaptos': 1533 valores nulos preenchidos com 0
2025-10-30 20:28:53,564 - [INFO] - [hemoprod_es.xlsx] -   → Coluna 'triagem_clinica_total_doacao_reposicao_aptos': 1533 valores nulos preenchidos com 0
2025-10-30 20:28:53,564 - [INFO] - [hemoprod_es.xlsx] -   → Coluna 'triagem_clinica_total_doacao_reposicao_inaptos': 1533 valores nulos preenchidos com 0
2025-10-30 20:28:53,564 - [INFO] - [hemoprod_es.xlsx] -   → Coluna 'triagem_clinica_total_doacao_autologa_aptos': 1533 valores nulos preenchidos com 0
2025-10-30 20:28:53,564 - [INFO] - [hemoprod_es.xlsx] -   → Coluna 'triagem_clinica_total_doacao_autologa_inaptos': 1533 valores nulos preenchidos com 0
2025-10-30 20:28:53,564 - [INFO] - [hemoprod_es.xlsx] -   → Coluna 'total_doador_primeira_vez_aptos': 1533 valores nulos preenchidos com 0
2025-10-30 20:28:53,564 - [INFO] - [hemoprod_es.xlsx] -   → Coluna 'total_doador_primeira_vez_inaptos': 1533 valores nulos preenchidos com 0
2025-10-30 20:28:53,565 - [INFO] - [hemoprod_es.xlsx] -   → Coluna 'total_doador_repeticao_aptos': 1533 valores nulos preenchidos com 0
2025-10-30 20:28:53,565 - [INFO] - [hemoprod_es.xlsx] -   → Coluna 'total_doador_repeticao_inaptos': 1533 valores nulos preenchidos com 0
2025-10-30 20:28:53,565 - [INFO] - [hemoprod_es.xlsx] -   → Coluna 'total_doador_esporadico_aptos': 1533 valores nulos preenchidos com 0
2025-10-30 20:28:53,565 - [INFO] - [hemoprod_es.xlsx] -   → Coluna 'total_doador_esporadico_inaptos': 1533 valores nulos preenchidos com 0
2025-10-30 20:28:53,565 - [INFO] - [hemoprod_es.xlsx] -   → Coluna 'total_doador_masculino_aptos': 1533 valores nulos preenchidos com 0
2025-10-30 20:28:53,565 - [INFO] - [hemoprod_es.xlsx] -   → Coluna 'total_doador_masculino_inaptos': 1533 valores nulos preenchidos com 0
2025-10-30 20:28:53,566 - [INFO] - [hemoprod_es.xlsx] -   → Coluna 'total_doador_feminino_aptos': 1533 valores nulos preenchidos com 0
2025-10-30 20:28:53,566 - [INFO] - [hemoprod_es.xlsx] -   → Coluna 'total_doador_feminino_inaptos': 1533 valores nulos preenchidos com 0
2025-10-30 20:28:53,566 - [INFO] - [hemoprod_es.xlsx] -   → Coluna 'total_doador_menor_de_18_anos_aptos': 1533 valores nulos preenchidos com 0
2025-10-30 20:28:53,566 - [INFO] - [hemoprod_es.xlsx] -   → Coluna 'total_doador_menor_de_18_anos_inaptos': 1533 valores nulos preenchidos com 0
2025-10-30 20:28:53,567 - [INFO] - [hemoprod_es.xlsx] -   → Coluna 'total_doador_18_ate_29_anos_aptos': 1533 valores nulos preenchidos com 0
2025-10-30 20:28:53,567 - [INFO] - [hemoprod_es.xlsx] -   → Coluna 'total_doador_18_ate_29_anos_inaptos': 1533 valores nulos preenchidos com 0
2025-10-30 20:28:53,567 - [INFO] - [hemoprod_es.xlsx] -   → Coluna 'total_doador_acima_de_29_anos_aptos': 1533 valores nulos preenchidos com 0
2025-10-30 20:28:53,567 - [INFO] - [hemoprod_es.xlsx] -   → Coluna 'total_doador_acima_de_29_anos_inaptos': 1533 valores nulos preenchidos com 0
2025-10-30 20:28:53,567 - [INFO] - [hemoprod_es.xlsx] -   → Coluna 'total_candidatos_inaptos_anemia_masculino': 1533 valores nulos preenchidos com 0
2025-10-30 20:28:53,567 - [INFO] - [hemoprod_es.xlsx] -   → Coluna 'total_candidatos_inaptos_anemia_feminino': 1533 valores nulos preenchidos com 0
2025-10-30 20:28:53,568 - [INFO] - [hemoprod_es.xlsx] -   → Coluna 'total_candidatos_inaptos_anemia_total': 1533 valores nulos preenchidos com 0
2025-10-30 20:28:53,568 - [INFO] - [hemoprod_es.xlsx] -   → Coluna 'total_candidatos_inaptos_hipertensao_masculino': 1533 valores nulos preenchidos com 0
2025-10-30 20:28:53,568 - [INFO] - [hemoprod_es.xlsx] -   → Coluna 'total_candidatos_inaptos_hipertensao_feminino': 1533 valores nulos preenchidos com 0
2025-10-30 20:28:53,568 - [INFO] - [hemoprod_es.xlsx] -   → Coluna 'total_candidatos_inaptos_hipertensao_total': 1533 valores nulos preenchidos com 0
2025-10-30 20:28:53,568 - [INFO] - [hemoprod_es.xlsx] -   → Coluna 'total_candidatos_inaptos_hipotensao_masculino': 1533 valores nulos preenchidos com 0
2025-10-30 20:28:53,569 - [INFO] - [hemoprod_es.xlsx] -   → Coluna 'total_candidatos_inaptos_hipotensao_feminino': 1533 valores nulos preenchidos com 0
2025-10-30 20:28:53,569 - [INFO] - [hemoprod_es.xlsx] -   → Coluna 'total_candidatos_inaptos_hipotensao_total': 1533 valores nulos preenchidos com 0
2025-10-30 20:28:53,569 - [INFO] - [hemoprod_es.xlsx] -   → Coluna 'total_candidatos_inaptos_alcoolismo_masculino': 1533 valores nulos preenchidos com 0
2025-10-30 20:28:53,569 - [INFO] - [hemoprod_es.xlsx] -   → Coluna 'total_candidatos_inaptos_alcoolismo_feminino': 1533 valores nulos preenchidos com 0
2025-10-30 20:28:53,570 - [INFO] - [hemoprod_es.xlsx] -   → Coluna 'total_candidatos_inaptos_alcoolismo_total': 1533 valores nulos preenchidos com 0
2025-10-30 20:28:53,570 - [INFO] - [hemoprod_es.xlsx] -   → Coluna 'total_candidatos_inaptos_comportamento_risco_dst_masculino': 1533 valores nulos preenchidos com 0
2025-10-30 20:28:53,570 - [INFO] - [hemoprod_es.xlsx] -   → Coluna 'total_candidatos_inaptos_comportamento_risco_dst_feminino': 1533 valores nulos preenchidos com 0
2025-10-30 20:28:53,570 - [INFO] - [hemoprod_es.xlsx] -   → Coluna 'total_candidatos_inaptos_comportamento_risco_dst_total': 1533 valores nulos preenchidos com 0
2025-10-30 20:28:53,570 - [INFO] - [hemoprod_es.xlsx] -   → Coluna 'total_candidatos_inaptos_uso_drogas_masculino': 1533 valores nulos preenchidos com 0
2025-10-30 20:28:53,570 - [INFO] - [hemoprod_es.xlsx] -   → Coluna 'total_candidatos_inaptos_uso_drogas_feminino': 1533 valores nulos preenchidos com 0
2025-10-30 20:28:53,570 - [INFO] - [hemoprod_es.xlsx] -   → Coluna 'total_candidatos_inaptos_uso_drogas_total': 1533 valores nulos preenchidos com 0
2025-10-30 20:28:53,570 - [INFO] - [hemoprod_es.xlsx] -   → Coluna 'total_candidatos_inaptos_hepatite_masculino': 1533 valores nulos preenchidos com 0
2025-10-30 20:28:53,572 - [INFO] - [hemoprod_es.xlsx] -   → Coluna 'total_candidatos_inaptos_hepatite_feminino': 1533 valores nulos preenchidos com 0
2025-10-30 20:28:53,572 - [INFO] - [hemoprod_es.xlsx] -   → Coluna 'total_candidatos_inaptos_hepatite_total': 1533 valores nulos preenchidos com 0
2025-10-30 20:28:53,572 - [INFO] - [hemoprod_es.xlsx] -   → Coluna 'total_candidatos_inaptos_doenca_chagas_masculino': 1533 valores nulos preenchidos com 0
2025-10-30 20:28:53,572 - [INFO] - [hemoprod_es.xlsx] -   → Coluna 'total_candidatos_inaptos_doenca_chagas_feminino': 1533 valores nulos preenchidos com 0
2025-10-30 20:28:53,573 - [INFO] - [hemoprod_es.xlsx] -   → Coluna 'total_candidatos_inaptos_doenca_chagas_total': 1533 valores nulos preenchidos com 0
2025-10-30 20:28:53,573 - [INFO] - [hemoprod_es.xlsx] -   → Coluna 'total_candidatos_inaptos_malaria_masculino': 1533 valores nulos preenchidos com 0
2025-10-30 20:28:53,573 - [INFO] - [hemoprod_es.xlsx] -   → Coluna 'total_candidatos_inaptos_malaria_feminino': 1533 valores nulos preenchidos com 0
2025-10-30 20:28:53,573 - [INFO] - [hemoprod_es.xlsx] -   → Coluna 'total_candidatos_inaptos_malaria_total': 1533 valores nulos preenchidos com 0
2025-10-30 20:28:53,573 - [INFO] - [hemoprod_es.xlsx] -   → Coluna 'total_candidatos_inaptos_outras_masculino': 1533 valores nulos preenchidos com 0
2025-10-30 20:28:53,574 - [INFO] - [hemoprod_es.xlsx] -   → Coluna 'total_candidatos_inaptos_outras_feminino': 1533 valores nulos preenchidos com 0
2025-10-30 20:28:53,574 - [INFO] - [hemoprod_es.xlsx] -   → Coluna 'total_candidatos_inaptos_outras_total': 1533 valores nulos preenchidos com 0
2025-10-30 20:28:53,574 - [INFO] - [hemoprod_es.xlsx] -   → Coluna 'coleta_total_candidatos_desistentes': 1533 valores nulos preenchidos com 0
2025-10-30 20:28:53,574 - [INFO] - [hemoprod_es.xlsx] -   → Coluna 'total_interrupcoes_coleta_dificuldade_puncao_venosa': 1533 valores nulos preenchidos com 0
2025-10-30 20:28:53,575 - [INFO] - [hemoprod_es.xlsx] -   → Coluna 'total_interrupcoes_coleta_reacao_vagal': 1533 valores nulos preenchidos com 0
2025-10-30 20:28:53,575 - [INFO] - [hemoprod_es.xlsx] -   → Coluna 'total_interrupcoes_coleta_outros_motivos': 1533 valores nulos preenchidos com 0
2025-10-30 20:28:53,575 - [INFO] - [hemoprod_es.xlsx] -   → Coluna 'total_coletas_sangue_total': 1533 valores nulos preenchidos com 0
2025-10-30 20:28:53,575 - [INFO] - [hemoprod_es.xlsx] -   → Coluna 'total_coletas_aferese': 1533 valores nulos preenchidos com 0
2025-10-30 20:28:53,575 - [INFO] - [hemoprod_es.xlsx] -   → Coluna 'exames_triagem_doenca_doenca_chagas_amostras_testadas': 1573 valores nulos preenchidos com 0
2025-10-30 20:28:53,575 - [INFO] - [hemoprod_es.xlsx] -   → Coluna 'exames_triagem_doenca_doenca_chagas_amostras_reagentes': 1573 valores nulos preenchidos com 0
2025-10-30 20:28:53,576 - [INFO] - [hemoprod_es.xlsx] -   → Coluna 'exames_triagem_doenca_hiv_amostras_testadas': 1573 valores nulos preenchidos com 0
2025-10-30 20:28:53,576 - [INFO] - [hemoprod_es.xlsx] -   → Coluna 'exames_triagem_doenca_hiv_amostras_reagentes': 1573 valores nulos preenchidos com 0
2025-10-30 20:28:53,576 - [INFO] - [hemoprod_es.xlsx] -   → Coluna 'exames_triagem_doenca_sifilis_amostras_testadas': 1573 valores nulos preenchidos com 0
2025-10-30 20:28:53,576 - [INFO] - [hemoprod_es.xlsx] -   → Coluna '`exames_triagem_doenca_sifilis_amostras_reagentes': 1573 valores nulos preenchidos com 0
2025-10-30 20:28:53,576 - [INFO] - [hemoprod_es.xlsx] -   → Coluna 'exames_triagem_doenca_hepatite_b_hbs_ag_amostras_testadas': 1573 valores nulos preenchidos com 0
2025-10-30 20:28:53,577 - [INFO] - [hemoprod_es.xlsx] -   → Coluna 'exames_triagem_doenca_hepatite_b_hbs_ag_amostras_reagentes': 1573 valores nulos preenchidos com 0
2025-10-30 20:28:53,577 - [INFO] - [hemoprod_es.xlsx] -   → Coluna 'exames_triagem_doenca_hepatite_b_anti_hbc_amostras_testadas': 1573 valores nulos preenchidos com 0
2025-10-30 20:28:53,577 - [INFO] - [hemoprod_es.xlsx] -   → Coluna 'exames_triagem_doenca_hepatite_b_anti_hbc_amostras_reagentes': 1573 valores nulos preenchidos com 0
2025-10-30 20:28:53,577 - [INFO] - [hemoprod_es.xlsx] -   → Coluna 'exames_triagem_doenca_hepatite_c_amostras_testadas': 1573 valores nulos preenchidos com 0
2025-10-30 20:28:53,578 - [INFO] - [hemoprod_es.xlsx] -   → Coluna 'exames_triagem_doenca_hepatite_c_amostras_reagentes': 1573 valores nulos preenchidos com 0
2025-10-30 20:28:53,578 - [INFO] - [hemoprod_es.xlsx] -   → Coluna 'exames_triagem_doenca_htlv_i_ii_amostras_testadas': 1573 valores nulos preenchidos com 0
2025-10-30 20:28:53,578 - [INFO] - [hemoprod_es.xlsx] -   → Coluna 'exames_triagem_doenca_htlv_i_ii_amostras_reagentes': 1573 valores nulos preenchidos com 0
2025-10-30 20:28:53,579 - [INFO] - [hemoprod_es.xlsx] -   → Coluna 'exames_triagem_doenca_malaria_amostras_testadas': 1573 valores nulos preenchidos com 0
2025-10-30 20:28:53,579 - [INFO] - [hemoprod_es.xlsx] -   → Coluna 'exames_triagem_doenca_malaria_amostras_reagentes': 1573 valores nulos preenchidos com 0
2025-10-30 20:28:53,579 - [INFO] - [hemoprod_es.xlsx] -   → Coluna 'exames_triagem_doenca_hbv_teste_nat_amostras_testadas': 1573 valores nulos preenchidos com 0
2025-10-30 20:28:53,579 - [INFO] - [hemoprod_es.xlsx] -   → Coluna 'exames_triagem_doenca_hbv_teste_nat_amostras_reagentes': 1573 valores nulos preenchidos com 0
2025-10-30 20:28:53,579 - [INFO] - [hemoprod_es.xlsx] -   → Coluna 'exames_triagem_doenca_hcv_teste_nat_amostras_testadas': 1573 valores nulos preenchidos com 0
2025-10-30 20:28:53,579 - [INFO] - [hemoprod_es.xlsx] -   → Coluna 'exames_triagem_doenca_hcv_teste_nat_amostras_reagentes': 1573 valores nulos preenchidos com 0
2025-10-30 20:28:53,579 - [INFO] - [hemoprod_es.xlsx] -   → Coluna 'exames_triagem_doenca_hiv_teste_nat_amostras_testadas': 1573 valores nulos preenchidos com 0
2025-10-30 20:28:53,580 - [INFO] - [hemoprod_es.xlsx] -   → Coluna 'exames_triagem_doenca_hiv_teste_nat_amostras_reagentes': 1573 valores nulos preenchidos com 0
2025-10-30 20:28:53,580 - [INFO] - [hemoprod_es.xlsx] -   → Coluna 'imunohematologia_a_positivo_doador': 40 valores nulos preenchidos com 0
2025-10-30 20:28:53,580 - [INFO] - [hemoprod_es.xlsx] -   → Coluna 'imunohematologia_a_positivo_receptor': 40 valores nulos preenchidos com 0
2025-10-30 20:28:53,580 - [INFO] - [hemoprod_es.xlsx] -   → Coluna 'imunohematologia_b_positivo_doador': 40 valores nulos preenchidos com 0
2025-10-30 20:28:53,581 - [INFO] - [hemoprod_es.xlsx] -   → Coluna 'imunohematologia_b_positivo_receptor': 40 valores nulos preenchidos com 0
2025-10-30 20:28:53,581 - [INFO] - [hemoprod_es.xlsx] -   → Coluna 'imunohematologia_ab_positivo_doador': 40 valores nulos preenchidos com 0
2025-10-30 20:28:53,581 - [INFO] - [hemoprod_es.xlsx] -   → Coluna 'imunohematologia_ab_positivo_receptor': 40 valores nulos preenchidos com 0
2025-10-30 20:28:53,581 - [INFO] - [hemoprod_es.xlsx] -   → Coluna 'imunohematologia_o_positivo_doador': 40 valores nulos preenchidos com 0
2025-10-30 20:28:53,582 - [INFO] - [hemoprod_es.xlsx] -   → Coluna 'imunohematologia_o_positivo_receptor': 40 valores nulos preenchidos com 0
2025-10-30 20:28:53,582 - [INFO] - [hemoprod_es.xlsx] -   → Coluna 'imunohematologia_a_negativo_doador': 40 valores nulos preenchidos com 0
2025-10-30 20:28:53,582 - [INFO] - [hemoprod_es.xlsx] -   → Coluna 'imunohematologia_a_negativo_receptor': 40 valores nulos preenchidos com 0
2025-10-30 20:28:53,582 - [INFO] - [hemoprod_es.xlsx] -   → Coluna 'imunohematologia_b_negativo_doador': 40 valores nulos preenchidos com 0
2025-10-30 20:28:53,582 - [INFO] - [hemoprod_es.xlsx] -   → Coluna 'imunohematologia_b_negativo_receptor': 40 valores nulos preenchidos com 0
2025-10-30 20:28:53,582 - [INFO] - [hemoprod_es.xlsx] -   → Coluna 'imunohematologia_ab_negativo_doador': 40 valores nulos preenchidos com 0
2025-10-30 20:28:53,583 - [INFO] - [hemoprod_es.xlsx] -   → Coluna 'imunohematologia_ab_negativo_receptor': 40 valores nulos preenchidos com 0
2025-10-30 20:28:53,583 - [INFO] - [hemoprod_es.xlsx] -   → Coluna 'imunohematologia_o_negativo_doador': 40 valores nulos preenchidos com 0
2025-10-30 20:28:53,583 - [INFO] - [hemoprod_es.xlsx] -   → Coluna 'imunohematologia_o_negativo_receptor': 40 valores nulos preenchidos com 0
2025-10-30 20:28:53,583 - [INFO] - [hemoprod_es.xlsx] -   → Coluna 'imunohematologia_dfraco_doador': 40 valores nulos preenchidos com 0
2025-10-30 20:28:53,583 - [INFO] - [hemoprod_es.xlsx] -   → Coluna 'imunohematologia_dfraco_receptor': 40 valores nulos preenchidos com 0
2025-10-30 20:28:53,583 - [INFO] - [hemoprod_es.xlsx] -   → Coluna 'imunohematologia_pesquisa_anticorpo_irregular_positivo_doador': 40 valores nulos preenchidos com 0
2025-10-30 20:28:53,584 - [INFO] - [hemoprod_es.xlsx] -   → Coluna 'imunohematologia_pesquisa_anticorpo_irregular_positivo_receptor': 40 valores nulos preenchidos com 0
2025-10-30 20:28:53,584 - [INFO] - [hemoprod_es.xlsx] -   → Coluna 'imunohematologia_fenotipagem_doador': 40 valores nulos preenchidos com 0
2025-10-30 20:28:53,584 - [INFO] - [hemoprod_es.xlsx] -   → Coluna 'imunohematologia_fenotipagem_receptor': 40 valores nulos preenchidos com 0
2025-10-30 20:28:53,584 - [INFO] - [hemoprod_es.xlsx] -   → Coluna 'imunohematologia_combs_direto_doador': 40 valores nulos preenchidos com 0
2025-10-30 20:28:53,584 - [INFO] - [hemoprod_es.xlsx] -   → Coluna 'imunohematologia_combs_direto_receptor': 40 valores nulos preenchidos com 0
2025-10-30 20:28:53,586 - [INFO] - [hemoprod_es.xlsx] -   → Coluna 'outros_tipos_pesquisa_pesquisa_hbs_doador': 1573 valores nulos preenchidos com 0
2025-10-30 20:28:53,586 - [INFO] - [hemoprod_es.xlsx] -   → Coluna 'inaptidao_triagem_laboratorial_total_bolsas_testadas': 1573 valores nulos preenchidos com 0
2025-10-30 20:28:53,586 - [INFO] - [hemoprod_es.xlsx] -   → Coluna 'inaptidao_triagem_laboratorial_total_bolsas_reagentes_1_ou_mais_marcadores': 1573 valores nulos preenchidos com 0
2025-10-30 20:28:53,586 - [INFO] - [hemoprod_es.xlsx] -   → Coluna 'descarte_bolsas_total_bolsas_descartadas_auto_exclusao': 1573 valores nulos preenchidos com 0
2025-10-30 20:28:53,586 - [INFO] - [hemoprod_es.xlsx] -   → Coluna 'producao_hemoterapica_entradas_sangue_total_produzidas': 40 valores nulos preenchidos com 0
2025-10-30 20:28:53,587 - [INFO] - [hemoprod_es.xlsx] -   → Coluna 'producao_hemoterapica_entradas_sangue_total_recebidas': 40 valores nulos preenchidos com 0
2025-10-30 20:28:53,587 - [INFO] - [hemoprod_es.xlsx] -   → Coluna 'producao_hemoterapica_entradas_sangue_total_devolvidas': 40 valores nulos preenchidos com 0
2025-10-30 20:28:53,587 - [INFO] - [hemoprod_es.xlsx] -   → Coluna 'producao_hemoterapica_entradas_plasma_fresco_congelado_produzidas': 40 valores nulos preenchidos com 0
2025-10-30 20:28:53,587 - [INFO] - [hemoprod_es.xlsx] -   → Coluna 'producao_hemoterapica_entradas_plasma_fresco_congelado_recebidas': 40 valores nulos preenchidos com 0
2025-10-30 20:28:53,588 - [INFO] - [hemoprod_es.xlsx] -   → Coluna 'producao_hemoterapica_entradas_plasma_fresco_congelado_devolvidas': 40 valores nulos preenchidos com 0
2025-10-30 20:28:53,588 - [INFO] - [hemoprod_es.xlsx] -   → Coluna 'producao_hemoterapica_entradas_plasma_comum_produzidas': 40 valores nulos preenchidos com 0
2025-10-30 20:28:53,588 - [INFO] - [hemoprod_es.xlsx] -   → Coluna 'producao_hemoterapica_entradas_plasma_comum_recebidas': 40 valores nulos preenchidos com 0
2025-10-30 20:28:53,588 - [INFO] - [hemoprod_es.xlsx] -   → Coluna 'producao_hemoterapica_entradas_plasma_comum_devolvidas': 40 valores nulos preenchidos com 0
2025-10-30 20:28:53,588 - [INFO] - [hemoprod_es.xlsx] -   → Coluna 'producao_hemoterapica_entradas_concentrado_hemacias_produzidas': 40 valores nulos preenchidos com 0
2025-10-30 20:28:53,589 - [INFO] - [hemoprod_es.xlsx] -   → Coluna 'producao_hemoterapica_entradas_concentrado_hemacias_recebidas': 40 valores nulos preenchidos com 0
2025-10-30 20:28:53,589 - [INFO] - [hemoprod_es.xlsx] -   → Coluna 'producao_hemoterapica_entradas_concentrado_hemacias_devolvidas': 40 valores nulos preenchidos com 0
2025-10-30 20:28:53,589 - [INFO] - [hemoprod_es.xlsx] -   → Coluna 'producao_hemoterapica_entradas_concentrado_hemacias_sem_buffy_coat_produzidas': 40 valores nulos preenchidos com 0
2025-10-30 20:28:53,589 - [INFO] - [hemoprod_es.xlsx] -   → Coluna 'producao_hemoterapica_entradas_concentrado_hemacias_sem_buffy_coat_recebidas': 40 valores nulos preenchidos com 0
2025-10-30 20:28:53,589 - [INFO] - [hemoprod_es.xlsx] -   → Coluna 'producao_hemoterapica_entradas_concentrado_hemacias_sem_buffy_coat_devolvidas': 40 valores nulos preenchidos com 0
2025-10-30 20:28:53,590 - [INFO] - [hemoprod_es.xlsx] -   → Coluna 'producao_hemoterapica_entradas_concentrado_plaquetas_produzidas': 40 valores nulos preenchidos com 0
2025-10-30 20:28:53,590 - [INFO] - [hemoprod_es.xlsx] -   → Coluna 'producao_hemoterapica_entradas_concentrado_plaquetas_recebidas': 40 valores nulos preenchidos com 0
2025-10-30 20:28:53,590 - [INFO] - [hemoprod_es.xlsx] -   → Coluna 'producao_hemoterapica_entradas_concentrado_plaquetas_devolvidas': 40 valores nulos preenchidos com 0
2025-10-30 20:28:53,591 - [INFO] - [hemoprod_es.xlsx] -   → Coluna 'producao_hemoterapica_entradas_concentrado_leucocitos_produzidas': 40 valores nulos preenchidos com 0
2025-10-30 20:28:53,591 - [INFO] - [hemoprod_es.xlsx] -   → Coluna 'producao_hemoterapica_entradas_concentrado_leucocitos_recebidas': 40 valores nulos preenchidos com 0
2025-10-30 20:28:53,591 - [INFO] - [hemoprod_es.xlsx] -   → Coluna 'producao_hemoterapica_entradas_concentrado_leucocitos_devolvidas': 40 valores nulos preenchidos com 0
2025-10-30 20:28:53,592 - [INFO] - [hemoprod_es.xlsx] -   → Coluna 'producao_hemoterapica_entradas_crioprecipitado_produzidas': 40 valores nulos preenchidos com 0
2025-10-30 20:28:53,592 - [INFO] - [hemoprod_es.xlsx] -   → Coluna 'producao_hemoterapica_entradas_crioprecipitado_recebidas': 40 valores nulos preenchidos com 0
2025-10-30 20:28:53,592 - [INFO] - [hemoprod_es.xlsx] -   → Coluna 'producao_hemoterapica_entradas_crioprecipitado_devolvidas': 40 valores nulos preenchidos com 0
2025-10-30 20:28:53,592 - [INFO] - [hemoprod_es.xlsx] -   → Coluna 'producao_hemoterapica_entradas_concentrado_de_plaquetas_sem_buffy_coat_produzidas': 40 valores nulos preenchidos com 0
2025-10-30 20:28:53,592 - [INFO] - [hemoprod_es.xlsx] -   → Coluna 'producao_hemoterapica_entradas_concentrado_de_plaquetas_sem_buffy_coat_recebidas': 40 valores nulos preenchidos com 0
2025-10-30 20:28:53,593 - [INFO] - [hemoprod_es.xlsx] -   → Coluna 'producao_hemoterapica_entradas_concentrado_de_plaquetas_sem_buffy_coat_devolvidas': 40 valores nulos preenchidos com 0
2025-10-30 20:28:53,593 - [INFO] - [hemoprod_es.xlsx] -   → Coluna 'perdas_sangue_total_rompimento_de_bolsa': 40 valores nulos preenchidos com 0
2025-10-30 20:28:53,593 - [INFO] - [hemoprod_es.xlsx] -   → Coluna 'perdas_sangue_total_validade': 40 valores nulos preenchidos com 0
2025-10-30 20:28:53,593 - [INFO] - [hemoprod_es.xlsx] -   → Coluna 'perdas_sangue_total_outros_motivos': 40 valores nulos preenchidos com 0
2025-10-30 20:28:53,594 - [INFO] - [hemoprod_es.xlsx] -   → Coluna 'perdas_plasma_fresco_congelado_rompimento_de_bolsa': 40 valores nulos preenchidos com 0
2025-10-30 20:28:53,594 - [INFO] - [hemoprod_es.xlsx] -   → Coluna 'perdas_plasma_fresco_congelado_validade': 40 valores nulos preenchidos com 0
2025-10-30 20:28:53,594 - [INFO] - [hemoprod_es.xlsx] -   → Coluna 'perdas_plasma_fresco_congelado_outros_motivos': 40 valores nulos preenchidos com 0
2025-10-30 20:28:53,594 - [INFO] - [hemoprod_es.xlsx] -   → Coluna 'perdas_plasma_comum_rompimento_de_bolsa': 40 valores nulos preenchidos com 0
2025-10-30 20:28:53,594 - [INFO] - [hemoprod_es.xlsx] -   → Coluna 'perdas_plasma_comum_validade': 40 valores nulos preenchidos com 0
2025-10-30 20:28:53,595 - [INFO] - [hemoprod_es.xlsx] -   → Coluna 'perdas_plasma_comum_outros_motivos': 40 valores nulos preenchidos com 0
2025-10-30 20:28:53,595 - [INFO] - [hemoprod_es.xlsx] -   → Coluna 'perdas_concentrado_de_hemacias_rompimento_de_bolsa': 40 valores nulos preenchidos com 0
2025-10-30 20:28:53,595 - [INFO] - [hemoprod_es.xlsx] -   → Coluna 'perdas_concentrado_de_hemacias_validade': 40 valores nulos preenchidos com 0
2025-10-30 20:28:53,595 - [INFO] - [hemoprod_es.xlsx] -   → Coluna 'perdas_concentrado_de_hemacias_outros_motivos': 40 valores nulos preenchidos com 0
2025-10-30 20:28:53,596 - [INFO] - [hemoprod_es.xlsx] -   → Coluna 'perdas_concentrado_de_hemacias_sem_buffy_coat_rompimento_de_bolsa': 40 valores nulos preenchidos com 0
2025-10-30 20:28:53,596 - [INFO] - [hemoprod_es.xlsx] -   → Coluna 'perdas_concentrado_de_hemacias_sem_buffy_coat_validade': 40 valores nulos preenchidos com 0
2025-10-30 20:28:53,596 - [INFO] - [hemoprod_es.xlsx] -   → Coluna 'perdas_concentrado_de_hemacias_sem_buffy_coat_outros_motivos': 40 valores nulos preenchidos com 0
2025-10-30 20:28:53,596 - [INFO] - [hemoprod_es.xlsx] -   → Coluna 'perdas_concentrado_de_plaquetas_rompimento_de_bolsa': 40 valores nulos preenchidos com 0
2025-10-30 20:28:53,597 - [INFO] - [hemoprod_es.xlsx] -   → Coluna 'perdas_concentrado_de_plaquetas_validade': 40 valores nulos preenchidos com 0
2025-10-30 20:28:53,597 - [INFO] - [hemoprod_es.xlsx] -   → Coluna 'perdas_concentrado_de_plaquetas_outros_motivos': 40 valores nulos preenchidos com 0
2025-10-30 20:28:53,598 - [INFO] - [hemoprod_es.xlsx] -   → Coluna 'perdas_concentrado_de_leucocitos_rompimento_de_bolsa': 40 valores nulos preenchidos com 0
2025-10-30 20:28:53,598 - [INFO] - [hemoprod_es.xlsx] -   → Coluna 'perdas_concentrado_de_leucocitos_validade': 40 valores nulos preenchidos com 0
2025-10-30 20:28:53,598 - [INFO] - [hemoprod_es.xlsx] -   → Coluna 'perdas_concentrado_de_leucocitos_outros_motivos': 40 valores nulos preenchidos com 0
2025-10-30 20:28:53,599 - [INFO] - [hemoprod_es.xlsx] -   → Coluna 'perdas_crioprecipitado_rompimento_de_bolsa': 40 valores nulos preenchidos com 0
2025-10-30 20:28:53,599 - [INFO] - [hemoprod_es.xlsx] -   → Coluna 'perdas_crioprecipitado_validade': 40 valores nulos preenchidos com 0
2025-10-30 20:28:53,599 - [INFO] - [hemoprod_es.xlsx] -   → Coluna 'perdas_crioprecipitado_outros_motivos': 40 valores nulos preenchidos com 0
2025-10-30 20:28:53,599 - [INFO] - [hemoprod_es.xlsx] -   → Coluna 'perdas_concentrado_de_plaquetas_sem_buffy_coat_rompimento_de_bolsa': 40 valores nulos preenchidos com 0
2025-10-30 20:28:53,599 - [INFO] - [hemoprod_es.xlsx] -   → Coluna 'perdas_concentrado_de_plaquetas_sem_buffy_coat_validade': 40 valores nulos preenchidos com 0
2025-10-30 20:28:53,600 - [INFO] - [hemoprod_es.xlsx] -   → Coluna 'perdas_concentrado_de_plaquetas_sem_buffy_coat_outros_motivos': 40 valores nulos preenchidos com 0
2025-10-30 20:28:53,600 - [INFO] - [hemoprod_es.xlsx] -   → Coluna 'tranfusoes_sangue_total_ambulatorial': 40 valores nulos preenchidos com 0
2025-10-30 20:28:53,600 - [INFO] - [hemoprod_es.xlsx] -   → Coluna 'tranfusoes_sangue_total_hospitalar': 40 valores nulos preenchidos com 0
2025-10-30 20:28:53,600 - [INFO] - [hemoprod_es.xlsx] -   → Coluna 'tranfusoes_sangue_total_total': 40 valores nulos preenchidos com 0
2025-10-30 20:28:53,600 - [INFO] - [hemoprod_es.xlsx] -   → Coluna 'tranfusoes_plasma_fresco_congelado_ambulatorial': 40 valores nulos preenchidos com 0
2025-10-30 20:28:53,600 - [INFO] - [hemoprod_es.xlsx] -   → Coluna 'tranfusoes_plasma_fresco_congelado_hospitalar': 40 valores nulos preenchidos com 0
2025-10-30 20:28:53,600 - [INFO] - [hemoprod_es.xlsx] -   → Coluna 'tranfusoes_plasma_fresco_congelado_total': 40 valores nulos preenchidos com 0
2025-10-30 20:28:53,600 - [INFO] - [hemoprod_es.xlsx] -   → Coluna 'tranfusoes_plasma_comum_ambulatorial': 40 valores nulos preenchidos com 0
2025-10-30 20:28:53,601 - [INFO] - [hemoprod_es.xlsx] -   → Coluna 'tranfusoes_plasma_comum_hospitalar': 40 valores nulos preenchidos com 0
2025-10-30 20:28:53,601 - [INFO] - [hemoprod_es.xlsx] -   → Coluna 'tranfusoes_plasma_comum_total': 40 valores nulos preenchidos com 0
2025-10-30 20:28:53,601 - [INFO] - [hemoprod_es.xlsx] -   → Coluna 'tranfusoes_concentrado_de_hemacias_ambulatorial': 40 valores nulos preenchidos com 0
2025-10-30 20:28:53,601 - [INFO] - [hemoprod_es.xlsx] -   → Coluna 'tranfusoes_concentrado_de_hemacias_hospitalar': 40 valores nulos preenchidos com 0
2025-10-30 20:28:53,601 - [INFO] - [hemoprod_es.xlsx] -   → Coluna 'tranfusoes_concentrado_de_hemacias_total': 40 valores nulos preenchidos com 0
2025-10-30 20:28:53,602 - [INFO] - [hemoprod_es.xlsx] -   → Coluna 'tranfusoes_concentrado_de_hemacias_sem_buffy_coat_ambulatorial': 40 valores nulos preenchidos com 0
2025-10-30 20:28:53,602 - [INFO] - [hemoprod_es.xlsx] -   → Coluna 'tranfusoes_concentrado_de_hemacias_sem_buffy_coat_hospitalar': 40 valores nulos preenchidos com 0
2025-10-30 20:28:53,602 - [INFO] - [hemoprod_es.xlsx] -   → Coluna 'tranfusoes_concentrado_de_hemacias_sem_buffy_coat_total': 40 valores nulos preenchidos com 0
2025-10-30 20:28:53,602 - [INFO] - [hemoprod_es.xlsx] -   → Coluna 'tranfusoes_concentrado_de_plaquetas_ambulatorial': 40 valores nulos preenchidos com 0
2025-10-30 20:28:53,603 - [INFO] - [hemoprod_es.xlsx] -   → Coluna 'tranfusoes_concentrado_de_plaquetas_hospitalar': 40 valores nulos preenchidos com 0
2025-10-30 20:28:53,603 - [INFO] - [hemoprod_es.xlsx] -   → Coluna 'tranfusoes_concentrado_de_plaquetas_total': 40 valores nulos preenchidos com 0
2025-10-30 20:28:53,603 - [INFO] - [hemoprod_es.xlsx] -   → Coluna 'tranfusoes_concentrado_de_leucocitos_ambulatorial': 40 valores nulos preenchidos com 0
2025-10-30 20:28:53,603 - [INFO] - [hemoprod_es.xlsx] -   → Coluna 'tranfusoes_concentrado_de_leucocitos_hospitalar': 40 valores nulos preenchidos com 0
2025-10-30 20:28:53,603 - [INFO] - [hemoprod_es.xlsx] -   → Coluna 'tranfusoes_concentrado_de_leucocitos_total': 40 valores nulos preenchidos com 0
2025-10-30 20:28:53,603 - [INFO] - [hemoprod_es.xlsx] -   → Coluna 'tranfusoes_crioprecipitado_ambulatorial': 40 valores nulos preenchidos com 0
2025-10-30 20:28:53,605 - [INFO] - [hemoprod_es.xlsx] -   → Coluna 'tranfusoes_crioprecipitado_hospitalar': 40 valores nulos preenchidos com 0
2025-10-30 20:28:53,605 - [INFO] - [hemoprod_es.xlsx] -   → Coluna 'tranfusoes_crioprecipitado_total': 40 valores nulos preenchidos com 0
2025-10-30 20:28:53,605 - [INFO] - [hemoprod_es.xlsx] -   → Coluna 'tranfusoes_concentrado_de_plaquetas_sem_buffy_coat_ambulatorial': 40 valores nulos preenchidos com 0
2025-10-30 20:28:53,605 - [INFO] - [hemoprod_es.xlsx] -   → Coluna 'tranfusoes_concentrado_de_plaquetas_sem_buffy_coat_hospitalar': 40 valores nulos preenchidos com 0
2025-10-30 20:28:53,606 - [INFO] - [hemoprod_es.xlsx] -   → Coluna 'tranfusoes_concentrado_de_plaquetas_sem_buffy_coat_total': 40 valores nulos preenchidos com 0
2025-10-30 20:28:53,606 - [INFO] - [hemoprod_es.xlsx] -   → Coluna 'distribuicao_para_outros_servicos_sangue_total_sem_exame_pre_transfusional': 40 valores nulos preenchidos com 0
2025-10-30 20:28:53,606 - [INFO] - [hemoprod_es.xlsx] -   → Coluna 'distribuicao_para_outros_servicos_sangue_total_com_exame_pre_transfusional': 40 valores nulos preenchidos com 0
2025-10-30 20:28:53,606 - [INFO] - [hemoprod_es.xlsx] -   → Coluna 'distribuicao_para_outros_servicos_sangue_total_total': 40 valores nulos preenchidos com 0
2025-10-30 20:28:53,606 - [INFO] - [hemoprod_es.xlsx] -   → Coluna 'distribuicao_para_outros_servicos_plasma_fresco_congelado_sem_exame_pre_transfusional': 40 valores nulos preenchidos com 0
2025-10-30 20:28:53,607 - [INFO] - [hemoprod_es.xlsx] -   → Coluna 'distribuicao_para_outros_servicos_plasma_fresco_congelado_com_exame_pre_transfusional': 40 valores nulos preenchidos com 0
2025-10-30 20:28:53,607 - [INFO] - [hemoprod_es.xlsx] -   → Coluna 'distribuicao_para_outros_servicos_plasma_fresco_congelado_total': 40 valores nulos preenchidos com 0
2025-10-30 20:28:53,607 - [INFO] - [hemoprod_es.xlsx] -   → Coluna 'distribuicao_para_outros_servicos_plasma_comum_sem_exame_pre_transfusional': 40 valores nulos preenchidos com 0
2025-10-30 20:28:53,607 - [INFO] - [hemoprod_es.xlsx] -   → Coluna 'distribuicao_para_outros_servicos_plasma_comum_com_exame_pre_transfusional': 40 valores nulos preenchidos com 0
2025-10-30 20:28:53,608 - [INFO] - [hemoprod_es.xlsx] -   → Coluna 'distribuicao_para_outros_servicos_plasma_comum_total': 40 valores nulos preenchidos com 0
2025-10-30 20:28:53,608 - [INFO] - [hemoprod_es.xlsx] -   → Coluna 'distribuicao_para_outros_servicos_concentrado_de_hemacias_sem_exame_pre_transfusional': 40 valores nulos preenchidos com 0
2025-10-30 20:28:53,608 - [INFO] - [hemoprod_es.xlsx] -   → Coluna 'distribuicao_para_outros_servicos_concentrado_de_hemacias_com_exame_pre_transfusional': 40 valores nulos preenchidos com 0
2025-10-30 20:28:53,608 - [INFO] - [hemoprod_es.xlsx] -   → Coluna 'distribuicao_para_outros_servicos_concentrado_de_hemacias_total': 40 valores nulos preenchidos com 0
2025-10-30 20:28:53,608 - [INFO] - [hemoprod_es.xlsx] -   → Coluna 'distribuicao_para_outros_servicos_concentrado_de_hemacias_sem_buffy_coat_sem_exame_pre_transfusi': 40 valores nulos preenchidos com 0
2025-10-30 20:28:53,608 - [INFO] - [hemoprod_es.xlsx] -   → Coluna 'distribuicao_para_outros_servicos_concentrado_de_hemacias_sem_buffy_coat_com_exame_pre_transfusi': 40 valores nulos preenchidos com 0
2025-10-30 20:28:53,609 - [INFO] - [hemoprod_es.xlsx] -   → Coluna 'distribuicao_para_outros_servicos_concentrado_de_hemacias_sem_buffy_coat_total': 40 valores nulos preenchidos com 0
2025-10-30 20:28:53,609 - [INFO] - [hemoprod_es.xlsx] -   → Coluna 'distribuicao_para_outros_servicos_concentrado_de_plaquetas_sem_exame_pre_transfusional': 40 valores nulos preenchidos com 0
2025-10-30 20:28:53,610 - [INFO] - [hemoprod_es.xlsx] -   → Coluna 'distribuicao_para_outros_servicos_concentrado_de_plaquetas_com_exame_pre_transfusional': 40 valores nulos preenchidos com 0
2025-10-30 20:28:53,610 - [INFO] - [hemoprod_es.xlsx] -   → Coluna 'distribuicao_para_outros_servicos_concentrado_de_plaquetas_total': 40 valores nulos preenchidos com 0
2025-10-30 20:28:53,610 - [INFO] - [hemoprod_es.xlsx] -   → Coluna 'distribuicao_para_outros_servicos_concentrado_de_leucocitos_sem_exame_pre_transfusional': 40 valores nulos preenchidos com 0
2025-10-30 20:28:53,610 - [INFO] - [hemoprod_es.xlsx] -   → Coluna 'distribuicao_para_outros_servicos_concentrado_de_leucocitos_com_exame_pre_transfusional': 40 valores nulos preenchidos com 0
2025-10-30 20:28:53,610 - [INFO] - [hemoprod_es.xlsx] -   → Coluna 'distribuicao_para_outros_servicos_concentrado_de_leucocitos_total': 40 valores nulos preenchidos com 0
2025-10-30 20:28:53,611 - [INFO] - [hemoprod_es.xlsx] -   → Coluna 'distribuicao_para_outros_servicos_crioprecipitado_sem_exame_pre_transfusional': 40 valores nulos preenchidos com 0
2025-10-30 20:28:53,611 - [INFO] - [hemoprod_es.xlsx] -   → Coluna 'distribuicao_para_outros_servicos_crioprecipitado_com_exame_pre_transfusional': 40 valores nulos preenchidos com 0
2025-10-30 20:28:53,611 - [INFO] - [hemoprod_es.xlsx] -   → Coluna 'distribuicao_para_outros_servicos_crioprecipitado_total': 40 valores nulos preenchidos com 0
2025-10-30 20:28:53,611 - [INFO] - [hemoprod_es.xlsx] -   → Coluna 'distribuicao_para_outros_servicos_concentrado_de_plaquetas_sem_buffy_coat_sem_exame_pre_transfusional': 40 valores nulos preenchidos com 0
2025-10-30 20:28:53,611 - [INFO] - [hemoprod_es.xlsx] -   → Coluna 'distribuicao_para_outros_servicos_concentrado_de_plaquetas_sem_buffy_coat_com_exame_pre_transfusional': 40 valores nulos preenchidos com 0
2025-10-30 20:28:53,612 - [INFO] - [hemoprod_es.xlsx] -   → Coluna 'distribuicao_para_outros_servicos_concentrado_de_plaquetas_sem_buffy_coat_total': 40 valores nulos preenchidos com 0
2025-10-30 20:28:53,612 - [INFO] - [hemoprod_es.xlsx] -   → Coluna 'procedimentos_de_modificacao_dos_hemocomponentes_lavagem': 40 valores nulos preenchidos com 0
2025-10-30 20:28:53,612 - [INFO] - [hemoprod_es.xlsx] -   → Coluna 'procedimentos_de_modificacao_dos_hemocomponentes_irradiacao': 40 valores nulos preenchidos com 0
2025-10-30 20:28:53,612 - [INFO] - [hemoprod_es.xlsx] -   → Coluna 'procedimentos_de_modificacao_dos_hemocomponentes_filtracao_em_concentrado_de_plaquetas': 40 valores nulos preenchidos com 0
2025-10-30 20:28:53,612 - [INFO] - [hemoprod_es.xlsx] -   → Coluna 'procedimentos_de_modificacao_dos_hemocomponentes_filtracao_em_concentrado_de_hemacias': 40 valores nulos preenchidos com 0
2025-10-30 20:28:53,612 - [INFO] - [hemoprod_es.xlsx] -   → Coluna 'procedimentos_de_modificacao_dos_hemocomponentes_fracionamento_pediatrico': 40 valores nulos preenchidos com 0
2025-10-30 20:28:53,613 - [INFO] - [hemoprod_es.xlsx] -   → Coluna 'reacoes_transfusionais_reacao_febril_nao_hemolitica': 40 valores nulos preenchidos com 0
2025-10-30 20:28:53,613 - [INFO] - [hemoprod_es.xlsx] -   → Coluna 'reacoes_transfusionais_reacao_hemolitica': 40 valores nulos preenchidos com 0
2025-10-30 20:28:53,613 - [INFO] - [hemoprod_es.xlsx] -   → Coluna 'reacoes_transfusionais_reacao_alergica': 40 valores nulos preenchidos com 0
2025-10-30 20:28:53,613 - [INFO] - [hemoprod_es.xlsx] -   → Coluna 'reacoes_transfusionais_choque_bacteriano': 40 valores nulos preenchidos com 0
2025-10-30 20:28:53,613 - [INFO] - [hemoprod_es.xlsx] -   → Coluna 'reacoes_transfusionais_alteracoes_metabolicas': 40 valores nulos preenchidos com 0
2025-10-30 20:28:53,613 - [INFO] - [hemoprod_es.xlsx] -   → Coluna 'reacoes_transfusionais_sobrecarga_volemica': 40 valores nulos preenchidos com 0
2025-10-30 20:28:53,613 - [INFO] - [hemoprod_es.xlsx] -   → Coluna 'reacoes_transfusionais_outras_reacoes': 40 valores nulos preenchidos com 0
2025-10-30 20:28:53,614 - [INFO] - [hemoprod_es.xlsx] -   → Coluna 'envio_plasma_producao_hemoderivados_plasma_fresco_congelado': 1573 valores nulos preenchidos com 0
2025-10-30 20:28:53,614 - [INFO] - [hemoprod_es.xlsx] -   → Coluna 'envio_plasma_producao_hemoderivados_plasma_comum': 1573 valores nulos preenchidos com 0
2025-10-30 20:28:53,614 - [INFO] - [hemoprod_es.xlsx] - ✓ 235 colunas Int64 preenchidas com 0
2025-10-30 20:28:53,614 - [INFO] - [hemoprod_es.xlsx] - Iniciando deduplicação...
2025-10-30 20:28:53,614 - [INFO] - [hemoprod_es.xlsx] - Convertendo 'data_envio' para datetime...
2025-10-30 20:28:53,629 - [INFO] - [hemoprod_es.xlsx] - ✓ Deduplicação concluída - Removidas 83 linhas duplicadas
2025-10-30 20:28:53,629 - [INFO] - [hemoprod_es.xlsx] - ✓ Linhas Finais: 1744
2025-10-30 20:28:53,629 - [INFO] - [hemoprod_es.xlsx] - Salvando arquivo processado...
2025-10-30 20:28:56,641 - [INFO] - [hemoprod_es.xlsx] - ============================================================
2025-10-30 20:28:56,641 - [INFO] - [hemoprod_es.xlsx] - ✅ PROCESSAMENTO CONCLUÍDO COM SUCESSO
2025-10-30 20:28:56,641 - [INFO] - [hemoprod_es.xlsx] - ✅ Arquivo salvo em: D:\Documentos\STTP\hemoce\src\dados_processados\hemoprod_es.xlsx
2025-10-30 20:28:56,641 - [INFO] - [hemoprod_es.xlsx] - ============================================================
2025-10-30 20:28:56,641 - [INFO] - [hemoprod_es.xlsx] - 
