2025-10-30 20:29:18,152 - [INFO] - [hemoprod_ro.xlsx] - ============================================================
2025-10-30 20:29:18,152 - [INFO] - [hemoprod_ro.xlsx] - INICIANDO PROCESSAMENTO: RO
2025-10-30 20:29:18,152 - [INFO] - [hemoprod_ro.xlsx] - ============================================================
2025-10-30 20:29:18,152 - [INFO] - [hemoprod_ro.xlsx] - Carregando arquivo: Hemoprod_RO.xlsx
2025-10-30 20:29:18,153 - [INFO] - [hemoprod_ro.xlsx] - Planilha: HEMOPROD - RONDONIA
2025-10-30 20:29:18,607 - [INFO] - [hemoprod_ro.xlsx] - ✓ Colunas Originais: 257
2025-10-30 20:29:18,607 - [INFO] - [hemoprod_ro.xlsx] - ✓ Linhas Originais: 542
2025-10-30 20:29:18,607 - [INFO] - [hemoprod_ro.xlsx] - Iniciando limpeza e renomeação de colunas...
2025-10-30 20:29:18,608 - [INFO] - [hemoprod_ro.xlsx] - ✓ Colunas limpas e renomeadas
2025-10-30 20:29:18,608 - [INFO] - [hemoprod_ro.xlsx] - Normalizando período e ano de referência...
2025-10-30 20:29:18,608 - [INFO] - [hemoprod_ro.xlsx] - Coluna 'ano_referencia' não existe. Criando...
2025-10-30 20:29:18,625 - [INFO] - [hemoprod_ro.xlsx] - ✓ Normalizados 542 registros com ano no período
2025-10-30 20:29:18,625 - [INFO] - [hemoprod_ro.xlsx] - ✓ Período/Ano normalizado
2025-10-30 20:29:18,625 - [INFO] - [hemoprod_ro.xlsx] - Normalizando município e estado...
2025-10-30 20:29:18,625 - [INFO] - [hemoprod_ro.xlsx] - Coluna 'estado' não existe. Criando...
2025-10-30 20:29:18,640 - [INFO] - [hemoprod_ro.xlsx] - ✓ Normalizados 542 registros com estado no município
2025-10-30 20:29:18,640 - [INFO] - [hemoprod_ro.xlsx] - ✓ Município/Estado normalizado
2025-10-30 20:29:18,640 - [INFO] - [hemoprod_ro.xlsx] - Aplicando tipos de dados...
2025-10-30 20:29:18,681 - [INFO] - [hemoprod_ro.xlsx] - ✓ Tipos aplicados
2025-10-30 20:29:18,681 - [INFO] - [hemoprod_ro.xlsx] - ✓ Colunas Faltantes: 16
2025-10-30 20:29:18,681 - [INFO] - [hemoprod_ro.xlsx] -   → ['distribuicao_para_outros_servicos_concentrado_de_plaquetas_aferese_sem_exame_pre_transfusional', 'producao_hemoterapica_entradas_concentrado_plaquetas_aferese_devolvidas', 'tranfusoes_concentrado_de_plaquetas_de_aferese_hospitalar', 'estado', 'rede_estabelecimento']...
2025-10-30 20:29:18,681 - [INFO] - [hemoprod_ro.xlsx] - ✓ Colunas A Mais: 3
2025-10-30 20:29:18,681 - [INFO] - [hemoprod_ro.xlsx] -   → ['Período de referência [Outros]', 'Município [Outros]', 'URL de referência']
2025-10-30 20:29:18,681 - [INFO] - [hemoprod_ro.xlsx] - Padronizando schema...
2025-10-30 20:29:18,685 - [INFO] - [hemoprod_ro.xlsx] - Coluna 'estado' já existe, mantendo valores atuais
2025-10-30 20:29:18,685 - [INFO] - [hemoprod_ro.xlsx] - Coluna 'ano_referencia' já existe, mantendo valores atuais
2025-10-30 20:29:18,689 - [INFO] - [hemoprod_ro.xlsx] - ✓ Schema padronizado - Colunas Finais: 270
2025-10-30 20:29:18,690 - [INFO] - [hemoprod_ro.xlsx] - Preenchendo valores nulos em colunas Int64 com 0...
2025-10-30 20:29:18,690 - [INFO] - [hemoprod_ro.xlsx] -   → Coluna 'semente': 36 valores nulos preenchidos com 0
2025-10-30 20:29:18,690 - [INFO] - [hemoprod_ro.xlsx] -   → Coluna 'identificacao_dado': 542 valores nulos preenchidos com 0
2025-10-30 20:29:18,691 - [INFO] - [hemoprod_ro.xlsx] -   → Coluna 'identificacao_estabelecimento': 542 valores nulos preenchidos com 0
2025-10-30 20:29:18,691 - [INFO] - [hemoprod_ro.xlsx] -   → Coluna 'cnes': 542 valores nulos preenchidos com 0
2025-10-30 20:29:18,691 - [INFO] - [hemoprod_ro.xlsx] -   → Coluna 'endereco': 542 valores nulos preenchidos com 0
2025-10-30 20:29:18,691 - [INFO] - [hemoprod_ro.xlsx] -   → Coluna 'triagem_clinica_total_doacao_espontanea_aptos': 366 valores nulos preenchidos com 0
2025-10-30 20:29:18,691 - [INFO] - [hemoprod_ro.xlsx] -   → Coluna 'triagem_clinica_total_doacao_espontanea_inaptos': 366 valores nulos preenchidos com 0
2025-10-30 20:29:18,692 - [INFO] - [hemoprod_ro.xlsx] -   → Coluna 'triagem_clinica_total_doacao_reposicao_aptos': 366 valores nulos preenchidos com 0
2025-10-30 20:29:18,692 - [INFO] - [hemoprod_ro.xlsx] -   → Coluna 'triagem_clinica_total_doacao_reposicao_inaptos': 366 valores nulos preenchidos com 0
2025-10-30 20:29:18,692 - [INFO] - [hemoprod_ro.xlsx] -   → Coluna 'triagem_clinica_total_doacao_autologa_aptos': 366 valores nulos preenchidos com 0
2025-10-30 20:29:18,692 - [INFO] - [hemoprod_ro.xlsx] -   → Coluna 'triagem_clinica_total_doacao_autologa_inaptos': 366 valores nulos preenchidos com 0
2025-10-30 20:29:18,692 - [INFO] - [hemoprod_ro.xlsx] -   → Coluna 'total_doador_primeira_vez_aptos': 366 valores nulos preenchidos com 0
2025-10-30 20:29:18,692 - [INFO] - [hemoprod_ro.xlsx] -   → Coluna 'total_doador_primeira_vez_inaptos': 366 valores nulos preenchidos com 0
2025-10-30 20:29:18,693 - [INFO] - [hemoprod_ro.xlsx] -   → Coluna 'total_doador_repeticao_aptos': 366 valores nulos preenchidos com 0
2025-10-30 20:29:18,693 - [INFO] - [hemoprod_ro.xlsx] -   → Coluna 'total_doador_repeticao_inaptos': 366 valores nulos preenchidos com 0
2025-10-30 20:29:18,693 - [INFO] - [hemoprod_ro.xlsx] -   → Coluna 'total_doador_esporadico_aptos': 366 valores nulos preenchidos com 0
2025-10-30 20:29:18,693 - [INFO] - [hemoprod_ro.xlsx] -   → Coluna 'total_doador_esporadico_inaptos': 366 valores nulos preenchidos com 0
2025-10-30 20:29:18,693 - [INFO] - [hemoprod_ro.xlsx] -   → Coluna 'total_doador_masculino_aptos': 366 valores nulos preenchidos com 0
2025-10-30 20:29:18,693 - [INFO] - [hemoprod_ro.xlsx] -   → Coluna 'total_doador_masculino_inaptos': 366 valores nulos preenchidos com 0
2025-10-30 20:29:18,693 - [INFO] - [hemoprod_ro.xlsx] -   → Coluna 'total_doador_feminino_aptos': 366 valores nulos preenchidos com 0
2025-10-30 20:29:18,695 - [INFO] - [hemoprod_ro.xlsx] -   → Coluna 'total_doador_feminino_inaptos': 366 valores nulos preenchidos com 0
2025-10-30 20:29:18,695 - [INFO] - [hemoprod_ro.xlsx] -   → Coluna 'total_doador_menor_de_18_anos_aptos': 366 valores nulos preenchidos com 0
2025-10-30 20:29:18,695 - [INFO] - [hemoprod_ro.xlsx] -   → Coluna 'total_doador_menor_de_18_anos_inaptos': 366 valores nulos preenchidos com 0
2025-10-30 20:29:18,695 - [INFO] - [hemoprod_ro.xlsx] -   → Coluna 'total_doador_18_ate_29_anos_aptos': 366 valores nulos preenchidos com 0
2025-10-30 20:29:18,695 - [INFO] - [hemoprod_ro.xlsx] -   → Coluna 'total_doador_18_ate_29_anos_inaptos': 366 valores nulos preenchidos com 0
2025-10-30 20:29:18,695 - [INFO] - [hemoprod_ro.xlsx] -   → Coluna 'total_doador_acima_de_29_anos_aptos': 366 valores nulos preenchidos com 0
2025-10-30 20:29:18,695 - [INFO] - [hemoprod_ro.xlsx] -   → Coluna 'total_doador_acima_de_29_anos_inaptos': 366 valores nulos preenchidos com 0
2025-10-30 20:29:18,695 - [INFO] - [hemoprod_ro.xlsx] -   → Coluna 'total_candidatos_inaptos_anemia_masculino': 366 valores nulos preenchidos com 0
2025-10-30 20:29:18,696 - [INFO] - [hemoprod_ro.xlsx] -   → Coluna 'total_candidatos_inaptos_anemia_feminino': 366 valores nulos preenchidos com 0
2025-10-30 20:29:18,696 - [INFO] - [hemoprod_ro.xlsx] -   → Coluna 'total_candidatos_inaptos_anemia_total': 366 valores nulos preenchidos com 0
2025-10-30 20:29:18,696 - [INFO] - [hemoprod_ro.xlsx] -   → Coluna 'total_candidatos_inaptos_hipertensao_masculino': 366 valores nulos preenchidos com 0
2025-10-30 20:29:18,696 - [INFO] - [hemoprod_ro.xlsx] -   → Coluna 'total_candidatos_inaptos_hipertensao_feminino': 366 valores nulos preenchidos com 0
2025-10-30 20:29:18,696 - [INFO] - [hemoprod_ro.xlsx] -   → Coluna 'total_candidatos_inaptos_hipertensao_total': 366 valores nulos preenchidos com 0
2025-10-30 20:29:18,696 - [INFO] - [hemoprod_ro.xlsx] -   → Coluna 'total_candidatos_inaptos_hipotensao_masculino': 366 valores nulos preenchidos com 0
2025-10-30 20:29:18,697 - [INFO] - [hemoprod_ro.xlsx] -   → Coluna 'total_candidatos_inaptos_hipotensao_feminino': 366 valores nulos preenchidos com 0
2025-10-30 20:29:18,697 - [INFO] - [hemoprod_ro.xlsx] -   → Coluna 'total_candidatos_inaptos_hipotensao_total': 366 valores nulos preenchidos com 0
2025-10-30 20:29:18,697 - [INFO] - [hemoprod_ro.xlsx] -   → Coluna 'total_candidatos_inaptos_alcoolismo_masculino': 366 valores nulos preenchidos com 0
2025-10-30 20:29:18,697 - [INFO] - [hemoprod_ro.xlsx] -   → Coluna 'total_candidatos_inaptos_alcoolismo_feminino': 366 valores nulos preenchidos com 0
2025-10-30 20:29:18,697 - [INFO] - [hemoprod_ro.xlsx] -   → Coluna 'total_candidatos_inaptos_alcoolismo_total': 366 valores nulos preenchidos com 0
2025-10-30 20:29:18,697 - [INFO] - [hemoprod_ro.xlsx] -   → Coluna 'total_candidatos_inaptos_comportamento_risco_dst_masculino': 366 valores nulos preenchidos com 0
2025-10-30 20:29:18,697 - [INFO] - [hemoprod_ro.xlsx] -   → Coluna 'total_candidatos_inaptos_comportamento_risco_dst_feminino': 366 valores nulos preenchidos com 0
2025-10-30 20:29:18,698 - [INFO] - [hemoprod_ro.xlsx] -   → Coluna 'total_candidatos_inaptos_comportamento_risco_dst_total': 366 valores nulos preenchidos com 0
2025-10-30 20:29:18,698 - [INFO] - [hemoprod_ro.xlsx] -   → Coluna 'total_candidatos_inaptos_uso_drogas_masculino': 366 valores nulos preenchidos com 0
2025-10-30 20:29:18,698 - [INFO] - [hemoprod_ro.xlsx] -   → Coluna 'total_candidatos_inaptos_uso_drogas_feminino': 366 valores nulos preenchidos com 0
2025-10-30 20:29:18,699 - [INFO] - [hemoprod_ro.xlsx] -   → Coluna 'total_candidatos_inaptos_uso_drogas_total': 366 valores nulos preenchidos com 0
2025-10-30 20:29:18,699 - [INFO] - [hemoprod_ro.xlsx] -   → Coluna 'total_candidatos_inaptos_hepatite_masculino': 366 valores nulos preenchidos com 0
2025-10-30 20:29:18,699 - [INFO] - [hemoprod_ro.xlsx] -   → Coluna 'total_candidatos_inaptos_hepatite_feminino': 366 valores nulos preenchidos com 0
2025-10-30 20:29:18,699 - [INFO] - [hemoprod_ro.xlsx] -   → Coluna 'total_candidatos_inaptos_hepatite_total': 366 valores nulos preenchidos com 0
2025-10-30 20:29:18,699 - [INFO] - [hemoprod_ro.xlsx] -   → Coluna 'total_candidatos_inaptos_doenca_chagas_masculino': 366 valores nulos preenchidos com 0
2025-10-30 20:29:18,700 - [INFO] - [hemoprod_ro.xlsx] -   → Coluna 'total_candidatos_inaptos_doenca_chagas_feminino': 366 valores nulos preenchidos com 0
2025-10-30 20:29:18,700 - [INFO] - [hemoprod_ro.xlsx] -   → Coluna 'total_candidatos_inaptos_doenca_chagas_total': 366 valores nulos preenchidos com 0
2025-10-30 20:29:18,700 - [INFO] - [hemoprod_ro.xlsx] -   → Coluna 'total_candidatos_inaptos_malaria_masculino': 366 valores nulos preenchidos com 0
2025-10-30 20:29:18,700 - [INFO] - [hemoprod_ro.xlsx] -   → Coluna 'total_candidatos_inaptos_malaria_feminino': 366 valores nulos preenchidos com 0
2025-10-30 20:29:18,700 - [INFO] - [hemoprod_ro.xlsx] -   → Coluna 'total_candidatos_inaptos_malaria_total': 366 valores nulos preenchidos com 0
2025-10-30 20:29:18,701 - [INFO] - [hemoprod_ro.xlsx] -   → Coluna 'total_candidatos_inaptos_outras_masculino': 366 valores nulos preenchidos com 0
2025-10-30 20:29:18,701 - [INFO] - [hemoprod_ro.xlsx] -   → Coluna 'total_candidatos_inaptos_outras_feminino': 366 valores nulos preenchidos com 0
2025-10-30 20:29:18,701 - [INFO] - [hemoprod_ro.xlsx] -   → Coluna 'total_candidatos_inaptos_outras_total': 366 valores nulos preenchidos com 0
2025-10-30 20:29:18,701 - [INFO] - [hemoprod_ro.xlsx] -   → Coluna 'coleta_total_candidatos_desistentes': 366 valores nulos preenchidos com 0
2025-10-30 20:29:18,702 - [INFO] - [hemoprod_ro.xlsx] -   → Coluna 'total_interrupcoes_coleta_dificuldade_puncao_venosa': 366 valores nulos preenchidos com 0
2025-10-30 20:29:18,702 - [INFO] - [hemoprod_ro.xlsx] -   → Coluna 'total_interrupcoes_coleta_reacao_vagal': 366 valores nulos preenchidos com 0
2025-10-30 20:29:18,702 - [INFO] - [hemoprod_ro.xlsx] -   → Coluna 'total_interrupcoes_coleta_outros_motivos': 366 valores nulos preenchidos com 0
2025-10-30 20:29:18,702 - [INFO] - [hemoprod_ro.xlsx] -   → Coluna 'total_coletas_sangue_total': 366 valores nulos preenchidos com 0
2025-10-30 20:29:18,702 - [INFO] - [hemoprod_ro.xlsx] -   → Coluna 'total_coletas_aferese': 366 valores nulos preenchidos com 0
2025-10-30 20:29:18,703 - [INFO] - [hemoprod_ro.xlsx] -   → Coluna 'exames_triagem_doenca_doenca_chagas_amostras_testadas': 366 valores nulos preenchidos com 0
2025-10-30 20:29:18,703 - [INFO] - [hemoprod_ro.xlsx] -   → Coluna 'exames_triagem_doenca_doenca_chagas_amostras_reagentes': 366 valores nulos preenchidos com 0
2025-10-30 20:29:18,703 - [INFO] - [hemoprod_ro.xlsx] -   → Coluna 'exames_triagem_doenca_hiv_amostras_testadas': 366 valores nulos preenchidos com 0
2025-10-30 20:29:18,703 - [INFO] - [hemoprod_ro.xlsx] -   → Coluna 'exames_triagem_doenca_hiv_amostras_reagentes': 366 valores nulos preenchidos com 0
2025-10-30 20:29:18,704 - [INFO] - [hemoprod_ro.xlsx] -   → Coluna 'exames_triagem_doenca_sifilis_amostras_testadas': 366 valores nulos preenchidos com 0
2025-10-30 20:29:18,704 - [INFO] - [hemoprod_ro.xlsx] -   → Coluna '`exames_triagem_doenca_sifilis_amostras_reagentes': 366 valores nulos preenchidos com 0
2025-10-30 20:29:18,704 - [INFO] - [hemoprod_ro.xlsx] -   → Coluna 'exames_triagem_doenca_hepatite_b_hbs_ag_amostras_testadas': 366 valores nulos preenchidos com 0
2025-10-30 20:29:18,704 - [INFO] - [hemoprod_ro.xlsx] -   → Coluna 'exames_triagem_doenca_hepatite_b_hbs_ag_amostras_reagentes': 366 valores nulos preenchidos com 0
2025-10-30 20:29:18,704 - [INFO] - [hemoprod_ro.xlsx] -   → Coluna 'exames_triagem_doenca_hepatite_b_anti_hbc_amostras_testadas': 366 valores nulos preenchidos com 0
2025-10-30 20:29:18,704 - [INFO] - [hemoprod_ro.xlsx] -   → Coluna 'exames_triagem_doenca_hepatite_b_anti_hbc_amostras_reagentes': 366 valores nulos preenchidos com 0
2025-10-30 20:29:18,704 - [INFO] - [hemoprod_ro.xlsx] -   → Coluna 'exames_triagem_doenca_hepatite_c_amostras_testadas': 366 valores nulos preenchidos com 0
2025-10-30 20:29:18,705 - [INFO] - [hemoprod_ro.xlsx] -   → Coluna 'exames_triagem_doenca_hepatite_c_amostras_reagentes': 366 valores nulos preenchidos com 0
2025-10-30 20:29:18,705 - [INFO] - [hemoprod_ro.xlsx] -   → Coluna 'exames_triagem_doenca_htlv_i_ii_amostras_testadas': 366 valores nulos preenchidos com 0
2025-10-30 20:29:18,705 - [INFO] - [hemoprod_ro.xlsx] -   → Coluna 'exames_triagem_doenca_htlv_i_ii_amostras_reagentes': 366 valores nulos preenchidos com 0
2025-10-30 20:29:18,705 - [INFO] - [hemoprod_ro.xlsx] -   → Coluna 'exames_triagem_doenca_malaria_amostras_testadas': 366 valores nulos preenchidos com 0
2025-10-30 20:29:18,705 - [INFO] - [hemoprod_ro.xlsx] -   → Coluna 'exames_triagem_doenca_malaria_amostras_reagentes': 366 valores nulos preenchidos com 0
2025-10-30 20:29:18,706 - [INFO] - [hemoprod_ro.xlsx] -   → Coluna 'exames_triagem_doenca_hbv_teste_nat_amostras_testadas': 366 valores nulos preenchidos com 0
2025-10-30 20:29:18,706 - [INFO] - [hemoprod_ro.xlsx] -   → Coluna 'exames_triagem_doenca_hbv_teste_nat_amostras_reagentes': 366 valores nulos preenchidos com 0
2025-10-30 20:29:18,706 - [INFO] - [hemoprod_ro.xlsx] -   → Coluna 'exames_triagem_doenca_hcv_teste_nat_amostras_testadas': 366 valores nulos preenchidos com 0
2025-10-30 20:29:18,706 - [INFO] - [hemoprod_ro.xlsx] -   → Coluna 'exames_triagem_doenca_hcv_teste_nat_amostras_reagentes': 366 valores nulos preenchidos com 0
2025-10-30 20:29:18,707 - [INFO] - [hemoprod_ro.xlsx] -   → Coluna 'exames_triagem_doenca_hiv_teste_nat_amostras_testadas': 366 valores nulos preenchidos com 0
2025-10-30 20:29:18,707 - [INFO] - [hemoprod_ro.xlsx] -   → Coluna 'exames_triagem_doenca_hiv_teste_nat_amostras_reagentes': 366 valores nulos preenchidos com 0
2025-10-30 20:29:18,707 - [INFO] - [hemoprod_ro.xlsx] -   → Coluna 'outros_tipos_pesquisa_pesquisa_hbs_doador': 366 valores nulos preenchidos com 0
2025-10-30 20:29:18,709 - [INFO] - [hemoprod_ro.xlsx] -   → Coluna 'inaptidao_triagem_laboratorial_total_bolsas_testadas': 366 valores nulos preenchidos com 0
2025-10-30 20:29:18,709 - [INFO] - [hemoprod_ro.xlsx] -   → Coluna 'inaptidao_triagem_laboratorial_total_bolsas_reagentes_1_ou_mais_marcadores': 366 valores nulos preenchidos com 0
2025-10-30 20:29:18,709 - [INFO] - [hemoprod_ro.xlsx] -   → Coluna 'descarte_bolsas_total_bolsas_descartadas_auto_exclusao': 366 valores nulos preenchidos com 0
2025-10-30 20:29:18,714 - [INFO] - [hemoprod_ro.xlsx] -   → Coluna 'envio_plasma_producao_hemoderivados_plasma_fresco_congelado': 366 valores nulos preenchidos com 0
2025-10-30 20:29:18,714 - [INFO] - [hemoprod_ro.xlsx] -   → Coluna 'envio_plasma_producao_hemoderivados_plasma_comum': 366 valores nulos preenchidos com 0
2025-10-30 20:29:18,714 - [INFO] - [hemoprod_ro.xlsx] - ✓ 91 colunas Int64 preenchidas com 0
2025-10-30 20:29:18,715 - [INFO] - [hemoprod_ro.xlsx] - Iniciando deduplicação...
2025-10-30 20:29:18,715 - [INFO] - [hemoprod_ro.xlsx] - Convertendo 'data_envio' para datetime...
2025-10-30 20:29:18,731 - [INFO] - [hemoprod_ro.xlsx] - ✓ Deduplicação concluída - Removidas 45 linhas duplicadas
2025-10-30 20:29:18,731 - [INFO] - [hemoprod_ro.xlsx] - ✓ Linhas Finais: 497
2025-10-30 20:29:18,731 - [INFO] - [hemoprod_ro.xlsx] - Salvando arquivo processado...
2025-10-30 20:29:19,582 - [INFO] - [hemoprod_ro.xlsx] - ============================================================
2025-10-30 20:29:19,582 - [INFO] - [hemoprod_ro.xlsx] - ✅ PROCESSAMENTO CONCLUÍDO COM SUCESSO
2025-10-30 20:29:19,583 - [INFO] - [hemoprod_ro.xlsx] - ✅ Arquivo salvo em: D:\Documentos\STTP\hemoce\src\dados_processados\hemoprod_ro.xlsx
2025-10-30 20:29:19,583 - [INFO] - [hemoprod_ro.xlsx] - ============================================================
2025-10-30 20:29:19,583 - [INFO] - [hemoprod_ro.xlsx] - 
