2025-10-30 20:28:46,589 - [INFO] - [hemoprod_al.xlsx] - ============================================================
2025-10-30 20:28:46,589 - [INFO] - [hemoprod_al.xlsx] - INICIANDO PROCESSAMENTO: AL
2025-10-30 20:28:46,589 - [INFO] - [hemoprod_al.xlsx] - ============================================================
2025-10-30 20:28:46,590 - [INFO] - [hemoprod_al.xlsx] - Carregando arquivo: Hemoprod_AL.xlsx
2025-10-30 20:28:46,590 - [INFO] - [hemoprod_al.xlsx] - Planilha: HEMOPROD - ALAGOAS
2025-10-30 20:28:46,899 - [INFO] - [hemoprod_al.xlsx] - ✓ Colunas Originais: 269
2025-10-30 20:28:46,899 - [INFO] - [hemoprod_al.xlsx] - ✓ Linhas Originais: 315
2025-10-30 20:28:46,899 - [INFO] - [hemoprod_al.xlsx] - Iniciando limpeza e renomeação de colunas...
2025-10-30 20:28:46,900 - [INFO] - [hemoprod_al.xlsx] - ✓ Colunas limpas e renomeadas
2025-10-30 20:28:46,900 - [INFO] - [hemoprod_al.xlsx] - Normalizando período e ano de referência...
2025-10-30 20:28:46,901 - [INFO] - [hemoprod_al.xlsx] - ✓ Nenhum registro necessitou normalização de período/ano
2025-10-30 20:28:46,901 - [INFO] - [hemoprod_al.xlsx] - ✓ Período/Ano normalizado
2025-10-30 20:28:46,901 - [INFO] - [hemoprod_al.xlsx] - Normalizando município e estado...
2025-10-30 20:28:46,901 - [INFO] - [hemoprod_al.xlsx] - Coluna 'estado' não existe. Criando...
2025-10-30 20:28:46,910 - [INFO] - [hemoprod_al.xlsx] - ✓ Normalizados 315 registros com estado no município
2025-10-30 20:28:46,910 - [INFO] - [hemoprod_al.xlsx] - ✓ Município/Estado normalizado
2025-10-30 20:28:46,910 - [INFO] - [hemoprod_al.xlsx] - Aplicando tipos de dados...
2025-10-30 20:28:46,959 - [INFO] - [hemoprod_al.xlsx] - ✓ Tipos aplicados
2025-10-30 20:28:46,959 - [INFO] - [hemoprod_al.xlsx] - ✓ Colunas Faltantes: 1
2025-10-30 20:28:46,959 - [INFO] - [hemoprod_al.xlsx] -   → ['estado']
2025-10-30 20:28:46,959 - [INFO] - [hemoprod_al.xlsx] - ✓ Colunas A Mais: 0
2025-10-30 20:28:46,960 - [INFO] - [hemoprod_al.xlsx] - Padronizando schema...
2025-10-30 20:28:46,960 - [INFO] - [hemoprod_al.xlsx] - Coluna 'estado' já existe, mantendo valores atuais
2025-10-30 20:28:46,961 - [INFO] - [hemoprod_al.xlsx] - ✓ Schema padronizado - Colunas Finais: 270
2025-10-30 20:28:46,961 - [INFO] - [hemoprod_al.xlsx] - Preenchendo valores nulos em colunas Int64 com 0...
2025-10-30 20:28:46,962 - [INFO] - [hemoprod_al.xlsx] -   → Coluna 'semente': 61 valores nulos preenchidos com 0
2025-10-30 20:28:46,962 - [INFO] - [hemoprod_al.xlsx] -   → Coluna 'identificacao_dado': 315 valores nulos preenchidos com 0
2025-10-30 20:28:46,962 - [INFO] - [hemoprod_al.xlsx] -   → Coluna 'identificacao_estabelecimento': 315 valores nulos preenchidos com 0
2025-10-30 20:28:46,963 - [INFO] - [hemoprod_al.xlsx] -   → Coluna 'cnes': 315 valores nulos preenchidos com 0
2025-10-30 20:28:46,963 - [INFO] - [hemoprod_al.xlsx] -   → Coluna 'endereco': 315 valores nulos preenchidos com 0
2025-10-30 20:28:46,963 - [INFO] - [hemoprod_al.xlsx] -   → Coluna 'triagem_clinica_total_doacao_espontanea_aptos': 243 valores nulos preenchidos com 0
2025-10-30 20:28:46,963 - [INFO] - [hemoprod_al.xlsx] -   → Coluna 'triagem_clinica_total_doacao_espontanea_inaptos': 243 valores nulos preenchidos com 0
2025-10-30 20:28:46,964 - [INFO] - [hemoprod_al.xlsx] -   → Coluna 'triagem_clinica_total_doacao_reposicao_aptos': 243 valores nulos preenchidos com 0
2025-10-30 20:28:46,964 - [INFO] - [hemoprod_al.xlsx] -   → Coluna 'triagem_clinica_total_doacao_reposicao_inaptos': 243 valores nulos preenchidos com 0
2025-10-30 20:28:46,964 - [INFO] - [hemoprod_al.xlsx] -   → Coluna 'triagem_clinica_total_doacao_autologa_aptos': 243 valores nulos preenchidos com 0
2025-10-30 20:28:46,964 - [INFO] - [hemoprod_al.xlsx] -   → Coluna 'triagem_clinica_total_doacao_autologa_inaptos': 243 valores nulos preenchidos com 0
2025-10-30 20:28:46,964 - [INFO] - [hemoprod_al.xlsx] -   → Coluna 'total_doador_primeira_vez_aptos': 243 valores nulos preenchidos com 0
2025-10-30 20:28:46,965 - [INFO] - [hemoprod_al.xlsx] -   → Coluna 'total_doador_primeira_vez_inaptos': 243 valores nulos preenchidos com 0
2025-10-30 20:28:46,965 - [INFO] - [hemoprod_al.xlsx] -   → Coluna 'total_doador_repeticao_aptos': 243 valores nulos preenchidos com 0
2025-10-30 20:28:46,965 - [INFO] - [hemoprod_al.xlsx] -   → Coluna 'total_doador_repeticao_inaptos': 243 valores nulos preenchidos com 0
2025-10-30 20:28:46,965 - [INFO] - [hemoprod_al.xlsx] -   → Coluna 'total_doador_esporadico_aptos': 243 valores nulos preenchidos com 0
2025-10-30 20:28:46,966 - [INFO] - [hemoprod_al.xlsx] -   → Coluna 'total_doador_esporadico_inaptos': 243 valores nulos preenchidos com 0
2025-10-30 20:28:46,966 - [INFO] - [hemoprod_al.xlsx] -   → Coluna 'total_doador_masculino_aptos': 243 valores nulos preenchidos com 0
2025-10-30 20:28:46,966 - [INFO] - [hemoprod_al.xlsx] -   → Coluna 'total_doador_masculino_inaptos': 243 valores nulos preenchidos com 0
2025-10-30 20:28:46,966 - [INFO] - [hemoprod_al.xlsx] -   → Coluna 'total_doador_feminino_aptos': 243 valores nulos preenchidos com 0
2025-10-30 20:28:46,967 - [INFO] - [hemoprod_al.xlsx] -   → Coluna 'total_doador_feminino_inaptos': 243 valores nulos preenchidos com 0
2025-10-30 20:28:46,967 - [INFO] - [hemoprod_al.xlsx] -   → Coluna 'total_doador_menor_de_18_anos_aptos': 243 valores nulos preenchidos com 0
2025-10-30 20:28:46,967 - [INFO] - [hemoprod_al.xlsx] -   → Coluna 'total_doador_menor_de_18_anos_inaptos': 243 valores nulos preenchidos com 0
2025-10-30 20:28:46,967 - [INFO] - [hemoprod_al.xlsx] -   → Coluna 'total_doador_18_ate_29_anos_aptos': 243 valores nulos preenchidos com 0
2025-10-30 20:28:46,968 - [INFO] - [hemoprod_al.xlsx] -   → Coluna 'total_doador_18_ate_29_anos_inaptos': 243 valores nulos preenchidos com 0
2025-10-30 20:28:46,968 - [INFO] - [hemoprod_al.xlsx] -   → Coluna 'total_doador_acima_de_29_anos_aptos': 243 valores nulos preenchidos com 0
2025-10-30 20:28:46,968 - [INFO] - [hemoprod_al.xlsx] -   → Coluna 'total_doador_acima_de_29_anos_inaptos': 243 valores nulos preenchidos com 0
2025-10-30 20:28:46,968 - [INFO] - [hemoprod_al.xlsx] -   → Coluna 'total_candidatos_inaptos_anemia_masculino': 243 valores nulos preenchidos com 0
2025-10-30 20:28:46,969 - [INFO] - [hemoprod_al.xlsx] -   → Coluna 'total_candidatos_inaptos_anemia_feminino': 243 valores nulos preenchidos com 0
2025-10-30 20:28:46,969 - [INFO] - [hemoprod_al.xlsx] -   → Coluna 'total_candidatos_inaptos_anemia_total': 243 valores nulos preenchidos com 0
2025-10-30 20:28:46,969 - [INFO] - [hemoprod_al.xlsx] -   → Coluna 'total_candidatos_inaptos_hipertensao_masculino': 243 valores nulos preenchidos com 0
2025-10-30 20:28:46,969 - [INFO] - [hemoprod_al.xlsx] -   → Coluna 'total_candidatos_inaptos_hipertensao_feminino': 243 valores nulos preenchidos com 0
2025-10-30 20:28:46,969 - [INFO] - [hemoprod_al.xlsx] -   → Coluna 'total_candidatos_inaptos_hipertensao_total': 243 valores nulos preenchidos com 0
2025-10-30 20:28:46,969 - [INFO] - [hemoprod_al.xlsx] -   → Coluna 'total_candidatos_inaptos_hipotensao_masculino': 243 valores nulos preenchidos com 0
2025-10-30 20:28:46,971 - [INFO] - [hemoprod_al.xlsx] -   → Coluna 'total_candidatos_inaptos_hipotensao_feminino': 243 valores nulos preenchidos com 0
2025-10-30 20:28:46,971 - [INFO] - [hemoprod_al.xlsx] -   → Coluna 'total_candidatos_inaptos_hipotensao_total': 243 valores nulos preenchidos com 0
2025-10-30 20:28:46,971 - [INFO] - [hemoprod_al.xlsx] -   → Coluna 'total_candidatos_inaptos_alcoolismo_masculino': 243 valores nulos preenchidos com 0
2025-10-30 20:28:46,971 - [INFO] - [hemoprod_al.xlsx] -   → Coluna 'total_candidatos_inaptos_alcoolismo_feminino': 243 valores nulos preenchidos com 0
2025-10-30 20:28:46,971 - [INFO] - [hemoprod_al.xlsx] -   → Coluna 'total_candidatos_inaptos_alcoolismo_total': 243 valores nulos preenchidos com 0
2025-10-30 20:28:46,971 - [INFO] - [hemoprod_al.xlsx] -   → Coluna 'total_candidatos_inaptos_comportamento_risco_dst_masculino': 243 valores nulos preenchidos com 0
2025-10-30 20:28:46,972 - [INFO] - [hemoprod_al.xlsx] -   → Coluna 'total_candidatos_inaptos_comportamento_risco_dst_feminino': 243 valores nulos preenchidos com 0
2025-10-30 20:28:46,972 - [INFO] - [hemoprod_al.xlsx] -   → Coluna 'total_candidatos_inaptos_comportamento_risco_dst_total': 243 valores nulos preenchidos com 0
2025-10-30 20:28:46,972 - [INFO] - [hemoprod_al.xlsx] -   → Coluna 'total_candidatos_inaptos_uso_drogas_masculino': 243 valores nulos preenchidos com 0
2025-10-30 20:28:46,972 - [INFO] - [hemoprod_al.xlsx] -   → Coluna 'total_candidatos_inaptos_uso_drogas_feminino': 243 valores nulos preenchidos com 0
2025-10-30 20:28:46,973 - [INFO] - [hemoprod_al.xlsx] -   → Coluna 'total_candidatos_inaptos_uso_drogas_total': 243 valores nulos preenchidos com 0
2025-10-30 20:28:46,973 - [INFO] - [hemoprod_al.xlsx] -   → Coluna 'total_candidatos_inaptos_hepatite_masculino': 243 valores nulos preenchidos com 0
2025-10-30 20:28:46,973 - [INFO] - [hemoprod_al.xlsx] -   → Coluna 'total_candidatos_inaptos_hepatite_feminino': 243 valores nulos preenchidos com 0
2025-10-30 20:28:46,973 - [INFO] - [hemoprod_al.xlsx] -   → Coluna 'total_candidatos_inaptos_hepatite_total': 243 valores nulos preenchidos com 0
2025-10-30 20:28:46,973 - [INFO] - [hemoprod_al.xlsx] -   → Coluna 'total_candidatos_inaptos_doenca_chagas_masculino': 243 valores nulos preenchidos com 0
2025-10-30 20:28:46,975 - [INFO] - [hemoprod_al.xlsx] -   → Coluna 'total_candidatos_inaptos_doenca_chagas_feminino': 243 valores nulos preenchidos com 0
2025-10-30 20:28:46,975 - [INFO] - [hemoprod_al.xlsx] -   → Coluna 'total_candidatos_inaptos_doenca_chagas_total': 243 valores nulos preenchidos com 0
2025-10-30 20:28:46,975 - [INFO] - [hemoprod_al.xlsx] -   → Coluna 'total_candidatos_inaptos_malaria_masculino': 243 valores nulos preenchidos com 0
2025-10-30 20:28:46,975 - [INFO] - [hemoprod_al.xlsx] -   → Coluna 'total_candidatos_inaptos_malaria_feminino': 243 valores nulos preenchidos com 0
2025-10-30 20:28:46,975 - [INFO] - [hemoprod_al.xlsx] -   → Coluna 'total_candidatos_inaptos_malaria_total': 243 valores nulos preenchidos com 0
2025-10-30 20:28:46,976 - [INFO] - [hemoprod_al.xlsx] -   → Coluna 'total_candidatos_inaptos_outras_masculino': 243 valores nulos preenchidos com 0
2025-10-30 20:28:46,976 - [INFO] - [hemoprod_al.xlsx] -   → Coluna 'total_candidatos_inaptos_outras_feminino': 243 valores nulos preenchidos com 0
2025-10-30 20:28:46,976 - [INFO] - [hemoprod_al.xlsx] -   → Coluna 'total_candidatos_inaptos_outras_total': 243 valores nulos preenchidos com 0
2025-10-30 20:28:46,976 - [INFO] - [hemoprod_al.xlsx] -   → Coluna 'coleta_total_candidatos_desistentes': 243 valores nulos preenchidos com 0
2025-10-30 20:28:46,976 - [INFO] - [hemoprod_al.xlsx] -   → Coluna 'total_interrupcoes_coleta_dificuldade_puncao_venosa': 243 valores nulos preenchidos com 0
2025-10-30 20:28:46,976 - [INFO] - [hemoprod_al.xlsx] -   → Coluna 'total_interrupcoes_coleta_reacao_vagal': 243 valores nulos preenchidos com 0
2025-10-30 20:28:46,976 - [INFO] - [hemoprod_al.xlsx] -   → Coluna 'total_interrupcoes_coleta_outros_motivos': 243 valores nulos preenchidos com 0
2025-10-30 20:28:46,977 - [INFO] - [hemoprod_al.xlsx] -   → Coluna 'total_coletas_sangue_total': 243 valores nulos preenchidos com 0
2025-10-30 20:28:46,977 - [INFO] - [hemoprod_al.xlsx] -   → Coluna 'total_coletas_aferese': 243 valores nulos preenchidos com 0
2025-10-30 20:28:46,977 - [INFO] - [hemoprod_al.xlsx] -   → Coluna 'exames_triagem_doenca_doenca_chagas_amostras_testadas': 243 valores nulos preenchidos com 0
2025-10-30 20:28:46,977 - [INFO] - [hemoprod_al.xlsx] -   → Coluna 'exames_triagem_doenca_doenca_chagas_amostras_reagentes': 243 valores nulos preenchidos com 0
2025-10-30 20:28:46,977 - [INFO] - [hemoprod_al.xlsx] -   → Coluna 'exames_triagem_doenca_hiv_amostras_testadas': 243 valores nulos preenchidos com 0
2025-10-30 20:28:46,977 - [INFO] - [hemoprod_al.xlsx] -   → Coluna 'exames_triagem_doenca_hiv_amostras_reagentes': 243 valores nulos preenchidos com 0
2025-10-30 20:28:46,979 - [INFO] - [hemoprod_al.xlsx] -   → Coluna 'exames_triagem_doenca_sifilis_amostras_testadas': 243 valores nulos preenchidos com 0
2025-10-30 20:28:46,979 - [INFO] - [hemoprod_al.xlsx] -   → Coluna '`exames_triagem_doenca_sifilis_amostras_reagentes': 243 valores nulos preenchidos com 0
2025-10-30 20:28:46,979 - [INFO] - [hemoprod_al.xlsx] -   → Coluna 'exames_triagem_doenca_hepatite_b_hbs_ag_amostras_testadas': 243 valores nulos preenchidos com 0
2025-10-30 20:28:46,979 - [INFO] - [hemoprod_al.xlsx] -   → Coluna 'exames_triagem_doenca_hepatite_b_hbs_ag_amostras_reagentes': 243 valores nulos preenchidos com 0
2025-10-30 20:28:46,980 - [INFO] - [hemoprod_al.xlsx] -   → Coluna 'exames_triagem_doenca_hepatite_b_anti_hbc_amostras_testadas': 243 valores nulos preenchidos com 0
2025-10-30 20:28:46,980 - [INFO] - [hemoprod_al.xlsx] -   → Coluna 'exames_triagem_doenca_hepatite_b_anti_hbc_amostras_reagentes': 243 valores nulos preenchidos com 0
2025-10-30 20:28:46,980 - [INFO] - [hemoprod_al.xlsx] -   → Coluna 'exames_triagem_doenca_hepatite_c_amostras_testadas': 243 valores nulos preenchidos com 0
2025-10-30 20:28:46,980 - [INFO] - [hemoprod_al.xlsx] -   → Coluna 'exames_triagem_doenca_hepatite_c_amostras_reagentes': 243 valores nulos preenchidos com 0
2025-10-30 20:28:46,981 - [INFO] - [hemoprod_al.xlsx] -   → Coluna 'exames_triagem_doenca_htlv_i_ii_amostras_testadas': 243 valores nulos preenchidos com 0
2025-10-30 20:28:46,981 - [INFO] - [hemoprod_al.xlsx] -   → Coluna 'exames_triagem_doenca_htlv_i_ii_amostras_reagentes': 243 valores nulos preenchidos com 0
2025-10-30 20:28:46,981 - [INFO] - [hemoprod_al.xlsx] -   → Coluna 'exames_triagem_doenca_malaria_amostras_testadas': 243 valores nulos preenchidos com 0
2025-10-30 20:28:46,981 - [INFO] - [hemoprod_al.xlsx] -   → Coluna 'exames_triagem_doenca_malaria_amostras_reagentes': 243 valores nulos preenchidos com 0
2025-10-30 20:28:46,981 - [INFO] - [hemoprod_al.xlsx] -   → Coluna 'exames_triagem_doenca_hbv_teste_nat_amostras_testadas': 243 valores nulos preenchidos com 0
2025-10-30 20:28:46,981 - [INFO] - [hemoprod_al.xlsx] -   → Coluna 'exames_triagem_doenca_hbv_teste_nat_amostras_reagentes': 243 valores nulos preenchidos com 0
2025-10-30 20:28:46,981 - [INFO] - [hemoprod_al.xlsx] -   → Coluna 'exames_triagem_doenca_hcv_teste_nat_amostras_testadas': 243 valores nulos preenchidos com 0
2025-10-30 20:28:46,981 - [INFO] - [hemoprod_al.xlsx] -   → Coluna 'exames_triagem_doenca_hcv_teste_nat_amostras_reagentes': 243 valores nulos preenchidos com 0
2025-10-30 20:28:46,982 - [INFO] - [hemoprod_al.xlsx] -   → Coluna 'exames_triagem_doenca_hiv_teste_nat_amostras_testadas': 243 valores nulos preenchidos com 0
2025-10-30 20:28:46,982 - [INFO] - [hemoprod_al.xlsx] -   → Coluna 'exames_triagem_doenca_hiv_teste_nat_amostras_reagentes': 243 valores nulos preenchidos com 0
2025-10-30 20:28:46,983 - [INFO] - [hemoprod_al.xlsx] -   → Coluna 'outros_tipos_pesquisa_pesquisa_hbs_doador': 243 valores nulos preenchidos com 0
2025-10-30 20:28:46,983 - [INFO] - [hemoprod_al.xlsx] -   → Coluna 'inaptidao_triagem_laboratorial_total_bolsas_testadas': 243 valores nulos preenchidos com 0
2025-10-30 20:28:46,983 - [INFO] - [hemoprod_al.xlsx] -   → Coluna 'inaptidao_triagem_laboratorial_total_bolsas_reagentes_1_ou_mais_marcadores': 243 valores nulos preenchidos com 0
2025-10-30 20:28:46,983 - [INFO] - [hemoprod_al.xlsx] -   → Coluna 'descarte_bolsas_total_bolsas_descartadas_auto_exclusao': 243 valores nulos preenchidos com 0
2025-10-30 20:28:46,990 - [INFO] - [hemoprod_al.xlsx] -   → Coluna 'envio_plasma_producao_hemoderivados_plasma_fresco_congelado': 243 valores nulos preenchidos com 0
2025-10-30 20:28:46,990 - [INFO] - [hemoprod_al.xlsx] -   → Coluna 'envio_plasma_producao_hemoderivados_plasma_comum': 243 valores nulos preenchidos com 0
2025-10-30 20:28:46,991 - [INFO] - [hemoprod_al.xlsx] - ✓ 91 colunas Int64 preenchidas com 0
2025-10-30 20:28:46,991 - [INFO] - [hemoprod_al.xlsx] - Iniciando deduplicação...
2025-10-30 20:28:46,991 - [INFO] - [hemoprod_al.xlsx] - Convertendo 'data_envio' para datetime...
2025-10-30 20:28:47,002 - [INFO] - [hemoprod_al.xlsx] - ✓ Deduplicação concluída - Removidas 8 linhas duplicadas
2025-10-30 20:28:47,002 - [INFO] - [hemoprod_al.xlsx] - ✓ Linhas Finais: 307
2025-10-30 20:28:47,002 - [INFO] - [hemoprod_al.xlsx] - Salvando arquivo processado...
2025-10-30 20:28:47,538 - [INFO] - [hemoprod_al.xlsx] - ============================================================
2025-10-30 20:28:47,539 - [INFO] - [hemoprod_al.xlsx] - ✅ PROCESSAMENTO CONCLUÍDO COM SUCESSO
2025-10-30 20:28:47,539 - [INFO] - [hemoprod_al.xlsx] - ✅ Arquivo salvo em: D:\Documentos\STTP\hemoce\src\dados_processados\hemoprod_al.xlsx
2025-10-30 20:28:47,539 - [INFO] - [hemoprod_al.xlsx] - ============================================================
2025-10-30 20:28:47,539 - [INFO] - [hemoprod_al.xlsx] - 
