2025-10-30 20:28:50,470 - [INFO] - [hemoprod_ce.xlsx] - ============================================================
2025-10-30 20:28:50,470 - [INFO] - [hemoprod_ce.xlsx] - INICIANDO PROCESSAMENTO: CE
2025-10-30 20:28:50,470 - [INFO] - [hemoprod_ce.xlsx] - ============================================================
2025-10-30 20:28:50,471 - [INFO] - [hemoprod_ce.xlsx] - Carregando arquivo: Hemoprod_CE.xlsx
2025-10-30 20:28:50,471 - [INFO] - [hemoprod_ce.xlsx] - Planilha: Planilha1
2025-10-30 20:28:50,797 - [INFO] - [hemoprod_ce.xlsx] - ✓ Colunas Originais: 269
2025-10-30 20:28:50,797 - [INFO] - [hemoprod_ce.xlsx] - ✓ Linhas Originais: 228
2025-10-30 20:28:50,797 - [INFO] - [hemoprod_ce.xlsx] - Iniciando limpeza e renomeação de colunas...
2025-10-30 20:28:50,798 - [INFO] - [hemoprod_ce.xlsx] - ✓ Colunas limpas e renomeadas
2025-10-30 20:28:50,798 - [INFO] - [hemoprod_ce.xlsx] - Normalizando período e ano de referência...
2025-10-30 20:28:50,798 - [INFO] - [hemoprod_ce.xlsx] - ✓ Nenhum registro necessitou normalização de período/ano
2025-10-30 20:28:50,798 - [INFO] - [hemoprod_ce.xlsx] - ✓ Período/Ano normalizado
2025-10-30 20:28:50,799 - [INFO] - [hemoprod_ce.xlsx] - Normalizando município e estado...
2025-10-30 20:28:50,799 - [INFO] - [hemoprod_ce.xlsx] - Coluna 'estado' não existe. Criando...
2025-10-30 20:28:50,801 - [INFO] - [hemoprod_ce.xlsx] - ✓ Normalizados 67 registros com estado no município
2025-10-30 20:28:50,801 - [INFO] - [hemoprod_ce.xlsx] - ✓ Município/Estado normalizado
2025-10-30 20:28:50,801 - [INFO] - [hemoprod_ce.xlsx] - Aplicando tipos de dados...
2025-10-30 20:28:50,856 - [INFO] - [hemoprod_ce.xlsx] - ✓ Tipos aplicados
2025-10-30 20:28:50,856 - [INFO] - [hemoprod_ce.xlsx] - ✓ Colunas Faltantes: 1
2025-10-30 20:28:50,856 - [INFO] - [hemoprod_ce.xlsx] -   → ['estado']
2025-10-30 20:28:50,856 - [INFO] - [hemoprod_ce.xlsx] - ✓ Colunas A Mais: 0
2025-10-30 20:28:50,856 - [INFO] - [hemoprod_ce.xlsx] - Padronizando schema...
2025-10-30 20:28:50,856 - [INFO] - [hemoprod_ce.xlsx] - Coluna 'estado' já existe, mantendo valores atuais
2025-10-30 20:28:50,859 - [INFO] - [hemoprod_ce.xlsx] - ✓ Schema padronizado - Colunas Finais: 270
2025-10-30 20:28:50,859 - [INFO] - [hemoprod_ce.xlsx] - Preenchendo valores nulos em colunas Int64 com 0...
2025-10-30 20:28:50,859 - [INFO] - [hemoprod_ce.xlsx] -   → Coluna 'id': 161 valores nulos preenchidos com 0
2025-10-30 20:28:50,860 - [INFO] - [hemoprod_ce.xlsx] -   → Coluna 'ultima_pagina': 161 valores nulos preenchidos com 0
2025-10-30 20:28:50,860 - [INFO] - [hemoprod_ce.xlsx] -   → Coluna 'semente': 163 valores nulos preenchidos com 0
2025-10-30 20:28:50,860 - [INFO] - [hemoprod_ce.xlsx] -   → Coluna 'identificacao_dado': 228 valores nulos preenchidos com 0
2025-10-30 20:28:50,860 - [INFO] - [hemoprod_ce.xlsx] -   → Coluna 'ano_referencia': 161 valores nulos preenchidos com 0
2025-10-30 20:28:50,860 - [INFO] - [hemoprod_ce.xlsx] -   → Coluna 'identificacao_estabelecimento': 228 valores nulos preenchidos com 0
2025-10-30 20:28:50,861 - [INFO] - [hemoprod_ce.xlsx] -   → Coluna 'cnpj': 161 valores nulos preenchidos com 0
2025-10-30 20:28:50,861 - [INFO] - [hemoprod_ce.xlsx] -   → Coluna 'cnes': 228 valores nulos preenchidos com 0
2025-10-30 20:28:50,861 - [INFO] - [hemoprod_ce.xlsx] -   → Coluna 'endereco': 228 valores nulos preenchidos com 0
2025-10-30 20:28:50,861 - [INFO] - [hemoprod_ce.xlsx] -   → Coluna 'triagem_clinica_total_doacao_espontanea_aptos': 163 valores nulos preenchidos com 0
2025-10-30 20:28:50,861 - [INFO] - [hemoprod_ce.xlsx] -   → Coluna 'triagem_clinica_total_doacao_espontanea_inaptos': 163 valores nulos preenchidos com 0
2025-10-30 20:28:50,861 - [INFO] - [hemoprod_ce.xlsx] -   → Coluna 'triagem_clinica_total_doacao_reposicao_aptos': 163 valores nulos preenchidos com 0
2025-10-30 20:28:50,861 - [INFO] - [hemoprod_ce.xlsx] -   → Coluna 'triagem_clinica_total_doacao_reposicao_inaptos': 163 valores nulos preenchidos com 0
2025-10-30 20:28:50,861 - [INFO] - [hemoprod_ce.xlsx] -   → Coluna 'triagem_clinica_total_doacao_autologa_aptos': 163 valores nulos preenchidos com 0
2025-10-30 20:28:50,861 - [INFO] - [hemoprod_ce.xlsx] -   → Coluna 'triagem_clinica_total_doacao_autologa_inaptos': 163 valores nulos preenchidos com 0
2025-10-30 20:28:50,862 - [INFO] - [hemoprod_ce.xlsx] -   → Coluna 'total_doador_primeira_vez_aptos': 163 valores nulos preenchidos com 0
2025-10-30 20:28:50,862 - [INFO] - [hemoprod_ce.xlsx] -   → Coluna 'total_doador_primeira_vez_inaptos': 163 valores nulos preenchidos com 0
2025-10-30 20:28:50,863 - [INFO] - [hemoprod_ce.xlsx] -   → Coluna 'total_doador_repeticao_aptos': 163 valores nulos preenchidos com 0
2025-10-30 20:28:50,863 - [INFO] - [hemoprod_ce.xlsx] -   → Coluna 'total_doador_repeticao_inaptos': 163 valores nulos preenchidos com 0
2025-10-30 20:28:50,863 - [INFO] - [hemoprod_ce.xlsx] -   → Coluna 'total_doador_esporadico_aptos': 163 valores nulos preenchidos com 0
2025-10-30 20:28:50,863 - [INFO] - [hemoprod_ce.xlsx] -   → Coluna 'total_doador_esporadico_inaptos': 163 valores nulos preenchidos com 0
2025-10-30 20:28:50,863 - [INFO] - [hemoprod_ce.xlsx] -   → Coluna 'total_doador_masculino_aptos': 163 valores nulos preenchidos com 0
2025-10-30 20:28:50,863 - [INFO] - [hemoprod_ce.xlsx] -   → Coluna 'total_doador_masculino_inaptos': 163 valores nulos preenchidos com 0
2025-10-30 20:28:50,863 - [INFO] - [hemoprod_ce.xlsx] -   → Coluna 'total_doador_feminino_aptos': 163 valores nulos preenchidos com 0
2025-10-30 20:28:50,865 - [INFO] - [hemoprod_ce.xlsx] -   → Coluna 'total_doador_feminino_inaptos': 163 valores nulos preenchidos com 0
2025-10-30 20:28:50,865 - [INFO] - [hemoprod_ce.xlsx] -   → Coluna 'total_doador_menor_de_18_anos_aptos': 163 valores nulos preenchidos com 0
2025-10-30 20:28:50,865 - [INFO] - [hemoprod_ce.xlsx] -   → Coluna 'total_doador_menor_de_18_anos_inaptos': 163 valores nulos preenchidos com 0
2025-10-30 20:28:50,865 - [INFO] - [hemoprod_ce.xlsx] -   → Coluna 'total_doador_18_ate_29_anos_aptos': 163 valores nulos preenchidos com 0
2025-10-30 20:28:50,865 - [INFO] - [hemoprod_ce.xlsx] -   → Coluna 'total_doador_18_ate_29_anos_inaptos': 163 valores nulos preenchidos com 0
2025-10-30 20:28:50,866 - [INFO] - [hemoprod_ce.xlsx] -   → Coluna 'total_doador_acima_de_29_anos_aptos': 163 valores nulos preenchidos com 0
2025-10-30 20:28:50,866 - [INFO] - [hemoprod_ce.xlsx] -   → Coluna 'total_doador_acima_de_29_anos_inaptos': 163 valores nulos preenchidos com 0
2025-10-30 20:28:50,866 - [INFO] - [hemoprod_ce.xlsx] -   → Coluna 'total_candidatos_inaptos_anemia_masculino': 163 valores nulos preenchidos com 0
2025-10-30 20:28:50,866 - [INFO] - [hemoprod_ce.xlsx] -   → Coluna 'total_candidatos_inaptos_anemia_feminino': 163 valores nulos preenchidos com 0
2025-10-30 20:28:50,866 - [INFO] - [hemoprod_ce.xlsx] -   → Coluna 'total_candidatos_inaptos_anemia_total': 163 valores nulos preenchidos com 0
2025-10-30 20:28:50,866 - [INFO] - [hemoprod_ce.xlsx] -   → Coluna 'total_candidatos_inaptos_hipertensao_masculino': 163 valores nulos preenchidos com 0
2025-10-30 20:28:50,866 - [INFO] - [hemoprod_ce.xlsx] -   → Coluna 'total_candidatos_inaptos_hipertensao_feminino': 163 valores nulos preenchidos com 0
2025-10-30 20:28:50,867 - [INFO] - [hemoprod_ce.xlsx] -   → Coluna 'total_candidatos_inaptos_hipertensao_total': 163 valores nulos preenchidos com 0
2025-10-30 20:28:50,867 - [INFO] - [hemoprod_ce.xlsx] -   → Coluna 'total_candidatos_inaptos_hipotensao_masculino': 163 valores nulos preenchidos com 0
2025-10-30 20:28:50,867 - [INFO] - [hemoprod_ce.xlsx] -   → Coluna 'total_candidatos_inaptos_hipotensao_feminino': 163 valores nulos preenchidos com 0
2025-10-30 20:28:50,867 - [INFO] - [hemoprod_ce.xlsx] -   → Coluna 'total_candidatos_inaptos_hipotensao_total': 163 valores nulos preenchidos com 0
2025-10-30 20:28:50,867 - [INFO] - [hemoprod_ce.xlsx] -   → Coluna 'total_candidatos_inaptos_alcoolismo_masculino': 163 valores nulos preenchidos com 0
2025-10-30 20:28:50,867 - [INFO] - [hemoprod_ce.xlsx] -   → Coluna 'total_candidatos_inaptos_alcoolismo_feminino': 163 valores nulos preenchidos com 0
2025-10-30 20:28:50,868 - [INFO] - [hemoprod_ce.xlsx] -   → Coluna 'total_candidatos_inaptos_alcoolismo_total': 163 valores nulos preenchidos com 0
2025-10-30 20:28:50,868 - [INFO] - [hemoprod_ce.xlsx] -   → Coluna 'total_candidatos_inaptos_comportamento_risco_dst_masculino': 163 valores nulos preenchidos com 0
2025-10-30 20:28:50,868 - [INFO] - [hemoprod_ce.xlsx] -   → Coluna 'total_candidatos_inaptos_comportamento_risco_dst_feminino': 163 valores nulos preenchidos com 0
2025-10-30 20:28:50,868 - [INFO] - [hemoprod_ce.xlsx] -   → Coluna 'total_candidatos_inaptos_comportamento_risco_dst_total': 163 valores nulos preenchidos com 0
2025-10-30 20:28:50,868 - [INFO] - [hemoprod_ce.xlsx] -   → Coluna 'total_candidatos_inaptos_uso_drogas_masculino': 163 valores nulos preenchidos com 0
2025-10-30 20:28:50,868 - [INFO] - [hemoprod_ce.xlsx] -   → Coluna 'total_candidatos_inaptos_uso_drogas_feminino': 163 valores nulos preenchidos com 0
2025-10-30 20:28:50,869 - [INFO] - [hemoprod_ce.xlsx] -   → Coluna 'total_candidatos_inaptos_uso_drogas_total': 163 valores nulos preenchidos com 0
2025-10-30 20:28:50,869 - [INFO] - [hemoprod_ce.xlsx] -   → Coluna 'total_candidatos_inaptos_hepatite_masculino': 163 valores nulos preenchidos com 0
2025-10-30 20:28:50,869 - [INFO] - [hemoprod_ce.xlsx] -   → Coluna 'total_candidatos_inaptos_hepatite_feminino': 163 valores nulos preenchidos com 0
2025-10-30 20:28:50,869 - [INFO] - [hemoprod_ce.xlsx] -   → Coluna 'total_candidatos_inaptos_hepatite_total': 163 valores nulos preenchidos com 0
2025-10-30 20:28:50,869 - [INFO] - [hemoprod_ce.xlsx] -   → Coluna 'total_candidatos_inaptos_doenca_chagas_masculino': 163 valores nulos preenchidos com 0
2025-10-30 20:28:50,870 - [INFO] - [hemoprod_ce.xlsx] -   → Coluna 'total_candidatos_inaptos_doenca_chagas_feminino': 163 valores nulos preenchidos com 0
2025-10-30 20:28:50,870 - [INFO] - [hemoprod_ce.xlsx] -   → Coluna 'total_candidatos_inaptos_doenca_chagas_total': 163 valores nulos preenchidos com 0
2025-10-30 20:28:50,870 - [INFO] - [hemoprod_ce.xlsx] -   → Coluna 'total_candidatos_inaptos_malaria_masculino': 163 valores nulos preenchidos com 0
2025-10-30 20:28:50,870 - [INFO] - [hemoprod_ce.xlsx] -   → Coluna 'total_candidatos_inaptos_malaria_feminino': 163 valores nulos preenchidos com 0
2025-10-30 20:28:50,871 - [INFO] - [hemoprod_ce.xlsx] -   → Coluna 'total_candidatos_inaptos_malaria_total': 163 valores nulos preenchidos com 0
2025-10-30 20:28:50,871 - [INFO] - [hemoprod_ce.xlsx] -   → Coluna 'total_candidatos_inaptos_outras_masculino': 163 valores nulos preenchidos com 0
2025-10-30 20:28:50,871 - [INFO] - [hemoprod_ce.xlsx] -   → Coluna 'total_candidatos_inaptos_outras_feminino': 163 valores nulos preenchidos com 0
2025-10-30 20:28:50,871 - [INFO] - [hemoprod_ce.xlsx] -   → Coluna 'total_candidatos_inaptos_outras_total': 163 valores nulos preenchidos com 0
2025-10-30 20:28:50,871 - [INFO] - [hemoprod_ce.xlsx] -   → Coluna 'coleta_total_candidatos_desistentes': 163 valores nulos preenchidos com 0
2025-10-30 20:28:50,872 - [INFO] - [hemoprod_ce.xlsx] -   → Coluna 'total_interrupcoes_coleta_dificuldade_puncao_venosa': 163 valores nulos preenchidos com 0
2025-10-30 20:28:50,872 - [INFO] - [hemoprod_ce.xlsx] -   → Coluna 'total_interrupcoes_coleta_reacao_vagal': 163 valores nulos preenchidos com 0
2025-10-30 20:28:50,872 - [INFO] - [hemoprod_ce.xlsx] -   → Coluna 'total_interrupcoes_coleta_outros_motivos': 163 valores nulos preenchidos com 0
2025-10-30 20:28:50,872 - [INFO] - [hemoprod_ce.xlsx] -   → Coluna 'total_coletas_sangue_total': 163 valores nulos preenchidos com 0
2025-10-30 20:28:50,872 - [INFO] - [hemoprod_ce.xlsx] -   → Coluna 'total_coletas_aferese': 163 valores nulos preenchidos com 0
2025-10-30 20:28:50,872 - [INFO] - [hemoprod_ce.xlsx] -   → Coluna 'exames_triagem_doenca_doenca_chagas_amostras_testadas': 163 valores nulos preenchidos com 0
2025-10-30 20:28:50,873 - [INFO] - [hemoprod_ce.xlsx] -   → Coluna 'exames_triagem_doenca_doenca_chagas_amostras_reagentes': 163 valores nulos preenchidos com 0
2025-10-30 20:28:50,873 - [INFO] - [hemoprod_ce.xlsx] -   → Coluna 'exames_triagem_doenca_hiv_amostras_testadas': 163 valores nulos preenchidos com 0
2025-10-30 20:28:50,873 - [INFO] - [hemoprod_ce.xlsx] -   → Coluna 'exames_triagem_doenca_hiv_amostras_reagentes': 163 valores nulos preenchidos com 0
2025-10-30 20:28:50,873 - [INFO] - [hemoprod_ce.xlsx] -   → Coluna 'exames_triagem_doenca_sifilis_amostras_testadas': 163 valores nulos preenchidos com 0
2025-10-30 20:28:50,873 - [INFO] - [hemoprod_ce.xlsx] -   → Coluna '`exames_triagem_doenca_sifilis_amostras_reagentes': 163 valores nulos preenchidos com 0
2025-10-30 20:28:50,873 - [INFO] - [hemoprod_ce.xlsx] -   → Coluna 'exames_triagem_doenca_hepatite_b_hbs_ag_amostras_testadas': 163 valores nulos preenchidos com 0
2025-10-30 20:28:50,873 - [INFO] - [hemoprod_ce.xlsx] -   → Coluna 'exames_triagem_doenca_hepatite_b_hbs_ag_amostras_reagentes': 163 valores nulos preenchidos com 0
2025-10-30 20:28:50,875 - [INFO] - [hemoprod_ce.xlsx] -   → Coluna 'exames_triagem_doenca_hepatite_b_anti_hbc_amostras_testadas': 163 valores nulos preenchidos com 0
2025-10-30 20:28:50,875 - [INFO] - [hemoprod_ce.xlsx] -   → Coluna 'exames_triagem_doenca_hepatite_b_anti_hbc_amostras_reagentes': 163 valores nulos preenchidos com 0
2025-10-30 20:28:50,875 - [INFO] - [hemoprod_ce.xlsx] -   → Coluna 'exames_triagem_doenca_hepatite_c_amostras_testadas': 163 valores nulos preenchidos com 0
2025-10-30 20:28:50,876 - [INFO] - [hemoprod_ce.xlsx] -   → Coluna 'exames_triagem_doenca_hepatite_c_amostras_reagentes': 163 valores nulos preenchidos com 0
2025-10-30 20:28:50,876 - [INFO] - [hemoprod_ce.xlsx] -   → Coluna 'exames_triagem_doenca_htlv_i_ii_amostras_testadas': 163 valores nulos preenchidos com 0
2025-10-30 20:28:50,876 - [INFO] - [hemoprod_ce.xlsx] -   → Coluna 'exames_triagem_doenca_htlv_i_ii_amostras_reagentes': 163 valores nulos preenchidos com 0
2025-10-30 20:28:50,876 - [INFO] - [hemoprod_ce.xlsx] -   → Coluna 'exames_triagem_doenca_malaria_amostras_testadas': 163 valores nulos preenchidos com 0
2025-10-30 20:28:50,877 - [INFO] - [hemoprod_ce.xlsx] -   → Coluna 'exames_triagem_doenca_malaria_amostras_reagentes': 163 valores nulos preenchidos com 0
2025-10-30 20:28:50,877 - [INFO] - [hemoprod_ce.xlsx] -   → Coluna 'exames_triagem_doenca_hbv_teste_nat_amostras_testadas': 163 valores nulos preenchidos com 0
2025-10-30 20:28:50,877 - [INFO] - [hemoprod_ce.xlsx] -   → Coluna 'exames_triagem_doenca_hbv_teste_nat_amostras_reagentes': 163 valores nulos preenchidos com 0
2025-10-30 20:28:50,877 - [INFO] - [hemoprod_ce.xlsx] -   → Coluna 'exames_triagem_doenca_hcv_teste_nat_amostras_testadas': 163 valores nulos preenchidos com 0
2025-10-30 20:28:50,877 - [INFO] - [hemoprod_ce.xlsx] -   → Coluna 'exames_triagem_doenca_hcv_teste_nat_amostras_reagentes': 163 valores nulos preenchidos com 0
2025-10-30 20:28:50,877 - [INFO] - [hemoprod_ce.xlsx] -   → Coluna 'exames_triagem_doenca_hiv_teste_nat_amostras_testadas': 163 valores nulos preenchidos com 0
2025-10-30 20:28:50,878 - [INFO] - [hemoprod_ce.xlsx] -   → Coluna 'exames_triagem_doenca_hiv_teste_nat_amostras_reagentes': 163 valores nulos preenchidos com 0
2025-10-30 20:28:50,878 - [INFO] - [hemoprod_ce.xlsx] -   → Coluna 'imunohematologia_a_positivo_doador': 161 valores nulos preenchidos com 0
2025-10-30 20:28:50,878 - [INFO] - [hemoprod_ce.xlsx] -   → Coluna 'imunohematologia_a_positivo_receptor': 161 valores nulos preenchidos com 0
2025-10-30 20:28:50,878 - [INFO] - [hemoprod_ce.xlsx] -   → Coluna 'imunohematologia_b_positivo_doador': 161 valores nulos preenchidos com 0
2025-10-30 20:28:50,878 - [INFO] - [hemoprod_ce.xlsx] -   → Coluna 'imunohematologia_b_positivo_receptor': 161 valores nulos preenchidos com 0
2025-10-30 20:28:50,878 - [INFO] - [hemoprod_ce.xlsx] -   → Coluna 'imunohematologia_ab_positivo_doador': 161 valores nulos preenchidos com 0
2025-10-30 20:28:50,879 - [INFO] - [hemoprod_ce.xlsx] -   → Coluna 'imunohematologia_ab_positivo_receptor': 161 valores nulos preenchidos com 0
2025-10-30 20:28:50,879 - [INFO] - [hemoprod_ce.xlsx] -   → Coluna 'imunohematologia_o_positivo_doador': 161 valores nulos preenchidos com 0
2025-10-30 20:28:50,879 - [INFO] - [hemoprod_ce.xlsx] -   → Coluna 'imunohematologia_o_positivo_receptor': 161 valores nulos preenchidos com 0
2025-10-30 20:28:50,879 - [INFO] - [hemoprod_ce.xlsx] -   → Coluna 'imunohematologia_a_negativo_doador': 161 valores nulos preenchidos com 0
2025-10-30 20:28:50,879 - [INFO] - [hemoprod_ce.xlsx] -   → Coluna 'imunohematologia_a_negativo_receptor': 161 valores nulos preenchidos com 0
2025-10-30 20:28:50,879 - [INFO] - [hemoprod_ce.xlsx] -   → Coluna 'imunohematologia_b_negativo_doador': 161 valores nulos preenchidos com 0
2025-10-30 20:28:50,880 - [INFO] - [hemoprod_ce.xlsx] -   → Coluna 'imunohematologia_b_negativo_receptor': 161 valores nulos preenchidos com 0
2025-10-30 20:28:50,880 - [INFO] - [hemoprod_ce.xlsx] -   → Coluna 'imunohematologia_ab_negativo_doador': 161 valores nulos preenchidos com 0
2025-10-30 20:28:50,880 - [INFO] - [hemoprod_ce.xlsx] -   → Coluna 'imunohematologia_ab_negativo_receptor': 161 valores nulos preenchidos com 0
2025-10-30 20:28:50,880 - [INFO] - [hemoprod_ce.xlsx] -   → Coluna 'imunohematologia_o_negativo_doador': 161 valores nulos preenchidos com 0
2025-10-30 20:28:50,880 - [INFO] - [hemoprod_ce.xlsx] -   → Coluna 'imunohematologia_o_negativo_receptor': 161 valores nulos preenchidos com 0
2025-10-30 20:28:50,880 - [INFO] - [hemoprod_ce.xlsx] -   → Coluna 'imunohematologia_dfraco_doador': 161 valores nulos preenchidos com 0
2025-10-30 20:28:50,880 - [INFO] - [hemoprod_ce.xlsx] -   → Coluna 'imunohematologia_dfraco_receptor': 161 valores nulos preenchidos com 0
2025-10-30 20:28:50,881 - [INFO] - [hemoprod_ce.xlsx] -   → Coluna 'imunohematologia_pesquisa_anticorpo_irregular_positivo_doador': 161 valores nulos preenchidos com 0
2025-10-30 20:28:50,881 - [INFO] - [hemoprod_ce.xlsx] -   → Coluna 'imunohematologia_pesquisa_anticorpo_irregular_positivo_receptor': 161 valores nulos preenchidos com 0
2025-10-30 20:28:50,881 - [INFO] - [hemoprod_ce.xlsx] -   → Coluna 'imunohematologia_fenotipagem_doador': 161 valores nulos preenchidos com 0
2025-10-30 20:28:50,881 - [INFO] - [hemoprod_ce.xlsx] -   → Coluna 'imunohematologia_fenotipagem_receptor': 161 valores nulos preenchidos com 0
2025-10-30 20:28:50,882 - [INFO] - [hemoprod_ce.xlsx] -   → Coluna 'imunohematologia_combs_direto_doador': 161 valores nulos preenchidos com 0
2025-10-30 20:28:50,882 - [INFO] - [hemoprod_ce.xlsx] -   → Coluna 'imunohematologia_combs_direto_receptor': 161 valores nulos preenchidos com 0
2025-10-30 20:28:50,882 - [INFO] - [hemoprod_ce.xlsx] -   → Coluna 'outros_tipos_pesquisa_pesquisa_hbs_doador': 163 valores nulos preenchidos com 0
2025-10-30 20:28:50,882 - [INFO] - [hemoprod_ce.xlsx] -   → Coluna 'inaptidao_triagem_laboratorial_total_bolsas_testadas': 163 valores nulos preenchidos com 0
2025-10-30 20:28:50,883 - [INFO] - [hemoprod_ce.xlsx] -   → Coluna 'inaptidao_triagem_laboratorial_total_bolsas_reagentes_1_ou_mais_marcadores': 163 valores nulos preenchidos com 0
2025-10-30 20:28:50,883 - [INFO] - [hemoprod_ce.xlsx] -   → Coluna 'descarte_bolsas_total_bolsas_descartadas_auto_exclusao': 163 valores nulos preenchidos com 0
2025-10-30 20:28:50,883 - [INFO] - [hemoprod_ce.xlsx] -   → Coluna 'producao_hemoterapica_entradas_sangue_total_produzidas': 161 valores nulos preenchidos com 0
2025-10-30 20:28:50,883 - [INFO] - [hemoprod_ce.xlsx] -   → Coluna 'producao_hemoterapica_entradas_sangue_total_recebidas': 161 valores nulos preenchidos com 0
2025-10-30 20:28:50,883 - [INFO] - [hemoprod_ce.xlsx] -   → Coluna 'producao_hemoterapica_entradas_sangue_total_devolvidas': 161 valores nulos preenchidos com 0
2025-10-30 20:28:50,884 - [INFO] - [hemoprod_ce.xlsx] -   → Coluna 'producao_hemoterapica_entradas_plasma_fresco_congelado_produzidas': 161 valores nulos preenchidos com 0
2025-10-30 20:28:50,884 - [INFO] - [hemoprod_ce.xlsx] -   → Coluna 'producao_hemoterapica_entradas_plasma_fresco_congelado_recebidas': 161 valores nulos preenchidos com 0
2025-10-30 20:28:50,884 - [INFO] - [hemoprod_ce.xlsx] -   → Coluna 'producao_hemoterapica_entradas_plasma_fresco_congelado_devolvidas': 161 valores nulos preenchidos com 0
2025-10-30 20:28:50,884 - [INFO] - [hemoprod_ce.xlsx] -   → Coluna 'producao_hemoterapica_entradas_plasma_comum_produzidas': 161 valores nulos preenchidos com 0
2025-10-30 20:28:50,884 - [INFO] - [hemoprod_ce.xlsx] -   → Coluna 'producao_hemoterapica_entradas_plasma_comum_recebidas': 161 valores nulos preenchidos com 0
2025-10-30 20:28:50,884 - [INFO] - [hemoprod_ce.xlsx] -   → Coluna 'producao_hemoterapica_entradas_plasma_comum_devolvidas': 161 valores nulos preenchidos com 0
2025-10-30 20:28:50,884 - [INFO] - [hemoprod_ce.xlsx] -   → Coluna 'producao_hemoterapica_entradas_concentrado_hemacias_produzidas': 161 valores nulos preenchidos com 0
2025-10-30 20:28:50,885 - [INFO] - [hemoprod_ce.xlsx] -   → Coluna 'producao_hemoterapica_entradas_concentrado_hemacias_recebidas': 161 valores nulos preenchidos com 0
2025-10-30 20:28:50,885 - [INFO] - [hemoprod_ce.xlsx] -   → Coluna 'producao_hemoterapica_entradas_concentrado_hemacias_devolvidas': 161 valores nulos preenchidos com 0
2025-10-30 20:28:50,885 - [INFO] - [hemoprod_ce.xlsx] -   → Coluna 'producao_hemoterapica_entradas_concentrado_hemacias_sem_buffy_coat_produzidas': 161 valores nulos preenchidos com 0
2025-10-30 20:28:50,885 - [INFO] - [hemoprod_ce.xlsx] -   → Coluna 'producao_hemoterapica_entradas_concentrado_hemacias_sem_buffy_coat_recebidas': 161 valores nulos preenchidos com 0
2025-10-30 20:28:50,885 - [INFO] - [hemoprod_ce.xlsx] -   → Coluna 'producao_hemoterapica_entradas_concentrado_hemacias_sem_buffy_coat_devolvidas': 161 valores nulos preenchidos com 0
2025-10-30 20:28:50,885 - [INFO] - [hemoprod_ce.xlsx] -   → Coluna 'producao_hemoterapica_entradas_concentrado_plaquetas_produzidas': 161 valores nulos preenchidos com 0
2025-10-30 20:28:50,886 - [INFO] - [hemoprod_ce.xlsx] -   → Coluna 'producao_hemoterapica_entradas_concentrado_plaquetas_recebidas': 161 valores nulos preenchidos com 0
2025-10-30 20:28:50,887 - [INFO] - [hemoprod_ce.xlsx] -   → Coluna 'producao_hemoterapica_entradas_concentrado_plaquetas_devolvidas': 161 valores nulos preenchidos com 0
2025-10-30 20:28:50,887 - [INFO] - [hemoprod_ce.xlsx] -   → Coluna 'producao_hemoterapica_entradas_concentrado_plaquetas_aferese_produzidas': 161 valores nulos preenchidos com 0
2025-10-30 20:28:50,887 - [INFO] - [hemoprod_ce.xlsx] -   → Coluna 'producao_hemoterapica_entradas_concentrado_plaquetas_aferese_recebidas': 161 valores nulos preenchidos com 0
2025-10-30 20:28:50,887 - [INFO] - [hemoprod_ce.xlsx] -   → Coluna 'producao_hemoterapica_entradas_concentrado_plaquetas_aferese_devolvidas': 161 valores nulos preenchidos com 0
2025-10-30 20:28:50,888 - [INFO] - [hemoprod_ce.xlsx] -   → Coluna 'producao_hemoterapica_entradas_concentrado_leucocitos_produzidas': 161 valores nulos preenchidos com 0
2025-10-30 20:28:50,888 - [INFO] - [hemoprod_ce.xlsx] -   → Coluna 'producao_hemoterapica_entradas_concentrado_leucocitos_recebidas': 161 valores nulos preenchidos com 0
2025-10-30 20:28:50,888 - [INFO] - [hemoprod_ce.xlsx] -   → Coluna 'producao_hemoterapica_entradas_concentrado_leucocitos_devolvidas': 161 valores nulos preenchidos com 0
2025-10-30 20:28:50,888 - [INFO] - [hemoprod_ce.xlsx] -   → Coluna 'producao_hemoterapica_entradas_crioprecipitado_produzidas': 161 valores nulos preenchidos com 0
2025-10-30 20:28:50,889 - [INFO] - [hemoprod_ce.xlsx] -   → Coluna 'producao_hemoterapica_entradas_crioprecipitado_recebidas': 161 valores nulos preenchidos com 0
2025-10-30 20:28:50,889 - [INFO] - [hemoprod_ce.xlsx] -   → Coluna 'producao_hemoterapica_entradas_crioprecipitado_devolvidas': 161 valores nulos preenchidos com 0
2025-10-30 20:28:50,889 - [INFO] - [hemoprod_ce.xlsx] -   → Coluna 'producao_hemoterapica_entradas_concentrado_de_plaquetas_sem_buffy_coat_produzidas': 161 valores nulos preenchidos com 0
2025-10-30 20:28:50,889 - [INFO] - [hemoprod_ce.xlsx] -   → Coluna 'producao_hemoterapica_entradas_concentrado_de_plaquetas_sem_buffy_coat_recebidas': 161 valores nulos preenchidos com 0
2025-10-30 20:28:50,889 - [INFO] - [hemoprod_ce.xlsx] -   → Coluna 'producao_hemoterapica_entradas_concentrado_de_plaquetas_sem_buffy_coat_devolvidas': 161 valores nulos preenchidos com 0
2025-10-30 20:28:50,890 - [INFO] - [hemoprod_ce.xlsx] -   → Coluna 'perdas_sangue_total_rompimento_de_bolsa': 161 valores nulos preenchidos com 0
2025-10-30 20:28:50,890 - [INFO] - [hemoprod_ce.xlsx] -   → Coluna 'perdas_sangue_total_validade': 161 valores nulos preenchidos com 0
2025-10-30 20:28:50,890 - [INFO] - [hemoprod_ce.xlsx] -   → Coluna 'perdas_sangue_total_outros_motivos': 161 valores nulos preenchidos com 0
2025-10-30 20:28:50,890 - [INFO] - [hemoprod_ce.xlsx] -   → Coluna 'perdas_plasma_fresco_congelado_rompimento_de_bolsa': 161 valores nulos preenchidos com 0
2025-10-30 20:28:50,890 - [INFO] - [hemoprod_ce.xlsx] -   → Coluna 'perdas_plasma_fresco_congelado_validade': 161 valores nulos preenchidos com 0
2025-10-30 20:28:50,890 - [INFO] - [hemoprod_ce.xlsx] -   → Coluna 'perdas_plasma_fresco_congelado_outros_motivos': 161 valores nulos preenchidos com 0
2025-10-30 20:28:50,891 - [INFO] - [hemoprod_ce.xlsx] -   → Coluna 'perdas_plasma_comum_rompimento_de_bolsa': 161 valores nulos preenchidos com 0
2025-10-30 20:28:50,891 - [INFO] - [hemoprod_ce.xlsx] -   → Coluna 'perdas_plasma_comum_validade': 161 valores nulos preenchidos com 0
2025-10-30 20:28:50,891 - [INFO] - [hemoprod_ce.xlsx] -   → Coluna 'perdas_plasma_comum_outros_motivos': 161 valores nulos preenchidos com 0
2025-10-30 20:28:50,891 - [INFO] - [hemoprod_ce.xlsx] -   → Coluna 'perdas_concentrado_de_hemacias_rompimento_de_bolsa': 161 valores nulos preenchidos com 0
2025-10-30 20:28:50,891 - [INFO] - [hemoprod_ce.xlsx] -   → Coluna 'perdas_concentrado_de_hemacias_validade': 161 valores nulos preenchidos com 0
2025-10-30 20:28:50,891 - [INFO] - [hemoprod_ce.xlsx] -   → Coluna 'perdas_concentrado_de_hemacias_outros_motivos': 161 valores nulos preenchidos com 0
2025-10-30 20:28:50,891 - [INFO] - [hemoprod_ce.xlsx] -   → Coluna 'perdas_concentrado_de_hemacias_sem_buffy_coat_rompimento_de_bolsa': 161 valores nulos preenchidos com 0
2025-10-30 20:28:50,891 - [INFO] - [hemoprod_ce.xlsx] -   → Coluna 'perdas_concentrado_de_hemacias_sem_buffy_coat_validade': 161 valores nulos preenchidos com 0
2025-10-30 20:28:50,893 - [INFO] - [hemoprod_ce.xlsx] -   → Coluna 'perdas_concentrado_de_hemacias_sem_buffy_coat_outros_motivos': 161 valores nulos preenchidos com 0
2025-10-30 20:28:50,893 - [INFO] - [hemoprod_ce.xlsx] -   → Coluna 'perdas_concentrado_de_plaquetas_rompimento_de_bolsa': 161 valores nulos preenchidos com 0
2025-10-30 20:28:50,893 - [INFO] - [hemoprod_ce.xlsx] -   → Coluna 'perdas_concentrado_de_plaquetas_validade': 161 valores nulos preenchidos com 0
2025-10-30 20:28:50,894 - [INFO] - [hemoprod_ce.xlsx] -   → Coluna 'perdas_concentrado_de_plaquetas_outros_motivos': 161 valores nulos preenchidos com 0
2025-10-30 20:28:50,894 - [INFO] - [hemoprod_ce.xlsx] -   → Coluna 'perdas_concentrado_de_plaquetas_de_aferese_rompimento_de_bolsa': 161 valores nulos preenchidos com 0
2025-10-30 20:28:50,895 - [INFO] - [hemoprod_ce.xlsx] -   → Coluna 'perdas_concentrado_de_plaquetas_de_aferese_validade': 161 valores nulos preenchidos com 0
2025-10-30 20:28:50,895 - [INFO] - [hemoprod_ce.xlsx] -   → Coluna 'perdas_concentrado_de_plaquetas_de_aferese_outros_motivos': 161 valores nulos preenchidos com 0
2025-10-30 20:28:50,895 - [INFO] - [hemoprod_ce.xlsx] -   → Coluna 'perdas_concentrado_de_leucocitos_rompimento_de_bolsa': 161 valores nulos preenchidos com 0
2025-10-30 20:28:50,895 - [INFO] - [hemoprod_ce.xlsx] -   → Coluna 'perdas_concentrado_de_leucocitos_validade': 161 valores nulos preenchidos com 0
2025-10-30 20:28:50,895 - [INFO] - [hemoprod_ce.xlsx] -   → Coluna 'perdas_concentrado_de_leucocitos_outros_motivos': 161 valores nulos preenchidos com 0
2025-10-30 20:28:50,895 - [INFO] - [hemoprod_ce.xlsx] -   → Coluna 'perdas_crioprecipitado_rompimento_de_bolsa': 161 valores nulos preenchidos com 0
2025-10-30 20:28:50,896 - [INFO] - [hemoprod_ce.xlsx] -   → Coluna 'perdas_crioprecipitado_validade': 161 valores nulos preenchidos com 0
2025-10-30 20:28:50,896 - [INFO] - [hemoprod_ce.xlsx] -   → Coluna 'perdas_crioprecipitado_outros_motivos': 161 valores nulos preenchidos com 0
2025-10-30 20:28:50,896 - [INFO] - [hemoprod_ce.xlsx] -   → Coluna 'perdas_concentrado_de_plaquetas_sem_buffy_coat_rompimento_de_bolsa': 161 valores nulos preenchidos com 0
2025-10-30 20:28:50,896 - [INFO] - [hemoprod_ce.xlsx] -   → Coluna 'perdas_concentrado_de_plaquetas_sem_buffy_coat_validade': 161 valores nulos preenchidos com 0
2025-10-30 20:28:50,897 - [INFO] - [hemoprod_ce.xlsx] -   → Coluna 'perdas_concentrado_de_plaquetas_sem_buffy_coat_outros_motivos': 161 valores nulos preenchidos com 0
2025-10-30 20:28:50,897 - [INFO] - [hemoprod_ce.xlsx] -   → Coluna 'tranfusoes_sangue_total_ambulatorial': 161 valores nulos preenchidos com 0
2025-10-30 20:28:50,897 - [INFO] - [hemoprod_ce.xlsx] -   → Coluna 'tranfusoes_sangue_total_hospitalar': 161 valores nulos preenchidos com 0
2025-10-30 20:28:50,897 - [INFO] - [hemoprod_ce.xlsx] -   → Coluna 'tranfusoes_sangue_total_total': 161 valores nulos preenchidos com 0
2025-10-30 20:28:50,897 - [INFO] - [hemoprod_ce.xlsx] -   → Coluna 'tranfusoes_plasma_fresco_congelado_ambulatorial': 161 valores nulos preenchidos com 0
2025-10-30 20:28:50,897 - [INFO] - [hemoprod_ce.xlsx] -   → Coluna 'tranfusoes_plasma_fresco_congelado_hospitalar': 161 valores nulos preenchidos com 0
2025-10-30 20:28:50,898 - [INFO] - [hemoprod_ce.xlsx] -   → Coluna 'tranfusoes_plasma_fresco_congelado_total': 161 valores nulos preenchidos com 0
2025-10-30 20:28:50,898 - [INFO] - [hemoprod_ce.xlsx] -   → Coluna 'tranfusoes_plasma_comum_ambulatorial': 161 valores nulos preenchidos com 0
2025-10-30 20:28:50,898 - [INFO] - [hemoprod_ce.xlsx] -   → Coluna 'tranfusoes_plasma_comum_hospitalar': 161 valores nulos preenchidos com 0
2025-10-30 20:28:50,898 - [INFO] - [hemoprod_ce.xlsx] -   → Coluna 'tranfusoes_plasma_comum_total': 161 valores nulos preenchidos com 0
2025-10-30 20:28:50,899 - [INFO] - [hemoprod_ce.xlsx] -   → Coluna 'tranfusoes_concentrado_de_hemacias_ambulatorial': 161 valores nulos preenchidos com 0
2025-10-30 20:28:50,899 - [INFO] - [hemoprod_ce.xlsx] -   → Coluna 'tranfusoes_concentrado_de_hemacias_hospitalar': 161 valores nulos preenchidos com 0
2025-10-30 20:28:50,899 - [INFO] - [hemoprod_ce.xlsx] -   → Coluna 'tranfusoes_concentrado_de_hemacias_total': 161 valores nulos preenchidos com 0
2025-10-30 20:28:50,899 - [INFO] - [hemoprod_ce.xlsx] -   → Coluna 'tranfusoes_concentrado_de_hemacias_sem_buffy_coat_ambulatorial': 161 valores nulos preenchidos com 0
2025-10-30 20:28:50,899 - [INFO] - [hemoprod_ce.xlsx] -   → Coluna 'tranfusoes_concentrado_de_hemacias_sem_buffy_coat_hospitalar': 161 valores nulos preenchidos com 0
2025-10-30 20:28:50,900 - [INFO] - [hemoprod_ce.xlsx] -   → Coluna 'tranfusoes_concentrado_de_hemacias_sem_buffy_coat_total': 161 valores nulos preenchidos com 0
2025-10-30 20:28:50,900 - [INFO] - [hemoprod_ce.xlsx] -   → Coluna 'tranfusoes_concentrado_de_plaquetas_ambulatorial': 161 valores nulos preenchidos com 0
2025-10-30 20:28:50,900 - [INFO] - [hemoprod_ce.xlsx] -   → Coluna 'tranfusoes_concentrado_de_plaquetas_hospitalar': 161 valores nulos preenchidos com 0
2025-10-30 20:28:50,900 - [INFO] - [hemoprod_ce.xlsx] -   → Coluna 'tranfusoes_concentrado_de_plaquetas_total': 161 valores nulos preenchidos com 0
2025-10-30 20:28:50,901 - [INFO] - [hemoprod_ce.xlsx] -   → Coluna 'tranfusoes_concentrado_de_plaquetas_de_aferese_ambulatorial': 161 valores nulos preenchidos com 0
2025-10-30 20:28:50,901 - [INFO] - [hemoprod_ce.xlsx] -   → Coluna 'tranfusoes_concentrado_de_plaquetas_de_aferese_hospitalar': 161 valores nulos preenchidos com 0
2025-10-30 20:28:50,901 - [INFO] - [hemoprod_ce.xlsx] -   → Coluna 'tranfusoes_concentrado_de_plaquetas_de_aferese_total': 161 valores nulos preenchidos com 0
2025-10-30 20:28:50,901 - [INFO] - [hemoprod_ce.xlsx] -   → Coluna 'tranfusoes_concentrado_de_leucocitos_ambulatorial': 161 valores nulos preenchidos com 0
2025-10-30 20:28:50,901 - [INFO] - [hemoprod_ce.xlsx] -   → Coluna 'tranfusoes_concentrado_de_leucocitos_hospitalar': 161 valores nulos preenchidos com 0
2025-10-30 20:28:50,901 - [INFO] - [hemoprod_ce.xlsx] -   → Coluna 'tranfusoes_concentrado_de_leucocitos_total': 161 valores nulos preenchidos com 0
2025-10-30 20:28:50,902 - [INFO] - [hemoprod_ce.xlsx] -   → Coluna 'tranfusoes_crioprecipitado_ambulatorial': 161 valores nulos preenchidos com 0
2025-10-30 20:28:50,902 - [INFO] - [hemoprod_ce.xlsx] -   → Coluna 'tranfusoes_crioprecipitado_hospitalar': 161 valores nulos preenchidos com 0
2025-10-30 20:28:50,902 - [INFO] - [hemoprod_ce.xlsx] -   → Coluna 'tranfusoes_crioprecipitado_total': 161 valores nulos preenchidos com 0
2025-10-30 20:28:50,902 - [INFO] - [hemoprod_ce.xlsx] -   → Coluna 'tranfusoes_concentrado_de_plaquetas_sem_buffy_coat_ambulatorial': 161 valores nulos preenchidos com 0
2025-10-30 20:28:50,902 - [INFO] - [hemoprod_ce.xlsx] -   → Coluna 'tranfusoes_concentrado_de_plaquetas_sem_buffy_coat_hospitalar': 161 valores nulos preenchidos com 0
2025-10-30 20:28:50,902 - [INFO] - [hemoprod_ce.xlsx] -   → Coluna 'tranfusoes_concentrado_de_plaquetas_sem_buffy_coat_total': 161 valores nulos preenchidos com 0
2025-10-30 20:28:50,903 - [INFO] - [hemoprod_ce.xlsx] -   → Coluna 'distribuicao_para_outros_servicos_sangue_total_sem_exame_pre_transfusional': 161 valores nulos preenchidos com 0
2025-10-30 20:28:50,903 - [INFO] - [hemoprod_ce.xlsx] -   → Coluna 'distribuicao_para_outros_servicos_sangue_total_com_exame_pre_transfusional': 161 valores nulos preenchidos com 0
2025-10-30 20:28:50,903 - [INFO] - [hemoprod_ce.xlsx] -   → Coluna 'distribuicao_para_outros_servicos_sangue_total_total': 161 valores nulos preenchidos com 0
2025-10-30 20:28:50,903 - [INFO] - [hemoprod_ce.xlsx] -   → Coluna 'distribuicao_para_outros_servicos_plasma_fresco_congelado_sem_exame_pre_transfusional': 161 valores nulos preenchidos com 0
2025-10-30 20:28:50,903 - [INFO] - [hemoprod_ce.xlsx] -   → Coluna 'distribuicao_para_outros_servicos_plasma_fresco_congelado_com_exame_pre_transfusional': 161 valores nulos preenchidos com 0
2025-10-30 20:28:50,903 - [INFO] - [hemoprod_ce.xlsx] -   → Coluna 'distribuicao_para_outros_servicos_plasma_fresco_congelado_total': 161 valores nulos preenchidos com 0
2025-10-30 20:28:50,903 - [INFO] - [hemoprod_ce.xlsx] -   → Coluna 'distribuicao_para_outros_servicos_plasma_comum_sem_exame_pre_transfusional': 161 valores nulos preenchidos com 0
2025-10-30 20:28:50,905 - [INFO] - [hemoprod_ce.xlsx] -   → Coluna 'distribuicao_para_outros_servicos_plasma_comum_com_exame_pre_transfusional': 161 valores nulos preenchidos com 0
2025-10-30 20:28:50,905 - [INFO] - [hemoprod_ce.xlsx] -   → Coluna 'distribuicao_para_outros_servicos_plasma_comum_total': 161 valores nulos preenchidos com 0
2025-10-30 20:28:50,905 - [INFO] - [hemoprod_ce.xlsx] -   → Coluna 'distribuicao_para_outros_servicos_concentrado_de_hemacias_sem_exame_pre_transfusional': 161 valores nulos preenchidos com 0
2025-10-30 20:28:50,905 - [INFO] - [hemoprod_ce.xlsx] -   → Coluna 'distribuicao_para_outros_servicos_concentrado_de_hemacias_com_exame_pre_transfusional': 161 valores nulos preenchidos com 0
2025-10-30 20:28:50,905 - [INFO] - [hemoprod_ce.xlsx] -   → Coluna 'distribuicao_para_outros_servicos_concentrado_de_hemacias_total': 161 valores nulos preenchidos com 0
2025-10-30 20:28:50,905 - [INFO] - [hemoprod_ce.xlsx] -   → Coluna 'distribuicao_para_outros_servicos_concentrado_de_hemacias_sem_buffy_coat_sem_exame_pre_transfusi': 161 valores nulos preenchidos com 0
2025-10-30 20:28:50,905 - [INFO] - [hemoprod_ce.xlsx] -   → Coluna 'distribuicao_para_outros_servicos_concentrado_de_hemacias_sem_buffy_coat_com_exame_pre_transfusi': 161 valores nulos preenchidos com 0
2025-10-30 20:28:50,906 - [INFO] - [hemoprod_ce.xlsx] -   → Coluna 'distribuicao_para_outros_servicos_concentrado_de_hemacias_sem_buffy_coat_total': 161 valores nulos preenchidos com 0
2025-10-30 20:28:50,906 - [INFO] - [hemoprod_ce.xlsx] -   → Coluna 'distribuicao_para_outros_servicos_concentrado_de_plaquetas_sem_exame_pre_transfusional': 161 valores nulos preenchidos com 0
2025-10-30 20:28:50,906 - [INFO] - [hemoprod_ce.xlsx] -   → Coluna 'distribuicao_para_outros_servicos_concentrado_de_plaquetas_com_exame_pre_transfusional': 161 valores nulos preenchidos com 0
2025-10-30 20:28:50,906 - [INFO] - [hemoprod_ce.xlsx] -   → Coluna 'distribuicao_para_outros_servicos_concentrado_de_plaquetas_total': 161 valores nulos preenchidos com 0
2025-10-30 20:28:50,907 - [INFO] - [hemoprod_ce.xlsx] -   → Coluna 'distribuicao_para_outros_servicos_concentrado_de_plaquetas_aferese_sem_exame_pre_transfusional': 161 valores nulos preenchidos com 0
2025-10-30 20:28:50,907 - [INFO] - [hemoprod_ce.xlsx] -   → Coluna 'distribuicao_para_outros_servicos_concentrado_de_plaquetas_aferese_com_exame_pre_transfusional': 161 valores nulos preenchidos com 0
2025-10-30 20:28:50,907 - [INFO] - [hemoprod_ce.xlsx] -   → Coluna 'distribuicao_para_outros_servicos_concentrado_de_plaquetas_aferese_total': 161 valores nulos preenchidos com 0
2025-10-30 20:28:50,908 - [INFO] - [hemoprod_ce.xlsx] -   → Coluna 'distribuicao_para_outros_servicos_concentrado_de_leucocitos_sem_exame_pre_transfusional': 161 valores nulos preenchidos com 0
2025-10-30 20:28:50,908 - [INFO] - [hemoprod_ce.xlsx] -   → Coluna 'distribuicao_para_outros_servicos_concentrado_de_leucocitos_com_exame_pre_transfusional': 161 valores nulos preenchidos com 0
2025-10-30 20:28:50,908 - [INFO] - [hemoprod_ce.xlsx] -   → Coluna 'distribuicao_para_outros_servicos_concentrado_de_leucocitos_total': 161 valores nulos preenchidos com 0
2025-10-30 20:28:50,908 - [INFO] - [hemoprod_ce.xlsx] -   → Coluna 'distribuicao_para_outros_servicos_crioprecipitado_sem_exame_pre_transfusional': 161 valores nulos preenchidos com 0
2025-10-30 20:28:50,908 - [INFO] - [hemoprod_ce.xlsx] -   → Coluna 'distribuicao_para_outros_servicos_crioprecipitado_com_exame_pre_transfusional': 161 valores nulos preenchidos com 0
2025-10-30 20:28:50,908 - [INFO] - [hemoprod_ce.xlsx] -   → Coluna 'distribuicao_para_outros_servicos_crioprecipitado_total': 161 valores nulos preenchidos com 0
2025-10-30 20:28:50,909 - [INFO] - [hemoprod_ce.xlsx] -   → Coluna 'distribuicao_para_outros_servicos_concentrado_de_plaquetas_sem_buffy_coat_sem_exame_pre_transfusional': 161 valores nulos preenchidos com 0
2025-10-30 20:28:50,909 - [INFO] - [hemoprod_ce.xlsx] -   → Coluna 'distribuicao_para_outros_servicos_concentrado_de_plaquetas_sem_buffy_coat_com_exame_pre_transfusional': 161 valores nulos preenchidos com 0
2025-10-30 20:28:50,909 - [INFO] - [hemoprod_ce.xlsx] -   → Coluna 'distribuicao_para_outros_servicos_concentrado_de_plaquetas_sem_buffy_coat_total': 161 valores nulos preenchidos com 0
2025-10-30 20:28:50,909 - [INFO] - [hemoprod_ce.xlsx] -   → Coluna 'procedimentos_de_modificacao_dos_hemocomponentes_lavagem': 161 valores nulos preenchidos com 0
2025-10-30 20:28:50,909 - [INFO] - [hemoprod_ce.xlsx] -   → Coluna 'procedimentos_de_modificacao_dos_hemocomponentes_irradiacao': 161 valores nulos preenchidos com 0
2025-10-30 20:28:50,909 - [INFO] - [hemoprod_ce.xlsx] -   → Coluna 'procedimentos_de_modificacao_dos_hemocomponentes_filtracao_em_concentrado_de_plaquetas': 161 valores nulos preenchidos com 0
2025-10-30 20:28:50,910 - [INFO] - [hemoprod_ce.xlsx] -   → Coluna 'procedimentos_de_modificacao_dos_hemocomponentes_filtracao_em_concentrado_de_hemacias': 161 valores nulos preenchidos com 0
2025-10-30 20:28:50,910 - [INFO] - [hemoprod_ce.xlsx] -   → Coluna 'procedimentos_de_modificacao_dos_hemocomponentes_fracionamento_pediatrico': 161 valores nulos preenchidos com 0
2025-10-30 20:28:50,910 - [INFO] - [hemoprod_ce.xlsx] -   → Coluna 'reacoes_transfusionais_reacao_febril_nao_hemolitica': 161 valores nulos preenchidos com 0
2025-10-30 20:28:50,910 - [INFO] - [hemoprod_ce.xlsx] -   → Coluna 'reacoes_transfusionais_reacao_hemolitica': 161 valores nulos preenchidos com 0
2025-10-30 20:28:50,910 - [INFO] - [hemoprod_ce.xlsx] -   → Coluna 'reacoes_transfusionais_reacao_alergica': 161 valores nulos preenchidos com 0
2025-10-30 20:28:50,910 - [INFO] - [hemoprod_ce.xlsx] -   → Coluna 'reacoes_transfusionais_choque_bacteriano': 161 valores nulos preenchidos com 0
2025-10-30 20:28:50,911 - [INFO] - [hemoprod_ce.xlsx] -   → Coluna 'reacoes_transfusionais_alteracoes_metabolicas': 161 valores nulos preenchidos com 0
2025-10-30 20:28:50,911 - [INFO] - [hemoprod_ce.xlsx] -   → Coluna 'reacoes_transfusionais_sobrecarga_volemica': 161 valores nulos preenchidos com 0
2025-10-30 20:28:50,911 - [INFO] - [hemoprod_ce.xlsx] -   → Coluna 'reacoes_transfusionais_outras_reacoes': 161 valores nulos preenchidos com 0
2025-10-30 20:28:50,911 - [INFO] - [hemoprod_ce.xlsx] -   → Coluna 'envio_plasma_producao_hemoderivados_plasma_fresco_congelado': 163 valores nulos preenchidos com 0
2025-10-30 20:28:50,912 - [INFO] - [hemoprod_ce.xlsx] -   → Coluna 'envio_plasma_producao_hemoderivados_plasma_comum': 163 valores nulos preenchidos com 0
2025-10-30 20:28:50,912 - [INFO] - [hemoprod_ce.xlsx] - ✓ 251 colunas Int64 preenchidas com 0
2025-10-30 20:28:50,912 - [INFO] - [hemoprod_ce.xlsx] - Iniciando deduplicação...
2025-10-30 20:28:50,912 - [INFO] - [hemoprod_ce.xlsx] - Convertendo 'data_envio' para datetime...
2025-10-30 20:28:50,923 - [INFO] - [hemoprod_ce.xlsx] - ✓ Deduplicação concluída - Removidas 162 linhas duplicadas
2025-10-30 20:28:50,923 - [INFO] - [hemoprod_ce.xlsx] - ✓ Linhas Finais: 66
2025-10-30 20:28:50,923 - [INFO] - [hemoprod_ce.xlsx] - Salvando arquivo processado...
2025-10-30 20:28:51,074 - [INFO] - [hemoprod_ce.xlsx] - ============================================================
2025-10-30 20:28:51,075 - [INFO] - [hemoprod_ce.xlsx] - ✅ PROCESSAMENTO CONCLUÍDO COM SUCESSO
2025-10-30 20:28:51,075 - [INFO] - [hemoprod_ce.xlsx] - ✅ Arquivo salvo em: D:\Documentos\STTP\hemoce\src\dados_processados\hemoprod_ce.xlsx
2025-10-30 20:28:51,075 - [INFO] - [hemoprod_ce.xlsx] - ============================================================
2025-10-30 20:28:51,075 - [INFO] - [hemoprod_ce.xlsx] - 
