2025-10-30 20:29:12,754 - [INFO] - [hemoprod_pe.xlsx] - ============================================================
2025-10-30 20:29:12,755 - [INFO] - [hemoprod_pe.xlsx] - INICIANDO PROCESSAMENTO: PE
2025-10-30 20:29:12,755 - [INFO] - [hemoprod_pe.xlsx] - ============================================================
2025-10-30 20:29:12,755 - [INFO] - [hemoprod_pe.xlsx] - Carregando arquivo: Hemoprod_PE.xlsx
2025-10-30 20:29:12,755 - [INFO] - [hemoprod_pe.xlsx] - Planilha: HEMOPROD - PERNAMBUCO
2025-10-30 20:29:13,267 - [INFO] - [hemoprod_pe.xlsx] - ✓ Colunas Originais: 269
2025-10-30 20:29:13,267 - [INFO] - [hemoprod_pe.xlsx] - ✓ Linhas Originais: 507
2025-10-30 20:29:13,267 - [INFO] - [hemoprod_pe.xlsx] - Iniciando limpeza e renomeação de colunas...
2025-10-30 20:29:13,268 - [INFO] - [hemoprod_pe.xlsx] - ✓ Colunas limpas e renomeadas
2025-10-30 20:29:13,268 - [INFO] - [hemoprod_pe.xlsx] - Normalizando período e ano de referência...
2025-10-30 20:29:13,269 - [INFO] - [hemoprod_pe.xlsx] - ✓ Nenhum registro necessitou normalização de período/ano
2025-10-30 20:29:13,269 - [INFO] - [hemoprod_pe.xlsx] - ✓ Período/Ano normalizado
2025-10-30 20:29:13,269 - [INFO] - [hemoprod_pe.xlsx] - Normalizando município e estado...
2025-10-30 20:29:13,269 - [INFO] - [hemoprod_pe.xlsx] - Coluna 'estado' não existe. Criando...
2025-10-30 20:29:13,284 - [INFO] - [hemoprod_pe.xlsx] - ✓ Normalizados 507 registros com estado no município
2025-10-30 20:29:13,284 - [INFO] - [hemoprod_pe.xlsx] - ✓ Município/Estado normalizado
2025-10-30 20:29:13,284 - [INFO] - [hemoprod_pe.xlsx] - Aplicando tipos de dados...
2025-10-30 20:29:13,332 - [INFO] - [hemoprod_pe.xlsx] - ✓ Tipos aplicados
2025-10-30 20:29:13,332 - [INFO] - [hemoprod_pe.xlsx] - ✓ Colunas Faltantes: 1
2025-10-30 20:29:13,332 - [INFO] - [hemoprod_pe.xlsx] -   → ['estado']
2025-10-30 20:29:13,332 - [INFO] - [hemoprod_pe.xlsx] - ✓ Colunas A Mais: 0
2025-10-30 20:29:13,332 - [INFO] - [hemoprod_pe.xlsx] - Padronizando schema...
2025-10-30 20:29:13,332 - [INFO] - [hemoprod_pe.xlsx] - Coluna 'estado' já existe, mantendo valores atuais
2025-10-30 20:29:13,334 - [INFO] - [hemoprod_pe.xlsx] - ✓ Schema padronizado - Colunas Finais: 270
2025-10-30 20:29:13,334 - [INFO] - [hemoprod_pe.xlsx] - Preenchendo valores nulos em colunas Int64 com 0...
2025-10-30 20:29:13,335 - [INFO] - [hemoprod_pe.xlsx] -   → Coluna 'semente': 86 valores nulos preenchidos com 0
2025-10-30 20:29:13,335 - [INFO] - [hemoprod_pe.xlsx] -   → Coluna 'identificacao_dado': 507 valores nulos preenchidos com 0
2025-10-30 20:29:13,336 - [INFO] - [hemoprod_pe.xlsx] -   → Coluna 'identificacao_estabelecimento': 507 valores nulos preenchidos com 0
2025-10-30 20:29:13,336 - [INFO] - [hemoprod_pe.xlsx] -   → Coluna 'cnes': 507 valores nulos preenchidos com 0
2025-10-30 20:29:13,336 - [INFO] - [hemoprod_pe.xlsx] -   → Coluna 'endereco': 507 valores nulos preenchidos com 0
2025-10-30 20:29:13,337 - [INFO] - [hemoprod_pe.xlsx] -   → Coluna 'triagem_clinica_total_doacao_espontanea_aptos': 235 valores nulos preenchidos com 0
2025-10-30 20:29:13,337 - [INFO] - [hemoprod_pe.xlsx] -   → Coluna 'triagem_clinica_total_doacao_espontanea_inaptos': 235 valores nulos preenchidos com 0
2025-10-30 20:29:13,337 - [INFO] - [hemoprod_pe.xlsx] -   → Coluna 'triagem_clinica_total_doacao_reposicao_aptos': 235 valores nulos preenchidos com 0
2025-10-30 20:29:13,337 - [INFO] - [hemoprod_pe.xlsx] -   → Coluna 'triagem_clinica_total_doacao_reposicao_inaptos': 235 valores nulos preenchidos com 0
2025-10-30 20:29:13,337 - [INFO] - [hemoprod_pe.xlsx] -   → Coluna 'triagem_clinica_total_doacao_autologa_aptos': 235 valores nulos preenchidos com 0
2025-10-30 20:29:13,338 - [INFO] - [hemoprod_pe.xlsx] -   → Coluna 'triagem_clinica_total_doacao_autologa_inaptos': 235 valores nulos preenchidos com 0
2025-10-30 20:29:13,338 - [INFO] - [hemoprod_pe.xlsx] -   → Coluna 'total_doador_primeira_vez_aptos': 235 valores nulos preenchidos com 0
2025-10-30 20:29:13,338 - [INFO] - [hemoprod_pe.xlsx] -   → Coluna 'total_doador_primeira_vez_inaptos': 235 valores nulos preenchidos com 0
2025-10-30 20:29:13,338 - [INFO] - [hemoprod_pe.xlsx] -   → Coluna 'total_doador_repeticao_aptos': 235 valores nulos preenchidos com 0
2025-10-30 20:29:13,338 - [INFO] - [hemoprod_pe.xlsx] -   → Coluna 'total_doador_repeticao_inaptos': 235 valores nulos preenchidos com 0
2025-10-30 20:29:13,338 - [INFO] - [hemoprod_pe.xlsx] -   → Coluna 'total_doador_esporadico_aptos': 235 valores nulos preenchidos com 0
2025-10-30 20:29:13,338 - [INFO] - [hemoprod_pe.xlsx] -   → Coluna 'total_doador_esporadico_inaptos': 235 valores nulos preenchidos com 0
2025-10-30 20:29:13,339 - [INFO] - [hemoprod_pe.xlsx] -   → Coluna 'total_doador_masculino_aptos': 235 valores nulos preenchidos com 0
2025-10-30 20:29:13,339 - [INFO] - [hemoprod_pe.xlsx] -   → Coluna 'total_doador_masculino_inaptos': 235 valores nulos preenchidos com 0
2025-10-30 20:29:13,339 - [INFO] - [hemoprod_pe.xlsx] -   → Coluna 'total_doador_feminino_aptos': 235 valores nulos preenchidos com 0
2025-10-30 20:29:13,339 - [INFO] - [hemoprod_pe.xlsx] -   → Coluna 'total_doador_feminino_inaptos': 235 valores nulos preenchidos com 0
2025-10-30 20:29:13,339 - [INFO] - [hemoprod_pe.xlsx] -   → Coluna 'total_doador_menor_de_18_anos_aptos': 235 valores nulos preenchidos com 0
2025-10-30 20:29:13,339 - [INFO] - [hemoprod_pe.xlsx] -   → Coluna 'total_doador_menor_de_18_anos_inaptos': 235 valores nulos preenchidos com 0
2025-10-30 20:29:13,339 - [INFO] - [hemoprod_pe.xlsx] -   → Coluna 'total_doador_18_ate_29_anos_aptos': 235 valores nulos preenchidos com 0
2025-10-30 20:29:13,339 - [INFO] - [hemoprod_pe.xlsx] -   → Coluna 'total_doador_18_ate_29_anos_inaptos': 235 valores nulos preenchidos com 0
2025-10-30 20:29:13,339 - [INFO] - [hemoprod_pe.xlsx] -   → Coluna 'total_doador_acima_de_29_anos_aptos': 235 valores nulos preenchidos com 0
2025-10-30 20:29:13,339 - [INFO] - [hemoprod_pe.xlsx] -   → Coluna 'total_doador_acima_de_29_anos_inaptos': 235 valores nulos preenchidos com 0
2025-10-30 20:29:13,341 - [INFO] - [hemoprod_pe.xlsx] -   → Coluna 'total_candidatos_inaptos_anemia_masculino': 235 valores nulos preenchidos com 0
2025-10-30 20:29:13,341 - [INFO] - [hemoprod_pe.xlsx] -   → Coluna 'total_candidatos_inaptos_anemia_feminino': 235 valores nulos preenchidos com 0
2025-10-30 20:29:13,341 - [INFO] - [hemoprod_pe.xlsx] -   → Coluna 'total_candidatos_inaptos_anemia_total': 235 valores nulos preenchidos com 0
2025-10-30 20:29:13,341 - [INFO] - [hemoprod_pe.xlsx] -   → Coluna 'total_candidatos_inaptos_hipertensao_masculino': 235 valores nulos preenchidos com 0
2025-10-30 20:29:13,341 - [INFO] - [hemoprod_pe.xlsx] -   → Coluna 'total_candidatos_inaptos_hipertensao_feminino': 235 valores nulos preenchidos com 0
2025-10-30 20:29:13,341 - [INFO] - [hemoprod_pe.xlsx] -   → Coluna 'total_candidatos_inaptos_hipertensao_total': 235 valores nulos preenchidos com 0
2025-10-30 20:29:13,341 - [INFO] - [hemoprod_pe.xlsx] -   → Coluna 'total_candidatos_inaptos_hipotensao_masculino': 235 valores nulos preenchidos com 0
2025-10-30 20:29:13,341 - [INFO] - [hemoprod_pe.xlsx] -   → Coluna 'total_candidatos_inaptos_hipotensao_feminino': 235 valores nulos preenchidos com 0
2025-10-30 20:29:13,341 - [INFO] - [hemoprod_pe.xlsx] -   → Coluna 'total_candidatos_inaptos_hipotensao_total': 235 valores nulos preenchidos com 0
2025-10-30 20:29:13,342 - [INFO] - [hemoprod_pe.xlsx] -   → Coluna 'total_candidatos_inaptos_alcoolismo_masculino': 235 valores nulos preenchidos com 0
2025-10-30 20:29:13,342 - [INFO] - [hemoprod_pe.xlsx] -   → Coluna 'total_candidatos_inaptos_alcoolismo_feminino': 235 valores nulos preenchidos com 0
2025-10-30 20:29:13,342 - [INFO] - [hemoprod_pe.xlsx] -   → Coluna 'total_candidatos_inaptos_alcoolismo_total': 235 valores nulos preenchidos com 0
2025-10-30 20:29:13,342 - [INFO] - [hemoprod_pe.xlsx] -   → Coluna 'total_candidatos_inaptos_comportamento_risco_dst_masculino': 235 valores nulos preenchidos com 0
2025-10-30 20:29:13,343 - [INFO] - [hemoprod_pe.xlsx] -   → Coluna 'total_candidatos_inaptos_comportamento_risco_dst_feminino': 235 valores nulos preenchidos com 0
2025-10-30 20:29:13,343 - [INFO] - [hemoprod_pe.xlsx] -   → Coluna 'total_candidatos_inaptos_comportamento_risco_dst_total': 235 valores nulos preenchidos com 0
2025-10-30 20:29:13,343 - [INFO] - [hemoprod_pe.xlsx] -   → Coluna 'total_candidatos_inaptos_uso_drogas_masculino': 235 valores nulos preenchidos com 0
2025-10-30 20:29:13,343 - [INFO] - [hemoprod_pe.xlsx] -   → Coluna 'total_candidatos_inaptos_uso_drogas_feminino': 235 valores nulos preenchidos com 0
2025-10-30 20:29:13,344 - [INFO] - [hemoprod_pe.xlsx] -   → Coluna 'total_candidatos_inaptos_uso_drogas_total': 235 valores nulos preenchidos com 0
2025-10-30 20:29:13,344 - [INFO] - [hemoprod_pe.xlsx] -   → Coluna 'total_candidatos_inaptos_hepatite_masculino': 235 valores nulos preenchidos com 0
2025-10-30 20:29:13,344 - [INFO] - [hemoprod_pe.xlsx] -   → Coluna 'total_candidatos_inaptos_hepatite_feminino': 235 valores nulos preenchidos com 0
2025-10-30 20:29:13,345 - [INFO] - [hemoprod_pe.xlsx] -   → Coluna 'total_candidatos_inaptos_hepatite_total': 235 valores nulos preenchidos com 0
2025-10-30 20:29:13,345 - [INFO] - [hemoprod_pe.xlsx] -   → Coluna 'total_candidatos_inaptos_doenca_chagas_masculino': 235 valores nulos preenchidos com 0
2025-10-30 20:29:13,345 - [INFO] - [hemoprod_pe.xlsx] -   → Coluna 'total_candidatos_inaptos_doenca_chagas_feminino': 235 valores nulos preenchidos com 0
2025-10-30 20:29:13,345 - [INFO] - [hemoprod_pe.xlsx] -   → Coluna 'total_candidatos_inaptos_doenca_chagas_total': 235 valores nulos preenchidos com 0
2025-10-30 20:29:13,345 - [INFO] - [hemoprod_pe.xlsx] -   → Coluna 'total_candidatos_inaptos_malaria_masculino': 235 valores nulos preenchidos com 0
2025-10-30 20:29:13,345 - [INFO] - [hemoprod_pe.xlsx] -   → Coluna 'total_candidatos_inaptos_malaria_feminino': 235 valores nulos preenchidos com 0
2025-10-30 20:29:13,346 - [INFO] - [hemoprod_pe.xlsx] -   → Coluna 'total_candidatos_inaptos_malaria_total': 235 valores nulos preenchidos com 0
2025-10-30 20:29:13,346 - [INFO] - [hemoprod_pe.xlsx] -   → Coluna 'total_candidatos_inaptos_outras_masculino': 235 valores nulos preenchidos com 0
2025-10-30 20:29:13,346 - [INFO] - [hemoprod_pe.xlsx] -   → Coluna 'total_candidatos_inaptos_outras_feminino': 235 valores nulos preenchidos com 0
2025-10-30 20:29:13,346 - [INFO] - [hemoprod_pe.xlsx] -   → Coluna 'total_candidatos_inaptos_outras_total': 235 valores nulos preenchidos com 0
2025-10-30 20:29:13,346 - [INFO] - [hemoprod_pe.xlsx] -   → Coluna 'coleta_total_candidatos_desistentes': 235 valores nulos preenchidos com 0
2025-10-30 20:29:13,346 - [INFO] - [hemoprod_pe.xlsx] -   → Coluna 'total_interrupcoes_coleta_dificuldade_puncao_venosa': 235 valores nulos preenchidos com 0
2025-10-30 20:29:13,346 - [INFO] - [hemoprod_pe.xlsx] -   → Coluna 'total_interrupcoes_coleta_reacao_vagal': 235 valores nulos preenchidos com 0
2025-10-30 20:29:13,346 - [INFO] - [hemoprod_pe.xlsx] -   → Coluna 'total_interrupcoes_coleta_outros_motivos': 235 valores nulos preenchidos com 0
2025-10-30 20:29:13,346 - [INFO] - [hemoprod_pe.xlsx] -   → Coluna 'total_coletas_sangue_total': 235 valores nulos preenchidos com 0
2025-10-30 20:29:13,348 - [INFO] - [hemoprod_pe.xlsx] -   → Coluna 'total_coletas_aferese': 235 valores nulos preenchidos com 0
2025-10-30 20:29:13,348 - [INFO] - [hemoprod_pe.xlsx] -   → Coluna 'exames_triagem_doenca_doenca_chagas_amostras_testadas': 235 valores nulos preenchidos com 0
2025-10-30 20:29:13,348 - [INFO] - [hemoprod_pe.xlsx] -   → Coluna 'exames_triagem_doenca_doenca_chagas_amostras_reagentes': 235 valores nulos preenchidos com 0
2025-10-30 20:29:13,349 - [INFO] - [hemoprod_pe.xlsx] -   → Coluna 'exames_triagem_doenca_hiv_amostras_testadas': 235 valores nulos preenchidos com 0
2025-10-30 20:29:13,349 - [INFO] - [hemoprod_pe.xlsx] -   → Coluna 'exames_triagem_doenca_hiv_amostras_reagentes': 235 valores nulos preenchidos com 0
2025-10-30 20:29:13,349 - [INFO] - [hemoprod_pe.xlsx] -   → Coluna 'exames_triagem_doenca_sifilis_amostras_testadas': 235 valores nulos preenchidos com 0
2025-10-30 20:29:13,349 - [INFO] - [hemoprod_pe.xlsx] -   → Coluna '`exames_triagem_doenca_sifilis_amostras_reagentes': 235 valores nulos preenchidos com 0
2025-10-30 20:29:13,350 - [INFO] - [hemoprod_pe.xlsx] -   → Coluna 'exames_triagem_doenca_hepatite_b_hbs_ag_amostras_testadas': 235 valores nulos preenchidos com 0
2025-10-30 20:29:13,350 - [INFO] - [hemoprod_pe.xlsx] -   → Coluna 'exames_triagem_doenca_hepatite_b_hbs_ag_amostras_reagentes': 235 valores nulos preenchidos com 0
2025-10-30 20:29:13,350 - [INFO] - [hemoprod_pe.xlsx] -   → Coluna 'exames_triagem_doenca_hepatite_b_anti_hbc_amostras_testadas': 235 valores nulos preenchidos com 0
2025-10-30 20:29:13,350 - [INFO] - [hemoprod_pe.xlsx] -   → Coluna 'exames_triagem_doenca_hepatite_b_anti_hbc_amostras_reagentes': 235 valores nulos preenchidos com 0
2025-10-30 20:29:13,350 - [INFO] - [hemoprod_pe.xlsx] -   → Coluna 'exames_triagem_doenca_hepatite_c_amostras_testadas': 235 valores nulos preenchidos com 0
2025-10-30 20:29:13,351 - [INFO] - [hemoprod_pe.xlsx] -   → Coluna 'exames_triagem_doenca_hepatite_c_amostras_reagentes': 235 valores nulos preenchidos com 0
2025-10-30 20:29:13,351 - [INFO] - [hemoprod_pe.xlsx] -   → Coluna 'exames_triagem_doenca_htlv_i_ii_amostras_testadas': 235 valores nulos preenchidos com 0
2025-10-30 20:29:13,351 - [INFO] - [hemoprod_pe.xlsx] -   → Coluna 'exames_triagem_doenca_htlv_i_ii_amostras_reagentes': 235 valores nulos preenchidos com 0
2025-10-30 20:29:13,351 - [INFO] - [hemoprod_pe.xlsx] -   → Coluna 'exames_triagem_doenca_malaria_amostras_testadas': 235 valores nulos preenchidos com 0
2025-10-30 20:29:13,351 - [INFO] - [hemoprod_pe.xlsx] -   → Coluna 'exames_triagem_doenca_malaria_amostras_reagentes': 235 valores nulos preenchidos com 0
2025-10-30 20:29:13,351 - [INFO] - [hemoprod_pe.xlsx] -   → Coluna 'exames_triagem_doenca_hbv_teste_nat_amostras_testadas': 235 valores nulos preenchidos com 0
2025-10-30 20:29:13,351 - [INFO] - [hemoprod_pe.xlsx] -   → Coluna 'exames_triagem_doenca_hbv_teste_nat_amostras_reagentes': 235 valores nulos preenchidos com 0
2025-10-30 20:29:13,351 - [INFO] - [hemoprod_pe.xlsx] -   → Coluna 'exames_triagem_doenca_hcv_teste_nat_amostras_testadas': 235 valores nulos preenchidos com 0
2025-10-30 20:29:13,351 - [INFO] - [hemoprod_pe.xlsx] -   → Coluna 'exames_triagem_doenca_hcv_teste_nat_amostras_reagentes': 235 valores nulos preenchidos com 0
2025-10-30 20:29:13,352 - [INFO] - [hemoprod_pe.xlsx] -   → Coluna 'exames_triagem_doenca_hiv_teste_nat_amostras_testadas': 235 valores nulos preenchidos com 0
2025-10-30 20:29:13,352 - [INFO] - [hemoprod_pe.xlsx] -   → Coluna 'exames_triagem_doenca_hiv_teste_nat_amostras_reagentes': 235 valores nulos preenchidos com 0
2025-10-30 20:29:13,353 - [INFO] - [hemoprod_pe.xlsx] -   → Coluna 'outros_tipos_pesquisa_pesquisa_hbs_doador': 235 valores nulos preenchidos com 0
2025-10-30 20:29:13,353 - [INFO] - [hemoprod_pe.xlsx] -   → Coluna 'inaptidao_triagem_laboratorial_total_bolsas_testadas': 235 valores nulos preenchidos com 0
2025-10-30 20:29:13,353 - [INFO] - [hemoprod_pe.xlsx] -   → Coluna 'inaptidao_triagem_laboratorial_total_bolsas_reagentes_1_ou_mais_marcadores': 235 valores nulos preenchidos com 0
2025-10-30 20:29:13,353 - [INFO] - [hemoprod_pe.xlsx] -   → Coluna 'descarte_bolsas_total_bolsas_descartadas_auto_exclusao': 235 valores nulos preenchidos com 0
2025-10-30 20:29:13,360 - [INFO] - [hemoprod_pe.xlsx] -   → Coluna 'envio_plasma_producao_hemoderivados_plasma_fresco_congelado': 235 valores nulos preenchidos com 0
2025-10-30 20:29:13,360 - [INFO] - [hemoprod_pe.xlsx] -   → Coluna 'envio_plasma_producao_hemoderivados_plasma_comum': 235 valores nulos preenchidos com 0
2025-10-30 20:29:13,360 - [INFO] - [hemoprod_pe.xlsx] - ✓ 91 colunas Int64 preenchidas com 0
2025-10-30 20:29:13,360 - [INFO] - [hemoprod_pe.xlsx] - Iniciando deduplicação...
2025-10-30 20:29:13,360 - [INFO] - [hemoprod_pe.xlsx] - Convertendo 'data_envio' para datetime...
2025-10-30 20:29:13,372 - [INFO] - [hemoprod_pe.xlsx] - ✓ Deduplicação concluída - Removidas 75 linhas duplicadas
2025-10-30 20:29:13,372 - [INFO] - [hemoprod_pe.xlsx] - ✓ Linhas Finais: 432
2025-10-30 20:29:13,372 - [INFO] - [hemoprod_pe.xlsx] - Salvando arquivo processado...
2025-10-30 20:29:14,125 - [INFO] - [hemoprod_pe.xlsx] - ============================================================
2025-10-30 20:29:14,125 - [INFO] - [hemoprod_pe.xlsx] - ✅ PROCESSAMENTO CONCLUÍDO COM SUCESSO
2025-10-30 20:29:14,126 - [INFO] - [hemoprod_pe.xlsx] - ✅ Arquivo salvo em: D:\Documentos\STTP\hemoce\src\dados_processados\hemoprod_pe.xlsx
2025-10-30 20:29:14,126 - [INFO] - [hemoprod_pe.xlsx] - ============================================================
2025-10-30 20:29:14,126 - [INFO] - [hemoprod_pe.xlsx] - 
