2025-10-30 20:29:17,701 - [INFO] - [hemoprod_rn.xlsx] - ============================================================
2025-10-30 20:29:17,703 - [INFO] - [hemoprod_rn.xlsx] - INICIANDO PROCESSAMENTO: RN
2025-10-30 20:29:17,703 - [INFO] - [hemoprod_rn.xlsx] - ============================================================
2025-10-30 20:29:17,703 - [INFO] - [hemoprod_rn.xlsx] - Carregando arquivo: Hemoprod_RN.xlsx
2025-10-30 20:29:17,703 - [INFO] - [hemoprod_rn.xlsx] - Planilha: HEMOPROD - RIOGRANDEDONORTE
2025-10-30 20:29:17,788 - [INFO] - [hemoprod_rn.xlsx] - ✓ Colunas Originais: 269
2025-10-30 20:29:17,788 - [INFO] - [hemoprod_rn.xlsx] - ✓ Linhas Originais: 79
2025-10-30 20:29:17,789 - [INFO] - [hemoprod_rn.xlsx] - Iniciando limpeza e renomeação de colunas...
2025-10-30 20:29:17,789 - [INFO] - [hemoprod_rn.xlsx] - ✓ Colunas limpas e renomeadas
2025-10-30 20:29:17,789 - [INFO] - [hemoprod_rn.xlsx] - Normalizando período e ano de referência...
2025-10-30 20:29:17,790 - [INFO] - [hemoprod_rn.xlsx] - ✓ Nenhum registro necessitou normalização de período/ano
2025-10-30 20:29:17,790 - [INFO] - [hemoprod_rn.xlsx] - ✓ Período/Ano normalizado
2025-10-30 20:29:17,790 - [INFO] - [hemoprod_rn.xlsx] - Normalizando município e estado...
2025-10-30 20:29:17,790 - [INFO] - [hemoprod_rn.xlsx] - Coluna 'estado' não existe. Criando...
2025-10-30 20:29:17,793 - [INFO] - [hemoprod_rn.xlsx] - ✓ Normalizados 79 registros com estado no município
2025-10-30 20:29:17,793 - [INFO] - [hemoprod_rn.xlsx] - ✓ Município/Estado normalizado
2025-10-30 20:29:17,793 - [INFO] - [hemoprod_rn.xlsx] - Aplicando tipos de dados...
2025-10-30 20:29:17,832 - [INFO] - [hemoprod_rn.xlsx] - ✓ Tipos aplicados
2025-10-30 20:29:17,832 - [INFO] - [hemoprod_rn.xlsx] - ✓ Colunas Faltantes: 1
2025-10-30 20:29:17,832 - [INFO] - [hemoprod_rn.xlsx] -   → ['estado']
2025-10-30 20:29:17,832 - [INFO] - [hemoprod_rn.xlsx] - ✓ Colunas A Mais: 0
2025-10-30 20:29:17,832 - [INFO] - [hemoprod_rn.xlsx] - Padronizando schema...
2025-10-30 20:29:17,833 - [INFO] - [hemoprod_rn.xlsx] - Coluna 'estado' já existe, mantendo valores atuais
2025-10-30 20:29:17,834 - [INFO] - [hemoprod_rn.xlsx] - ✓ Schema padronizado - Colunas Finais: 270
2025-10-30 20:29:17,834 - [INFO] - [hemoprod_rn.xlsx] - Preenchendo valores nulos em colunas Int64 com 0...
2025-10-30 20:29:17,835 - [INFO] - [hemoprod_rn.xlsx] -   → Coluna 'identificacao_dado': 79 valores nulos preenchidos com 0
2025-10-30 20:29:17,835 - [INFO] - [hemoprod_rn.xlsx] -   → Coluna 'identificacao_estabelecimento': 79 valores nulos preenchidos com 0
2025-10-30 20:29:17,835 - [INFO] - [hemoprod_rn.xlsx] -   → Coluna 'cnes': 79 valores nulos preenchidos com 0
2025-10-30 20:29:17,836 - [INFO] - [hemoprod_rn.xlsx] -   → Coluna 'endereco': 79 valores nulos preenchidos com 0
2025-10-30 20:29:17,836 - [INFO] - [hemoprod_rn.xlsx] -   → Coluna 'triagem_clinica_total_doacao_espontanea_aptos': 33 valores nulos preenchidos com 0
2025-10-30 20:29:17,836 - [INFO] - [hemoprod_rn.xlsx] -   → Coluna 'triagem_clinica_total_doacao_espontanea_inaptos': 33 valores nulos preenchidos com 0
2025-10-30 20:29:17,836 - [INFO] - [hemoprod_rn.xlsx] -   → Coluna 'triagem_clinica_total_doacao_reposicao_aptos': 33 valores nulos preenchidos com 0
2025-10-30 20:29:17,837 - [INFO] - [hemoprod_rn.xlsx] -   → Coluna 'triagem_clinica_total_doacao_reposicao_inaptos': 33 valores nulos preenchidos com 0
2025-10-30 20:29:17,837 - [INFO] - [hemoprod_rn.xlsx] -   → Coluna 'triagem_clinica_total_doacao_autologa_aptos': 33 valores nulos preenchidos com 0
2025-10-30 20:29:17,837 - [INFO] - [hemoprod_rn.xlsx] -   → Coluna 'triagem_clinica_total_doacao_autologa_inaptos': 33 valores nulos preenchidos com 0
2025-10-30 20:29:17,837 - [INFO] - [hemoprod_rn.xlsx] -   → Coluna 'total_doador_primeira_vez_aptos': 33 valores nulos preenchidos com 0
2025-10-30 20:29:17,837 - [INFO] - [hemoprod_rn.xlsx] -   → Coluna 'total_doador_primeira_vez_inaptos': 33 valores nulos preenchidos com 0
2025-10-30 20:29:17,838 - [INFO] - [hemoprod_rn.xlsx] -   → Coluna 'total_doador_repeticao_aptos': 33 valores nulos preenchidos com 0
2025-10-30 20:29:17,838 - [INFO] - [hemoprod_rn.xlsx] -   → Coluna 'total_doador_repeticao_inaptos': 33 valores nulos preenchidos com 0
2025-10-30 20:29:17,838 - [INFO] - [hemoprod_rn.xlsx] -   → Coluna 'total_doador_esporadico_aptos': 33 valores nulos preenchidos com 0
2025-10-30 20:29:17,838 - [INFO] - [hemoprod_rn.xlsx] -   → Coluna 'total_doador_esporadico_inaptos': 33 valores nulos preenchidos com 0
2025-10-30 20:29:17,838 - [INFO] - [hemoprod_rn.xlsx] -   → Coluna 'total_doador_masculino_aptos': 33 valores nulos preenchidos com 0
2025-10-30 20:29:17,838 - [INFO] - [hemoprod_rn.xlsx] -   → Coluna 'total_doador_masculino_inaptos': 33 valores nulos preenchidos com 0
2025-10-30 20:29:17,839 - [INFO] - [hemoprod_rn.xlsx] -   → Coluna 'total_doador_feminino_aptos': 33 valores nulos preenchidos com 0
2025-10-30 20:29:17,839 - [INFO] - [hemoprod_rn.xlsx] -   → Coluna 'total_doador_feminino_inaptos': 33 valores nulos preenchidos com 0
2025-10-30 20:29:17,839 - [INFO] - [hemoprod_rn.xlsx] -   → Coluna 'total_doador_menor_de_18_anos_aptos': 33 valores nulos preenchidos com 0
2025-10-30 20:29:17,839 - [INFO] - [hemoprod_rn.xlsx] -   → Coluna 'total_doador_menor_de_18_anos_inaptos': 33 valores nulos preenchidos com 0
2025-10-30 20:29:17,839 - [INFO] - [hemoprod_rn.xlsx] -   → Coluna 'total_doador_18_ate_29_anos_aptos': 33 valores nulos preenchidos com 0
2025-10-30 20:29:17,839 - [INFO] - [hemoprod_rn.xlsx] -   → Coluna 'total_doador_18_ate_29_anos_inaptos': 33 valores nulos preenchidos com 0
2025-10-30 20:29:17,839 - [INFO] - [hemoprod_rn.xlsx] -   → Coluna 'total_doador_acima_de_29_anos_aptos': 33 valores nulos preenchidos com 0
2025-10-30 20:29:17,840 - [INFO] - [hemoprod_rn.xlsx] -   → Coluna 'total_doador_acima_de_29_anos_inaptos': 33 valores nulos preenchidos com 0
2025-10-30 20:29:17,840 - [INFO] - [hemoprod_rn.xlsx] -   → Coluna 'total_candidatos_inaptos_anemia_masculino': 33 valores nulos preenchidos com 0
2025-10-30 20:29:17,840 - [INFO] - [hemoprod_rn.xlsx] -   → Coluna 'total_candidatos_inaptos_anemia_feminino': 33 valores nulos preenchidos com 0
2025-10-30 20:29:17,840 - [INFO] - [hemoprod_rn.xlsx] -   → Coluna 'total_candidatos_inaptos_anemia_total': 33 valores nulos preenchidos com 0
2025-10-30 20:29:17,840 - [INFO] - [hemoprod_rn.xlsx] -   → Coluna 'total_candidatos_inaptos_hipertensao_masculino': 33 valores nulos preenchidos com 0
2025-10-30 20:29:17,841 - [INFO] - [hemoprod_rn.xlsx] -   → Coluna 'total_candidatos_inaptos_hipertensao_feminino': 33 valores nulos preenchidos com 0
2025-10-30 20:29:17,841 - [INFO] - [hemoprod_rn.xlsx] -   → Coluna 'total_candidatos_inaptos_hipertensao_total': 33 valores nulos preenchidos com 0
2025-10-30 20:29:17,841 - [INFO] - [hemoprod_rn.xlsx] -   → Coluna 'total_candidatos_inaptos_hipotensao_masculino': 33 valores nulos preenchidos com 0
2025-10-30 20:29:17,841 - [INFO] - [hemoprod_rn.xlsx] -   → Coluna 'total_candidatos_inaptos_hipotensao_feminino': 33 valores nulos preenchidos com 0
2025-10-30 20:29:17,841 - [INFO] - [hemoprod_rn.xlsx] -   → Coluna 'total_candidatos_inaptos_hipotensao_total': 33 valores nulos preenchidos com 0
2025-10-30 20:29:17,842 - [INFO] - [hemoprod_rn.xlsx] -   → Coluna 'total_candidatos_inaptos_alcoolismo_masculino': 33 valores nulos preenchidos com 0
2025-10-30 20:29:17,842 - [INFO] - [hemoprod_rn.xlsx] -   → Coluna 'total_candidatos_inaptos_alcoolismo_feminino': 33 valores nulos preenchidos com 0
2025-10-30 20:29:17,842 - [INFO] - [hemoprod_rn.xlsx] -   → Coluna 'total_candidatos_inaptos_alcoolismo_total': 33 valores nulos preenchidos com 0
2025-10-30 20:29:17,842 - [INFO] - [hemoprod_rn.xlsx] -   → Coluna 'total_candidatos_inaptos_comportamento_risco_dst_masculino': 33 valores nulos preenchidos com 0
2025-10-30 20:29:17,842 - [INFO] - [hemoprod_rn.xlsx] -   → Coluna 'total_candidatos_inaptos_comportamento_risco_dst_feminino': 33 valores nulos preenchidos com 0
2025-10-30 20:29:17,843 - [INFO] - [hemoprod_rn.xlsx] -   → Coluna 'total_candidatos_inaptos_comportamento_risco_dst_total': 33 valores nulos preenchidos com 0
2025-10-30 20:29:17,843 - [INFO] - [hemoprod_rn.xlsx] -   → Coluna 'total_candidatos_inaptos_uso_drogas_masculino': 33 valores nulos preenchidos com 0
2025-10-30 20:29:17,843 - [INFO] - [hemoprod_rn.xlsx] -   → Coluna 'total_candidatos_inaptos_uso_drogas_feminino': 33 valores nulos preenchidos com 0
2025-10-30 20:29:17,843 - [INFO] - [hemoprod_rn.xlsx] -   → Coluna 'total_candidatos_inaptos_uso_drogas_total': 33 valores nulos preenchidos com 0
2025-10-30 20:29:17,843 - [INFO] - [hemoprod_rn.xlsx] -   → Coluna 'total_candidatos_inaptos_hepatite_masculino': 33 valores nulos preenchidos com 0
2025-10-30 20:29:17,843 - [INFO] - [hemoprod_rn.xlsx] -   → Coluna 'total_candidatos_inaptos_hepatite_feminino': 33 valores nulos preenchidos com 0
2025-10-30 20:29:17,843 - [INFO] - [hemoprod_rn.xlsx] -   → Coluna 'total_candidatos_inaptos_hepatite_total': 33 valores nulos preenchidos com 0
2025-10-30 20:29:17,843 - [INFO] - [hemoprod_rn.xlsx] -   → Coluna 'total_candidatos_inaptos_doenca_chagas_masculino': 33 valores nulos preenchidos com 0
2025-10-30 20:29:17,845 - [INFO] - [hemoprod_rn.xlsx] -   → Coluna 'total_candidatos_inaptos_doenca_chagas_feminino': 33 valores nulos preenchidos com 0
2025-10-30 20:29:17,845 - [INFO] - [hemoprod_rn.xlsx] -   → Coluna 'total_candidatos_inaptos_doenca_chagas_total': 33 valores nulos preenchidos com 0
2025-10-30 20:29:17,845 - [INFO] - [hemoprod_rn.xlsx] -   → Coluna 'total_candidatos_inaptos_malaria_masculino': 33 valores nulos preenchidos com 0
2025-10-30 20:29:17,845 - [INFO] - [hemoprod_rn.xlsx] -   → Coluna 'total_candidatos_inaptos_malaria_feminino': 33 valores nulos preenchidos com 0
2025-10-30 20:29:17,845 - [INFO] - [hemoprod_rn.xlsx] -   → Coluna 'total_candidatos_inaptos_malaria_total': 33 valores nulos preenchidos com 0
2025-10-30 20:29:17,846 - [INFO] - [hemoprod_rn.xlsx] -   → Coluna 'total_candidatos_inaptos_outras_masculino': 33 valores nulos preenchidos com 0
2025-10-30 20:29:17,846 - [INFO] - [hemoprod_rn.xlsx] -   → Coluna 'total_candidatos_inaptos_outras_feminino': 33 valores nulos preenchidos com 0
2025-10-30 20:29:17,846 - [INFO] - [hemoprod_rn.xlsx] -   → Coluna 'total_candidatos_inaptos_outras_total': 33 valores nulos preenchidos com 0
2025-10-30 20:29:17,846 - [INFO] - [hemoprod_rn.xlsx] -   → Coluna 'coleta_total_candidatos_desistentes': 33 valores nulos preenchidos com 0
2025-10-30 20:29:17,847 - [INFO] - [hemoprod_rn.xlsx] -   → Coluna 'total_interrupcoes_coleta_dificuldade_puncao_venosa': 33 valores nulos preenchidos com 0
2025-10-30 20:29:17,847 - [INFO] - [hemoprod_rn.xlsx] -   → Coluna 'total_interrupcoes_coleta_reacao_vagal': 33 valores nulos preenchidos com 0
2025-10-30 20:29:17,847 - [INFO] - [hemoprod_rn.xlsx] -   → Coluna 'total_interrupcoes_coleta_outros_motivos': 33 valores nulos preenchidos com 0
2025-10-30 20:29:17,847 - [INFO] - [hemoprod_rn.xlsx] -   → Coluna 'total_coletas_sangue_total': 33 valores nulos preenchidos com 0
2025-10-30 20:29:17,847 - [INFO] - [hemoprod_rn.xlsx] -   → Coluna 'total_coletas_aferese': 33 valores nulos preenchidos com 0
2025-10-30 20:29:17,848 - [INFO] - [hemoprod_rn.xlsx] -   → Coluna 'exames_triagem_doenca_doenca_chagas_amostras_testadas': 33 valores nulos preenchidos com 0
2025-10-30 20:29:17,848 - [INFO] - [hemoprod_rn.xlsx] -   → Coluna 'exames_triagem_doenca_doenca_chagas_amostras_reagentes': 33 valores nulos preenchidos com 0
2025-10-30 20:29:17,848 - [INFO] - [hemoprod_rn.xlsx] -   → Coluna 'exames_triagem_doenca_hiv_amostras_testadas': 33 valores nulos preenchidos com 0
2025-10-30 20:29:17,848 - [INFO] - [hemoprod_rn.xlsx] -   → Coluna 'exames_triagem_doenca_hiv_amostras_reagentes': 33 valores nulos preenchidos com 0
2025-10-30 20:29:17,848 - [INFO] - [hemoprod_rn.xlsx] -   → Coluna 'exames_triagem_doenca_sifilis_amostras_testadas': 33 valores nulos preenchidos com 0
2025-10-30 20:29:17,848 - [INFO] - [hemoprod_rn.xlsx] -   → Coluna '`exames_triagem_doenca_sifilis_amostras_reagentes': 33 valores nulos preenchidos com 0
2025-10-30 20:29:17,849 - [INFO] - [hemoprod_rn.xlsx] -   → Coluna 'exames_triagem_doenca_hepatite_b_hbs_ag_amostras_testadas': 33 valores nulos preenchidos com 0
2025-10-30 20:29:17,849 - [INFO] - [hemoprod_rn.xlsx] -   → Coluna 'exames_triagem_doenca_hepatite_b_hbs_ag_amostras_reagentes': 33 valores nulos preenchidos com 0
2025-10-30 20:29:17,849 - [INFO] - [hemoprod_rn.xlsx] -   → Coluna 'exames_triagem_doenca_hepatite_b_anti_hbc_amostras_testadas': 33 valores nulos preenchidos com 0
2025-10-30 20:29:17,849 - [INFO] - [hemoprod_rn.xlsx] -   → Coluna 'exames_triagem_doenca_hepatite_b_anti_hbc_amostras_reagentes': 33 valores nulos preenchidos com 0
2025-10-30 20:29:17,849 - [INFO] - [hemoprod_rn.xlsx] -   → Coluna 'exames_triagem_doenca_hepatite_c_amostras_testadas': 33 valores nulos preenchidos com 0
2025-10-30 20:29:17,849 - [INFO] - [hemoprod_rn.xlsx] -   → Coluna 'exames_triagem_doenca_hepatite_c_amostras_reagentes': 33 valores nulos preenchidos com 0
2025-10-30 20:29:17,849 - [INFO] - [hemoprod_rn.xlsx] -   → Coluna 'exames_triagem_doenca_htlv_i_ii_amostras_testadas': 33 valores nulos preenchidos com 0
2025-10-30 20:29:17,850 - [INFO] - [hemoprod_rn.xlsx] -   → Coluna 'exames_triagem_doenca_htlv_i_ii_amostras_reagentes': 33 valores nulos preenchidos com 0
2025-10-30 20:29:17,850 - [INFO] - [hemoprod_rn.xlsx] -   → Coluna 'exames_triagem_doenca_malaria_amostras_testadas': 33 valores nulos preenchidos com 0
2025-10-30 20:29:17,850 - [INFO] - [hemoprod_rn.xlsx] -   → Coluna 'exames_triagem_doenca_malaria_amostras_reagentes': 33 valores nulos preenchidos com 0
2025-10-30 20:29:17,850 - [INFO] - [hemoprod_rn.xlsx] -   → Coluna 'exames_triagem_doenca_hbv_teste_nat_amostras_testadas': 33 valores nulos preenchidos com 0
2025-10-30 20:29:17,850 - [INFO] - [hemoprod_rn.xlsx] -   → Coluna 'exames_triagem_doenca_hbv_teste_nat_amostras_reagentes': 33 valores nulos preenchidos com 0
2025-10-30 20:29:17,850 - [INFO] - [hemoprod_rn.xlsx] -   → Coluna 'exames_triagem_doenca_hcv_teste_nat_amostras_testadas': 33 valores nulos preenchidos com 0
2025-10-30 20:29:17,851 - [INFO] - [hemoprod_rn.xlsx] -   → Coluna 'exames_triagem_doenca_hcv_teste_nat_amostras_reagentes': 33 valores nulos preenchidos com 0
2025-10-30 20:29:17,851 - [INFO] - [hemoprod_rn.xlsx] -   → Coluna 'exames_triagem_doenca_hiv_teste_nat_amostras_testadas': 33 valores nulos preenchidos com 0
2025-10-30 20:29:17,851 - [INFO] - [hemoprod_rn.xlsx] -   → Coluna 'exames_triagem_doenca_hiv_teste_nat_amostras_reagentes': 33 valores nulos preenchidos com 0
2025-10-30 20:29:17,852 - [INFO] - [hemoprod_rn.xlsx] -   → Coluna 'outros_tipos_pesquisa_pesquisa_hbs_doador': 33 valores nulos preenchidos com 0
2025-10-30 20:29:17,852 - [INFO] - [hemoprod_rn.xlsx] -   → Coluna 'inaptidao_triagem_laboratorial_total_bolsas_testadas': 33 valores nulos preenchidos com 0
2025-10-30 20:29:17,852 - [INFO] - [hemoprod_rn.xlsx] -   → Coluna 'inaptidao_triagem_laboratorial_total_bolsas_reagentes_1_ou_mais_marcadores': 33 valores nulos preenchidos com 0
2025-10-30 20:29:17,853 - [INFO] - [hemoprod_rn.xlsx] -   → Coluna 'descarte_bolsas_total_bolsas_descartadas_auto_exclusao': 33 valores nulos preenchidos com 0
2025-10-30 20:29:17,857 - [INFO] - [hemoprod_rn.xlsx] -   → Coluna 'envio_plasma_producao_hemoderivados_plasma_fresco_congelado': 33 valores nulos preenchidos com 0
2025-10-30 20:29:17,858 - [INFO] - [hemoprod_rn.xlsx] -   → Coluna 'envio_plasma_producao_hemoderivados_plasma_comum': 33 valores nulos preenchidos com 0
2025-10-30 20:29:17,858 - [INFO] - [hemoprod_rn.xlsx] - ✓ 90 colunas Int64 preenchidas com 0
2025-10-30 20:29:17,858 - [INFO] - [hemoprod_rn.xlsx] - Iniciando deduplicação...
2025-10-30 20:29:17,858 - [INFO] - [hemoprod_rn.xlsx] - Convertendo 'data_envio' para datetime...
2025-10-30 20:29:17,866 - [INFO] - [hemoprod_rn.xlsx] - ✓ Deduplicação concluída - Removidas 2 linhas duplicadas
2025-10-30 20:29:17,866 - [INFO] - [hemoprod_rn.xlsx] - ✓ Linhas Finais: 77
2025-10-30 20:29:17,866 - [INFO] - [hemoprod_rn.xlsx] - Salvando arquivo processado...
2025-10-30 20:29:18,049 - [INFO] - [hemoprod_rn.xlsx] - ============================================================
2025-10-30 20:29:18,049 - [INFO] - [hemoprod_rn.xlsx] - ✅ PROCESSAMENTO CONCLUÍDO COM SUCESSO
2025-10-30 20:29:18,049 - [INFO] - [hemoprod_rn.xlsx] - ✅ Arquivo salvo em: D:\Documentos\STTP\hemoce\src\dados_processados\hemoprod_rn.xlsx
2025-10-30 20:29:18,049 - [INFO] - [hemoprod_rn.xlsx] - ============================================================
2025-10-30 20:29:18,049 - [INFO] - [hemoprod_rn.xlsx] - 
