2025-10-30 20:29:14,679 - [INFO] - [hemoprod_pr.xlsx] - ============================================================
2025-10-30 20:29:14,680 - [INFO] - [hemoprod_pr.xlsx] - INICIANDO PROCESSAMENTO: PR
2025-10-30 20:29:14,680 - [INFO] - [hemoprod_pr.xlsx] - ============================================================
2025-10-30 20:29:14,680 - [INFO] - [hemoprod_pr.xlsx] - Carregando arquivo: Hemoprod_PR.xlsx
2025-10-30 20:29:14,680 - [INFO] - [hemoprod_pr.xlsx] - Planilha: HEMOPROD - PARANA
2025-10-30 20:29:15,751 - [INFO] - [hemoprod_pr.xlsx] - ✓ Colunas Originais: 269
2025-10-30 20:29:15,751 - [INFO] - [hemoprod_pr.xlsx] - ✓ Linhas Originais: 920
2025-10-30 20:29:15,751 - [INFO] - [hemoprod_pr.xlsx] - Iniciando limpeza e renomeação de colunas...
2025-10-30 20:29:15,752 - [INFO] - [hemoprod_pr.xlsx] - ✓ Colunas limpas e renomeadas
2025-10-30 20:29:15,752 - [INFO] - [hemoprod_pr.xlsx] - Normalizando período e ano de referência...
2025-10-30 20:29:15,754 - [INFO] - [hemoprod_pr.xlsx] - ✓ Nenhum registro necessitou normalização de período/ano
2025-10-30 20:29:15,754 - [INFO] - [hemoprod_pr.xlsx] - ✓ Período/Ano normalizado
2025-10-30 20:29:15,754 - [INFO] - [hemoprod_pr.xlsx] - Normalizando município e estado...
2025-10-30 20:29:15,754 - [INFO] - [hemoprod_pr.xlsx] - Coluna 'estado' não existe. Criando...
2025-10-30 20:29:15,783 - [INFO] - [hemoprod_pr.xlsx] - ✓ Normalizados 920 registros com estado no município
2025-10-30 20:29:15,783 - [INFO] - [hemoprod_pr.xlsx] - ✓ Município/Estado normalizado
2025-10-30 20:29:15,783 - [INFO] - [hemoprod_pr.xlsx] - Aplicando tipos de dados...
2025-10-30 20:29:15,847 - [INFO] - [hemoprod_pr.xlsx] - ✓ Tipos aplicados
2025-10-30 20:29:15,847 - [INFO] - [hemoprod_pr.xlsx] - ✓ Colunas Faltantes: 1
2025-10-30 20:29:15,847 - [INFO] - [hemoprod_pr.xlsx] -   → ['estado']
2025-10-30 20:29:15,847 - [INFO] - [hemoprod_pr.xlsx] - ✓ Colunas A Mais: 0
2025-10-30 20:29:15,847 - [INFO] - [hemoprod_pr.xlsx] - Padronizando schema...
2025-10-30 20:29:15,847 - [INFO] - [hemoprod_pr.xlsx] - Coluna 'estado' já existe, mantendo valores atuais
2025-10-30 20:29:15,849 - [INFO] - [hemoprod_pr.xlsx] - ✓ Schema padronizado - Colunas Finais: 270
2025-10-30 20:29:15,849 - [INFO] - [hemoprod_pr.xlsx] - Preenchendo valores nulos em colunas Int64 com 0...
2025-10-30 20:29:15,851 - [INFO] - [hemoprod_pr.xlsx] -   → Coluna 'semente': 11 valores nulos preenchidos com 0
2025-10-30 20:29:15,851 - [INFO] - [hemoprod_pr.xlsx] -   → Coluna 'identificacao_dado': 920 valores nulos preenchidos com 0
2025-10-30 20:29:15,852 - [INFO] - [hemoprod_pr.xlsx] -   → Coluna 'identificacao_estabelecimento': 920 valores nulos preenchidos com 0
2025-10-30 20:29:15,852 - [INFO] - [hemoprod_pr.xlsx] -   → Coluna 'cnes': 920 valores nulos preenchidos com 0
2025-10-30 20:29:15,852 - [INFO] - [hemoprod_pr.xlsx] -   → Coluna 'endereco': 920 valores nulos preenchidos com 0
2025-10-30 20:29:15,852 - [INFO] - [hemoprod_pr.xlsx] -   → Coluna 'triagem_clinica_total_doacao_espontanea_aptos': 9 valores nulos preenchidos com 0
2025-10-30 20:29:15,853 - [INFO] - [hemoprod_pr.xlsx] -   → Coluna 'triagem_clinica_total_doacao_espontanea_inaptos': 9 valores nulos preenchidos com 0
2025-10-30 20:29:15,853 - [INFO] - [hemoprod_pr.xlsx] -   → Coluna 'triagem_clinica_total_doacao_reposicao_aptos': 9 valores nulos preenchidos com 0
2025-10-30 20:29:15,853 - [INFO] - [hemoprod_pr.xlsx] -   → Coluna 'triagem_clinica_total_doacao_reposicao_inaptos': 9 valores nulos preenchidos com 0
2025-10-30 20:29:15,853 - [INFO] - [hemoprod_pr.xlsx] -   → Coluna 'triagem_clinica_total_doacao_autologa_aptos': 9 valores nulos preenchidos com 0
2025-10-30 20:29:15,853 - [INFO] - [hemoprod_pr.xlsx] -   → Coluna 'triagem_clinica_total_doacao_autologa_inaptos': 9 valores nulos preenchidos com 0
2025-10-30 20:29:15,853 - [INFO] - [hemoprod_pr.xlsx] -   → Coluna 'total_doador_primeira_vez_aptos': 9 valores nulos preenchidos com 0
2025-10-30 20:29:15,854 - [INFO] - [hemoprod_pr.xlsx] -   → Coluna 'total_doador_primeira_vez_inaptos': 9 valores nulos preenchidos com 0
2025-10-30 20:29:15,854 - [INFO] - [hemoprod_pr.xlsx] -   → Coluna 'total_doador_repeticao_aptos': 9 valores nulos preenchidos com 0
2025-10-30 20:29:15,854 - [INFO] - [hemoprod_pr.xlsx] -   → Coluna 'total_doador_repeticao_inaptos': 9 valores nulos preenchidos com 0
2025-10-30 20:29:15,854 - [INFO] - [hemoprod_pr.xlsx] -   → Coluna 'total_doador_esporadico_aptos': 9 valores nulos preenchidos com 0
2025-10-30 20:29:15,855 - [INFO] - [hemoprod_pr.xlsx] -   → Coluna 'total_doador_esporadico_inaptos': 9 valores nulos preenchidos com 0
2025-10-30 20:29:15,855 - [INFO] - [hemoprod_pr.xlsx] -   → Coluna 'total_doador_masculino_aptos': 9 valores nulos preenchidos com 0
2025-10-30 20:29:15,855 - [INFO] - [hemoprod_pr.xlsx] -   → Coluna 'total_doador_masculino_inaptos': 9 valores nulos preenchidos com 0
2025-10-30 20:29:15,855 - [INFO] - [hemoprod_pr.xlsx] -   → Coluna 'total_doador_feminino_aptos': 9 valores nulos preenchidos com 0
2025-10-30 20:29:15,855 - [INFO] - [hemoprod_pr.xlsx] -   → Coluna 'total_doador_feminino_inaptos': 9 valores nulos preenchidos com 0
2025-10-30 20:29:15,856 - [INFO] - [hemoprod_pr.xlsx] -   → Coluna 'total_doador_menor_de_18_anos_aptos': 9 valores nulos preenchidos com 0
2025-10-30 20:29:15,856 - [INFO] - [hemoprod_pr.xlsx] -   → Coluna 'total_doador_menor_de_18_anos_inaptos': 9 valores nulos preenchidos com 0
2025-10-30 20:29:15,856 - [INFO] - [hemoprod_pr.xlsx] -   → Coluna 'total_doador_18_ate_29_anos_aptos': 9 valores nulos preenchidos com 0
2025-10-30 20:29:15,856 - [INFO] - [hemoprod_pr.xlsx] -   → Coluna 'total_doador_18_ate_29_anos_inaptos': 9 valores nulos preenchidos com 0
2025-10-30 20:29:15,856 - [INFO] - [hemoprod_pr.xlsx] -   → Coluna 'total_doador_acima_de_29_anos_aptos': 9 valores nulos preenchidos com 0
2025-10-30 20:29:15,856 - [INFO] - [hemoprod_pr.xlsx] -   → Coluna 'total_doador_acima_de_29_anos_inaptos': 9 valores nulos preenchidos com 0
2025-10-30 20:29:15,857 - [INFO] - [hemoprod_pr.xlsx] -   → Coluna 'total_candidatos_inaptos_anemia_masculino': 9 valores nulos preenchidos com 0
2025-10-30 20:29:15,857 - [INFO] - [hemoprod_pr.xlsx] -   → Coluna 'total_candidatos_inaptos_anemia_feminino': 9 valores nulos preenchidos com 0
2025-10-30 20:29:15,857 - [INFO] - [hemoprod_pr.xlsx] -   → Coluna 'total_candidatos_inaptos_anemia_total': 9 valores nulos preenchidos com 0
2025-10-30 20:29:15,857 - [INFO] - [hemoprod_pr.xlsx] -   → Coluna 'total_candidatos_inaptos_hipertensao_masculino': 9 valores nulos preenchidos com 0
2025-10-30 20:29:15,858 - [INFO] - [hemoprod_pr.xlsx] -   → Coluna 'total_candidatos_inaptos_hipertensao_feminino': 9 valores nulos preenchidos com 0
2025-10-30 20:29:15,858 - [INFO] - [hemoprod_pr.xlsx] -   → Coluna 'total_candidatos_inaptos_hipertensao_total': 9 valores nulos preenchidos com 0
2025-10-30 20:29:15,858 - [INFO] - [hemoprod_pr.xlsx] -   → Coluna 'total_candidatos_inaptos_hipotensao_masculino': 9 valores nulos preenchidos com 0
2025-10-30 20:29:15,858 - [INFO] - [hemoprod_pr.xlsx] -   → Coluna 'total_candidatos_inaptos_hipotensao_feminino': 9 valores nulos preenchidos com 0
2025-10-30 20:29:15,859 - [INFO] - [hemoprod_pr.xlsx] -   → Coluna 'total_candidatos_inaptos_hipotensao_total': 9 valores nulos preenchidos com 0
2025-10-30 20:29:15,860 - [INFO] - [hemoprod_pr.xlsx] -   → Coluna 'total_candidatos_inaptos_alcoolismo_masculino': 9 valores nulos preenchidos com 0
2025-10-30 20:29:15,860 - [INFO] - [hemoprod_pr.xlsx] -   → Coluna 'total_candidatos_inaptos_alcoolismo_feminino': 9 valores nulos preenchidos com 0
2025-10-30 20:29:15,860 - [INFO] - [hemoprod_pr.xlsx] -   → Coluna 'total_candidatos_inaptos_alcoolismo_total': 9 valores nulos preenchidos com 0
2025-10-30 20:29:15,860 - [INFO] - [hemoprod_pr.xlsx] -   → Coluna 'total_candidatos_inaptos_comportamento_risco_dst_masculino': 9 valores nulos preenchidos com 0
2025-10-30 20:29:15,860 - [INFO] - [hemoprod_pr.xlsx] -   → Coluna 'total_candidatos_inaptos_comportamento_risco_dst_feminino': 9 valores nulos preenchidos com 0
2025-10-30 20:29:15,861 - [INFO] - [hemoprod_pr.xlsx] -   → Coluna 'total_candidatos_inaptos_comportamento_risco_dst_total': 9 valores nulos preenchidos com 0
2025-10-30 20:29:15,861 - [INFO] - [hemoprod_pr.xlsx] -   → Coluna 'total_candidatos_inaptos_uso_drogas_masculino': 9 valores nulos preenchidos com 0
2025-10-30 20:29:15,861 - [INFO] - [hemoprod_pr.xlsx] -   → Coluna 'total_candidatos_inaptos_uso_drogas_feminino': 9 valores nulos preenchidos com 0
2025-10-30 20:29:15,861 - [INFO] - [hemoprod_pr.xlsx] -   → Coluna 'total_candidatos_inaptos_uso_drogas_total': 9 valores nulos preenchidos com 0
2025-10-30 20:29:15,861 - [INFO] - [hemoprod_pr.xlsx] -   → Coluna 'total_candidatos_inaptos_hepatite_masculino': 9 valores nulos preenchidos com 0
2025-10-30 20:29:15,862 - [INFO] - [hemoprod_pr.xlsx] -   → Coluna 'total_candidatos_inaptos_hepatite_feminino': 9 valores nulos preenchidos com 0
2025-10-30 20:29:15,862 - [INFO] - [hemoprod_pr.xlsx] -   → Coluna 'total_candidatos_inaptos_hepatite_total': 9 valores nulos preenchidos com 0
2025-10-30 20:29:15,862 - [INFO] - [hemoprod_pr.xlsx] -   → Coluna 'total_candidatos_inaptos_doenca_chagas_masculino': 9 valores nulos preenchidos com 0
2025-10-30 20:29:15,862 - [INFO] - [hemoprod_pr.xlsx] -   → Coluna 'total_candidatos_inaptos_doenca_chagas_feminino': 9 valores nulos preenchidos com 0
2025-10-30 20:29:15,862 - [INFO] - [hemoprod_pr.xlsx] -   → Coluna 'total_candidatos_inaptos_doenca_chagas_total': 9 valores nulos preenchidos com 0
2025-10-30 20:29:15,863 - [INFO] - [hemoprod_pr.xlsx] -   → Coluna 'total_candidatos_inaptos_malaria_masculino': 9 valores nulos preenchidos com 0
2025-10-30 20:29:15,863 - [INFO] - [hemoprod_pr.xlsx] -   → Coluna 'total_candidatos_inaptos_malaria_feminino': 9 valores nulos preenchidos com 0
2025-10-30 20:29:15,863 - [INFO] - [hemoprod_pr.xlsx] -   → Coluna 'total_candidatos_inaptos_malaria_total': 9 valores nulos preenchidos com 0
2025-10-30 20:29:15,863 - [INFO] - [hemoprod_pr.xlsx] -   → Coluna 'total_candidatos_inaptos_outras_masculino': 9 valores nulos preenchidos com 0
2025-10-30 20:29:15,863 - [INFO] - [hemoprod_pr.xlsx] -   → Coluna 'total_candidatos_inaptos_outras_feminino': 9 valores nulos preenchidos com 0
2025-10-30 20:29:15,864 - [INFO] - [hemoprod_pr.xlsx] -   → Coluna 'total_candidatos_inaptos_outras_total': 9 valores nulos preenchidos com 0
2025-10-30 20:29:15,864 - [INFO] - [hemoprod_pr.xlsx] -   → Coluna 'coleta_total_candidatos_desistentes': 9 valores nulos preenchidos com 0
2025-10-30 20:29:15,864 - [INFO] - [hemoprod_pr.xlsx] -   → Coluna 'total_interrupcoes_coleta_dificuldade_puncao_venosa': 9 valores nulos preenchidos com 0
2025-10-30 20:29:15,864 - [INFO] - [hemoprod_pr.xlsx] -   → Coluna 'total_interrupcoes_coleta_reacao_vagal': 9 valores nulos preenchidos com 0
2025-10-30 20:29:15,864 - [INFO] - [hemoprod_pr.xlsx] -   → Coluna 'total_interrupcoes_coleta_outros_motivos': 9 valores nulos preenchidos com 0
2025-10-30 20:29:15,865 - [INFO] - [hemoprod_pr.xlsx] -   → Coluna 'total_coletas_sangue_total': 9 valores nulos preenchidos com 0
2025-10-30 20:29:15,865 - [INFO] - [hemoprod_pr.xlsx] -   → Coluna 'total_coletas_aferese': 9 valores nulos preenchidos com 0
2025-10-30 20:29:15,865 - [INFO] - [hemoprod_pr.xlsx] -   → Coluna 'exames_triagem_doenca_doenca_chagas_amostras_testadas': 15 valores nulos preenchidos com 0
2025-10-30 20:29:15,865 - [INFO] - [hemoprod_pr.xlsx] -   → Coluna 'exames_triagem_doenca_doenca_chagas_amostras_reagentes': 15 valores nulos preenchidos com 0
2025-10-30 20:29:15,865 - [INFO] - [hemoprod_pr.xlsx] -   → Coluna 'exames_triagem_doenca_hiv_amostras_testadas': 15 valores nulos preenchidos com 0
2025-10-30 20:29:15,866 - [INFO] - [hemoprod_pr.xlsx] -   → Coluna 'exames_triagem_doenca_hiv_amostras_reagentes': 15 valores nulos preenchidos com 0
2025-10-30 20:29:15,866 - [INFO] - [hemoprod_pr.xlsx] -   → Coluna 'exames_triagem_doenca_sifilis_amostras_testadas': 15 valores nulos preenchidos com 0
2025-10-30 20:29:15,866 - [INFO] - [hemoprod_pr.xlsx] -   → Coluna '`exames_triagem_doenca_sifilis_amostras_reagentes': 15 valores nulos preenchidos com 0
2025-10-30 20:29:15,866 - [INFO] - [hemoprod_pr.xlsx] -   → Coluna 'exames_triagem_doenca_hepatite_b_hbs_ag_amostras_testadas': 15 valores nulos preenchidos com 0
2025-10-30 20:29:15,866 - [INFO] - [hemoprod_pr.xlsx] -   → Coluna 'exames_triagem_doenca_hepatite_b_hbs_ag_amostras_reagentes': 15 valores nulos preenchidos com 0
2025-10-30 20:29:15,867 - [INFO] - [hemoprod_pr.xlsx] -   → Coluna 'exames_triagem_doenca_hepatite_b_anti_hbc_amostras_testadas': 15 valores nulos preenchidos com 0
2025-10-30 20:29:15,867 - [INFO] - [hemoprod_pr.xlsx] -   → Coluna 'exames_triagem_doenca_hepatite_b_anti_hbc_amostras_reagentes': 15 valores nulos preenchidos com 0
2025-10-30 20:29:15,867 - [INFO] - [hemoprod_pr.xlsx] -   → Coluna 'exames_triagem_doenca_hepatite_c_amostras_testadas': 15 valores nulos preenchidos com 0
2025-10-30 20:29:15,867 - [INFO] - [hemoprod_pr.xlsx] -   → Coluna 'exames_triagem_doenca_hepatite_c_amostras_reagentes': 15 valores nulos preenchidos com 0
2025-10-30 20:29:15,867 - [INFO] - [hemoprod_pr.xlsx] -   → Coluna 'exames_triagem_doenca_htlv_i_ii_amostras_testadas': 15 valores nulos preenchidos com 0
2025-10-30 20:29:15,868 - [INFO] - [hemoprod_pr.xlsx] -   → Coluna 'exames_triagem_doenca_htlv_i_ii_amostras_reagentes': 15 valores nulos preenchidos com 0
2025-10-30 20:29:15,868 - [INFO] - [hemoprod_pr.xlsx] -   → Coluna 'exames_triagem_doenca_malaria_amostras_testadas': 15 valores nulos preenchidos com 0
2025-10-30 20:29:15,868 - [INFO] - [hemoprod_pr.xlsx] -   → Coluna 'exames_triagem_doenca_malaria_amostras_reagentes': 15 valores nulos preenchidos com 0
2025-10-30 20:29:15,868 - [INFO] - [hemoprod_pr.xlsx] -   → Coluna 'exames_triagem_doenca_hbv_teste_nat_amostras_testadas': 15 valores nulos preenchidos com 0
2025-10-30 20:29:15,868 - [INFO] - [hemoprod_pr.xlsx] -   → Coluna 'exames_triagem_doenca_hbv_teste_nat_amostras_reagentes': 15 valores nulos preenchidos com 0
2025-10-30 20:29:15,868 - [INFO] - [hemoprod_pr.xlsx] -   → Coluna 'exames_triagem_doenca_hcv_teste_nat_amostras_testadas': 15 valores nulos preenchidos com 0
2025-10-30 20:29:15,869 - [INFO] - [hemoprod_pr.xlsx] -   → Coluna 'exames_triagem_doenca_hcv_teste_nat_amostras_reagentes': 15 valores nulos preenchidos com 0
2025-10-30 20:29:15,869 - [INFO] - [hemoprod_pr.xlsx] -   → Coluna 'exames_triagem_doenca_hiv_teste_nat_amostras_testadas': 15 valores nulos preenchidos com 0
2025-10-30 20:29:15,869 - [INFO] - [hemoprod_pr.xlsx] -   → Coluna 'exames_triagem_doenca_hiv_teste_nat_amostras_reagentes': 15 valores nulos preenchidos com 0
2025-10-30 20:29:15,869 - [INFO] - [hemoprod_pr.xlsx] -   → Coluna 'imunohematologia_a_positivo_doador': 6 valores nulos preenchidos com 0
2025-10-30 20:29:15,870 - [INFO] - [hemoprod_pr.xlsx] -   → Coluna 'imunohematologia_a_positivo_receptor': 6 valores nulos preenchidos com 0
2025-10-30 20:29:15,870 - [INFO] - [hemoprod_pr.xlsx] -   → Coluna 'imunohematologia_b_positivo_doador': 6 valores nulos preenchidos com 0
2025-10-30 20:29:15,870 - [INFO] - [hemoprod_pr.xlsx] -   → Coluna 'imunohematologia_b_positivo_receptor': 6 valores nulos preenchidos com 0
2025-10-30 20:29:15,870 - [INFO] - [hemoprod_pr.xlsx] -   → Coluna 'imunohematologia_ab_positivo_doador': 6 valores nulos preenchidos com 0
2025-10-30 20:29:15,870 - [INFO] - [hemoprod_pr.xlsx] -   → Coluna 'imunohematologia_ab_positivo_receptor': 6 valores nulos preenchidos com 0
2025-10-30 20:29:15,871 - [INFO] - [hemoprod_pr.xlsx] -   → Coluna 'imunohematologia_o_positivo_doador': 6 valores nulos preenchidos com 0
2025-10-30 20:29:15,871 - [INFO] - [hemoprod_pr.xlsx] -   → Coluna 'imunohematologia_o_positivo_receptor': 6 valores nulos preenchidos com 0
2025-10-30 20:29:15,871 - [INFO] - [hemoprod_pr.xlsx] -   → Coluna 'imunohematologia_a_negativo_doador': 6 valores nulos preenchidos com 0
2025-10-30 20:29:15,871 - [INFO] - [hemoprod_pr.xlsx] -   → Coluna 'imunohematologia_a_negativo_receptor': 6 valores nulos preenchidos com 0
2025-10-30 20:29:15,871 - [INFO] - [hemoprod_pr.xlsx] -   → Coluna 'imunohematologia_b_negativo_doador': 6 valores nulos preenchidos com 0
2025-10-30 20:29:15,872 - [INFO] - [hemoprod_pr.xlsx] -   → Coluna 'imunohematologia_b_negativo_receptor': 6 valores nulos preenchidos com 0
2025-10-30 20:29:15,872 - [INFO] - [hemoprod_pr.xlsx] -   → Coluna 'imunohematologia_ab_negativo_doador': 6 valores nulos preenchidos com 0
2025-10-30 20:29:15,872 - [INFO] - [hemoprod_pr.xlsx] -   → Coluna 'imunohematologia_ab_negativo_receptor': 6 valores nulos preenchidos com 0
2025-10-30 20:29:15,872 - [INFO] - [hemoprod_pr.xlsx] -   → Coluna 'imunohematologia_o_negativo_doador': 6 valores nulos preenchidos com 0
2025-10-30 20:29:15,872 - [INFO] - [hemoprod_pr.xlsx] -   → Coluna 'imunohematologia_o_negativo_receptor': 6 valores nulos preenchidos com 0
2025-10-30 20:29:15,873 - [INFO] - [hemoprod_pr.xlsx] -   → Coluna 'imunohematologia_dfraco_doador': 6 valores nulos preenchidos com 0
2025-10-30 20:29:15,873 - [INFO] - [hemoprod_pr.xlsx] -   → Coluna 'imunohematologia_dfraco_receptor': 6 valores nulos preenchidos com 0
2025-10-30 20:29:15,873 - [INFO] - [hemoprod_pr.xlsx] -   → Coluna 'imunohematologia_pesquisa_anticorpo_irregular_positivo_doador': 6 valores nulos preenchidos com 0
2025-10-30 20:29:15,873 - [INFO] - [hemoprod_pr.xlsx] -   → Coluna 'imunohematologia_pesquisa_anticorpo_irregular_positivo_receptor': 6 valores nulos preenchidos com 0
2025-10-30 20:29:15,873 - [INFO] - [hemoprod_pr.xlsx] -   → Coluna 'imunohematologia_fenotipagem_doador': 6 valores nulos preenchidos com 0
2025-10-30 20:29:15,873 - [INFO] - [hemoprod_pr.xlsx] -   → Coluna 'imunohematologia_fenotipagem_receptor': 6 valores nulos preenchidos com 0
2025-10-30 20:29:15,873 - [INFO] - [hemoprod_pr.xlsx] -   → Coluna 'imunohematologia_combs_direto_doador': 6 valores nulos preenchidos com 0
2025-10-30 20:29:15,873 - [INFO] - [hemoprod_pr.xlsx] -   → Coluna 'imunohematologia_combs_direto_receptor': 6 valores nulos preenchidos com 0
2025-10-30 20:29:15,874 - [INFO] - [hemoprod_pr.xlsx] -   → Coluna 'outros_tipos_pesquisa_pesquisa_hbs_doador': 15 valores nulos preenchidos com 0
2025-10-30 20:29:15,874 - [INFO] - [hemoprod_pr.xlsx] -   → Coluna 'inaptidao_triagem_laboratorial_total_bolsas_testadas': 15 valores nulos preenchidos com 0
2025-10-30 20:29:15,874 - [INFO] - [hemoprod_pr.xlsx] -   → Coluna 'inaptidao_triagem_laboratorial_total_bolsas_reagentes_1_ou_mais_marcadores': 15 valores nulos preenchidos com 0
2025-10-30 20:29:15,874 - [INFO] - [hemoprod_pr.xlsx] -   → Coluna 'descarte_bolsas_total_bolsas_descartadas_auto_exclusao': 15 valores nulos preenchidos com 0
2025-10-30 20:29:15,874 - [INFO] - [hemoprod_pr.xlsx] -   → Coluna 'producao_hemoterapica_entradas_sangue_total_produzidas': 6 valores nulos preenchidos com 0
2025-10-30 20:29:15,876 - [INFO] - [hemoprod_pr.xlsx] -   → Coluna 'producao_hemoterapica_entradas_sangue_total_recebidas': 6 valores nulos preenchidos com 0
2025-10-30 20:29:15,876 - [INFO] - [hemoprod_pr.xlsx] -   → Coluna 'producao_hemoterapica_entradas_sangue_total_devolvidas': 6 valores nulos preenchidos com 0
2025-10-30 20:29:15,876 - [INFO] - [hemoprod_pr.xlsx] -   → Coluna 'producao_hemoterapica_entradas_plasma_fresco_congelado_produzidas': 6 valores nulos preenchidos com 0
2025-10-30 20:29:15,876 - [INFO] - [hemoprod_pr.xlsx] -   → Coluna 'producao_hemoterapica_entradas_plasma_fresco_congelado_recebidas': 6 valores nulos preenchidos com 0
2025-10-30 20:29:15,877 - [INFO] - [hemoprod_pr.xlsx] -   → Coluna 'producao_hemoterapica_entradas_plasma_fresco_congelado_devolvidas': 6 valores nulos preenchidos com 0
2025-10-30 20:29:15,877 - [INFO] - [hemoprod_pr.xlsx] -   → Coluna 'producao_hemoterapica_entradas_plasma_comum_produzidas': 6 valores nulos preenchidos com 0
2025-10-30 20:29:15,877 - [INFO] - [hemoprod_pr.xlsx] -   → Coluna 'producao_hemoterapica_entradas_plasma_comum_recebidas': 6 valores nulos preenchidos com 0
2025-10-30 20:29:15,877 - [INFO] - [hemoprod_pr.xlsx] -   → Coluna 'producao_hemoterapica_entradas_plasma_comum_devolvidas': 6 valores nulos preenchidos com 0
2025-10-30 20:29:15,878 - [INFO] - [hemoprod_pr.xlsx] -   → Coluna 'producao_hemoterapica_entradas_concentrado_hemacias_produzidas': 6 valores nulos preenchidos com 0
2025-10-30 20:29:15,878 - [INFO] - [hemoprod_pr.xlsx] -   → Coluna 'producao_hemoterapica_entradas_concentrado_hemacias_recebidas': 6 valores nulos preenchidos com 0
2025-10-30 20:29:15,878 - [INFO] - [hemoprod_pr.xlsx] -   → Coluna 'producao_hemoterapica_entradas_concentrado_hemacias_devolvidas': 6 valores nulos preenchidos com 0
2025-10-30 20:29:15,878 - [INFO] - [hemoprod_pr.xlsx] -   → Coluna 'producao_hemoterapica_entradas_concentrado_hemacias_sem_buffy_coat_produzidas': 6 valores nulos preenchidos com 0
2025-10-30 20:29:15,878 - [INFO] - [hemoprod_pr.xlsx] -   → Coluna 'producao_hemoterapica_entradas_concentrado_hemacias_sem_buffy_coat_recebidas': 6 valores nulos preenchidos com 0
2025-10-30 20:29:15,879 - [INFO] - [hemoprod_pr.xlsx] -   → Coluna 'producao_hemoterapica_entradas_concentrado_hemacias_sem_buffy_coat_devolvidas': 6 valores nulos preenchidos com 0
2025-10-30 20:29:15,879 - [INFO] - [hemoprod_pr.xlsx] -   → Coluna 'producao_hemoterapica_entradas_concentrado_plaquetas_produzidas': 6 valores nulos preenchidos com 0
2025-10-30 20:29:15,879 - [INFO] - [hemoprod_pr.xlsx] -   → Coluna 'producao_hemoterapica_entradas_concentrado_plaquetas_recebidas': 6 valores nulos preenchidos com 0
2025-10-30 20:29:15,879 - [INFO] - [hemoprod_pr.xlsx] -   → Coluna 'producao_hemoterapica_entradas_concentrado_plaquetas_devolvidas': 6 valores nulos preenchidos com 0
2025-10-30 20:29:15,879 - [INFO] - [hemoprod_pr.xlsx] -   → Coluna 'producao_hemoterapica_entradas_concentrado_plaquetas_aferese_produzidas': 6 valores nulos preenchidos com 0
2025-10-30 20:29:15,879 - [INFO] - [hemoprod_pr.xlsx] -   → Coluna 'producao_hemoterapica_entradas_concentrado_plaquetas_aferese_recebidas': 6 valores nulos preenchidos com 0
2025-10-30 20:29:15,880 - [INFO] - [hemoprod_pr.xlsx] -   → Coluna 'producao_hemoterapica_entradas_concentrado_plaquetas_aferese_devolvidas': 6 valores nulos preenchidos com 0
2025-10-30 20:29:15,880 - [INFO] - [hemoprod_pr.xlsx] -   → Coluna 'producao_hemoterapica_entradas_concentrado_leucocitos_produzidas': 6 valores nulos preenchidos com 0
2025-10-30 20:29:15,880 - [INFO] - [hemoprod_pr.xlsx] -   → Coluna 'producao_hemoterapica_entradas_concentrado_leucocitos_recebidas': 6 valores nulos preenchidos com 0
2025-10-30 20:29:15,880 - [INFO] - [hemoprod_pr.xlsx] -   → Coluna 'producao_hemoterapica_entradas_concentrado_leucocitos_devolvidas': 6 valores nulos preenchidos com 0
2025-10-30 20:29:15,880 - [INFO] - [hemoprod_pr.xlsx] -   → Coluna 'producao_hemoterapica_entradas_crioprecipitado_produzidas': 6 valores nulos preenchidos com 0
2025-10-30 20:29:15,880 - [INFO] - [hemoprod_pr.xlsx] -   → Coluna 'producao_hemoterapica_entradas_crioprecipitado_recebidas': 6 valores nulos preenchidos com 0
2025-10-30 20:29:15,881 - [INFO] - [hemoprod_pr.xlsx] -   → Coluna 'producao_hemoterapica_entradas_crioprecipitado_devolvidas': 6 valores nulos preenchidos com 0
2025-10-30 20:29:15,881 - [INFO] - [hemoprod_pr.xlsx] -   → Coluna 'producao_hemoterapica_entradas_concentrado_de_plaquetas_sem_buffy_coat_produzidas': 6 valores nulos preenchidos com 0
2025-10-30 20:29:15,881 - [INFO] - [hemoprod_pr.xlsx] -   → Coluna 'producao_hemoterapica_entradas_concentrado_de_plaquetas_sem_buffy_coat_recebidas': 6 valores nulos preenchidos com 0
2025-10-30 20:29:15,881 - [INFO] - [hemoprod_pr.xlsx] -   → Coluna 'producao_hemoterapica_entradas_concentrado_de_plaquetas_sem_buffy_coat_devolvidas': 6 valores nulos preenchidos com 0
2025-10-30 20:29:15,881 - [INFO] - [hemoprod_pr.xlsx] -   → Coluna 'perdas_sangue_total_rompimento_de_bolsa': 6 valores nulos preenchidos com 0
2025-10-30 20:29:15,881 - [INFO] - [hemoprod_pr.xlsx] -   → Coluna 'perdas_sangue_total_validade': 6 valores nulos preenchidos com 0
2025-10-30 20:29:15,882 - [INFO] - [hemoprod_pr.xlsx] -   → Coluna 'perdas_sangue_total_outros_motivos': 6 valores nulos preenchidos com 0
2025-10-30 20:29:15,882 - [INFO] - [hemoprod_pr.xlsx] -   → Coluna 'perdas_plasma_fresco_congelado_rompimento_de_bolsa': 6 valores nulos preenchidos com 0
2025-10-30 20:29:15,882 - [INFO] - [hemoprod_pr.xlsx] -   → Coluna 'perdas_plasma_fresco_congelado_validade': 6 valores nulos preenchidos com 0
2025-10-30 20:29:15,882 - [INFO] - [hemoprod_pr.xlsx] -   → Coluna 'perdas_plasma_fresco_congelado_outros_motivos': 6 valores nulos preenchidos com 0
2025-10-30 20:29:15,883 - [INFO] - [hemoprod_pr.xlsx] -   → Coluna 'perdas_plasma_comum_rompimento_de_bolsa': 6 valores nulos preenchidos com 0
2025-10-30 20:29:15,883 - [INFO] - [hemoprod_pr.xlsx] -   → Coluna 'perdas_plasma_comum_validade': 6 valores nulos preenchidos com 0
2025-10-30 20:29:15,883 - [INFO] - [hemoprod_pr.xlsx] -   → Coluna 'perdas_plasma_comum_outros_motivos': 6 valores nulos preenchidos com 0
2025-10-30 20:29:15,883 - [INFO] - [hemoprod_pr.xlsx] -   → Coluna 'perdas_concentrado_de_hemacias_rompimento_de_bolsa': 6 valores nulos preenchidos com 0
2025-10-30 20:29:15,883 - [INFO] - [hemoprod_pr.xlsx] -   → Coluna 'perdas_concentrado_de_hemacias_validade': 6 valores nulos preenchidos com 0
2025-10-30 20:29:15,883 - [INFO] - [hemoprod_pr.xlsx] -   → Coluna 'perdas_concentrado_de_hemacias_outros_motivos': 6 valores nulos preenchidos com 0
2025-10-30 20:29:15,883 - [INFO] - [hemoprod_pr.xlsx] -   → Coluna 'perdas_concentrado_de_hemacias_sem_buffy_coat_rompimento_de_bolsa': 6 valores nulos preenchidos com 0
2025-10-30 20:29:15,883 - [INFO] - [hemoprod_pr.xlsx] -   → Coluna 'perdas_concentrado_de_hemacias_sem_buffy_coat_validade': 6 valores nulos preenchidos com 0
2025-10-30 20:29:15,884 - [INFO] - [hemoprod_pr.xlsx] -   → Coluna 'perdas_concentrado_de_hemacias_sem_buffy_coat_outros_motivos': 6 valores nulos preenchidos com 0
2025-10-30 20:29:15,884 - [INFO] - [hemoprod_pr.xlsx] -   → Coluna 'perdas_concentrado_de_plaquetas_rompimento_de_bolsa': 6 valores nulos preenchidos com 0
2025-10-30 20:29:15,884 - [INFO] - [hemoprod_pr.xlsx] -   → Coluna 'perdas_concentrado_de_plaquetas_validade': 6 valores nulos preenchidos com 0
2025-10-30 20:29:15,885 - [INFO] - [hemoprod_pr.xlsx] -   → Coluna 'perdas_concentrado_de_plaquetas_outros_motivos': 6 valores nulos preenchidos com 0
2025-10-30 20:29:15,885 - [INFO] - [hemoprod_pr.xlsx] -   → Coluna 'perdas_concentrado_de_plaquetas_de_aferese_rompimento_de_bolsa': 6 valores nulos preenchidos com 0
2025-10-30 20:29:15,885 - [INFO] - [hemoprod_pr.xlsx] -   → Coluna 'perdas_concentrado_de_plaquetas_de_aferese_validade': 6 valores nulos preenchidos com 0
2025-10-30 20:29:15,885 - [INFO] - [hemoprod_pr.xlsx] -   → Coluna 'perdas_concentrado_de_plaquetas_de_aferese_outros_motivos': 6 valores nulos preenchidos com 0
2025-10-30 20:29:15,885 - [INFO] - [hemoprod_pr.xlsx] -   → Coluna 'perdas_concentrado_de_leucocitos_rompimento_de_bolsa': 6 valores nulos preenchidos com 0
2025-10-30 20:29:15,886 - [INFO] - [hemoprod_pr.xlsx] -   → Coluna 'perdas_concentrado_de_leucocitos_validade': 6 valores nulos preenchidos com 0
2025-10-30 20:29:15,886 - [INFO] - [hemoprod_pr.xlsx] -   → Coluna 'perdas_concentrado_de_leucocitos_outros_motivos': 6 valores nulos preenchidos com 0
2025-10-30 20:29:15,886 - [INFO] - [hemoprod_pr.xlsx] -   → Coluna 'perdas_crioprecipitado_rompimento_de_bolsa': 6 valores nulos preenchidos com 0
2025-10-30 20:29:15,886 - [INFO] - [hemoprod_pr.xlsx] -   → Coluna 'perdas_crioprecipitado_validade': 6 valores nulos preenchidos com 0
2025-10-30 20:29:15,886 - [INFO] - [hemoprod_pr.xlsx] -   → Coluna 'perdas_crioprecipitado_outros_motivos': 6 valores nulos preenchidos com 0
2025-10-30 20:29:15,886 - [INFO] - [hemoprod_pr.xlsx] -   → Coluna 'perdas_concentrado_de_plaquetas_sem_buffy_coat_rompimento_de_bolsa': 6 valores nulos preenchidos com 0
2025-10-30 20:29:15,886 - [INFO] - [hemoprod_pr.xlsx] -   → Coluna 'perdas_concentrado_de_plaquetas_sem_buffy_coat_validade': 6 valores nulos preenchidos com 0
2025-10-30 20:29:15,886 - [INFO] - [hemoprod_pr.xlsx] -   → Coluna 'perdas_concentrado_de_plaquetas_sem_buffy_coat_outros_motivos': 6 valores nulos preenchidos com 0
2025-10-30 20:29:15,887 - [INFO] - [hemoprod_pr.xlsx] -   → Coluna 'tranfusoes_sangue_total_ambulatorial': 6 valores nulos preenchidos com 0
2025-10-30 20:29:15,887 - [INFO] - [hemoprod_pr.xlsx] -   → Coluna 'tranfusoes_sangue_total_hospitalar': 6 valores nulos preenchidos com 0
2025-10-30 20:29:15,887 - [INFO] - [hemoprod_pr.xlsx] -   → Coluna 'tranfusoes_sangue_total_total': 6 valores nulos preenchidos com 0
2025-10-30 20:29:15,887 - [INFO] - [hemoprod_pr.xlsx] -   → Coluna 'tranfusoes_plasma_fresco_congelado_ambulatorial': 6 valores nulos preenchidos com 0
2025-10-30 20:29:15,888 - [INFO] - [hemoprod_pr.xlsx] -   → Coluna 'tranfusoes_plasma_fresco_congelado_hospitalar': 6 valores nulos preenchidos com 0
2025-10-30 20:29:15,888 - [INFO] - [hemoprod_pr.xlsx] -   → Coluna 'tranfusoes_plasma_fresco_congelado_total': 6 valores nulos preenchidos com 0
2025-10-30 20:29:15,888 - [INFO] - [hemoprod_pr.xlsx] -   → Coluna 'tranfusoes_plasma_comum_ambulatorial': 6 valores nulos preenchidos com 0
2025-10-30 20:29:15,888 - [INFO] - [hemoprod_pr.xlsx] -   → Coluna 'tranfusoes_plasma_comum_hospitalar': 6 valores nulos preenchidos com 0
2025-10-30 20:29:15,888 - [INFO] - [hemoprod_pr.xlsx] -   → Coluna 'tranfusoes_plasma_comum_total': 6 valores nulos preenchidos com 0
2025-10-30 20:29:15,889 - [INFO] - [hemoprod_pr.xlsx] -   → Coluna 'tranfusoes_concentrado_de_hemacias_ambulatorial': 6 valores nulos preenchidos com 0
2025-10-30 20:29:15,889 - [INFO] - [hemoprod_pr.xlsx] -   → Coluna 'tranfusoes_concentrado_de_hemacias_hospitalar': 6 valores nulos preenchidos com 0
2025-10-30 20:29:15,889 - [INFO] - [hemoprod_pr.xlsx] -   → Coluna 'tranfusoes_concentrado_de_hemacias_total': 6 valores nulos preenchidos com 0
2025-10-30 20:29:15,889 - [INFO] - [hemoprod_pr.xlsx] -   → Coluna 'tranfusoes_concentrado_de_hemacias_sem_buffy_coat_ambulatorial': 6 valores nulos preenchidos com 0
2025-10-30 20:29:15,889 - [INFO] - [hemoprod_pr.xlsx] -   → Coluna 'tranfusoes_concentrado_de_hemacias_sem_buffy_coat_hospitalar': 6 valores nulos preenchidos com 0
2025-10-30 20:29:15,890 - [INFO] - [hemoprod_pr.xlsx] -   → Coluna 'tranfusoes_concentrado_de_hemacias_sem_buffy_coat_total': 6 valores nulos preenchidos com 0
2025-10-30 20:29:15,890 - [INFO] - [hemoprod_pr.xlsx] -   → Coluna 'tranfusoes_concentrado_de_plaquetas_ambulatorial': 6 valores nulos preenchidos com 0
2025-10-30 20:29:15,890 - [INFO] - [hemoprod_pr.xlsx] -   → Coluna 'tranfusoes_concentrado_de_plaquetas_hospitalar': 6 valores nulos preenchidos com 0
2025-10-30 20:29:15,890 - [INFO] - [hemoprod_pr.xlsx] -   → Coluna 'tranfusoes_concentrado_de_plaquetas_total': 6 valores nulos preenchidos com 0
2025-10-30 20:29:15,890 - [INFO] - [hemoprod_pr.xlsx] -   → Coluna 'tranfusoes_concentrado_de_plaquetas_de_aferese_ambulatorial': 6 valores nulos preenchidos com 0
2025-10-30 20:29:15,891 - [INFO] - [hemoprod_pr.xlsx] -   → Coluna 'tranfusoes_concentrado_de_plaquetas_de_aferese_hospitalar': 6 valores nulos preenchidos com 0
2025-10-30 20:29:15,891 - [INFO] - [hemoprod_pr.xlsx] -   → Coluna 'tranfusoes_concentrado_de_plaquetas_de_aferese_total': 6 valores nulos preenchidos com 0
2025-10-30 20:29:15,891 - [INFO] - [hemoprod_pr.xlsx] -   → Coluna 'tranfusoes_concentrado_de_leucocitos_ambulatorial': 6 valores nulos preenchidos com 0
2025-10-30 20:29:15,891 - [INFO] - [hemoprod_pr.xlsx] -   → Coluna 'tranfusoes_concentrado_de_leucocitos_hospitalar': 6 valores nulos preenchidos com 0
2025-10-30 20:29:15,891 - [INFO] - [hemoprod_pr.xlsx] -   → Coluna 'tranfusoes_concentrado_de_leucocitos_total': 6 valores nulos preenchidos com 0
2025-10-30 20:29:15,892 - [INFO] - [hemoprod_pr.xlsx] -   → Coluna 'tranfusoes_crioprecipitado_ambulatorial': 6 valores nulos preenchidos com 0
2025-10-30 20:29:15,892 - [INFO] - [hemoprod_pr.xlsx] -   → Coluna 'tranfusoes_crioprecipitado_hospitalar': 6 valores nulos preenchidos com 0
2025-10-30 20:29:15,892 - [INFO] - [hemoprod_pr.xlsx] -   → Coluna 'tranfusoes_crioprecipitado_total': 6 valores nulos preenchidos com 0
2025-10-30 20:29:15,892 - [INFO] - [hemoprod_pr.xlsx] -   → Coluna 'tranfusoes_concentrado_de_plaquetas_sem_buffy_coat_ambulatorial': 6 valores nulos preenchidos com 0
2025-10-30 20:29:15,892 - [INFO] - [hemoprod_pr.xlsx] -   → Coluna 'tranfusoes_concentrado_de_plaquetas_sem_buffy_coat_hospitalar': 6 valores nulos preenchidos com 0
2025-10-30 20:29:15,893 - [INFO] - [hemoprod_pr.xlsx] -   → Coluna 'tranfusoes_concentrado_de_plaquetas_sem_buffy_coat_total': 6 valores nulos preenchidos com 0
2025-10-30 20:29:15,893 - [INFO] - [hemoprod_pr.xlsx] -   → Coluna 'distribuicao_para_outros_servicos_sangue_total_sem_exame_pre_transfusional': 6 valores nulos preenchidos com 0
2025-10-30 20:29:15,893 - [INFO] - [hemoprod_pr.xlsx] -   → Coluna 'distribuicao_para_outros_servicos_sangue_total_com_exame_pre_transfusional': 6 valores nulos preenchidos com 0
2025-10-30 20:29:15,893 - [INFO] - [hemoprod_pr.xlsx] -   → Coluna 'distribuicao_para_outros_servicos_sangue_total_total': 6 valores nulos preenchidos com 0
2025-10-30 20:29:15,893 - [INFO] - [hemoprod_pr.xlsx] -   → Coluna 'distribuicao_para_outros_servicos_plasma_fresco_congelado_sem_exame_pre_transfusional': 6 valores nulos preenchidos com 0
2025-10-30 20:29:15,893 - [INFO] - [hemoprod_pr.xlsx] -   → Coluna 'distribuicao_para_outros_servicos_plasma_fresco_congelado_com_exame_pre_transfusional': 6 valores nulos preenchidos com 0
2025-10-30 20:29:15,893 - [INFO] - [hemoprod_pr.xlsx] -   → Coluna 'distribuicao_para_outros_servicos_plasma_fresco_congelado_total': 6 valores nulos preenchidos com 0
2025-10-30 20:29:15,893 - [INFO] - [hemoprod_pr.xlsx] -   → Coluna 'distribuicao_para_outros_servicos_plasma_comum_sem_exame_pre_transfusional': 6 valores nulos preenchidos com 0
2025-10-30 20:29:15,895 - [INFO] - [hemoprod_pr.xlsx] -   → Coluna 'distribuicao_para_outros_servicos_plasma_comum_com_exame_pre_transfusional': 6 valores nulos preenchidos com 0
2025-10-30 20:29:15,895 - [INFO] - [hemoprod_pr.xlsx] -   → Coluna 'distribuicao_para_outros_servicos_plasma_comum_total': 6 valores nulos preenchidos com 0
2025-10-30 20:29:15,895 - [INFO] - [hemoprod_pr.xlsx] -   → Coluna 'distribuicao_para_outros_servicos_concentrado_de_hemacias_sem_exame_pre_transfusional': 6 valores nulos preenchidos com 0
2025-10-30 20:29:15,895 - [INFO] - [hemoprod_pr.xlsx] -   → Coluna 'distribuicao_para_outros_servicos_concentrado_de_hemacias_com_exame_pre_transfusional': 6 valores nulos preenchidos com 0
2025-10-30 20:29:15,895 - [INFO] - [hemoprod_pr.xlsx] -   → Coluna 'distribuicao_para_outros_servicos_concentrado_de_hemacias_total': 6 valores nulos preenchidos com 0
2025-10-30 20:29:15,896 - [INFO] - [hemoprod_pr.xlsx] -   → Coluna 'distribuicao_para_outros_servicos_concentrado_de_hemacias_sem_buffy_coat_sem_exame_pre_transfusi': 6 valores nulos preenchidos com 0
2025-10-30 20:29:15,896 - [INFO] - [hemoprod_pr.xlsx] -   → Coluna 'distribuicao_para_outros_servicos_concentrado_de_hemacias_sem_buffy_coat_com_exame_pre_transfusi': 6 valores nulos preenchidos com 0
2025-10-30 20:29:15,896 - [INFO] - [hemoprod_pr.xlsx] -   → Coluna 'distribuicao_para_outros_servicos_concentrado_de_hemacias_sem_buffy_coat_total': 6 valores nulos preenchidos com 0
2025-10-30 20:29:15,896 - [INFO] - [hemoprod_pr.xlsx] -   → Coluna 'distribuicao_para_outros_servicos_concentrado_de_plaquetas_sem_exame_pre_transfusional': 6 valores nulos preenchidos com 0
2025-10-30 20:29:15,897 - [INFO] - [hemoprod_pr.xlsx] -   → Coluna 'distribuicao_para_outros_servicos_concentrado_de_plaquetas_com_exame_pre_transfusional': 6 valores nulos preenchidos com 0
2025-10-30 20:29:15,897 - [INFO] - [hemoprod_pr.xlsx] -   → Coluna 'distribuicao_para_outros_servicos_concentrado_de_plaquetas_total': 6 valores nulos preenchidos com 0
2025-10-30 20:29:15,897 - [INFO] - [hemoprod_pr.xlsx] -   → Coluna 'distribuicao_para_outros_servicos_concentrado_de_plaquetas_aferese_sem_exame_pre_transfusional': 6 valores nulos preenchidos com 0
2025-10-30 20:29:15,897 - [INFO] - [hemoprod_pr.xlsx] -   → Coluna 'distribuicao_para_outros_servicos_concentrado_de_plaquetas_aferese_com_exame_pre_transfusional': 6 valores nulos preenchidos com 0
2025-10-30 20:29:15,897 - [INFO] - [hemoprod_pr.xlsx] -   → Coluna 'distribuicao_para_outros_servicos_concentrado_de_plaquetas_aferese_total': 6 valores nulos preenchidos com 0
2025-10-30 20:29:15,897 - [INFO] - [hemoprod_pr.xlsx] -   → Coluna 'distribuicao_para_outros_servicos_concentrado_de_leucocitos_sem_exame_pre_transfusional': 6 valores nulos preenchidos com 0
2025-10-30 20:29:15,897 - [INFO] - [hemoprod_pr.xlsx] -   → Coluna 'distribuicao_para_outros_servicos_concentrado_de_leucocitos_com_exame_pre_transfusional': 6 valores nulos preenchidos com 0
2025-10-30 20:29:15,898 - [INFO] - [hemoprod_pr.xlsx] -   → Coluna 'distribuicao_para_outros_servicos_concentrado_de_leucocitos_total': 6 valores nulos preenchidos com 0
2025-10-30 20:29:15,898 - [INFO] - [hemoprod_pr.xlsx] -   → Coluna 'distribuicao_para_outros_servicos_crioprecipitado_sem_exame_pre_transfusional': 6 valores nulos preenchidos com 0
2025-10-30 20:29:15,898 - [INFO] - [hemoprod_pr.xlsx] -   → Coluna 'distribuicao_para_outros_servicos_crioprecipitado_com_exame_pre_transfusional': 6 valores nulos preenchidos com 0
2025-10-30 20:29:15,898 - [INFO] - [hemoprod_pr.xlsx] -   → Coluna 'distribuicao_para_outros_servicos_crioprecipitado_total': 6 valores nulos preenchidos com 0
2025-10-30 20:29:15,898 - [INFO] - [hemoprod_pr.xlsx] -   → Coluna 'distribuicao_para_outros_servicos_concentrado_de_plaquetas_sem_buffy_coat_sem_exame_pre_transfusional': 6 valores nulos preenchidos com 0
2025-10-30 20:29:15,898 - [INFO] - [hemoprod_pr.xlsx] -   → Coluna 'distribuicao_para_outros_servicos_concentrado_de_plaquetas_sem_buffy_coat_com_exame_pre_transfusional': 6 valores nulos preenchidos com 0
2025-10-30 20:29:15,899 - [INFO] - [hemoprod_pr.xlsx] -   → Coluna 'distribuicao_para_outros_servicos_concentrado_de_plaquetas_sem_buffy_coat_total': 6 valores nulos preenchidos com 0
2025-10-30 20:29:15,899 - [INFO] - [hemoprod_pr.xlsx] -   → Coluna 'procedimentos_de_modificacao_dos_hemocomponentes_lavagem': 6 valores nulos preenchidos com 0
2025-10-30 20:29:15,899 - [INFO] - [hemoprod_pr.xlsx] -   → Coluna 'procedimentos_de_modificacao_dos_hemocomponentes_irradiacao': 6 valores nulos preenchidos com 0
2025-10-30 20:29:15,899 - [INFO] - [hemoprod_pr.xlsx] -   → Coluna 'procedimentos_de_modificacao_dos_hemocomponentes_filtracao_em_concentrado_de_plaquetas': 6 valores nulos preenchidos com 0
2025-10-30 20:29:15,899 - [INFO] - [hemoprod_pr.xlsx] -   → Coluna 'procedimentos_de_modificacao_dos_hemocomponentes_filtracao_em_concentrado_de_hemacias': 6 valores nulos preenchidos com 0
2025-10-30 20:29:15,900 - [INFO] - [hemoprod_pr.xlsx] -   → Coluna 'procedimentos_de_modificacao_dos_hemocomponentes_fracionamento_pediatrico': 6 valores nulos preenchidos com 0
2025-10-30 20:29:15,900 - [INFO] - [hemoprod_pr.xlsx] -   → Coluna 'reacoes_transfusionais_reacao_febril_nao_hemolitica': 6 valores nulos preenchidos com 0
2025-10-30 20:29:15,900 - [INFO] - [hemoprod_pr.xlsx] -   → Coluna 'reacoes_transfusionais_reacao_hemolitica': 6 valores nulos preenchidos com 0
2025-10-30 20:29:15,900 - [INFO] - [hemoprod_pr.xlsx] -   → Coluna 'reacoes_transfusionais_reacao_alergica': 6 valores nulos preenchidos com 0
2025-10-30 20:29:15,900 - [INFO] - [hemoprod_pr.xlsx] -   → Coluna 'reacoes_transfusionais_choque_bacteriano': 6 valores nulos preenchidos com 0
2025-10-30 20:29:15,901 - [INFO] - [hemoprod_pr.xlsx] -   → Coluna 'reacoes_transfusionais_alteracoes_metabolicas': 6 valores nulos preenchidos com 0
2025-10-30 20:29:15,901 - [INFO] - [hemoprod_pr.xlsx] -   → Coluna 'reacoes_transfusionais_sobrecarga_volemica': 6 valores nulos preenchidos com 0
2025-10-30 20:29:15,901 - [INFO] - [hemoprod_pr.xlsx] -   → Coluna 'reacoes_transfusionais_outras_reacoes': 6 valores nulos preenchidos com 0
2025-10-30 20:29:15,901 - [INFO] - [hemoprod_pr.xlsx] -   → Coluna 'envio_plasma_producao_hemoderivados_plasma_fresco_congelado': 15 valores nulos preenchidos com 0
2025-10-30 20:29:15,902 - [INFO] - [hemoprod_pr.xlsx] -   → Coluna 'envio_plasma_producao_hemoderivados_plasma_comum': 15 valores nulos preenchidos com 0
2025-10-30 20:29:15,902 - [INFO] - [hemoprod_pr.xlsx] - ✓ 247 colunas Int64 preenchidas com 0
2025-10-30 20:29:15,902 - [INFO] - [hemoprod_pr.xlsx] - Iniciando deduplicação...
2025-10-30 20:29:15,902 - [INFO] - [hemoprod_pr.xlsx] - Convertendo 'data_envio' para datetime...
2025-10-30 20:29:15,914 - [INFO] - [hemoprod_pr.xlsx] - ✓ Deduplicação concluída - Removidas 112 linhas duplicadas
2025-10-30 20:29:15,914 - [INFO] - [hemoprod_pr.xlsx] - ✓ Linhas Finais: 808
2025-10-30 20:29:15,914 - [INFO] - [hemoprod_pr.xlsx] - Salvando arquivo processado...
2025-10-30 20:29:17,317 - [INFO] - [hemoprod_pr.xlsx] - ============================================================
2025-10-30 20:29:17,317 - [INFO] - [hemoprod_pr.xlsx] - ✅ PROCESSAMENTO CONCLUÍDO COM SUCESSO
2025-10-30 20:29:17,317 - [INFO] - [hemoprod_pr.xlsx] - ✅ Arquivo salvo em: D:\Documentos\STTP\hemoce\src\dados_processados\hemoprod_pr.xlsx
2025-10-30 20:29:17,318 - [INFO] - [hemoprod_pr.xlsx] - ============================================================
2025-10-30 20:29:17,318 - [INFO] - [hemoprod_pr.xlsx] - 
