2025-10-30 20:28:56,743 - [INFO] - [hemoprod_go.xlsx] - ============================================================
2025-10-30 20:28:56,743 - [INFO] - [hemoprod_go.xlsx] - INICIANDO PROCESSAMENTO: GO
2025-10-30 20:28:56,743 - [INFO] - [hemoprod_go.xlsx] - ============================================================
2025-10-30 20:28:56,743 - [INFO] - [hemoprod_go.xlsx] - Carregando arquivo: Hemoprod_GO.xlsx
2025-10-30 20:28:56,743 - [INFO] - [hemoprod_go.xlsx] - Planilha: HEMOPROD - GOIAS
2025-10-30 20:28:57,241 - [INFO] - [hemoprod_go.xlsx] - ✓ Colunas Originais: 257
2025-10-30 20:28:57,241 - [INFO] - [hemoprod_go.xlsx] - ✓ Linhas Originais: 474
2025-10-30 20:28:57,241 - [INFO] - [hemoprod_go.xlsx] - Iniciando limpeza e renomeação de colunas...
2025-10-30 20:28:57,241 - [INFO] - [hemoprod_go.xlsx] - ✓ Colunas limpas e renomeadas
2025-10-30 20:28:57,241 - [INFO] - [hemoprod_go.xlsx] - Normalizando período e ano de referência...
2025-10-30 20:28:57,242 - [INFO] - [hemoprod_go.xlsx] - ✓ Nenhum registro necessitou normalização de período/ano
2025-10-30 20:28:57,242 - [INFO] - [hemoprod_go.xlsx] - ✓ Período/Ano normalizado
2025-10-30 20:28:57,242 - [INFO] - [hemoprod_go.xlsx] - Normalizando município e estado...
2025-10-30 20:28:57,243 - [INFO] - [hemoprod_go.xlsx] - Coluna 'estado' não existe. Criando...
2025-10-30 20:28:57,257 - [INFO] - [hemoprod_go.xlsx] - ✓ Normalizados 474 registros com estado no município
2025-10-30 20:28:57,257 - [INFO] - [hemoprod_go.xlsx] - ✓ Município/Estado normalizado
2025-10-30 20:28:57,257 - [INFO] - [hemoprod_go.xlsx] - Aplicando tipos de dados...
2025-10-30 20:28:57,299 - [INFO] - [hemoprod_go.xlsx] - ✓ Tipos aplicados
2025-10-30 20:28:57,299 - [INFO] - [hemoprod_go.xlsx] - ✓ Colunas Faltantes: 13
2025-10-30 20:28:57,300 - [INFO] - [hemoprod_go.xlsx] -   → ['distribuicao_para_outros_servicos_concentrado_de_plaquetas_aferese_sem_exame_pre_transfusional', 'producao_hemoterapica_entradas_concentrado_plaquetas_aferese_devolvidas', 'tranfusoes_concentrado_de_plaquetas_de_aferese_hospitalar', 'tranfusoes_concentrado_de_plaquetas_de_aferese_total', 'estado']...
2025-10-30 20:28:57,300 - [INFO] - [hemoprod_go.xlsx] - ✓ Colunas A Mais: 0
2025-10-30 20:28:57,300 - [INFO] - [hemoprod_go.xlsx] - Padronizando schema...
2025-10-30 20:28:57,302 - [INFO] - [hemoprod_go.xlsx] - Coluna 'estado' já existe, mantendo valores atuais
2025-10-30 20:28:57,306 - [INFO] - [hemoprod_go.xlsx] - ✓ Schema padronizado - Colunas Finais: 270
2025-10-30 20:28:57,306 - [INFO] - [hemoprod_go.xlsx] - Preenchendo valores nulos em colunas Int64 com 0...
2025-10-30 20:28:57,307 - [INFO] - [hemoprod_go.xlsx] -   → Coluna 'semente': 11 valores nulos preenchidos com 0
2025-10-30 20:28:57,307 - [INFO] - [hemoprod_go.xlsx] -   → Coluna 'identificacao_dado': 474 valores nulos preenchidos com 0
2025-10-30 20:28:57,308 - [INFO] - [hemoprod_go.xlsx] -   → Coluna 'identificacao_estabelecimento': 474 valores nulos preenchidos com 0
2025-10-30 20:28:57,308 - [INFO] - [hemoprod_go.xlsx] -   → Coluna 'cnes': 474 valores nulos preenchidos com 0
2025-10-30 20:28:57,308 - [INFO] - [hemoprod_go.xlsx] -   → Coluna 'endereco': 474 valores nulos preenchidos com 0
2025-10-30 20:28:57,308 - [INFO] - [hemoprod_go.xlsx] -   → Coluna 'triagem_clinica_total_doacao_espontanea_aptos': 20 valores nulos preenchidos com 0
2025-10-30 20:28:57,309 - [INFO] - [hemoprod_go.xlsx] -   → Coluna 'triagem_clinica_total_doacao_espontanea_inaptos': 20 valores nulos preenchidos com 0
2025-10-30 20:28:57,309 - [INFO] - [hemoprod_go.xlsx] -   → Coluna 'triagem_clinica_total_doacao_reposicao_aptos': 20 valores nulos preenchidos com 0
2025-10-30 20:28:57,309 - [INFO] - [hemoprod_go.xlsx] -   → Coluna 'triagem_clinica_total_doacao_reposicao_inaptos': 20 valores nulos preenchidos com 0
2025-10-30 20:28:57,309 - [INFO] - [hemoprod_go.xlsx] -   → Coluna 'triagem_clinica_total_doacao_autologa_aptos': 20 valores nulos preenchidos com 0
2025-10-30 20:28:57,309 - [INFO] - [hemoprod_go.xlsx] -   → Coluna 'triagem_clinica_total_doacao_autologa_inaptos': 20 valores nulos preenchidos com 0
2025-10-30 20:28:57,309 - [INFO] - [hemoprod_go.xlsx] -   → Coluna 'total_doador_primeira_vez_aptos': 20 valores nulos preenchidos com 0
2025-10-30 20:28:57,309 - [INFO] - [hemoprod_go.xlsx] -   → Coluna 'total_doador_primeira_vez_inaptos': 20 valores nulos preenchidos com 0
2025-10-30 20:28:57,309 - [INFO] - [hemoprod_go.xlsx] -   → Coluna 'total_doador_repeticao_aptos': 20 valores nulos preenchidos com 0
2025-10-30 20:28:57,309 - [INFO] - [hemoprod_go.xlsx] -   → Coluna 'total_doador_repeticao_inaptos': 20 valores nulos preenchidos com 0
2025-10-30 20:28:57,309 - [INFO] - [hemoprod_go.xlsx] -   → Coluna 'total_doador_esporadico_aptos': 20 valores nulos preenchidos com 0
2025-10-30 20:28:57,311 - [INFO] - [hemoprod_go.xlsx] -   → Coluna 'total_doador_esporadico_inaptos': 20 valores nulos preenchidos com 0
2025-10-30 20:28:57,311 - [INFO] - [hemoprod_go.xlsx] -   → Coluna 'total_doador_masculino_aptos': 20 valores nulos preenchidos com 0
2025-10-30 20:28:57,311 - [INFO] - [hemoprod_go.xlsx] -   → Coluna 'total_doador_masculino_inaptos': 20 valores nulos preenchidos com 0
2025-10-30 20:28:57,311 - [INFO] - [hemoprod_go.xlsx] -   → Coluna 'total_doador_feminino_aptos': 20 valores nulos preenchidos com 0
2025-10-30 20:28:57,311 - [INFO] - [hemoprod_go.xlsx] -   → Coluna 'total_doador_feminino_inaptos': 20 valores nulos preenchidos com 0
2025-10-30 20:28:57,312 - [INFO] - [hemoprod_go.xlsx] -   → Coluna 'total_doador_menor_de_18_anos_aptos': 20 valores nulos preenchidos com 0
2025-10-30 20:28:57,312 - [INFO] - [hemoprod_go.xlsx] -   → Coluna 'total_doador_menor_de_18_anos_inaptos': 20 valores nulos preenchidos com 0
2025-10-30 20:28:57,312 - [INFO] - [hemoprod_go.xlsx] -   → Coluna 'total_doador_18_ate_29_anos_aptos': 20 valores nulos preenchidos com 0
2025-10-30 20:28:57,312 - [INFO] - [hemoprod_go.xlsx] -   → Coluna 'total_doador_18_ate_29_anos_inaptos': 20 valores nulos preenchidos com 0
2025-10-30 20:28:57,313 - [INFO] - [hemoprod_go.xlsx] -   → Coluna 'total_doador_acima_de_29_anos_aptos': 20 valores nulos preenchidos com 0
2025-10-30 20:28:57,313 - [INFO] - [hemoprod_go.xlsx] -   → Coluna 'total_doador_acima_de_29_anos_inaptos': 20 valores nulos preenchidos com 0
2025-10-30 20:28:57,313 - [INFO] - [hemoprod_go.xlsx] -   → Coluna 'total_candidatos_inaptos_anemia_masculino': 20 valores nulos preenchidos com 0
2025-10-30 20:28:57,313 - [INFO] - [hemoprod_go.xlsx] -   → Coluna 'total_candidatos_inaptos_anemia_feminino': 20 valores nulos preenchidos com 0
2025-10-30 20:28:57,313 - [INFO] - [hemoprod_go.xlsx] -   → Coluna 'total_candidatos_inaptos_anemia_total': 20 valores nulos preenchidos com 0
2025-10-30 20:28:57,314 - [INFO] - [hemoprod_go.xlsx] -   → Coluna 'total_candidatos_inaptos_hipertensao_masculino': 20 valores nulos preenchidos com 0
2025-10-30 20:28:57,314 - [INFO] - [hemoprod_go.xlsx] -   → Coluna 'total_candidatos_inaptos_hipertensao_feminino': 20 valores nulos preenchidos com 0
2025-10-30 20:28:57,314 - [INFO] - [hemoprod_go.xlsx] -   → Coluna 'total_candidatos_inaptos_hipertensao_total': 20 valores nulos preenchidos com 0
2025-10-30 20:28:57,314 - [INFO] - [hemoprod_go.xlsx] -   → Coluna 'total_candidatos_inaptos_hipotensao_masculino': 20 valores nulos preenchidos com 0
2025-10-30 20:28:57,314 - [INFO] - [hemoprod_go.xlsx] -   → Coluna 'total_candidatos_inaptos_hipotensao_feminino': 20 valores nulos preenchidos com 0
2025-10-30 20:28:57,315 - [INFO] - [hemoprod_go.xlsx] -   → Coluna 'total_candidatos_inaptos_hipotensao_total': 20 valores nulos preenchidos com 0
2025-10-30 20:28:57,315 - [INFO] - [hemoprod_go.xlsx] -   → Coluna 'total_candidatos_inaptos_alcoolismo_masculino': 20 valores nulos preenchidos com 0
2025-10-30 20:28:57,315 - [INFO] - [hemoprod_go.xlsx] -   → Coluna 'total_candidatos_inaptos_alcoolismo_feminino': 20 valores nulos preenchidos com 0
2025-10-30 20:28:57,315 - [INFO] - [hemoprod_go.xlsx] -   → Coluna 'total_candidatos_inaptos_alcoolismo_total': 20 valores nulos preenchidos com 0
2025-10-30 20:28:57,315 - [INFO] - [hemoprod_go.xlsx] -   → Coluna 'total_candidatos_inaptos_comportamento_risco_dst_masculino': 20 valores nulos preenchidos com 0
2025-10-30 20:28:57,315 - [INFO] - [hemoprod_go.xlsx] -   → Coluna 'total_candidatos_inaptos_comportamento_risco_dst_feminino': 20 valores nulos preenchidos com 0
2025-10-30 20:28:57,316 - [INFO] - [hemoprod_go.xlsx] -   → Coluna 'total_candidatos_inaptos_comportamento_risco_dst_total': 20 valores nulos preenchidos com 0
2025-10-30 20:28:57,316 - [INFO] - [hemoprod_go.xlsx] -   → Coluna 'total_candidatos_inaptos_uso_drogas_masculino': 20 valores nulos preenchidos com 0
2025-10-30 20:28:57,316 - [INFO] - [hemoprod_go.xlsx] -   → Coluna 'total_candidatos_inaptos_uso_drogas_feminino': 20 valores nulos preenchidos com 0
2025-10-30 20:28:57,316 - [INFO] - [hemoprod_go.xlsx] -   → Coluna 'total_candidatos_inaptos_uso_drogas_total': 20 valores nulos preenchidos com 0
2025-10-30 20:28:57,316 - [INFO] - [hemoprod_go.xlsx] -   → Coluna 'total_candidatos_inaptos_hepatite_masculino': 20 valores nulos preenchidos com 0
2025-10-30 20:28:57,317 - [INFO] - [hemoprod_go.xlsx] -   → Coluna 'total_candidatos_inaptos_hepatite_feminino': 20 valores nulos preenchidos com 0
2025-10-30 20:28:57,317 - [INFO] - [hemoprod_go.xlsx] -   → Coluna 'total_candidatos_inaptos_hepatite_total': 20 valores nulos preenchidos com 0
2025-10-30 20:28:57,317 - [INFO] - [hemoprod_go.xlsx] -   → Coluna 'total_candidatos_inaptos_doenca_chagas_masculino': 20 valores nulos preenchidos com 0
2025-10-30 20:28:57,317 - [INFO] - [hemoprod_go.xlsx] -   → Coluna 'total_candidatos_inaptos_doenca_chagas_feminino': 20 valores nulos preenchidos com 0
2025-10-30 20:28:57,318 - [INFO] - [hemoprod_go.xlsx] -   → Coluna 'total_candidatos_inaptos_doenca_chagas_total': 20 valores nulos preenchidos com 0
2025-10-30 20:28:57,318 - [INFO] - [hemoprod_go.xlsx] -   → Coluna 'total_candidatos_inaptos_malaria_masculino': 20 valores nulos preenchidos com 0
2025-10-30 20:28:57,318 - [INFO] - [hemoprod_go.xlsx] -   → Coluna 'total_candidatos_inaptos_malaria_feminino': 20 valores nulos preenchidos com 0
2025-10-30 20:28:57,318 - [INFO] - [hemoprod_go.xlsx] -   → Coluna 'total_candidatos_inaptos_malaria_total': 20 valores nulos preenchidos com 0
2025-10-30 20:28:57,319 - [INFO] - [hemoprod_go.xlsx] -   → Coluna 'total_candidatos_inaptos_outras_masculino': 20 valores nulos preenchidos com 0
2025-10-30 20:28:57,319 - [INFO] - [hemoprod_go.xlsx] -   → Coluna 'total_candidatos_inaptos_outras_feminino': 20 valores nulos preenchidos com 0
2025-10-30 20:28:57,319 - [INFO] - [hemoprod_go.xlsx] -   → Coluna 'total_candidatos_inaptos_outras_total': 20 valores nulos preenchidos com 0
2025-10-30 20:28:57,319 - [INFO] - [hemoprod_go.xlsx] -   → Coluna 'coleta_total_candidatos_desistentes': 20 valores nulos preenchidos com 0
2025-10-30 20:28:57,319 - [INFO] - [hemoprod_go.xlsx] -   → Coluna 'total_interrupcoes_coleta_dificuldade_puncao_venosa': 20 valores nulos preenchidos com 0
2025-10-30 20:28:57,320 - [INFO] - [hemoprod_go.xlsx] -   → Coluna 'total_interrupcoes_coleta_reacao_vagal': 20 valores nulos preenchidos com 0
2025-10-30 20:28:57,320 - [INFO] - [hemoprod_go.xlsx] -   → Coluna 'total_interrupcoes_coleta_outros_motivos': 20 valores nulos preenchidos com 0
2025-10-30 20:28:57,320 - [INFO] - [hemoprod_go.xlsx] -   → Coluna 'total_coletas_sangue_total': 20 valores nulos preenchidos com 0
2025-10-30 20:28:57,320 - [INFO] - [hemoprod_go.xlsx] -   → Coluna 'total_coletas_aferese': 20 valores nulos preenchidos com 0
2025-10-30 20:28:57,320 - [INFO] - [hemoprod_go.xlsx] -   → Coluna 'exames_triagem_doenca_doenca_chagas_amostras_testadas': 20 valores nulos preenchidos com 0
2025-10-30 20:28:57,320 - [INFO] - [hemoprod_go.xlsx] -   → Coluna 'exames_triagem_doenca_doenca_chagas_amostras_reagentes': 20 valores nulos preenchidos com 0
2025-10-30 20:28:57,321 - [INFO] - [hemoprod_go.xlsx] -   → Coluna 'exames_triagem_doenca_hiv_amostras_testadas': 20 valores nulos preenchidos com 0
2025-10-30 20:28:57,321 - [INFO] - [hemoprod_go.xlsx] -   → Coluna 'exames_triagem_doenca_hiv_amostras_reagentes': 20 valores nulos preenchidos com 0
2025-10-30 20:28:57,321 - [INFO] - [hemoprod_go.xlsx] -   → Coluna 'exames_triagem_doenca_sifilis_amostras_testadas': 20 valores nulos preenchidos com 0
2025-10-30 20:28:57,321 - [INFO] - [hemoprod_go.xlsx] -   → Coluna '`exames_triagem_doenca_sifilis_amostras_reagentes': 20 valores nulos preenchidos com 0
2025-10-30 20:28:57,321 - [INFO] - [hemoprod_go.xlsx] -   → Coluna 'exames_triagem_doenca_hepatite_b_hbs_ag_amostras_testadas': 20 valores nulos preenchidos com 0
2025-10-30 20:28:57,321 - [INFO] - [hemoprod_go.xlsx] -   → Coluna 'exames_triagem_doenca_hepatite_b_hbs_ag_amostras_reagentes': 20 valores nulos preenchidos com 0
2025-10-30 20:28:57,321 - [INFO] - [hemoprod_go.xlsx] -   → Coluna 'exames_triagem_doenca_hepatite_b_anti_hbc_amostras_testadas': 20 valores nulos preenchidos com 0
2025-10-30 20:28:57,322 - [INFO] - [hemoprod_go.xlsx] -   → Coluna 'exames_triagem_doenca_hepatite_b_anti_hbc_amostras_reagentes': 20 valores nulos preenchidos com 0
2025-10-30 20:28:57,322 - [INFO] - [hemoprod_go.xlsx] -   → Coluna 'exames_triagem_doenca_hepatite_c_amostras_testadas': 20 valores nulos preenchidos com 0
2025-10-30 20:28:57,322 - [INFO] - [hemoprod_go.xlsx] -   → Coluna 'exames_triagem_doenca_hepatite_c_amostras_reagentes': 20 valores nulos preenchidos com 0
2025-10-30 20:28:57,322 - [INFO] - [hemoprod_go.xlsx] -   → Coluna 'exames_triagem_doenca_htlv_i_ii_amostras_testadas': 20 valores nulos preenchidos com 0
2025-10-30 20:28:57,323 - [INFO] - [hemoprod_go.xlsx] -   → Coluna 'exames_triagem_doenca_htlv_i_ii_amostras_reagentes': 20 valores nulos preenchidos com 0
2025-10-30 20:28:57,323 - [INFO] - [hemoprod_go.xlsx] -   → Coluna 'exames_triagem_doenca_malaria_amostras_testadas': 20 valores nulos preenchidos com 0
2025-10-30 20:28:57,323 - [INFO] - [hemoprod_go.xlsx] -   → Coluna 'exames_triagem_doenca_malaria_amostras_reagentes': 20 valores nulos preenchidos com 0
2025-10-30 20:28:57,323 - [INFO] - [hemoprod_go.xlsx] -   → Coluna 'exames_triagem_doenca_hbv_teste_nat_amostras_testadas': 20 valores nulos preenchidos com 0
2025-10-30 20:28:57,323 - [INFO] - [hemoprod_go.xlsx] -   → Coluna 'exames_triagem_doenca_hbv_teste_nat_amostras_reagentes': 20 valores nulos preenchidos com 0
2025-10-30 20:28:57,323 - [INFO] - [hemoprod_go.xlsx] -   → Coluna 'exames_triagem_doenca_hcv_teste_nat_amostras_testadas': 20 valores nulos preenchidos com 0
2025-10-30 20:28:57,324 - [INFO] - [hemoprod_go.xlsx] -   → Coluna 'exames_triagem_doenca_hcv_teste_nat_amostras_reagentes': 20 valores nulos preenchidos com 0
2025-10-30 20:28:57,324 - [INFO] - [hemoprod_go.xlsx] -   → Coluna 'exames_triagem_doenca_hiv_teste_nat_amostras_testadas': 20 valores nulos preenchidos com 0
2025-10-30 20:28:57,324 - [INFO] - [hemoprod_go.xlsx] -   → Coluna 'exames_triagem_doenca_hiv_teste_nat_amostras_reagentes': 20 valores nulos preenchidos com 0
2025-10-30 20:28:57,325 - [INFO] - [hemoprod_go.xlsx] -   → Coluna 'outros_tipos_pesquisa_pesquisa_hbs_doador': 20 valores nulos preenchidos com 0
2025-10-30 20:28:57,326 - [INFO] - [hemoprod_go.xlsx] -   → Coluna 'inaptidao_triagem_laboratorial_total_bolsas_testadas': 20 valores nulos preenchidos com 0
2025-10-30 20:28:57,326 - [INFO] - [hemoprod_go.xlsx] -   → Coluna 'inaptidao_triagem_laboratorial_total_bolsas_reagentes_1_ou_mais_marcadores': 20 valores nulos preenchidos com 0
2025-10-30 20:28:57,326 - [INFO] - [hemoprod_go.xlsx] -   → Coluna 'descarte_bolsas_total_bolsas_descartadas_auto_exclusao': 20 valores nulos preenchidos com 0
2025-10-30 20:28:57,332 - [INFO] - [hemoprod_go.xlsx] -   → Coluna 'envio_plasma_producao_hemoderivados_plasma_fresco_congelado': 20 valores nulos preenchidos com 0
2025-10-30 20:28:57,332 - [INFO] - [hemoprod_go.xlsx] -   → Coluna 'envio_plasma_producao_hemoderivados_plasma_comum': 20 valores nulos preenchidos com 0
2025-10-30 20:28:57,332 - [INFO] - [hemoprod_go.xlsx] - ✓ 91 colunas Int64 preenchidas com 0
2025-10-30 20:28:57,332 - [INFO] - [hemoprod_go.xlsx] - Iniciando deduplicação...
2025-10-30 20:28:57,332 - [INFO] - [hemoprod_go.xlsx] - Convertendo 'data_envio' para datetime...
2025-10-30 20:28:57,343 - [INFO] - [hemoprod_go.xlsx] - ✓ Deduplicação concluída - Removidas 3 linhas duplicadas
2025-10-30 20:28:57,343 - [INFO] - [hemoprod_go.xlsx] - ✓ Linhas Finais: 471
2025-10-30 20:28:57,343 - [INFO] - [hemoprod_go.xlsx] - Salvando arquivo processado...
2025-10-30 20:28:58,265 - [INFO] - [hemoprod_go.xlsx] - ============================================================
2025-10-30 20:28:58,265 - [INFO] - [hemoprod_go.xlsx] - ✅ PROCESSAMENTO CONCLUÍDO COM SUCESSO
2025-10-30 20:28:58,265 - [INFO] - [hemoprod_go.xlsx] - ✅ Arquivo salvo em: D:\Documentos\STTP\hemoce\src\dados_processados\hemoprod_go.xlsx
2025-10-30 20:28:58,265 - [INFO] - [hemoprod_go.xlsx] - ============================================================
2025-10-30 20:28:58,265 - [INFO] - [hemoprod_go.xlsx] - 
