2025-10-30 20:29:19,980 - [INFO] - [hemoprod_rs.xlsx] - ============================================================
2025-10-30 20:29:19,980 - [INFO] - [hemoprod_rs.xlsx] - INICIANDO PROCESSAMENTO: RS
2025-10-30 20:29:19,980 - [INFO] - [hemoprod_rs.xlsx] - ============================================================
2025-10-30 20:29:19,981 - [INFO] - [hemoprod_rs.xlsx] - Carregando arquivo: Hemoprod_RS.xlsx
2025-10-30 20:29:19,981 - [INFO] - [hemoprod_rs.xlsx] - Planilha: HEMOPROD - RIOGRANDEDOSUL
2025-10-30 20:29:23,533 - [INFO] - [hemoprod_rs.xlsx] - ✓ Colunas Originais: 256
2025-10-30 20:29:23,533 - [INFO] - [hemoprod_rs.xlsx] - ✓ Linhas Originais: 4332
2025-10-30 20:29:23,535 - [INFO] - [hemoprod_rs.xlsx] - Iniciando limpeza e renomeação de colunas...
2025-10-30 20:29:23,535 - [INFO] - [hemoprod_rs.xlsx] - ✓ Colunas limpas e renomeadas
2025-10-30 20:29:23,535 - [INFO] - [hemoprod_rs.xlsx] - Normalizando período e ano de referência...
2025-10-30 20:29:23,545 - [INFO] - [hemoprod_rs.xlsx] - ✓ Nenhum registro necessitou normalização de período/ano
2025-10-30 20:29:23,545 - [INFO] - [hemoprod_rs.xlsx] - ✓ Período/Ano normalizado
2025-10-30 20:29:23,545 - [INFO] - [hemoprod_rs.xlsx] - Normalizando município e estado...
2025-10-30 20:29:23,545 - [INFO] - [hemoprod_rs.xlsx] - Coluna 'estado' não existe. Criando...
2025-10-30 20:29:23,666 - [INFO] - [hemoprod_rs.xlsx] - ✓ Normalizados 4332 registros com estado no município
2025-10-30 20:29:23,666 - [INFO] - [hemoprod_rs.xlsx] - ✓ Município/Estado normalizado
2025-10-30 20:29:23,666 - [INFO] - [hemoprod_rs.xlsx] - Aplicando tipos de dados...
2025-10-30 20:29:23,792 - [INFO] - [hemoprod_rs.xlsx] - ✓ Tipos aplicados
2025-10-30 20:29:23,792 - [INFO] - [hemoprod_rs.xlsx] - ✓ Colunas Faltantes: 15
2025-10-30 20:29:23,792 - [INFO] - [hemoprod_rs.xlsx] -   → ['distribuicao_para_outros_servicos_concentrado_de_plaquetas_aferese_sem_exame_pre_transfusional', 'producao_hemoterapica_entradas_concentrado_plaquetas_aferese_devolvidas', 'tranfusoes_concentrado_de_plaquetas_de_aferese_hospitalar', 'estado', 'rede_estabelecimento']...
2025-10-30 20:29:23,793 - [INFO] - [hemoprod_rs.xlsx] - ✓ Colunas A Mais: 1
2025-10-30 20:29:23,793 - [INFO] - [hemoprod_rs.xlsx] -   → ['URL de referência']
2025-10-30 20:29:23,793 - [INFO] - [hemoprod_rs.xlsx] - Padronizando schema...
2025-10-30 20:29:23,800 - [INFO] - [hemoprod_rs.xlsx] - Coluna 'estado' já existe, mantendo valores atuais
2025-10-30 20:29:23,810 - [INFO] - [hemoprod_rs.xlsx] - ✓ Schema padronizado - Colunas Finais: 270
2025-10-30 20:29:23,810 - [INFO] - [hemoprod_rs.xlsx] - Preenchendo valores nulos em colunas Int64 com 0...
2025-10-30 20:29:23,811 - [INFO] - [hemoprod_rs.xlsx] -   → Coluna 'semente': 97 valores nulos preenchidos com 0
2025-10-30 20:29:23,811 - [INFO] - [hemoprod_rs.xlsx] -   → Coluna 'identificacao_dado': 4332 valores nulos preenchidos com 0
2025-10-30 20:29:23,811 - [INFO] - [hemoprod_rs.xlsx] -   → Coluna 'identificacao_estabelecimento': 4332 valores nulos preenchidos com 0
2025-10-30 20:29:23,812 - [INFO] - [hemoprod_rs.xlsx] -   → Coluna 'cnes': 4332 valores nulos preenchidos com 0
2025-10-30 20:29:23,812 - [INFO] - [hemoprod_rs.xlsx] -   → Coluna 'endereco': 4332 valores nulos preenchidos com 0
2025-10-30 20:29:23,812 - [INFO] - [hemoprod_rs.xlsx] -   → Coluna 'triagem_clinica_total_doacao_espontanea_aptos': 3522 valores nulos preenchidos com 0
2025-10-30 20:29:23,812 - [INFO] - [hemoprod_rs.xlsx] -   → Coluna 'triagem_clinica_total_doacao_espontanea_inaptos': 3522 valores nulos preenchidos com 0
2025-10-30 20:29:23,812 - [INFO] - [hemoprod_rs.xlsx] -   → Coluna 'triagem_clinica_total_doacao_reposicao_aptos': 3522 valores nulos preenchidos com 0
2025-10-30 20:29:23,813 - [INFO] - [hemoprod_rs.xlsx] -   → Coluna 'triagem_clinica_total_doacao_reposicao_inaptos': 3522 valores nulos preenchidos com 0
2025-10-30 20:29:23,813 - [INFO] - [hemoprod_rs.xlsx] -   → Coluna 'triagem_clinica_total_doacao_autologa_aptos': 3522 valores nulos preenchidos com 0
2025-10-30 20:29:23,813 - [INFO] - [hemoprod_rs.xlsx] -   → Coluna 'triagem_clinica_total_doacao_autologa_inaptos': 3522 valores nulos preenchidos com 0
2025-10-30 20:29:23,813 - [INFO] - [hemoprod_rs.xlsx] -   → Coluna 'total_doador_primeira_vez_aptos': 3522 valores nulos preenchidos com 0
2025-10-30 20:29:23,814 - [INFO] - [hemoprod_rs.xlsx] -   → Coluna 'total_doador_primeira_vez_inaptos': 3522 valores nulos preenchidos com 0
2025-10-30 20:29:23,814 - [INFO] - [hemoprod_rs.xlsx] -   → Coluna 'total_doador_repeticao_aptos': 3522 valores nulos preenchidos com 0
2025-10-30 20:29:23,814 - [INFO] - [hemoprod_rs.xlsx] -   → Coluna 'total_doador_repeticao_inaptos': 3522 valores nulos preenchidos com 0
2025-10-30 20:29:23,814 - [INFO] - [hemoprod_rs.xlsx] -   → Coluna 'total_doador_esporadico_aptos': 3522 valores nulos preenchidos com 0
2025-10-30 20:29:23,816 - [INFO] - [hemoprod_rs.xlsx] -   → Coluna 'total_doador_esporadico_inaptos': 3522 valores nulos preenchidos com 0
2025-10-30 20:29:23,816 - [INFO] - [hemoprod_rs.xlsx] -   → Coluna 'total_doador_masculino_aptos': 3522 valores nulos preenchidos com 0
2025-10-30 20:29:23,816 - [INFO] - [hemoprod_rs.xlsx] -   → Coluna 'total_doador_masculino_inaptos': 3522 valores nulos preenchidos com 0
2025-10-30 20:29:23,816 - [INFO] - [hemoprod_rs.xlsx] -   → Coluna 'total_doador_feminino_aptos': 3522 valores nulos preenchidos com 0
2025-10-30 20:29:23,816 - [INFO] - [hemoprod_rs.xlsx] -   → Coluna 'total_doador_feminino_inaptos': 3522 valores nulos preenchidos com 0
2025-10-30 20:29:23,816 - [INFO] - [hemoprod_rs.xlsx] -   → Coluna 'total_doador_menor_de_18_anos_aptos': 3522 valores nulos preenchidos com 0
2025-10-30 20:29:23,816 - [INFO] - [hemoprod_rs.xlsx] -   → Coluna 'total_doador_menor_de_18_anos_inaptos': 3522 valores nulos preenchidos com 0
2025-10-30 20:29:23,817 - [INFO] - [hemoprod_rs.xlsx] -   → Coluna 'total_doador_18_ate_29_anos_aptos': 3522 valores nulos preenchidos com 0
2025-10-30 20:29:23,817 - [INFO] - [hemoprod_rs.xlsx] -   → Coluna 'total_doador_18_ate_29_anos_inaptos': 3522 valores nulos preenchidos com 0
2025-10-30 20:29:23,817 - [INFO] - [hemoprod_rs.xlsx] -   → Coluna 'total_doador_acima_de_29_anos_aptos': 3522 valores nulos preenchidos com 0
2025-10-30 20:29:23,818 - [INFO] - [hemoprod_rs.xlsx] -   → Coluna 'total_doador_acima_de_29_anos_inaptos': 3522 valores nulos preenchidos com 0
2025-10-30 20:29:23,818 - [INFO] - [hemoprod_rs.xlsx] -   → Coluna 'total_candidatos_inaptos_anemia_masculino': 3522 valores nulos preenchidos com 0
2025-10-30 20:29:23,818 - [INFO] - [hemoprod_rs.xlsx] -   → Coluna 'total_candidatos_inaptos_anemia_feminino': 3522 valores nulos preenchidos com 0
2025-10-30 20:29:23,818 - [INFO] - [hemoprod_rs.xlsx] -   → Coluna 'total_candidatos_inaptos_anemia_total': 3522 valores nulos preenchidos com 0
2025-10-30 20:29:23,818 - [INFO] - [hemoprod_rs.xlsx] -   → Coluna 'total_candidatos_inaptos_hipertensao_masculino': 3522 valores nulos preenchidos com 0
2025-10-30 20:29:23,819 - [INFO] - [hemoprod_rs.xlsx] -   → Coluna 'total_candidatos_inaptos_hipertensao_feminino': 3522 valores nulos preenchidos com 0
2025-10-30 20:29:23,819 - [INFO] - [hemoprod_rs.xlsx] -   → Coluna 'total_candidatos_inaptos_hipertensao_total': 3522 valores nulos preenchidos com 0
2025-10-30 20:29:23,819 - [INFO] - [hemoprod_rs.xlsx] -   → Coluna 'total_candidatos_inaptos_hipotensao_masculino': 3522 valores nulos preenchidos com 0
2025-10-30 20:29:23,819 - [INFO] - [hemoprod_rs.xlsx] -   → Coluna 'total_candidatos_inaptos_hipotensao_feminino': 3522 valores nulos preenchidos com 0
2025-10-30 20:29:23,819 - [INFO] - [hemoprod_rs.xlsx] -   → Coluna 'total_candidatos_inaptos_hipotensao_total': 3522 valores nulos preenchidos com 0
2025-10-30 20:29:23,819 - [INFO] - [hemoprod_rs.xlsx] -   → Coluna 'total_candidatos_inaptos_alcoolismo_masculino': 3522 valores nulos preenchidos com 0
2025-10-30 20:29:23,820 - [INFO] - [hemoprod_rs.xlsx] -   → Coluna 'total_candidatos_inaptos_alcoolismo_feminino': 3522 valores nulos preenchidos com 0
2025-10-30 20:29:23,820 - [INFO] - [hemoprod_rs.xlsx] -   → Coluna 'total_candidatos_inaptos_alcoolismo_total': 3522 valores nulos preenchidos com 0
2025-10-30 20:29:23,820 - [INFO] - [hemoprod_rs.xlsx] -   → Coluna 'total_candidatos_inaptos_comportamento_risco_dst_masculino': 3522 valores nulos preenchidos com 0
2025-10-30 20:29:23,820 - [INFO] - [hemoprod_rs.xlsx] -   → Coluna 'total_candidatos_inaptos_comportamento_risco_dst_feminino': 3522 valores nulos preenchidos com 0
2025-10-30 20:29:23,820 - [INFO] - [hemoprod_rs.xlsx] -   → Coluna 'total_candidatos_inaptos_comportamento_risco_dst_total': 3522 valores nulos preenchidos com 0
2025-10-30 20:29:23,821 - [INFO] - [hemoprod_rs.xlsx] -   → Coluna 'total_candidatos_inaptos_uso_drogas_masculino': 3522 valores nulos preenchidos com 0
2025-10-30 20:29:23,821 - [INFO] - [hemoprod_rs.xlsx] -   → Coluna 'total_candidatos_inaptos_uso_drogas_feminino': 3522 valores nulos preenchidos com 0
2025-10-30 20:29:23,821 - [INFO] - [hemoprod_rs.xlsx] -   → Coluna 'total_candidatos_inaptos_uso_drogas_total': 3522 valores nulos preenchidos com 0
2025-10-30 20:29:23,821 - [INFO] - [hemoprod_rs.xlsx] -   → Coluna 'total_candidatos_inaptos_hepatite_masculino': 3522 valores nulos preenchidos com 0
2025-10-30 20:29:23,822 - [INFO] - [hemoprod_rs.xlsx] -   → Coluna 'total_candidatos_inaptos_hepatite_feminino': 3522 valores nulos preenchidos com 0
2025-10-30 20:29:23,822 - [INFO] - [hemoprod_rs.xlsx] -   → Coluna 'total_candidatos_inaptos_hepatite_total': 3522 valores nulos preenchidos com 0
2025-10-30 20:29:23,822 - [INFO] - [hemoprod_rs.xlsx] -   → Coluna 'total_candidatos_inaptos_doenca_chagas_masculino': 3522 valores nulos preenchidos com 0
2025-10-30 20:29:23,823 - [INFO] - [hemoprod_rs.xlsx] -   → Coluna 'total_candidatos_inaptos_doenca_chagas_feminino': 3522 valores nulos preenchidos com 0
2025-10-30 20:29:23,823 - [INFO] - [hemoprod_rs.xlsx] -   → Coluna 'total_candidatos_inaptos_doenca_chagas_total': 3522 valores nulos preenchidos com 0
2025-10-30 20:29:23,823 - [INFO] - [hemoprod_rs.xlsx] -   → Coluna 'total_candidatos_inaptos_malaria_masculino': 3522 valores nulos preenchidos com 0
2025-10-30 20:29:23,823 - [INFO] - [hemoprod_rs.xlsx] -   → Coluna 'total_candidatos_inaptos_malaria_feminino': 3522 valores nulos preenchidos com 0
2025-10-30 20:29:23,823 - [INFO] - [hemoprod_rs.xlsx] -   → Coluna 'total_candidatos_inaptos_malaria_total': 3522 valores nulos preenchidos com 0
2025-10-30 20:29:23,824 - [INFO] - [hemoprod_rs.xlsx] -   → Coluna 'total_candidatos_inaptos_outras_masculino': 3522 valores nulos preenchidos com 0
2025-10-30 20:29:23,824 - [INFO] - [hemoprod_rs.xlsx] -   → Coluna 'total_candidatos_inaptos_outras_feminino': 3522 valores nulos preenchidos com 0
2025-10-30 20:29:23,824 - [INFO] - [hemoprod_rs.xlsx] -   → Coluna 'total_candidatos_inaptos_outras_total': 3522 valores nulos preenchidos com 0
2025-10-30 20:29:23,824 - [INFO] - [hemoprod_rs.xlsx] -   → Coluna 'coleta_total_candidatos_desistentes': 3522 valores nulos preenchidos com 0
2025-10-30 20:29:23,825 - [INFO] - [hemoprod_rs.xlsx] -   → Coluna 'total_interrupcoes_coleta_dificuldade_puncao_venosa': 3522 valores nulos preenchidos com 0
2025-10-30 20:29:23,825 - [INFO] - [hemoprod_rs.xlsx] -   → Coluna 'total_interrupcoes_coleta_reacao_vagal': 3522 valores nulos preenchidos com 0
2025-10-30 20:29:23,825 - [INFO] - [hemoprod_rs.xlsx] -   → Coluna 'total_interrupcoes_coleta_outros_motivos': 3522 valores nulos preenchidos com 0
2025-10-30 20:29:23,825 - [INFO] - [hemoprod_rs.xlsx] -   → Coluna 'total_coletas_sangue_total': 3522 valores nulos preenchidos com 0
2025-10-30 20:29:23,826 - [INFO] - [hemoprod_rs.xlsx] -   → Coluna 'total_coletas_aferese': 3522 valores nulos preenchidos com 0
2025-10-30 20:29:23,826 - [INFO] - [hemoprod_rs.xlsx] -   → Coluna 'exames_triagem_doenca_doenca_chagas_amostras_testadas': 3525 valores nulos preenchidos com 0
2025-10-30 20:29:23,826 - [INFO] - [hemoprod_rs.xlsx] -   → Coluna 'exames_triagem_doenca_doenca_chagas_amostras_reagentes': 3525 valores nulos preenchidos com 0
2025-10-30 20:29:23,826 - [INFO] - [hemoprod_rs.xlsx] -   → Coluna 'exames_triagem_doenca_hiv_amostras_testadas': 3525 valores nulos preenchidos com 0
2025-10-30 20:29:23,826 - [INFO] - [hemoprod_rs.xlsx] -   → Coluna 'exames_triagem_doenca_hiv_amostras_reagentes': 3525 valores nulos preenchidos com 0
2025-10-30 20:29:23,827 - [INFO] - [hemoprod_rs.xlsx] -   → Coluna 'exames_triagem_doenca_sifilis_amostras_testadas': 3525 valores nulos preenchidos com 0
2025-10-30 20:29:23,827 - [INFO] - [hemoprod_rs.xlsx] -   → Coluna '`exames_triagem_doenca_sifilis_amostras_reagentes': 3525 valores nulos preenchidos com 0
2025-10-30 20:29:23,828 - [INFO] - [hemoprod_rs.xlsx] -   → Coluna 'exames_triagem_doenca_hepatite_b_hbs_ag_amostras_testadas': 3525 valores nulos preenchidos com 0
2025-10-30 20:29:23,828 - [INFO] - [hemoprod_rs.xlsx] -   → Coluna 'exames_triagem_doenca_hepatite_b_hbs_ag_amostras_reagentes': 3525 valores nulos preenchidos com 0
2025-10-30 20:29:23,828 - [INFO] - [hemoprod_rs.xlsx] -   → Coluna 'exames_triagem_doenca_hepatite_b_anti_hbc_amostras_testadas': 3525 valores nulos preenchidos com 0
2025-10-30 20:29:23,829 - [INFO] - [hemoprod_rs.xlsx] -   → Coluna 'exames_triagem_doenca_hepatite_b_anti_hbc_amostras_reagentes': 3525 valores nulos preenchidos com 0
2025-10-30 20:29:23,829 - [INFO] - [hemoprod_rs.xlsx] -   → Coluna 'exames_triagem_doenca_hepatite_c_amostras_testadas': 3525 valores nulos preenchidos com 0
2025-10-30 20:29:23,829 - [INFO] - [hemoprod_rs.xlsx] -   → Coluna 'exames_triagem_doenca_hepatite_c_amostras_reagentes': 3525 valores nulos preenchidos com 0
2025-10-30 20:29:23,829 - [INFO] - [hemoprod_rs.xlsx] -   → Coluna 'exames_triagem_doenca_htlv_i_ii_amostras_testadas': 3525 valores nulos preenchidos com 0
2025-10-30 20:29:23,830 - [INFO] - [hemoprod_rs.xlsx] -   → Coluna 'exames_triagem_doenca_htlv_i_ii_amostras_reagentes': 3525 valores nulos preenchidos com 0
2025-10-30 20:29:23,830 - [INFO] - [hemoprod_rs.xlsx] -   → Coluna 'exames_triagem_doenca_malaria_amostras_testadas': 3525 valores nulos preenchidos com 0
2025-10-30 20:29:23,830 - [INFO] - [hemoprod_rs.xlsx] -   → Coluna 'exames_triagem_doenca_malaria_amostras_reagentes': 3525 valores nulos preenchidos com 0
2025-10-30 20:29:23,830 - [INFO] - [hemoprod_rs.xlsx] -   → Coluna 'exames_triagem_doenca_hbv_teste_nat_amostras_testadas': 3525 valores nulos preenchidos com 0
2025-10-30 20:29:23,830 - [INFO] - [hemoprod_rs.xlsx] -   → Coluna 'exames_triagem_doenca_hbv_teste_nat_amostras_reagentes': 3525 valores nulos preenchidos com 0
2025-10-30 20:29:23,831 - [INFO] - [hemoprod_rs.xlsx] -   → Coluna 'exames_triagem_doenca_hcv_teste_nat_amostras_testadas': 3525 valores nulos preenchidos com 0
2025-10-30 20:29:23,831 - [INFO] - [hemoprod_rs.xlsx] -   → Coluna 'exames_triagem_doenca_hcv_teste_nat_amostras_reagentes': 3525 valores nulos preenchidos com 0
2025-10-30 20:29:23,831 - [INFO] - [hemoprod_rs.xlsx] -   → Coluna 'exames_triagem_doenca_hiv_teste_nat_amostras_testadas': 3525 valores nulos preenchidos com 0
2025-10-30 20:29:23,831 - [INFO] - [hemoprod_rs.xlsx] -   → Coluna 'exames_triagem_doenca_hiv_teste_nat_amostras_reagentes': 3525 valores nulos preenchidos com 0
2025-10-30 20:29:23,832 - [INFO] - [hemoprod_rs.xlsx] -   → Coluna 'imunohematologia_a_positivo_doador': 3 valores nulos preenchidos com 0
2025-10-30 20:29:23,832 - [INFO] - [hemoprod_rs.xlsx] -   → Coluna 'imunohematologia_a_positivo_receptor': 3 valores nulos preenchidos com 0
2025-10-30 20:29:23,832 - [INFO] - [hemoprod_rs.xlsx] -   → Coluna 'imunohematologia_b_positivo_doador': 3 valores nulos preenchidos com 0
2025-10-30 20:29:23,832 - [INFO] - [hemoprod_rs.xlsx] -   → Coluna 'imunohematologia_b_positivo_receptor': 3 valores nulos preenchidos com 0
2025-10-30 20:29:23,833 - [INFO] - [hemoprod_rs.xlsx] -   → Coluna 'imunohematologia_ab_positivo_doador': 3 valores nulos preenchidos com 0
2025-10-30 20:29:23,833 - [INFO] - [hemoprod_rs.xlsx] -   → Coluna 'imunohematologia_ab_positivo_receptor': 3 valores nulos preenchidos com 0
2025-10-30 20:29:23,833 - [INFO] - [hemoprod_rs.xlsx] -   → Coluna 'imunohematologia_o_positivo_doador': 3 valores nulos preenchidos com 0
2025-10-30 20:29:23,833 - [INFO] - [hemoprod_rs.xlsx] -   → Coluna 'imunohematologia_o_positivo_receptor': 3 valores nulos preenchidos com 0
2025-10-30 20:29:23,833 - [INFO] - [hemoprod_rs.xlsx] -   → Coluna 'imunohematologia_a_negativo_doador': 3 valores nulos preenchidos com 0
2025-10-30 20:29:23,833 - [INFO] - [hemoprod_rs.xlsx] -   → Coluna 'imunohematologia_a_negativo_receptor': 3 valores nulos preenchidos com 0
2025-10-30 20:29:23,835 - [INFO] - [hemoprod_rs.xlsx] -   → Coluna 'imunohematologia_b_negativo_doador': 3 valores nulos preenchidos com 0
2025-10-30 20:29:23,835 - [INFO] - [hemoprod_rs.xlsx] -   → Coluna 'imunohematologia_b_negativo_receptor': 3 valores nulos preenchidos com 0
2025-10-30 20:29:23,835 - [INFO] - [hemoprod_rs.xlsx] -   → Coluna 'imunohematologia_ab_negativo_doador': 3 valores nulos preenchidos com 0
2025-10-30 20:29:23,835 - [INFO] - [hemoprod_rs.xlsx] -   → Coluna 'imunohematologia_ab_negativo_receptor': 3 valores nulos preenchidos com 0
2025-10-30 20:29:23,836 - [INFO] - [hemoprod_rs.xlsx] -   → Coluna 'imunohematologia_o_negativo_doador': 3 valores nulos preenchidos com 0
2025-10-30 20:29:23,836 - [INFO] - [hemoprod_rs.xlsx] -   → Coluna 'imunohematologia_o_negativo_receptor': 3 valores nulos preenchidos com 0
2025-10-30 20:29:23,836 - [INFO] - [hemoprod_rs.xlsx] -   → Coluna 'imunohematologia_dfraco_doador': 3 valores nulos preenchidos com 0
2025-10-30 20:29:23,836 - [INFO] - [hemoprod_rs.xlsx] -   → Coluna 'imunohematologia_dfraco_receptor': 3 valores nulos preenchidos com 0
2025-10-30 20:29:23,836 - [INFO] - [hemoprod_rs.xlsx] -   → Coluna 'imunohematologia_pesquisa_anticorpo_irregular_positivo_doador': 3 valores nulos preenchidos com 0
2025-10-30 20:29:23,836 - [INFO] - [hemoprod_rs.xlsx] -   → Coluna 'imunohematologia_pesquisa_anticorpo_irregular_positivo_receptor': 3 valores nulos preenchidos com 0
2025-10-30 20:29:23,836 - [INFO] - [hemoprod_rs.xlsx] -   → Coluna 'imunohematologia_fenotipagem_doador': 3 valores nulos preenchidos com 0
2025-10-30 20:29:23,837 - [INFO] - [hemoprod_rs.xlsx] -   → Coluna 'imunohematologia_fenotipagem_receptor': 3 valores nulos preenchidos com 0
2025-10-30 20:29:23,837 - [INFO] - [hemoprod_rs.xlsx] -   → Coluna 'imunohematologia_combs_direto_doador': 3 valores nulos preenchidos com 0
2025-10-30 20:29:23,837 - [INFO] - [hemoprod_rs.xlsx] -   → Coluna 'imunohematologia_combs_direto_receptor': 3 valores nulos preenchidos com 0
2025-10-30 20:29:23,837 - [INFO] - [hemoprod_rs.xlsx] -   → Coluna 'outros_tipos_pesquisa_pesquisa_hbs_doador': 3525 valores nulos preenchidos com 0
2025-10-30 20:29:23,837 - [INFO] - [hemoprod_rs.xlsx] -   → Coluna 'inaptidao_triagem_laboratorial_total_bolsas_testadas': 3525 valores nulos preenchidos com 0
2025-10-30 20:29:23,838 - [INFO] - [hemoprod_rs.xlsx] -   → Coluna 'inaptidao_triagem_laboratorial_total_bolsas_reagentes_1_ou_mais_marcadores': 3525 valores nulos preenchidos com 0
2025-10-30 20:29:23,838 - [INFO] - [hemoprod_rs.xlsx] -   → Coluna 'descarte_bolsas_total_bolsas_descartadas_auto_exclusao': 3525 valores nulos preenchidos com 0
2025-10-30 20:29:23,838 - [INFO] - [hemoprod_rs.xlsx] -   → Coluna 'producao_hemoterapica_entradas_sangue_total_produzidas': 3 valores nulos preenchidos com 0
2025-10-30 20:29:23,838 - [INFO] - [hemoprod_rs.xlsx] -   → Coluna 'producao_hemoterapica_entradas_sangue_total_recebidas': 3 valores nulos preenchidos com 0
2025-10-30 20:29:23,839 - [INFO] - [hemoprod_rs.xlsx] -   → Coluna 'producao_hemoterapica_entradas_sangue_total_devolvidas': 3 valores nulos preenchidos com 0
2025-10-30 20:29:23,839 - [INFO] - [hemoprod_rs.xlsx] -   → Coluna 'producao_hemoterapica_entradas_plasma_fresco_congelado_produzidas': 3 valores nulos preenchidos com 0
2025-10-30 20:29:23,839 - [INFO] - [hemoprod_rs.xlsx] -   → Coluna 'producao_hemoterapica_entradas_plasma_fresco_congelado_recebidas': 3 valores nulos preenchidos com 0
2025-10-30 20:29:23,839 - [INFO] - [hemoprod_rs.xlsx] -   → Coluna 'producao_hemoterapica_entradas_plasma_fresco_congelado_devolvidas': 3 valores nulos preenchidos com 0
2025-10-30 20:29:23,839 - [INFO] - [hemoprod_rs.xlsx] -   → Coluna 'producao_hemoterapica_entradas_plasma_comum_produzidas': 3 valores nulos preenchidos com 0
2025-10-30 20:29:23,840 - [INFO] - [hemoprod_rs.xlsx] -   → Coluna 'producao_hemoterapica_entradas_plasma_comum_recebidas': 3 valores nulos preenchidos com 0
2025-10-30 20:29:23,840 - [INFO] - [hemoprod_rs.xlsx] -   → Coluna 'producao_hemoterapica_entradas_plasma_comum_devolvidas': 3 valores nulos preenchidos com 0
2025-10-30 20:29:23,840 - [INFO] - [hemoprod_rs.xlsx] -   → Coluna 'producao_hemoterapica_entradas_concentrado_hemacias_produzidas': 3 valores nulos preenchidos com 0
2025-10-30 20:29:23,840 - [INFO] - [hemoprod_rs.xlsx] -   → Coluna 'producao_hemoterapica_entradas_concentrado_hemacias_recebidas': 3 valores nulos preenchidos com 0
2025-10-30 20:29:23,841 - [INFO] - [hemoprod_rs.xlsx] -   → Coluna 'producao_hemoterapica_entradas_concentrado_hemacias_devolvidas': 3 valores nulos preenchidos com 0
2025-10-30 20:29:23,841 - [INFO] - [hemoprod_rs.xlsx] -   → Coluna 'producao_hemoterapica_entradas_concentrado_hemacias_sem_buffy_coat_produzidas': 3 valores nulos preenchidos com 0
2025-10-30 20:29:23,841 - [INFO] - [hemoprod_rs.xlsx] -   → Coluna 'producao_hemoterapica_entradas_concentrado_hemacias_sem_buffy_coat_recebidas': 3 valores nulos preenchidos com 0
2025-10-30 20:29:23,841 - [INFO] - [hemoprod_rs.xlsx] -   → Coluna 'producao_hemoterapica_entradas_concentrado_hemacias_sem_buffy_coat_devolvidas': 3 valores nulos preenchidos com 0
2025-10-30 20:29:23,841 - [INFO] - [hemoprod_rs.xlsx] -   → Coluna 'producao_hemoterapica_entradas_concentrado_plaquetas_produzidas': 3 valores nulos preenchidos com 0
2025-10-30 20:29:23,842 - [INFO] - [hemoprod_rs.xlsx] -   → Coluna 'producao_hemoterapica_entradas_concentrado_plaquetas_recebidas': 3 valores nulos preenchidos com 0
2025-10-30 20:29:23,842 - [INFO] - [hemoprod_rs.xlsx] -   → Coluna 'producao_hemoterapica_entradas_concentrado_plaquetas_devolvidas': 3 valores nulos preenchidos com 0
2025-10-30 20:29:23,842 - [INFO] - [hemoprod_rs.xlsx] -   → Coluna 'producao_hemoterapica_entradas_concentrado_leucocitos_produzidas': 3 valores nulos preenchidos com 0
2025-10-30 20:29:23,843 - [INFO] - [hemoprod_rs.xlsx] -   → Coluna 'producao_hemoterapica_entradas_concentrado_leucocitos_recebidas': 3 valores nulos preenchidos com 0
2025-10-30 20:29:23,843 - [INFO] - [hemoprod_rs.xlsx] -   → Coluna 'producao_hemoterapica_entradas_concentrado_leucocitos_devolvidas': 3 valores nulos preenchidos com 0
2025-10-30 20:29:23,843 - [INFO] - [hemoprod_rs.xlsx] -   → Coluna 'producao_hemoterapica_entradas_crioprecipitado_produzidas': 3 valores nulos preenchidos com 0
2025-10-30 20:29:23,843 - [INFO] - [hemoprod_rs.xlsx] -   → Coluna 'producao_hemoterapica_entradas_crioprecipitado_recebidas': 3 valores nulos preenchidos com 0
2025-10-30 20:29:23,843 - [INFO] - [hemoprod_rs.xlsx] -   → Coluna 'producao_hemoterapica_entradas_crioprecipitado_devolvidas': 3 valores nulos preenchidos com 0
2025-10-30 20:29:23,843 - [INFO] - [hemoprod_rs.xlsx] -   → Coluna 'producao_hemoterapica_entradas_concentrado_de_plaquetas_sem_buffy_coat_produzidas': 3 valores nulos preenchidos com 0
2025-10-30 20:29:23,844 - [INFO] - [hemoprod_rs.xlsx] -   → Coluna 'producao_hemoterapica_entradas_concentrado_de_plaquetas_sem_buffy_coat_recebidas': 3 valores nulos preenchidos com 0
2025-10-30 20:29:23,844 - [INFO] - [hemoprod_rs.xlsx] -   → Coluna 'producao_hemoterapica_entradas_concentrado_de_plaquetas_sem_buffy_coat_devolvidas': 3 valores nulos preenchidos com 0
2025-10-30 20:29:23,844 - [INFO] - [hemoprod_rs.xlsx] -   → Coluna 'perdas_sangue_total_rompimento_de_bolsa': 3 valores nulos preenchidos com 0
2025-10-30 20:29:23,845 - [INFO] - [hemoprod_rs.xlsx] -   → Coluna 'perdas_sangue_total_validade': 3 valores nulos preenchidos com 0
2025-10-30 20:29:23,845 - [INFO] - [hemoprod_rs.xlsx] -   → Coluna 'perdas_sangue_total_outros_motivos': 3 valores nulos preenchidos com 0
2025-10-30 20:29:23,845 - [INFO] - [hemoprod_rs.xlsx] -   → Coluna 'perdas_plasma_fresco_congelado_rompimento_de_bolsa': 3 valores nulos preenchidos com 0
2025-10-30 20:29:23,845 - [INFO] - [hemoprod_rs.xlsx] -   → Coluna 'perdas_plasma_fresco_congelado_validade': 3 valores nulos preenchidos com 0
2025-10-30 20:29:23,846 - [INFO] - [hemoprod_rs.xlsx] -   → Coluna 'perdas_plasma_fresco_congelado_outros_motivos': 3 valores nulos preenchidos com 0
2025-10-30 20:29:23,846 - [INFO] - [hemoprod_rs.xlsx] -   → Coluna 'perdas_plasma_comum_rompimento_de_bolsa': 3 valores nulos preenchidos com 0
2025-10-30 20:29:23,846 - [INFO] - [hemoprod_rs.xlsx] -   → Coluna 'perdas_plasma_comum_validade': 3 valores nulos preenchidos com 0
2025-10-30 20:29:23,846 - [INFO] - [hemoprod_rs.xlsx] -   → Coluna 'perdas_plasma_comum_outros_motivos': 3 valores nulos preenchidos com 0
2025-10-30 20:29:23,846 - [INFO] - [hemoprod_rs.xlsx] -   → Coluna 'perdas_concentrado_de_hemacias_rompimento_de_bolsa': 3 valores nulos preenchidos com 0
2025-10-30 20:29:23,846 - [INFO] - [hemoprod_rs.xlsx] -   → Coluna 'perdas_concentrado_de_hemacias_validade': 3 valores nulos preenchidos com 0
2025-10-30 20:29:23,848 - [INFO] - [hemoprod_rs.xlsx] -   → Coluna 'perdas_concentrado_de_hemacias_outros_motivos': 3 valores nulos preenchidos com 0
2025-10-30 20:29:23,848 - [INFO] - [hemoprod_rs.xlsx] -   → Coluna 'perdas_concentrado_de_hemacias_sem_buffy_coat_rompimento_de_bolsa': 3 valores nulos preenchidos com 0
2025-10-30 20:29:23,848 - [INFO] - [hemoprod_rs.xlsx] -   → Coluna 'perdas_concentrado_de_hemacias_sem_buffy_coat_validade': 3 valores nulos preenchidos com 0
2025-10-30 20:29:23,848 - [INFO] - [hemoprod_rs.xlsx] -   → Coluna 'perdas_concentrado_de_hemacias_sem_buffy_coat_outros_motivos': 3 valores nulos preenchidos com 0
2025-10-30 20:29:23,848 - [INFO] - [hemoprod_rs.xlsx] -   → Coluna 'perdas_concentrado_de_plaquetas_rompimento_de_bolsa': 3 valores nulos preenchidos com 0
2025-10-30 20:29:23,848 - [INFO] - [hemoprod_rs.xlsx] -   → Coluna 'perdas_concentrado_de_plaquetas_validade': 3 valores nulos preenchidos com 0
2025-10-30 20:29:23,849 - [INFO] - [hemoprod_rs.xlsx] -   → Coluna 'perdas_concentrado_de_plaquetas_outros_motivos': 3 valores nulos preenchidos com 0
2025-10-30 20:29:23,849 - [INFO] - [hemoprod_rs.xlsx] -   → Coluna 'perdas_concentrado_de_leucocitos_rompimento_de_bolsa': 3 valores nulos preenchidos com 0
2025-10-30 20:29:23,849 - [INFO] - [hemoprod_rs.xlsx] -   → Coluna 'perdas_concentrado_de_leucocitos_validade': 3 valores nulos preenchidos com 0
2025-10-30 20:29:23,849 - [INFO] - [hemoprod_rs.xlsx] -   → Coluna 'perdas_concentrado_de_leucocitos_outros_motivos': 3 valores nulos preenchidos com 0
2025-10-30 20:29:23,849 - [INFO] - [hemoprod_rs.xlsx] -   → Coluna 'perdas_crioprecipitado_rompimento_de_bolsa': 3 valores nulos preenchidos com 0
2025-10-30 20:29:23,849 - [INFO] - [hemoprod_rs.xlsx] -   → Coluna 'perdas_crioprecipitado_validade': 3 valores nulos preenchidos com 0
2025-10-30 20:29:23,850 - [INFO] - [hemoprod_rs.xlsx] -   → Coluna 'perdas_crioprecipitado_outros_motivos': 3 valores nulos preenchidos com 0
2025-10-30 20:29:23,850 - [INFO] - [hemoprod_rs.xlsx] -   → Coluna 'perdas_concentrado_de_plaquetas_sem_buffy_coat_rompimento_de_bolsa': 3 valores nulos preenchidos com 0
2025-10-30 20:29:23,850 - [INFO] - [hemoprod_rs.xlsx] -   → Coluna 'perdas_concentrado_de_plaquetas_sem_buffy_coat_validade': 3 valores nulos preenchidos com 0
2025-10-30 20:29:23,850 - [INFO] - [hemoprod_rs.xlsx] -   → Coluna 'perdas_concentrado_de_plaquetas_sem_buffy_coat_outros_motivos': 3 valores nulos preenchidos com 0
2025-10-30 20:29:23,850 - [INFO] - [hemoprod_rs.xlsx] -   → Coluna 'tranfusoes_sangue_total_ambulatorial': 3 valores nulos preenchidos com 0
2025-10-30 20:29:23,850 - [INFO] - [hemoprod_rs.xlsx] -   → Coluna 'tranfusoes_sangue_total_hospitalar': 3 valores nulos preenchidos com 0
2025-10-30 20:29:23,851 - [INFO] - [hemoprod_rs.xlsx] -   → Coluna 'tranfusoes_sangue_total_total': 3 valores nulos preenchidos com 0
2025-10-30 20:29:23,851 - [INFO] - [hemoprod_rs.xlsx] -   → Coluna 'tranfusoes_plasma_fresco_congelado_ambulatorial': 3 valores nulos preenchidos com 0
2025-10-30 20:29:23,851 - [INFO] - [hemoprod_rs.xlsx] -   → Coluna 'tranfusoes_plasma_fresco_congelado_hospitalar': 3 valores nulos preenchidos com 0
2025-10-30 20:29:23,851 - [INFO] - [hemoprod_rs.xlsx] -   → Coluna 'tranfusoes_plasma_fresco_congelado_total': 3 valores nulos preenchidos com 0
2025-10-30 20:29:23,852 - [INFO] - [hemoprod_rs.xlsx] -   → Coluna 'tranfusoes_plasma_comum_ambulatorial': 3 valores nulos preenchidos com 0
2025-10-30 20:29:23,852 - [INFO] - [hemoprod_rs.xlsx] -   → Coluna 'tranfusoes_plasma_comum_hospitalar': 3 valores nulos preenchidos com 0
2025-10-30 20:29:23,852 - [INFO] - [hemoprod_rs.xlsx] -   → Coluna 'tranfusoes_plasma_comum_total': 3 valores nulos preenchidos com 0
2025-10-30 20:29:23,853 - [INFO] - [hemoprod_rs.xlsx] -   → Coluna 'tranfusoes_concentrado_de_hemacias_ambulatorial': 3 valores nulos preenchidos com 0
2025-10-30 20:29:23,853 - [INFO] - [hemoprod_rs.xlsx] -   → Coluna 'tranfusoes_concentrado_de_hemacias_hospitalar': 3 valores nulos preenchidos com 0
2025-10-30 20:29:23,853 - [INFO] - [hemoprod_rs.xlsx] -   → Coluna 'tranfusoes_concentrado_de_hemacias_total': 3 valores nulos preenchidos com 0
2025-10-30 20:29:23,853 - [INFO] - [hemoprod_rs.xlsx] -   → Coluna 'tranfusoes_concentrado_de_hemacias_sem_buffy_coat_ambulatorial': 3 valores nulos preenchidos com 0
2025-10-30 20:29:23,853 - [INFO] - [hemoprod_rs.xlsx] -   → Coluna 'tranfusoes_concentrado_de_hemacias_sem_buffy_coat_hospitalar': 3 valores nulos preenchidos com 0
2025-10-30 20:29:23,853 - [INFO] - [hemoprod_rs.xlsx] -   → Coluna 'tranfusoes_concentrado_de_hemacias_sem_buffy_coat_total': 3 valores nulos preenchidos com 0
2025-10-30 20:29:23,853 - [INFO] - [hemoprod_rs.xlsx] -   → Coluna 'tranfusoes_concentrado_de_plaquetas_ambulatorial': 3 valores nulos preenchidos com 0
2025-10-30 20:29:23,853 - [INFO] - [hemoprod_rs.xlsx] -   → Coluna 'tranfusoes_concentrado_de_plaquetas_hospitalar': 3 valores nulos preenchidos com 0
2025-10-30 20:29:23,853 - [INFO] - [hemoprod_rs.xlsx] -   → Coluna 'tranfusoes_concentrado_de_plaquetas_total': 3 valores nulos preenchidos com 0
2025-10-30 20:29:23,855 - [INFO] - [hemoprod_rs.xlsx] -   → Coluna 'tranfusoes_concentrado_de_leucocitos_ambulatorial': 3 valores nulos preenchidos com 0
2025-10-30 20:29:23,855 - [INFO] - [hemoprod_rs.xlsx] -   → Coluna 'tranfusoes_concentrado_de_leucocitos_hospitalar': 3 valores nulos preenchidos com 0
2025-10-30 20:29:23,855 - [INFO] - [hemoprod_rs.xlsx] -   → Coluna 'tranfusoes_concentrado_de_leucocitos_total': 3 valores nulos preenchidos com 0
2025-10-30 20:29:23,855 - [INFO] - [hemoprod_rs.xlsx] -   → Coluna 'tranfusoes_crioprecipitado_ambulatorial': 3 valores nulos preenchidos com 0
2025-10-30 20:29:23,855 - [INFO] - [hemoprod_rs.xlsx] -   → Coluna 'tranfusoes_crioprecipitado_hospitalar': 3 valores nulos preenchidos com 0
2025-10-30 20:29:23,856 - [INFO] - [hemoprod_rs.xlsx] -   → Coluna 'tranfusoes_crioprecipitado_total': 3 valores nulos preenchidos com 0
2025-10-30 20:29:23,856 - [INFO] - [hemoprod_rs.xlsx] -   → Coluna 'tranfusoes_concentrado_de_plaquetas_sem_buffy_coat_ambulatorial': 3 valores nulos preenchidos com 0
2025-10-30 20:29:23,856 - [INFO] - [hemoprod_rs.xlsx] -   → Coluna 'tranfusoes_concentrado_de_plaquetas_sem_buffy_coat_hospitalar': 3 valores nulos preenchidos com 0
2025-10-30 20:29:23,856 - [INFO] - [hemoprod_rs.xlsx] -   → Coluna 'tranfusoes_concentrado_de_plaquetas_sem_buffy_coat_total': 3 valores nulos preenchidos com 0
2025-10-30 20:29:23,857 - [INFO] - [hemoprod_rs.xlsx] -   → Coluna 'distribuicao_para_outros_servicos_sangue_total_sem_exame_pre_transfusional': 3 valores nulos preenchidos com 0
2025-10-30 20:29:23,857 - [INFO] - [hemoprod_rs.xlsx] -   → Coluna 'distribuicao_para_outros_servicos_sangue_total_com_exame_pre_transfusional': 3 valores nulos preenchidos com 0
2025-10-30 20:29:23,857 - [INFO] - [hemoprod_rs.xlsx] -   → Coluna 'distribuicao_para_outros_servicos_sangue_total_total': 3 valores nulos preenchidos com 0
2025-10-30 20:29:23,857 - [INFO] - [hemoprod_rs.xlsx] -   → Coluna 'distribuicao_para_outros_servicos_plasma_fresco_congelado_sem_exame_pre_transfusional': 3 valores nulos preenchidos com 0
2025-10-30 20:29:23,858 - [INFO] - [hemoprod_rs.xlsx] -   → Coluna 'distribuicao_para_outros_servicos_plasma_fresco_congelado_com_exame_pre_transfusional': 3 valores nulos preenchidos com 0
2025-10-30 20:29:23,858 - [INFO] - [hemoprod_rs.xlsx] -   → Coluna 'distribuicao_para_outros_servicos_plasma_fresco_congelado_total': 3 valores nulos preenchidos com 0
2025-10-30 20:29:23,858 - [INFO] - [hemoprod_rs.xlsx] -   → Coluna 'distribuicao_para_outros_servicos_plasma_comum_sem_exame_pre_transfusional': 3 valores nulos preenchidos com 0
2025-10-30 20:29:23,858 - [INFO] - [hemoprod_rs.xlsx] -   → Coluna 'distribuicao_para_outros_servicos_plasma_comum_com_exame_pre_transfusional': 3 valores nulos preenchidos com 0
2025-10-30 20:29:23,859 - [INFO] - [hemoprod_rs.xlsx] -   → Coluna 'distribuicao_para_outros_servicos_plasma_comum_total': 3 valores nulos preenchidos com 0
2025-10-30 20:29:23,859 - [INFO] - [hemoprod_rs.xlsx] -   → Coluna 'distribuicao_para_outros_servicos_concentrado_de_hemacias_sem_exame_pre_transfusional': 3 valores nulos preenchidos com 0
2025-10-30 20:29:23,859 - [INFO] - [hemoprod_rs.xlsx] -   → Coluna 'distribuicao_para_outros_servicos_concentrado_de_hemacias_com_exame_pre_transfusional': 3 valores nulos preenchidos com 0
2025-10-30 20:29:23,859 - [INFO] - [hemoprod_rs.xlsx] -   → Coluna 'distribuicao_para_outros_servicos_concentrado_de_hemacias_total': 3 valores nulos preenchidos com 0
2025-10-30 20:29:23,860 - [INFO] - [hemoprod_rs.xlsx] -   → Coluna 'distribuicao_para_outros_servicos_concentrado_de_hemacias_sem_buffy_coat_sem_exame_pre_transfusi': 3 valores nulos preenchidos com 0
2025-10-30 20:29:23,860 - [INFO] - [hemoprod_rs.xlsx] -   → Coluna 'distribuicao_para_outros_servicos_concentrado_de_hemacias_sem_buffy_coat_com_exame_pre_transfusi': 3 valores nulos preenchidos com 0
2025-10-30 20:29:23,860 - [INFO] - [hemoprod_rs.xlsx] -   → Coluna 'distribuicao_para_outros_servicos_concentrado_de_hemacias_sem_buffy_coat_total': 3 valores nulos preenchidos com 0
2025-10-30 20:29:23,860 - [INFO] - [hemoprod_rs.xlsx] -   → Coluna 'distribuicao_para_outros_servicos_concentrado_de_plaquetas_sem_exame_pre_transfusional': 3 valores nulos preenchidos com 0
2025-10-30 20:29:23,860 - [INFO] - [hemoprod_rs.xlsx] -   → Coluna 'distribuicao_para_outros_servicos_concentrado_de_plaquetas_com_exame_pre_transfusional': 3 valores nulos preenchidos com 0
2025-10-30 20:29:23,861 - [INFO] - [hemoprod_rs.xlsx] -   → Coluna 'distribuicao_para_outros_servicos_concentrado_de_plaquetas_total': 3 valores nulos preenchidos com 0
2025-10-30 20:29:23,861 - [INFO] - [hemoprod_rs.xlsx] -   → Coluna 'distribuicao_para_outros_servicos_concentrado_de_leucocitos_sem_exame_pre_transfusional': 3 valores nulos preenchidos com 0
2025-10-30 20:29:23,861 - [INFO] - [hemoprod_rs.xlsx] -   → Coluna 'distribuicao_para_outros_servicos_concentrado_de_leucocitos_com_exame_pre_transfusional': 3 valores nulos preenchidos com 0
2025-10-30 20:29:23,861 - [INFO] - [hemoprod_rs.xlsx] -   → Coluna 'distribuicao_para_outros_servicos_concentrado_de_leucocitos_total': 3 valores nulos preenchidos com 0
2025-10-30 20:29:23,861 - [INFO] - [hemoprod_rs.xlsx] -   → Coluna 'distribuicao_para_outros_servicos_crioprecipitado_sem_exame_pre_transfusional': 3 valores nulos preenchidos com 0
2025-10-30 20:29:23,862 - [INFO] - [hemoprod_rs.xlsx] -   → Coluna 'distribuicao_para_outros_servicos_crioprecipitado_com_exame_pre_transfusional': 3 valores nulos preenchidos com 0
2025-10-30 20:29:23,862 - [INFO] - [hemoprod_rs.xlsx] -   → Coluna 'distribuicao_para_outros_servicos_crioprecipitado_total': 3 valores nulos preenchidos com 0
2025-10-30 20:29:23,862 - [INFO] - [hemoprod_rs.xlsx] -   → Coluna 'distribuicao_para_outros_servicos_concentrado_de_plaquetas_sem_buffy_coat_sem_exame_pre_transfusional': 3 valores nulos preenchidos com 0
2025-10-30 20:29:23,862 - [INFO] - [hemoprod_rs.xlsx] -   → Coluna 'distribuicao_para_outros_servicos_concentrado_de_plaquetas_sem_buffy_coat_com_exame_pre_transfusional': 3 valores nulos preenchidos com 0
2025-10-30 20:29:23,862 - [INFO] - [hemoprod_rs.xlsx] -   → Coluna 'distribuicao_para_outros_servicos_concentrado_de_plaquetas_sem_buffy_coat_total': 3 valores nulos preenchidos com 0
2025-10-30 20:29:23,863 - [INFO] - [hemoprod_rs.xlsx] -   → Coluna 'procedimentos_de_modificacao_dos_hemocomponentes_lavagem': 3 valores nulos preenchidos com 0
2025-10-30 20:29:23,863 - [INFO] - [hemoprod_rs.xlsx] -   → Coluna 'procedimentos_de_modificacao_dos_hemocomponentes_irradiacao': 3 valores nulos preenchidos com 0
2025-10-30 20:29:23,863 - [INFO] - [hemoprod_rs.xlsx] -   → Coluna 'procedimentos_de_modificacao_dos_hemocomponentes_filtracao_em_concentrado_de_plaquetas': 3 valores nulos preenchidos com 0
2025-10-30 20:29:23,863 - [INFO] - [hemoprod_rs.xlsx] -   → Coluna 'procedimentos_de_modificacao_dos_hemocomponentes_filtracao_em_concentrado_de_hemacias': 3 valores nulos preenchidos com 0
2025-10-30 20:29:23,863 - [INFO] - [hemoprod_rs.xlsx] -   → Coluna 'procedimentos_de_modificacao_dos_hemocomponentes_fracionamento_pediatrico': 3 valores nulos preenchidos com 0
2025-10-30 20:29:23,864 - [INFO] - [hemoprod_rs.xlsx] -   → Coluna 'reacoes_transfusionais_reacao_febril_nao_hemolitica': 3 valores nulos preenchidos com 0
2025-10-30 20:29:23,864 - [INFO] - [hemoprod_rs.xlsx] -   → Coluna 'reacoes_transfusionais_reacao_hemolitica': 3 valores nulos preenchidos com 0
2025-10-30 20:29:23,864 - [INFO] - [hemoprod_rs.xlsx] -   → Coluna 'reacoes_transfusionais_reacao_alergica': 3 valores nulos preenchidos com 0
2025-10-30 20:29:23,864 - [INFO] - [hemoprod_rs.xlsx] -   → Coluna 'reacoes_transfusionais_choque_bacteriano': 3 valores nulos preenchidos com 0
2025-10-30 20:29:23,865 - [INFO] - [hemoprod_rs.xlsx] -   → Coluna 'reacoes_transfusionais_alteracoes_metabolicas': 3 valores nulos preenchidos com 0
2025-10-30 20:29:23,865 - [INFO] - [hemoprod_rs.xlsx] -   → Coluna 'reacoes_transfusionais_sobrecarga_volemica': 3 valores nulos preenchidos com 0
2025-10-30 20:29:23,865 - [INFO] - [hemoprod_rs.xlsx] -   → Coluna 'reacoes_transfusionais_outras_reacoes': 3 valores nulos preenchidos com 0
2025-10-30 20:29:23,865 - [INFO] - [hemoprod_rs.xlsx] -   → Coluna 'envio_plasma_producao_hemoderivados_plasma_fresco_congelado': 3525 valores nulos preenchidos com 0
2025-10-30 20:29:23,865 - [INFO] - [hemoprod_rs.xlsx] -   → Coluna 'envio_plasma_producao_hemoderivados_plasma_comum': 3525 valores nulos preenchidos com 0
2025-10-30 20:29:23,865 - [INFO] - [hemoprod_rs.xlsx] - ✓ 235 colunas Int64 preenchidas com 0
2025-10-30 20:29:23,865 - [INFO] - [hemoprod_rs.xlsx] - Iniciando deduplicação...
2025-10-30 20:29:23,865 - [INFO] - [hemoprod_rs.xlsx] - Convertendo 'data_envio' para datetime...
2025-10-30 20:29:23,885 - [INFO] - [hemoprod_rs.xlsx] - ✓ Deduplicação concluída - Removidas 147 linhas duplicadas
2025-10-30 20:29:23,885 - [INFO] - [hemoprod_rs.xlsx] - ✓ Linhas Finais: 4185
2025-10-30 20:29:23,885 - [INFO] - [hemoprod_rs.xlsx] - Salvando arquivo processado...
2025-10-30 20:29:30,960 - [INFO] - [hemoprod_rs.xlsx] - ============================================================
2025-10-30 20:29:30,960 - [INFO] - [hemoprod_rs.xlsx] - ✅ PROCESSAMENTO CONCLUÍDO COM SUCESSO
2025-10-30 20:29:30,960 - [INFO] - [hemoprod_rs.xlsx] - ✅ Arquivo salvo em: D:\Documentos\STTP\hemoce\src\dados_processados\hemoprod_rs.xlsx
2025-10-30 20:29:30,961 - [INFO] - [hemoprod_rs.xlsx] - ============================================================
2025-10-30 20:29:30,961 - [INFO] - [hemoprod_rs.xlsx] - 
