2025-10-30 20:29:17,421 - [INFO] - [hemoprod_rj.xlsx] - ============================================================
2025-10-30 20:29:17,421 - [INFO] - [hemoprod_rj.xlsx] - INICIANDO PROCESSAMENTO: RJ
2025-10-30 20:29:17,421 - [INFO] - [hemoprod_rj.xlsx] - ============================================================
2025-10-30 20:29:17,421 - [INFO] - [hemoprod_rj.xlsx] - Carregando arquivo: Hemoprod_RJ.xlsx
2025-10-30 20:29:17,421 - [INFO] - [hemoprod_rj.xlsx] - Planilha: Hemoprod_RJ
2025-10-30 20:29:17,497 - [INFO] - [hemoprod_rj.xlsx] - ✓ Colunas Originais: 270
2025-10-30 20:29:17,497 - [INFO] - [hemoprod_rj.xlsx] - ✓ Linhas Originais: 54
2025-10-30 20:29:17,497 - [INFO] - [hemoprod_rj.xlsx] - Iniciando limpeza e renomeação de colunas...
2025-10-30 20:29:17,497 - [INFO] - [hemoprod_rj.xlsx] - ✓ Colunas limpas e renomeadas
2025-10-30 20:29:17,497 - [INFO] - [hemoprod_rj.xlsx] - Normalizando período e ano de referência...
2025-10-30 20:29:17,499 - [INFO] - [hemoprod_rj.xlsx] - ✓ Nenhum registro necessitou normalização de período/ano
2025-10-30 20:29:17,499 - [INFO] - [hemoprod_rj.xlsx] - ✓ Período/Ano normalizado
2025-10-30 20:29:17,499 - [INFO] - [hemoprod_rj.xlsx] - Normalizando município e estado...
2025-10-30 20:29:17,499 - [INFO] - [hemoprod_rj.xlsx] - Coluna 'estado' não existe. Criando...
2025-10-30 20:29:17,501 - [INFO] - [hemoprod_rj.xlsx] - ✓ Normalizados 54 registros com estado no município
2025-10-30 20:29:17,501 - [INFO] - [hemoprod_rj.xlsx] - ✓ Município/Estado normalizado
2025-10-30 20:29:17,501 - [INFO] - [hemoprod_rj.xlsx] - Aplicando tipos de dados...
2025-10-30 20:29:17,538 - [INFO] - [hemoprod_rj.xlsx] - ✓ Tipos aplicados
2025-10-30 20:29:17,538 - [INFO] - [hemoprod_rj.xlsx] - ✓ Colunas Faltantes: 1
2025-10-30 20:29:17,539 - [INFO] - [hemoprod_rj.xlsx] -   → ['estado']
2025-10-30 20:29:17,539 - [INFO] - [hemoprod_rj.xlsx] - ✓ Colunas A Mais: 1
2025-10-30 20:29:17,539 - [INFO] - [hemoprod_rj.xlsx] -   → ['URL de referência']
2025-10-30 20:29:17,539 - [INFO] - [hemoprod_rj.xlsx] - Padronizando schema...
2025-10-30 20:29:17,540 - [INFO] - [hemoprod_rj.xlsx] - Coluna 'estado' já existe, mantendo valores atuais
2025-10-30 20:29:17,541 - [INFO] - [hemoprod_rj.xlsx] - ✓ Schema padronizado - Colunas Finais: 270
2025-10-30 20:29:17,542 - [INFO] - [hemoprod_rj.xlsx] - Preenchendo valores nulos em colunas Int64 com 0...
2025-10-30 20:29:17,542 - [INFO] - [hemoprod_rj.xlsx] -   → Coluna 'id': 54 valores nulos preenchidos com 0
2025-10-30 20:29:17,542 - [INFO] - [hemoprod_rj.xlsx] -   → Coluna 'ultima_pagina': 54 valores nulos preenchidos com 0
2025-10-30 20:29:17,542 - [INFO] - [hemoprod_rj.xlsx] -   → Coluna 'semente': 54 valores nulos preenchidos com 0
2025-10-30 20:29:17,543 - [INFO] - [hemoprod_rj.xlsx] -   → Coluna 'identificacao_dado': 54 valores nulos preenchidos com 0
2025-10-30 20:29:17,543 - [INFO] - [hemoprod_rj.xlsx] -   → Coluna 'identificacao_estabelecimento': 54 valores nulos preenchidos com 0
2025-10-30 20:29:17,543 - [INFO] - [hemoprod_rj.xlsx] -   → Coluna 'cnpj': 54 valores nulos preenchidos com 0
2025-10-30 20:29:17,543 - [INFO] - [hemoprod_rj.xlsx] -   → Coluna 'cnes': 54 valores nulos preenchidos com 0
2025-10-30 20:29:17,543 - [INFO] - [hemoprod_rj.xlsx] -   → Coluna 'endereco': 54 valores nulos preenchidos com 0
2025-10-30 20:29:17,545 - [INFO] - [hemoprod_rj.xlsx] -   → Coluna 'total_doador_menor_de_18_anos_aptos': 54 valores nulos preenchidos com 0
2025-10-30 20:29:17,545 - [INFO] - [hemoprod_rj.xlsx] -   → Coluna 'total_doador_menor_de_18_anos_inaptos': 54 valores nulos preenchidos com 0
2025-10-30 20:29:17,547 - [INFO] - [hemoprod_rj.xlsx] -   → Coluna 'exames_triagem_doenca_hbv_teste_nat_amostras_testadas': 54 valores nulos preenchidos com 0
2025-10-30 20:29:17,548 - [INFO] - [hemoprod_rj.xlsx] -   → Coluna 'exames_triagem_doenca_hbv_teste_nat_amostras_reagentes': 54 valores nulos preenchidos com 0
2025-10-30 20:29:17,548 - [INFO] - [hemoprod_rj.xlsx] -   → Coluna 'exames_triagem_doenca_hcv_teste_nat_amostras_testadas': 54 valores nulos preenchidos com 0
2025-10-30 20:29:17,548 - [INFO] - [hemoprod_rj.xlsx] -   → Coluna 'exames_triagem_doenca_hcv_teste_nat_amostras_reagentes': 54 valores nulos preenchidos com 0
2025-10-30 20:29:17,548 - [INFO] - [hemoprod_rj.xlsx] -   → Coluna 'exames_triagem_doenca_hiv_teste_nat_amostras_testadas': 54 valores nulos preenchidos com 0
2025-10-30 20:29:17,549 - [INFO] - [hemoprod_rj.xlsx] -   → Coluna 'exames_triagem_doenca_hiv_teste_nat_amostras_reagentes': 54 valores nulos preenchidos com 0
2025-10-30 20:29:17,551 - [INFO] - [hemoprod_rj.xlsx] -   → Coluna 'producao_hemoterapica_entradas_concentrado_plaquetas_aferese_produzidas': 54 valores nulos preenchidos com 0
2025-10-30 20:29:17,551 - [INFO] - [hemoprod_rj.xlsx] -   → Coluna 'producao_hemoterapica_entradas_concentrado_plaquetas_aferese_recebidas': 54 valores nulos preenchidos com 0
2025-10-30 20:29:17,551 - [INFO] - [hemoprod_rj.xlsx] -   → Coluna 'producao_hemoterapica_entradas_concentrado_plaquetas_aferese_devolvidas': 54 valores nulos preenchidos com 0
2025-10-30 20:29:17,552 - [INFO] - [hemoprod_rj.xlsx] -   → Coluna 'perdas_concentrado_de_plaquetas_de_aferese_rompimento_de_bolsa': 54 valores nulos preenchidos com 0
2025-10-30 20:29:17,553 - [INFO] - [hemoprod_rj.xlsx] -   → Coluna 'perdas_concentrado_de_plaquetas_de_aferese_validade': 54 valores nulos preenchidos com 0
2025-10-30 20:29:17,553 - [INFO] - [hemoprod_rj.xlsx] -   → Coluna 'perdas_concentrado_de_plaquetas_de_aferese_outros_motivos': 54 valores nulos preenchidos com 0
2025-10-30 20:29:17,553 - [INFO] - [hemoprod_rj.xlsx] -   → Coluna 'tranfusoes_concentrado_de_plaquetas_de_aferese_ambulatorial': 54 valores nulos preenchidos com 0
2025-10-30 20:29:17,553 - [INFO] - [hemoprod_rj.xlsx] -   → Coluna 'tranfusoes_concentrado_de_plaquetas_de_aferese_hospitalar': 54 valores nulos preenchidos com 0
2025-10-30 20:29:17,553 - [INFO] - [hemoprod_rj.xlsx] -   → Coluna 'tranfusoes_concentrado_de_plaquetas_de_aferese_total': 54 valores nulos preenchidos com 0
2025-10-30 20:29:17,555 - [INFO] - [hemoprod_rj.xlsx] -   → Coluna 'distribuicao_para_outros_servicos_concentrado_de_plaquetas_aferese_sem_exame_pre_transfusional': 54 valores nulos preenchidos com 0
2025-10-30 20:29:17,555 - [INFO] - [hemoprod_rj.xlsx] -   → Coluna 'distribuicao_para_outros_servicos_concentrado_de_plaquetas_aferese_com_exame_pre_transfusional': 54 valores nulos preenchidos com 0
2025-10-30 20:29:17,556 - [INFO] - [hemoprod_rj.xlsx] -   → Coluna 'distribuicao_para_outros_servicos_concentrado_de_plaquetas_aferese_total': 54 valores nulos preenchidos com 0
2025-10-30 20:29:17,556 - [INFO] - [hemoprod_rj.xlsx] - ✓ 28 colunas Int64 preenchidas com 0
2025-10-30 20:29:17,556 - [INFO] - [hemoprod_rj.xlsx] - Iniciando deduplicação...
2025-10-30 20:29:17,556 - [INFO] - [hemoprod_rj.xlsx] - Convertendo 'data_envio' para datetime...
2025-10-30 20:29:17,565 - [INFO] - [hemoprod_rj.xlsx] - ✓ Deduplicação concluída - Removidas 51 linhas duplicadas
2025-10-30 20:29:17,565 - [INFO] - [hemoprod_rj.xlsx] - ✓ Linhas Finais: 3
2025-10-30 20:29:17,565 - [INFO] - [hemoprod_rj.xlsx] - Salvando arquivo processado...
2025-10-30 20:29:17,600 - [INFO] - [hemoprod_rj.xlsx] - ============================================================
2025-10-30 20:29:17,600 - [INFO] - [hemoprod_rj.xlsx] - ✅ PROCESSAMENTO CONCLUÍDO COM SUCESSO
2025-10-30 20:29:17,600 - [INFO] - [hemoprod_rj.xlsx] - ✅ Arquivo salvo em: D:\Documentos\STTP\hemoce\src\dados_processados\hemoprod_rj.xlsx
2025-10-30 20:29:17,600 - [INFO] - [hemoprod_rj.xlsx] - ============================================================
2025-10-30 20:29:17,600 - [INFO] - [hemoprod_rj.xlsx] - 
