2025-10-30 20:29:31,066 - [INFO] - [hemoprod_sc.xlsx] - ============================================================
2025-10-30 20:29:31,066 - [INFO] - [hemoprod_sc.xlsx] - INICIANDO PROCESSAMENTO: SC
2025-10-30 20:29:31,066 - [INFO] - [hemoprod_sc.xlsx] - ============================================================
2025-10-30 20:29:31,066 - [INFO] - [hemoprod_sc.xlsx] - Carregando arquivo: Hemoprod_SC.xlsx
2025-10-30 20:29:31,066 - [INFO] - [hemoprod_sc.xlsx] - Planilha: HEMOPROD - SANTACATARINA
2025-10-30 20:29:31,699 - [INFO] - [hemoprod_sc.xlsx] - ✓ Colunas Originais: 269
2025-10-30 20:29:31,699 - [INFO] - [hemoprod_sc.xlsx] - ✓ Linhas Originais: 744
2025-10-30 20:29:31,700 - [INFO] - [hemoprod_sc.xlsx] - Iniciando limpeza e renomeação de colunas...
2025-10-30 20:29:31,700 - [INFO] - [hemoprod_sc.xlsx] - ✓ Colunas limpas e renomeadas
2025-10-30 20:29:31,700 - [INFO] - [hemoprod_sc.xlsx] - Normalizando período e ano de referência...
2025-10-30 20:29:31,702 - [INFO] - [hemoprod_sc.xlsx] - ✓ Nenhum registro necessitou normalização de período/ano
2025-10-30 20:29:31,702 - [INFO] - [hemoprod_sc.xlsx] - ✓ Período/Ano normalizado
2025-10-30 20:29:31,702 - [INFO] - [hemoprod_sc.xlsx] - Normalizando município e estado...
2025-10-30 20:29:31,702 - [INFO] - [hemoprod_sc.xlsx] - Coluna 'estado' não existe. Criando...
2025-10-30 20:29:31,724 - [INFO] - [hemoprod_sc.xlsx] - ✓ Normalizados 744 registros com estado no município
2025-10-30 20:29:31,724 - [INFO] - [hemoprod_sc.xlsx] - ✓ Município/Estado normalizado
2025-10-30 20:29:31,724 - [INFO] - [hemoprod_sc.xlsx] - Aplicando tipos de dados...
2025-10-30 20:29:31,782 - [INFO] - [hemoprod_sc.xlsx] - ✓ Tipos aplicados
2025-10-30 20:29:31,782 - [INFO] - [hemoprod_sc.xlsx] - ✓ Colunas Faltantes: 1
2025-10-30 20:29:31,782 - [INFO] - [hemoprod_sc.xlsx] -   → ['estado']
2025-10-30 20:29:31,782 - [INFO] - [hemoprod_sc.xlsx] - ✓ Colunas A Mais: 0
2025-10-30 20:29:31,782 - [INFO] - [hemoprod_sc.xlsx] - Padronizando schema...
2025-10-30 20:29:31,782 - [INFO] - [hemoprod_sc.xlsx] - Coluna 'estado' já existe, mantendo valores atuais
2025-10-30 20:29:31,785 - [INFO] - [hemoprod_sc.xlsx] - ✓ Schema padronizado - Colunas Finais: 270
2025-10-30 20:29:31,785 - [INFO] - [hemoprod_sc.xlsx] - Preenchendo valores nulos em colunas Int64 com 0...
2025-10-30 20:29:31,785 - [INFO] - [hemoprod_sc.xlsx] -   → Coluna 'semente': 52 valores nulos preenchidos com 0
2025-10-30 20:29:31,785 - [INFO] - [hemoprod_sc.xlsx] -   → Coluna 'identificacao_dado': 744 valores nulos preenchidos com 0
2025-10-30 20:29:31,786 - [INFO] - [hemoprod_sc.xlsx] -   → Coluna 'identificacao_estabelecimento': 744 valores nulos preenchidos com 0
2025-10-30 20:29:31,786 - [INFO] - [hemoprod_sc.xlsx] -   → Coluna 'cnes': 744 valores nulos preenchidos com 0
2025-10-30 20:29:31,786 - [INFO] - [hemoprod_sc.xlsx] -   → Coluna 'endereco': 744 valores nulos preenchidos com 0
2025-10-30 20:29:31,786 - [INFO] - [hemoprod_sc.xlsx] -   → Coluna 'triagem_clinica_total_doacao_espontanea_aptos': 456 valores nulos preenchidos com 0
2025-10-30 20:29:31,787 - [INFO] - [hemoprod_sc.xlsx] -   → Coluna 'triagem_clinica_total_doacao_espontanea_inaptos': 456 valores nulos preenchidos com 0
2025-10-30 20:29:31,787 - [INFO] - [hemoprod_sc.xlsx] -   → Coluna 'triagem_clinica_total_doacao_reposicao_aptos': 456 valores nulos preenchidos com 0
2025-10-30 20:29:31,787 - [INFO] - [hemoprod_sc.xlsx] -   → Coluna 'triagem_clinica_total_doacao_reposicao_inaptos': 456 valores nulos preenchidos com 0
2025-10-30 20:29:31,787 - [INFO] - [hemoprod_sc.xlsx] -   → Coluna 'triagem_clinica_total_doacao_autologa_aptos': 456 valores nulos preenchidos com 0
2025-10-30 20:29:31,787 - [INFO] - [hemoprod_sc.xlsx] -   → Coluna 'triagem_clinica_total_doacao_autologa_inaptos': 456 valores nulos preenchidos com 0
2025-10-30 20:29:31,787 - [INFO] - [hemoprod_sc.xlsx] -   → Coluna 'total_doador_primeira_vez_aptos': 456 valores nulos preenchidos com 0
2025-10-30 20:29:31,788 - [INFO] - [hemoprod_sc.xlsx] -   → Coluna 'total_doador_primeira_vez_inaptos': 456 valores nulos preenchidos com 0
2025-10-30 20:29:31,788 - [INFO] - [hemoprod_sc.xlsx] -   → Coluna 'total_doador_repeticao_aptos': 456 valores nulos preenchidos com 0
2025-10-30 20:29:31,788 - [INFO] - [hemoprod_sc.xlsx] -   → Coluna 'total_doador_repeticao_inaptos': 456 valores nulos preenchidos com 0
2025-10-30 20:29:31,788 - [INFO] - [hemoprod_sc.xlsx] -   → Coluna 'total_doador_esporadico_aptos': 456 valores nulos preenchidos com 0
2025-10-30 20:29:31,789 - [INFO] - [hemoprod_sc.xlsx] -   → Coluna 'total_doador_esporadico_inaptos': 456 valores nulos preenchidos com 0
2025-10-30 20:29:31,789 - [INFO] - [hemoprod_sc.xlsx] -   → Coluna 'total_doador_masculino_aptos': 456 valores nulos preenchidos com 0
2025-10-30 20:29:31,789 - [INFO] - [hemoprod_sc.xlsx] -   → Coluna 'total_doador_masculino_inaptos': 456 valores nulos preenchidos com 0
2025-10-30 20:29:31,789 - [INFO] - [hemoprod_sc.xlsx] -   → Coluna 'total_doador_feminino_aptos': 456 valores nulos preenchidos com 0
2025-10-30 20:29:31,790 - [INFO] - [hemoprod_sc.xlsx] -   → Coluna 'total_doador_feminino_inaptos': 456 valores nulos preenchidos com 0
2025-10-30 20:29:31,790 - [INFO] - [hemoprod_sc.xlsx] -   → Coluna 'total_doador_menor_de_18_anos_aptos': 456 valores nulos preenchidos com 0
2025-10-30 20:29:31,790 - [INFO] - [hemoprod_sc.xlsx] -   → Coluna 'total_doador_menor_de_18_anos_inaptos': 456 valores nulos preenchidos com 0
2025-10-30 20:29:31,790 - [INFO] - [hemoprod_sc.xlsx] -   → Coluna 'total_doador_18_ate_29_anos_aptos': 456 valores nulos preenchidos com 0
2025-10-30 20:29:31,790 - [INFO] - [hemoprod_sc.xlsx] -   → Coluna 'total_doador_18_ate_29_anos_inaptos': 456 valores nulos preenchidos com 0
2025-10-30 20:29:31,790 - [INFO] - [hemoprod_sc.xlsx] -   → Coluna 'total_doador_acima_de_29_anos_aptos': 456 valores nulos preenchidos com 0
2025-10-30 20:29:31,791 - [INFO] - [hemoprod_sc.xlsx] -   → Coluna 'total_doador_acima_de_29_anos_inaptos': 456 valores nulos preenchidos com 0
2025-10-30 20:29:31,791 - [INFO] - [hemoprod_sc.xlsx] -   → Coluna 'total_candidatos_inaptos_anemia_masculino': 456 valores nulos preenchidos com 0
2025-10-30 20:29:31,791 - [INFO] - [hemoprod_sc.xlsx] -   → Coluna 'total_candidatos_inaptos_anemia_feminino': 456 valores nulos preenchidos com 0
2025-10-30 20:29:31,791 - [INFO] - [hemoprod_sc.xlsx] -   → Coluna 'total_candidatos_inaptos_anemia_total': 456 valores nulos preenchidos com 0
2025-10-30 20:29:31,792 - [INFO] - [hemoprod_sc.xlsx] -   → Coluna 'total_candidatos_inaptos_hipertensao_masculino': 456 valores nulos preenchidos com 0
2025-10-30 20:29:31,792 - [INFO] - [hemoprod_sc.xlsx] -   → Coluna 'total_candidatos_inaptos_hipertensao_feminino': 456 valores nulos preenchidos com 0
2025-10-30 20:29:31,792 - [INFO] - [hemoprod_sc.xlsx] -   → Coluna 'total_candidatos_inaptos_hipertensao_total': 456 valores nulos preenchidos com 0
2025-10-30 20:29:31,792 - [INFO] - [hemoprod_sc.xlsx] -   → Coluna 'total_candidatos_inaptos_hipotensao_masculino': 456 valores nulos preenchidos com 0
2025-10-30 20:29:31,792 - [INFO] - [hemoprod_sc.xlsx] -   → Coluna 'total_candidatos_inaptos_hipotensao_feminino': 456 valores nulos preenchidos com 0
2025-10-30 20:29:31,793 - [INFO] - [hemoprod_sc.xlsx] -   → Coluna 'total_candidatos_inaptos_hipotensao_total': 456 valores nulos preenchidos com 0
2025-10-30 20:29:31,793 - [INFO] - [hemoprod_sc.xlsx] -   → Coluna 'total_candidatos_inaptos_alcoolismo_masculino': 456 valores nulos preenchidos com 0
2025-10-30 20:29:31,793 - [INFO] - [hemoprod_sc.xlsx] -   → Coluna 'total_candidatos_inaptos_alcoolismo_feminino': 456 valores nulos preenchidos com 0
2025-10-30 20:29:31,793 - [INFO] - [hemoprod_sc.xlsx] -   → Coluna 'total_candidatos_inaptos_alcoolismo_total': 456 valores nulos preenchidos com 0
2025-10-30 20:29:31,793 - [INFO] - [hemoprod_sc.xlsx] -   → Coluna 'total_candidatos_inaptos_comportamento_risco_dst_masculino': 456 valores nulos preenchidos com 0
2025-10-30 20:29:31,794 - [INFO] - [hemoprod_sc.xlsx] -   → Coluna 'total_candidatos_inaptos_comportamento_risco_dst_feminino': 456 valores nulos preenchidos com 0
2025-10-30 20:29:31,794 - [INFO] - [hemoprod_sc.xlsx] -   → Coluna 'total_candidatos_inaptos_comportamento_risco_dst_total': 456 valores nulos preenchidos com 0
2025-10-30 20:29:31,794 - [INFO] - [hemoprod_sc.xlsx] -   → Coluna 'total_candidatos_inaptos_uso_drogas_masculino': 456 valores nulos preenchidos com 0
2025-10-30 20:29:31,794 - [INFO] - [hemoprod_sc.xlsx] -   → Coluna 'total_candidatos_inaptos_uso_drogas_feminino': 456 valores nulos preenchidos com 0
2025-10-30 20:29:31,794 - [INFO] - [hemoprod_sc.xlsx] -   → Coluna 'total_candidatos_inaptos_uso_drogas_total': 456 valores nulos preenchidos com 0
2025-10-30 20:29:31,794 - [INFO] - [hemoprod_sc.xlsx] -   → Coluna 'total_candidatos_inaptos_hepatite_masculino': 456 valores nulos preenchidos com 0
2025-10-30 20:29:31,795 - [INFO] - [hemoprod_sc.xlsx] -   → Coluna 'total_candidatos_inaptos_hepatite_feminino': 456 valores nulos preenchidos com 0
2025-10-30 20:29:31,795 - [INFO] - [hemoprod_sc.xlsx] -   → Coluna 'total_candidatos_inaptos_hepatite_total': 456 valores nulos preenchidos com 0
2025-10-30 20:29:31,795 - [INFO] - [hemoprod_sc.xlsx] -   → Coluna 'total_candidatos_inaptos_doenca_chagas_masculino': 456 valores nulos preenchidos com 0
2025-10-30 20:29:31,795 - [INFO] - [hemoprod_sc.xlsx] -   → Coluna 'total_candidatos_inaptos_doenca_chagas_feminino': 456 valores nulos preenchidos com 0
2025-10-30 20:29:31,795 - [INFO] - [hemoprod_sc.xlsx] -   → Coluna 'total_candidatos_inaptos_doenca_chagas_total': 456 valores nulos preenchidos com 0
2025-10-30 20:29:31,795 - [INFO] - [hemoprod_sc.xlsx] -   → Coluna 'total_candidatos_inaptos_malaria_masculino': 456 valores nulos preenchidos com 0
2025-10-30 20:29:31,796 - [INFO] - [hemoprod_sc.xlsx] -   → Coluna 'total_candidatos_inaptos_malaria_feminino': 456 valores nulos preenchidos com 0
2025-10-30 20:29:31,796 - [INFO] - [hemoprod_sc.xlsx] -   → Coluna 'total_candidatos_inaptos_malaria_total': 456 valores nulos preenchidos com 0
2025-10-30 20:29:31,796 - [INFO] - [hemoprod_sc.xlsx] -   → Coluna 'total_candidatos_inaptos_outras_masculino': 456 valores nulos preenchidos com 0
2025-10-30 20:29:31,796 - [INFO] - [hemoprod_sc.xlsx] -   → Coluna 'total_candidatos_inaptos_outras_feminino': 456 valores nulos preenchidos com 0
2025-10-30 20:29:31,796 - [INFO] - [hemoprod_sc.xlsx] -   → Coluna 'total_candidatos_inaptos_outras_total': 456 valores nulos preenchidos com 0
2025-10-30 20:29:31,796 - [INFO] - [hemoprod_sc.xlsx] -   → Coluna 'coleta_total_candidatos_desistentes': 456 valores nulos preenchidos com 0
2025-10-30 20:29:31,796 - [INFO] - [hemoprod_sc.xlsx] -   → Coluna 'total_interrupcoes_coleta_dificuldade_puncao_venosa': 456 valores nulos preenchidos com 0
2025-10-30 20:29:31,797 - [INFO] - [hemoprod_sc.xlsx] -   → Coluna 'total_interrupcoes_coleta_reacao_vagal': 456 valores nulos preenchidos com 0
2025-10-30 20:29:31,797 - [INFO] - [hemoprod_sc.xlsx] -   → Coluna 'total_interrupcoes_coleta_outros_motivos': 456 valores nulos preenchidos com 0
2025-10-30 20:29:31,797 - [INFO] - [hemoprod_sc.xlsx] -   → Coluna 'total_coletas_sangue_total': 456 valores nulos preenchidos com 0
2025-10-30 20:29:31,797 - [INFO] - [hemoprod_sc.xlsx] -   → Coluna 'total_coletas_aferese': 456 valores nulos preenchidos com 0
2025-10-30 20:29:31,798 - [INFO] - [hemoprod_sc.xlsx] -   → Coluna 'exames_triagem_doenca_doenca_chagas_amostras_testadas': 501 valores nulos preenchidos com 0
2025-10-30 20:29:31,798 - [INFO] - [hemoprod_sc.xlsx] -   → Coluna 'exames_triagem_doenca_doenca_chagas_amostras_reagentes': 501 valores nulos preenchidos com 0
2025-10-30 20:29:31,798 - [INFO] - [hemoprod_sc.xlsx] -   → Coluna 'exames_triagem_doenca_hiv_amostras_testadas': 501 valores nulos preenchidos com 0
2025-10-30 20:29:31,798 - [INFO] - [hemoprod_sc.xlsx] -   → Coluna 'exames_triagem_doenca_hiv_amostras_reagentes': 501 valores nulos preenchidos com 0
2025-10-30 20:29:31,799 - [INFO] - [hemoprod_sc.xlsx] -   → Coluna 'exames_triagem_doenca_sifilis_amostras_testadas': 501 valores nulos preenchidos com 0
2025-10-30 20:29:31,799 - [INFO] - [hemoprod_sc.xlsx] -   → Coluna '`exames_triagem_doenca_sifilis_amostras_reagentes': 501 valores nulos preenchidos com 0
2025-10-30 20:29:31,799 - [INFO] - [hemoprod_sc.xlsx] -   → Coluna 'exames_triagem_doenca_hepatite_b_hbs_ag_amostras_testadas': 501 valores nulos preenchidos com 0
2025-10-30 20:29:31,799 - [INFO] - [hemoprod_sc.xlsx] -   → Coluna 'exames_triagem_doenca_hepatite_b_hbs_ag_amostras_reagentes': 501 valores nulos preenchidos com 0
2025-10-30 20:29:31,799 - [INFO] - [hemoprod_sc.xlsx] -   → Coluna 'exames_triagem_doenca_hepatite_b_anti_hbc_amostras_testadas': 501 valores nulos preenchidos com 0
2025-10-30 20:29:31,799 - [INFO] - [hemoprod_sc.xlsx] -   → Coluna 'exames_triagem_doenca_hepatite_b_anti_hbc_amostras_reagentes': 501 valores nulos preenchidos com 0
2025-10-30 20:29:31,800 - [INFO] - [hemoprod_sc.xlsx] -   → Coluna 'exames_triagem_doenca_hepatite_c_amostras_testadas': 501 valores nulos preenchidos com 0
2025-10-30 20:29:31,800 - [INFO] - [hemoprod_sc.xlsx] -   → Coluna 'exames_triagem_doenca_hepatite_c_amostras_reagentes': 501 valores nulos preenchidos com 0
2025-10-30 20:29:31,800 - [INFO] - [hemoprod_sc.xlsx] -   → Coluna 'exames_triagem_doenca_htlv_i_ii_amostras_testadas': 501 valores nulos preenchidos com 0
2025-10-30 20:29:31,800 - [INFO] - [hemoprod_sc.xlsx] -   → Coluna 'exames_triagem_doenca_htlv_i_ii_amostras_reagentes': 501 valores nulos preenchidos com 0
2025-10-30 20:29:31,800 - [INFO] - [hemoprod_sc.xlsx] -   → Coluna 'exames_triagem_doenca_malaria_amostras_testadas': 501 valores nulos preenchidos com 0
2025-10-30 20:29:31,800 - [INFO] - [hemoprod_sc.xlsx] -   → Coluna 'exames_triagem_doenca_malaria_amostras_reagentes': 501 valores nulos preenchidos com 0
2025-10-30 20:29:31,801 - [INFO] - [hemoprod_sc.xlsx] -   → Coluna 'exames_triagem_doenca_hbv_teste_nat_amostras_testadas': 501 valores nulos preenchidos com 0
2025-10-30 20:29:31,801 - [INFO] - [hemoprod_sc.xlsx] -   → Coluna 'exames_triagem_doenca_hbv_teste_nat_amostras_reagentes': 501 valores nulos preenchidos com 0
2025-10-30 20:29:31,801 - [INFO] - [hemoprod_sc.xlsx] -   → Coluna 'exames_triagem_doenca_hcv_teste_nat_amostras_testadas': 501 valores nulos preenchidos com 0
2025-10-30 20:29:31,801 - [INFO] - [hemoprod_sc.xlsx] -   → Coluna 'exames_triagem_doenca_hcv_teste_nat_amostras_reagentes': 501 valores nulos preenchidos com 0
2025-10-30 20:29:31,801 - [INFO] - [hemoprod_sc.xlsx] -   → Coluna 'exames_triagem_doenca_hiv_teste_nat_amostras_testadas': 501 valores nulos preenchidos com 0
2025-10-30 20:29:31,801 - [INFO] - [hemoprod_sc.xlsx] -   → Coluna 'exames_triagem_doenca_hiv_teste_nat_amostras_reagentes': 501 valores nulos preenchidos com 0
2025-10-30 20:29:31,802 - [INFO] - [hemoprod_sc.xlsx] -   → Coluna 'imunohematologia_a_positivo_doador': 45 valores nulos preenchidos com 0
2025-10-30 20:29:31,802 - [INFO] - [hemoprod_sc.xlsx] -   → Coluna 'imunohematologia_a_positivo_receptor': 45 valores nulos preenchidos com 0
2025-10-30 20:29:31,802 - [INFO] - [hemoprod_sc.xlsx] -   → Coluna 'imunohematologia_b_positivo_doador': 45 valores nulos preenchidos com 0
2025-10-30 20:29:31,802 - [INFO] - [hemoprod_sc.xlsx] -   → Coluna 'imunohematologia_b_positivo_receptor': 45 valores nulos preenchidos com 0
2025-10-30 20:29:31,802 - [INFO] - [hemoprod_sc.xlsx] -   → Coluna 'imunohematologia_ab_positivo_doador': 45 valores nulos preenchidos com 0
2025-10-30 20:29:31,803 - [INFO] - [hemoprod_sc.xlsx] -   → Coluna 'imunohematologia_ab_positivo_receptor': 45 valores nulos preenchidos com 0
2025-10-30 20:29:31,803 - [INFO] - [hemoprod_sc.xlsx] -   → Coluna 'imunohematologia_o_positivo_doador': 45 valores nulos preenchidos com 0
2025-10-30 20:29:31,803 - [INFO] - [hemoprod_sc.xlsx] -   → Coluna 'imunohematologia_o_positivo_receptor': 45 valores nulos preenchidos com 0
2025-10-30 20:29:31,803 - [INFO] - [hemoprod_sc.xlsx] -   → Coluna 'imunohematologia_a_negativo_doador': 45 valores nulos preenchidos com 0
2025-10-30 20:29:31,803 - [INFO] - [hemoprod_sc.xlsx] -   → Coluna 'imunohematologia_a_negativo_receptor': 45 valores nulos preenchidos com 0
2025-10-30 20:29:31,803 - [INFO] - [hemoprod_sc.xlsx] -   → Coluna 'imunohematologia_b_negativo_doador': 45 valores nulos preenchidos com 0
2025-10-30 20:29:31,805 - [INFO] - [hemoprod_sc.xlsx] -   → Coluna 'imunohematologia_b_negativo_receptor': 45 valores nulos preenchidos com 0
2025-10-30 20:29:31,805 - [INFO] - [hemoprod_sc.xlsx] -   → Coluna 'imunohematologia_ab_negativo_doador': 45 valores nulos preenchidos com 0
2025-10-30 20:29:31,805 - [INFO] - [hemoprod_sc.xlsx] -   → Coluna 'imunohematologia_ab_negativo_receptor': 45 valores nulos preenchidos com 0
2025-10-30 20:29:31,805 - [INFO] - [hemoprod_sc.xlsx] -   → Coluna 'imunohematologia_o_negativo_doador': 45 valores nulos preenchidos com 0
2025-10-30 20:29:31,805 - [INFO] - [hemoprod_sc.xlsx] -   → Coluna 'imunohematologia_o_negativo_receptor': 45 valores nulos preenchidos com 0
2025-10-30 20:29:31,805 - [INFO] - [hemoprod_sc.xlsx] -   → Coluna 'imunohematologia_dfraco_doador': 45 valores nulos preenchidos com 0
2025-10-30 20:29:31,805 - [INFO] - [hemoprod_sc.xlsx] -   → Coluna 'imunohematologia_dfraco_receptor': 45 valores nulos preenchidos com 0
2025-10-30 20:29:31,805 - [INFO] - [hemoprod_sc.xlsx] -   → Coluna 'imunohematologia_pesquisa_anticorpo_irregular_positivo_doador': 45 valores nulos preenchidos com 0
2025-10-30 20:29:31,805 - [INFO] - [hemoprod_sc.xlsx] -   → Coluna 'imunohematologia_pesquisa_anticorpo_irregular_positivo_receptor': 45 valores nulos preenchidos com 0
2025-10-30 20:29:31,806 - [INFO] - [hemoprod_sc.xlsx] -   → Coluna 'imunohematologia_fenotipagem_doador': 45 valores nulos preenchidos com 0
2025-10-30 20:29:31,806 - [INFO] - [hemoprod_sc.xlsx] -   → Coluna 'imunohematologia_fenotipagem_receptor': 45 valores nulos preenchidos com 0
2025-10-30 20:29:31,806 - [INFO] - [hemoprod_sc.xlsx] -   → Coluna 'imunohematologia_combs_direto_doador': 45 valores nulos preenchidos com 0
2025-10-30 20:29:31,806 - [INFO] - [hemoprod_sc.xlsx] -   → Coluna 'imunohematologia_combs_direto_receptor': 45 valores nulos preenchidos com 0
2025-10-30 20:29:31,806 - [INFO] - [hemoprod_sc.xlsx] -   → Coluna 'outros_tipos_pesquisa_pesquisa_hbs_doador': 501 valores nulos preenchidos com 0
2025-10-30 20:29:31,806 - [INFO] - [hemoprod_sc.xlsx] -   → Coluna 'inaptidao_triagem_laboratorial_total_bolsas_testadas': 501 valores nulos preenchidos com 0
2025-10-30 20:29:31,806 - [INFO] - [hemoprod_sc.xlsx] -   → Coluna 'inaptidao_triagem_laboratorial_total_bolsas_reagentes_1_ou_mais_marcadores': 501 valores nulos preenchidos com 0
2025-10-30 20:29:31,808 - [INFO] - [hemoprod_sc.xlsx] -   → Coluna 'descarte_bolsas_total_bolsas_descartadas_auto_exclusao': 501 valores nulos preenchidos com 0
2025-10-30 20:29:31,808 - [INFO] - [hemoprod_sc.xlsx] -   → Coluna 'producao_hemoterapica_entradas_sangue_total_produzidas': 45 valores nulos preenchidos com 0
2025-10-30 20:29:31,808 - [INFO] - [hemoprod_sc.xlsx] -   → Coluna 'producao_hemoterapica_entradas_sangue_total_recebidas': 45 valores nulos preenchidos com 0
2025-10-30 20:29:31,808 - [INFO] - [hemoprod_sc.xlsx] -   → Coluna 'producao_hemoterapica_entradas_sangue_total_devolvidas': 45 valores nulos preenchidos com 0
2025-10-30 20:29:31,808 - [INFO] - [hemoprod_sc.xlsx] -   → Coluna 'producao_hemoterapica_entradas_plasma_fresco_congelado_produzidas': 45 valores nulos preenchidos com 0
2025-10-30 20:29:31,808 - [INFO] - [hemoprod_sc.xlsx] -   → Coluna 'producao_hemoterapica_entradas_plasma_fresco_congelado_recebidas': 45 valores nulos preenchidos com 0
2025-10-30 20:29:31,809 - [INFO] - [hemoprod_sc.xlsx] -   → Coluna 'producao_hemoterapica_entradas_plasma_fresco_congelado_devolvidas': 45 valores nulos preenchidos com 0
2025-10-30 20:29:31,809 - [INFO] - [hemoprod_sc.xlsx] -   → Coluna 'producao_hemoterapica_entradas_plasma_comum_produzidas': 45 valores nulos preenchidos com 0
2025-10-30 20:29:31,809 - [INFO] - [hemoprod_sc.xlsx] -   → Coluna 'producao_hemoterapica_entradas_plasma_comum_recebidas': 45 valores nulos preenchidos com 0
2025-10-30 20:29:31,809 - [INFO] - [hemoprod_sc.xlsx] -   → Coluna 'producao_hemoterapica_entradas_plasma_comum_devolvidas': 45 valores nulos preenchidos com 0
2025-10-30 20:29:31,809 - [INFO] - [hemoprod_sc.xlsx] -   → Coluna 'producao_hemoterapica_entradas_concentrado_hemacias_produzidas': 45 valores nulos preenchidos com 0
2025-10-30 20:29:31,810 - [INFO] - [hemoprod_sc.xlsx] -   → Coluna 'producao_hemoterapica_entradas_concentrado_hemacias_recebidas': 45 valores nulos preenchidos com 0
2025-10-30 20:29:31,810 - [INFO] - [hemoprod_sc.xlsx] -   → Coluna 'producao_hemoterapica_entradas_concentrado_hemacias_devolvidas': 45 valores nulos preenchidos com 0
2025-10-30 20:29:31,810 - [INFO] - [hemoprod_sc.xlsx] -   → Coluna 'producao_hemoterapica_entradas_concentrado_hemacias_sem_buffy_coat_produzidas': 45 valores nulos preenchidos com 0
2025-10-30 20:29:31,810 - [INFO] - [hemoprod_sc.xlsx] -   → Coluna 'producao_hemoterapica_entradas_concentrado_hemacias_sem_buffy_coat_recebidas': 45 valores nulos preenchidos com 0
2025-10-30 20:29:31,810 - [INFO] - [hemoprod_sc.xlsx] -   → Coluna 'producao_hemoterapica_entradas_concentrado_hemacias_sem_buffy_coat_devolvidas': 45 valores nulos preenchidos com 0
2025-10-30 20:29:31,811 - [INFO] - [hemoprod_sc.xlsx] -   → Coluna 'producao_hemoterapica_entradas_concentrado_plaquetas_produzidas': 45 valores nulos preenchidos com 0
2025-10-30 20:29:31,811 - [INFO] - [hemoprod_sc.xlsx] -   → Coluna 'producao_hemoterapica_entradas_concentrado_plaquetas_recebidas': 45 valores nulos preenchidos com 0
2025-10-30 20:29:31,811 - [INFO] - [hemoprod_sc.xlsx] -   → Coluna 'producao_hemoterapica_entradas_concentrado_plaquetas_devolvidas': 45 valores nulos preenchidos com 0
2025-10-30 20:29:31,811 - [INFO] - [hemoprod_sc.xlsx] -   → Coluna 'producao_hemoterapica_entradas_concentrado_plaquetas_aferese_produzidas': 45 valores nulos preenchidos com 0
2025-10-30 20:29:31,811 - [INFO] - [hemoprod_sc.xlsx] -   → Coluna 'producao_hemoterapica_entradas_concentrado_plaquetas_aferese_recebidas': 45 valores nulos preenchidos com 0
2025-10-30 20:29:31,811 - [INFO] - [hemoprod_sc.xlsx] -   → Coluna 'producao_hemoterapica_entradas_concentrado_plaquetas_aferese_devolvidas': 45 valores nulos preenchidos com 0
2025-10-30 20:29:31,811 - [INFO] - [hemoprod_sc.xlsx] -   → Coluna 'producao_hemoterapica_entradas_concentrado_leucocitos_produzidas': 45 valores nulos preenchidos com 0
2025-10-30 20:29:31,811 - [INFO] - [hemoprod_sc.xlsx] -   → Coluna 'producao_hemoterapica_entradas_concentrado_leucocitos_recebidas': 45 valores nulos preenchidos com 0
2025-10-30 20:29:31,812 - [INFO] - [hemoprod_sc.xlsx] -   → Coluna 'producao_hemoterapica_entradas_concentrado_leucocitos_devolvidas': 45 valores nulos preenchidos com 0
2025-10-30 20:29:31,812 - [INFO] - [hemoprod_sc.xlsx] -   → Coluna 'producao_hemoterapica_entradas_crioprecipitado_produzidas': 45 valores nulos preenchidos com 0
2025-10-30 20:29:31,812 - [INFO] - [hemoprod_sc.xlsx] -   → Coluna 'producao_hemoterapica_entradas_crioprecipitado_recebidas': 45 valores nulos preenchidos com 0
2025-10-30 20:29:31,812 - [INFO] - [hemoprod_sc.xlsx] -   → Coluna 'producao_hemoterapica_entradas_crioprecipitado_devolvidas': 45 valores nulos preenchidos com 0
2025-10-30 20:29:31,812 - [INFO] - [hemoprod_sc.xlsx] -   → Coluna 'producao_hemoterapica_entradas_concentrado_de_plaquetas_sem_buffy_coat_produzidas': 45 valores nulos preenchidos com 0
2025-10-30 20:29:31,813 - [INFO] - [hemoprod_sc.xlsx] -   → Coluna 'producao_hemoterapica_entradas_concentrado_de_plaquetas_sem_buffy_coat_recebidas': 45 valores nulos preenchidos com 0
2025-10-30 20:29:31,813 - [INFO] - [hemoprod_sc.xlsx] -   → Coluna 'producao_hemoterapica_entradas_concentrado_de_plaquetas_sem_buffy_coat_devolvidas': 45 valores nulos preenchidos com 0
2025-10-30 20:29:31,813 - [INFO] - [hemoprod_sc.xlsx] -   → Coluna 'perdas_sangue_total_rompimento_de_bolsa': 45 valores nulos preenchidos com 0
2025-10-30 20:29:31,813 - [INFO] - [hemoprod_sc.xlsx] -   → Coluna 'perdas_sangue_total_validade': 45 valores nulos preenchidos com 0
2025-10-30 20:29:31,813 - [INFO] - [hemoprod_sc.xlsx] -   → Coluna 'perdas_sangue_total_outros_motivos': 45 valores nulos preenchidos com 0
2025-10-30 20:29:31,813 - [INFO] - [hemoprod_sc.xlsx] -   → Coluna 'perdas_plasma_fresco_congelado_rompimento_de_bolsa': 45 valores nulos preenchidos com 0
2025-10-30 20:29:31,813 - [INFO] - [hemoprod_sc.xlsx] -   → Coluna 'perdas_plasma_fresco_congelado_validade': 45 valores nulos preenchidos com 0
2025-10-30 20:29:31,815 - [INFO] - [hemoprod_sc.xlsx] -   → Coluna 'perdas_plasma_fresco_congelado_outros_motivos': 45 valores nulos preenchidos com 0
2025-10-30 20:29:31,815 - [INFO] - [hemoprod_sc.xlsx] -   → Coluna 'perdas_plasma_comum_rompimento_de_bolsa': 45 valores nulos preenchidos com 0
2025-10-30 20:29:31,815 - [INFO] - [hemoprod_sc.xlsx] -   → Coluna 'perdas_plasma_comum_validade': 45 valores nulos preenchidos com 0
2025-10-30 20:29:31,815 - [INFO] - [hemoprod_sc.xlsx] -   → Coluna 'perdas_plasma_comum_outros_motivos': 45 valores nulos preenchidos com 0
2025-10-30 20:29:31,815 - [INFO] - [hemoprod_sc.xlsx] -   → Coluna 'perdas_concentrado_de_hemacias_rompimento_de_bolsa': 45 valores nulos preenchidos com 0
2025-10-30 20:29:31,815 - [INFO] - [hemoprod_sc.xlsx] -   → Coluna 'perdas_concentrado_de_hemacias_validade': 45 valores nulos preenchidos com 0
2025-10-30 20:29:31,815 - [INFO] - [hemoprod_sc.xlsx] -   → Coluna 'perdas_concentrado_de_hemacias_outros_motivos': 45 valores nulos preenchidos com 0
2025-10-30 20:29:31,815 - [INFO] - [hemoprod_sc.xlsx] -   → Coluna 'perdas_concentrado_de_hemacias_sem_buffy_coat_rompimento_de_bolsa': 45 valores nulos preenchidos com 0
2025-10-30 20:29:31,816 - [INFO] - [hemoprod_sc.xlsx] -   → Coluna 'perdas_concentrado_de_hemacias_sem_buffy_coat_validade': 45 valores nulos preenchidos com 0
2025-10-30 20:29:31,816 - [INFO] - [hemoprod_sc.xlsx] -   → Coluna 'perdas_concentrado_de_hemacias_sem_buffy_coat_outros_motivos': 45 valores nulos preenchidos com 0
2025-10-30 20:29:31,816 - [INFO] - [hemoprod_sc.xlsx] -   → Coluna 'perdas_concentrado_de_plaquetas_rompimento_de_bolsa': 45 valores nulos preenchidos com 0
2025-10-30 20:29:31,816 - [INFO] - [hemoprod_sc.xlsx] -   → Coluna 'perdas_concentrado_de_plaquetas_validade': 45 valores nulos preenchidos com 0
2025-10-30 20:29:31,817 - [INFO] - [hemoprod_sc.xlsx] -   → Coluna 'perdas_concentrado_de_plaquetas_outros_motivos': 45 valores nulos preenchidos com 0
2025-10-30 20:29:31,817 - [INFO] - [hemoprod_sc.xlsx] -   → Coluna 'perdas_concentrado_de_plaquetas_de_aferese_rompimento_de_bolsa': 45 valores nulos preenchidos com 0
2025-10-30 20:29:31,817 - [INFO] - [hemoprod_sc.xlsx] -   → Coluna 'perdas_concentrado_de_plaquetas_de_aferese_validade': 45 valores nulos preenchidos com 0
2025-10-30 20:29:31,817 - [INFO] - [hemoprod_sc.xlsx] -   → Coluna 'perdas_concentrado_de_plaquetas_de_aferese_outros_motivos': 45 valores nulos preenchidos com 0
2025-10-30 20:29:31,817 - [INFO] - [hemoprod_sc.xlsx] -   → Coluna 'perdas_concentrado_de_leucocitos_rompimento_de_bolsa': 45 valores nulos preenchidos com 0
2025-10-30 20:29:31,818 - [INFO] - [hemoprod_sc.xlsx] -   → Coluna 'perdas_concentrado_de_leucocitos_validade': 45 valores nulos preenchidos com 0
2025-10-30 20:29:31,818 - [INFO] - [hemoprod_sc.xlsx] -   → Coluna 'perdas_concentrado_de_leucocitos_outros_motivos': 45 valores nulos preenchidos com 0
2025-10-30 20:29:31,818 - [INFO] - [hemoprod_sc.xlsx] -   → Coluna 'perdas_crioprecipitado_rompimento_de_bolsa': 45 valores nulos preenchidos com 0
2025-10-30 20:29:31,818 - [INFO] - [hemoprod_sc.xlsx] -   → Coluna 'perdas_crioprecipitado_validade': 45 valores nulos preenchidos com 0
2025-10-30 20:29:31,818 - [INFO] - [hemoprod_sc.xlsx] -   → Coluna 'perdas_crioprecipitado_outros_motivos': 45 valores nulos preenchidos com 0
2025-10-30 20:29:31,818 - [INFO] - [hemoprod_sc.xlsx] -   → Coluna 'perdas_concentrado_de_plaquetas_sem_buffy_coat_rompimento_de_bolsa': 45 valores nulos preenchidos com 0
2025-10-30 20:29:31,818 - [INFO] - [hemoprod_sc.xlsx] -   → Coluna 'perdas_concentrado_de_plaquetas_sem_buffy_coat_validade': 45 valores nulos preenchidos com 0
2025-10-30 20:29:31,819 - [INFO] - [hemoprod_sc.xlsx] -   → Coluna 'perdas_concentrado_de_plaquetas_sem_buffy_coat_outros_motivos': 45 valores nulos preenchidos com 0
2025-10-30 20:29:31,819 - [INFO] - [hemoprod_sc.xlsx] -   → Coluna 'tranfusoes_sangue_total_ambulatorial': 45 valores nulos preenchidos com 0
2025-10-30 20:29:31,819 - [INFO] - [hemoprod_sc.xlsx] -   → Coluna 'tranfusoes_sangue_total_hospitalar': 45 valores nulos preenchidos com 0
2025-10-30 20:29:31,819 - [INFO] - [hemoprod_sc.xlsx] -   → Coluna 'tranfusoes_sangue_total_total': 45 valores nulos preenchidos com 0
2025-10-30 20:29:31,819 - [INFO] - [hemoprod_sc.xlsx] -   → Coluna 'tranfusoes_plasma_fresco_congelado_ambulatorial': 45 valores nulos preenchidos com 0
2025-10-30 20:29:31,820 - [INFO] - [hemoprod_sc.xlsx] -   → Coluna 'tranfusoes_plasma_fresco_congelado_hospitalar': 45 valores nulos preenchidos com 0
2025-10-30 20:29:31,820 - [INFO] - [hemoprod_sc.xlsx] -   → Coluna 'tranfusoes_plasma_fresco_congelado_total': 45 valores nulos preenchidos com 0
2025-10-30 20:29:31,820 - [INFO] - [hemoprod_sc.xlsx] -   → Coluna 'tranfusoes_plasma_comum_ambulatorial': 45 valores nulos preenchidos com 0
2025-10-30 20:29:31,820 - [INFO] - [hemoprod_sc.xlsx] -   → Coluna 'tranfusoes_plasma_comum_hospitalar': 45 valores nulos preenchidos com 0
2025-10-30 20:29:31,820 - [INFO] - [hemoprod_sc.xlsx] -   → Coluna 'tranfusoes_plasma_comum_total': 45 valores nulos preenchidos com 0
2025-10-30 20:29:31,821 - [INFO] - [hemoprod_sc.xlsx] -   → Coluna 'tranfusoes_concentrado_de_hemacias_ambulatorial': 45 valores nulos preenchidos com 0
2025-10-30 20:29:31,821 - [INFO] - [hemoprod_sc.xlsx] -   → Coluna 'tranfusoes_concentrado_de_hemacias_hospitalar': 45 valores nulos preenchidos com 0
2025-10-30 20:29:31,821 - [INFO] - [hemoprod_sc.xlsx] -   → Coluna 'tranfusoes_concentrado_de_hemacias_total': 45 valores nulos preenchidos com 0
2025-10-30 20:29:31,821 - [INFO] - [hemoprod_sc.xlsx] -   → Coluna 'tranfusoes_concentrado_de_hemacias_sem_buffy_coat_ambulatorial': 45 valores nulos preenchidos com 0
2025-10-30 20:29:31,821 - [INFO] - [hemoprod_sc.xlsx] -   → Coluna 'tranfusoes_concentrado_de_hemacias_sem_buffy_coat_hospitalar': 45 valores nulos preenchidos com 0
2025-10-30 20:29:31,821 - [INFO] - [hemoprod_sc.xlsx] -   → Coluna 'tranfusoes_concentrado_de_hemacias_sem_buffy_coat_total': 45 valores nulos preenchidos com 0
2025-10-30 20:29:31,823 - [INFO] - [hemoprod_sc.xlsx] -   → Coluna 'tranfusoes_concentrado_de_plaquetas_ambulatorial': 45 valores nulos preenchidos com 0
2025-10-30 20:29:31,823 - [INFO] - [hemoprod_sc.xlsx] -   → Coluna 'tranfusoes_concentrado_de_plaquetas_hospitalar': 45 valores nulos preenchidos com 0
2025-10-30 20:29:31,823 - [INFO] - [hemoprod_sc.xlsx] -   → Coluna 'tranfusoes_concentrado_de_plaquetas_total': 45 valores nulos preenchidos com 0
2025-10-30 20:29:31,823 - [INFO] - [hemoprod_sc.xlsx] -   → Coluna 'tranfusoes_concentrado_de_plaquetas_de_aferese_ambulatorial': 45 valores nulos preenchidos com 0
2025-10-30 20:29:31,823 - [INFO] - [hemoprod_sc.xlsx] -   → Coluna 'tranfusoes_concentrado_de_plaquetas_de_aferese_hospitalar': 45 valores nulos preenchidos com 0
2025-10-30 20:29:31,823 - [INFO] - [hemoprod_sc.xlsx] -   → Coluna 'tranfusoes_concentrado_de_plaquetas_de_aferese_total': 45 valores nulos preenchidos com 0
2025-10-30 20:29:31,823 - [INFO] - [hemoprod_sc.xlsx] -   → Coluna 'tranfusoes_concentrado_de_leucocitos_ambulatorial': 45 valores nulos preenchidos com 0
2025-10-30 20:29:31,824 - [INFO] - [hemoprod_sc.xlsx] -   → Coluna 'tranfusoes_concentrado_de_leucocitos_hospitalar': 45 valores nulos preenchidos com 0
2025-10-30 20:29:31,824 - [INFO] - [hemoprod_sc.xlsx] -   → Coluna 'tranfusoes_concentrado_de_leucocitos_total': 45 valores nulos preenchidos com 0
2025-10-30 20:29:31,824 - [INFO] - [hemoprod_sc.xlsx] -   → Coluna 'tranfusoes_crioprecipitado_ambulatorial': 45 valores nulos preenchidos com 0
2025-10-30 20:29:31,825 - [INFO] - [hemoprod_sc.xlsx] -   → Coluna 'tranfusoes_crioprecipitado_hospitalar': 45 valores nulos preenchidos com 0
2025-10-30 20:29:31,825 - [INFO] - [hemoprod_sc.xlsx] -   → Coluna 'tranfusoes_crioprecipitado_total': 45 valores nulos preenchidos com 0
2025-10-30 20:29:31,825 - [INFO] - [hemoprod_sc.xlsx] -   → Coluna 'tranfusoes_concentrado_de_plaquetas_sem_buffy_coat_ambulatorial': 45 valores nulos preenchidos com 0
2025-10-30 20:29:31,825 - [INFO] - [hemoprod_sc.xlsx] -   → Coluna 'tranfusoes_concentrado_de_plaquetas_sem_buffy_coat_hospitalar': 45 valores nulos preenchidos com 0
2025-10-30 20:29:31,826 - [INFO] - [hemoprod_sc.xlsx] -   → Coluna 'tranfusoes_concentrado_de_plaquetas_sem_buffy_coat_total': 45 valores nulos preenchidos com 0
2025-10-30 20:29:31,826 - [INFO] - [hemoprod_sc.xlsx] -   → Coluna 'distribuicao_para_outros_servicos_sangue_total_sem_exame_pre_transfusional': 45 valores nulos preenchidos com 0
2025-10-30 20:29:31,826 - [INFO] - [hemoprod_sc.xlsx] -   → Coluna 'distribuicao_para_outros_servicos_sangue_total_com_exame_pre_transfusional': 45 valores nulos preenchidos com 0
2025-10-30 20:29:31,826 - [INFO] - [hemoprod_sc.xlsx] -   → Coluna 'distribuicao_para_outros_servicos_sangue_total_total': 45 valores nulos preenchidos com 0
2025-10-30 20:29:31,826 - [INFO] - [hemoprod_sc.xlsx] -   → Coluna 'distribuicao_para_outros_servicos_plasma_fresco_congelado_sem_exame_pre_transfusional': 45 valores nulos preenchidos com 0
2025-10-30 20:29:31,827 - [INFO] - [hemoprod_sc.xlsx] -   → Coluna 'distribuicao_para_outros_servicos_plasma_fresco_congelado_com_exame_pre_transfusional': 45 valores nulos preenchidos com 0
2025-10-30 20:29:31,827 - [INFO] - [hemoprod_sc.xlsx] -   → Coluna 'distribuicao_para_outros_servicos_plasma_fresco_congelado_total': 45 valores nulos preenchidos com 0
2025-10-30 20:29:31,827 - [INFO] - [hemoprod_sc.xlsx] -   → Coluna 'distribuicao_para_outros_servicos_plasma_comum_sem_exame_pre_transfusional': 45 valores nulos preenchidos com 0
2025-10-30 20:29:31,827 - [INFO] - [hemoprod_sc.xlsx] -   → Coluna 'distribuicao_para_outros_servicos_plasma_comum_com_exame_pre_transfusional': 45 valores nulos preenchidos com 0
2025-10-30 20:29:31,828 - [INFO] - [hemoprod_sc.xlsx] -   → Coluna 'distribuicao_para_outros_servicos_plasma_comum_total': 45 valores nulos preenchidos com 0
2025-10-30 20:29:31,828 - [INFO] - [hemoprod_sc.xlsx] -   → Coluna 'distribuicao_para_outros_servicos_concentrado_de_hemacias_sem_exame_pre_transfusional': 45 valores nulos preenchidos com 0
2025-10-30 20:29:31,828 - [INFO] - [hemoprod_sc.xlsx] -   → Coluna 'distribuicao_para_outros_servicos_concentrado_de_hemacias_com_exame_pre_transfusional': 45 valores nulos preenchidos com 0
2025-10-30 20:29:31,828 - [INFO] - [hemoprod_sc.xlsx] -   → Coluna 'distribuicao_para_outros_servicos_concentrado_de_hemacias_total': 45 valores nulos preenchidos com 0
2025-10-30 20:29:31,828 - [INFO] - [hemoprod_sc.xlsx] -   → Coluna 'distribuicao_para_outros_servicos_concentrado_de_hemacias_sem_buffy_coat_sem_exame_pre_transfusi': 45 valores nulos preenchidos com 0
2025-10-30 20:29:31,829 - [INFO] - [hemoprod_sc.xlsx] -   → Coluna 'distribuicao_para_outros_servicos_concentrado_de_hemacias_sem_buffy_coat_com_exame_pre_transfusi': 45 valores nulos preenchidos com 0
2025-10-30 20:29:31,829 - [INFO] - [hemoprod_sc.xlsx] -   → Coluna 'distribuicao_para_outros_servicos_concentrado_de_hemacias_sem_buffy_coat_total': 45 valores nulos preenchidos com 0
2025-10-30 20:29:31,829 - [INFO] - [hemoprod_sc.xlsx] -   → Coluna 'distribuicao_para_outros_servicos_concentrado_de_plaquetas_sem_exame_pre_transfusional': 45 valores nulos preenchidos com 0
2025-10-30 20:29:31,829 - [INFO] - [hemoprod_sc.xlsx] -   → Coluna 'distribuicao_para_outros_servicos_concentrado_de_plaquetas_com_exame_pre_transfusional': 45 valores nulos preenchidos com 0
2025-10-30 20:29:31,830 - [INFO] - [hemoprod_sc.xlsx] -   → Coluna 'distribuicao_para_outros_servicos_concentrado_de_plaquetas_total': 45 valores nulos preenchidos com 0
2025-10-30 20:29:31,830 - [INFO] - [hemoprod_sc.xlsx] -   → Coluna 'distribuicao_para_outros_servicos_concentrado_de_plaquetas_aferese_sem_exame_pre_transfusional': 45 valores nulos preenchidos com 0
2025-10-30 20:29:31,830 - [INFO] - [hemoprod_sc.xlsx] -   → Coluna 'distribuicao_para_outros_servicos_concentrado_de_plaquetas_aferese_com_exame_pre_transfusional': 45 valores nulos preenchidos com 0
2025-10-30 20:29:31,830 - [INFO] - [hemoprod_sc.xlsx] -   → Coluna 'distribuicao_para_outros_servicos_concentrado_de_plaquetas_aferese_total': 45 valores nulos preenchidos com 0
2025-10-30 20:29:31,830 - [INFO] - [hemoprod_sc.xlsx] -   → Coluna 'distribuicao_para_outros_servicos_concentrado_de_leucocitos_sem_exame_pre_transfusional': 45 valores nulos preenchidos com 0
2025-10-30 20:29:31,831 - [INFO] - [hemoprod_sc.xlsx] -   → Coluna 'distribuicao_para_outros_servicos_concentrado_de_leucocitos_com_exame_pre_transfusional': 45 valores nulos preenchidos com 0
2025-10-30 20:29:31,831 - [INFO] - [hemoprod_sc.xlsx] -   → Coluna 'distribuicao_para_outros_servicos_concentrado_de_leucocitos_total': 45 valores nulos preenchidos com 0
2025-10-30 20:29:31,831 - [INFO] - [hemoprod_sc.xlsx] -   → Coluna 'distribuicao_para_outros_servicos_crioprecipitado_sem_exame_pre_transfusional': 45 valores nulos preenchidos com 0
2025-10-30 20:29:31,831 - [INFO] - [hemoprod_sc.xlsx] -   → Coluna 'distribuicao_para_outros_servicos_crioprecipitado_com_exame_pre_transfusional': 45 valores nulos preenchidos com 0
2025-10-30 20:29:31,831 - [INFO] - [hemoprod_sc.xlsx] -   → Coluna 'distribuicao_para_outros_servicos_crioprecipitado_total': 45 valores nulos preenchidos com 0
2025-10-30 20:29:31,831 - [INFO] - [hemoprod_sc.xlsx] -   → Coluna 'distribuicao_para_outros_servicos_concentrado_de_plaquetas_sem_buffy_coat_sem_exame_pre_transfusional': 45 valores nulos preenchidos com 0
2025-10-30 20:29:31,832 - [INFO] - [hemoprod_sc.xlsx] -   → Coluna 'distribuicao_para_outros_servicos_concentrado_de_plaquetas_sem_buffy_coat_com_exame_pre_transfusional': 45 valores nulos preenchidos com 0
2025-10-30 20:29:31,832 - [INFO] - [hemoprod_sc.xlsx] -   → Coluna 'distribuicao_para_outros_servicos_concentrado_de_plaquetas_sem_buffy_coat_total': 45 valores nulos preenchidos com 0
2025-10-30 20:29:31,832 - [INFO] - [hemoprod_sc.xlsx] -   → Coluna 'procedimentos_de_modificacao_dos_hemocomponentes_lavagem': 45 valores nulos preenchidos com 0
2025-10-30 20:29:31,832 - [INFO] - [hemoprod_sc.xlsx] -   → Coluna 'procedimentos_de_modificacao_dos_hemocomponentes_irradiacao': 45 valores nulos preenchidos com 0
2025-10-30 20:29:31,832 - [INFO] - [hemoprod_sc.xlsx] -   → Coluna 'procedimentos_de_modificacao_dos_hemocomponentes_filtracao_em_concentrado_de_plaquetas': 45 valores nulos preenchidos com 0
2025-10-30 20:29:31,833 - [INFO] - [hemoprod_sc.xlsx] -   → Coluna 'procedimentos_de_modificacao_dos_hemocomponentes_filtracao_em_concentrado_de_hemacias': 45 valores nulos preenchidos com 0
2025-10-30 20:29:31,833 - [INFO] - [hemoprod_sc.xlsx] -   → Coluna 'procedimentos_de_modificacao_dos_hemocomponentes_fracionamento_pediatrico': 45 valores nulos preenchidos com 0
2025-10-30 20:29:31,833 - [INFO] - [hemoprod_sc.xlsx] -   → Coluna 'reacoes_transfusionais_reacao_febril_nao_hemolitica': 45 valores nulos preenchidos com 0
2025-10-30 20:29:31,833 - [INFO] - [hemoprod_sc.xlsx] -   → Coluna 'reacoes_transfusionais_reacao_hemolitica': 45 valores nulos preenchidos com 0
2025-10-30 20:29:31,833 - [INFO] - [hemoprod_sc.xlsx] -   → Coluna 'reacoes_transfusionais_reacao_alergica': 45 valores nulos preenchidos com 0
2025-10-30 20:29:31,834 - [INFO] - [hemoprod_sc.xlsx] -   → Coluna 'reacoes_transfusionais_choque_bacteriano': 45 valores nulos preenchidos com 0
2025-10-30 20:29:31,834 - [INFO] - [hemoprod_sc.xlsx] -   → Coluna 'reacoes_transfusionais_alteracoes_metabolicas': 45 valores nulos preenchidos com 0
2025-10-30 20:29:31,834 - [INFO] - [hemoprod_sc.xlsx] -   → Coluna 'reacoes_transfusionais_sobrecarga_volemica': 45 valores nulos preenchidos com 0
2025-10-30 20:29:31,834 - [INFO] - [hemoprod_sc.xlsx] -   → Coluna 'reacoes_transfusionais_outras_reacoes': 45 valores nulos preenchidos com 0
2025-10-30 20:29:31,835 - [INFO] - [hemoprod_sc.xlsx] -   → Coluna 'envio_plasma_producao_hemoderivados_plasma_fresco_congelado': 501 valores nulos preenchidos com 0
2025-10-30 20:29:31,835 - [INFO] - [hemoprod_sc.xlsx] -   → Coluna 'envio_plasma_producao_hemoderivados_plasma_comum': 501 valores nulos preenchidos com 0
2025-10-30 20:29:31,835 - [INFO] - [hemoprod_sc.xlsx] - ✓ 247 colunas Int64 preenchidas com 0
2025-10-30 20:29:31,835 - [INFO] - [hemoprod_sc.xlsx] - Iniciando deduplicação...
2025-10-30 20:29:31,835 - [INFO] - [hemoprod_sc.xlsx] - Convertendo 'data_envio' para datetime...
2025-10-30 20:29:31,846 - [INFO] - [hemoprod_sc.xlsx] - ✓ Deduplicação concluída - Removidas 68 linhas duplicadas
2025-10-30 20:29:31,846 - [INFO] - [hemoprod_sc.xlsx] - ✓ Linhas Finais: 676
2025-10-30 20:29:31,846 - [INFO] - [hemoprod_sc.xlsx] - Salvando arquivo processado...
2025-10-30 20:29:33,179 - [INFO] - [hemoprod_sc.xlsx] - ============================================================
2025-10-30 20:29:33,179 - [INFO] - [hemoprod_sc.xlsx] - ✅ PROCESSAMENTO CONCLUÍDO COM SUCESSO
2025-10-30 20:29:33,179 - [INFO] - [hemoprod_sc.xlsx] - ✅ Arquivo salvo em: D:\Documentos\STTP\hemoce\src\dados_processados\hemoprod_sc.xlsx
2025-10-30 20:29:33,179 - [INFO] - [hemoprod_sc.xlsx] - ============================================================
2025-10-30 20:29:33,179 - [INFO] - [hemoprod_sc.xlsx] - 
