2025-10-30 20:29:08,842 - [INFO] - [hemoprod_pa.xlsx] - ============================================================
2025-10-30 20:29:08,842 - [INFO] - [hemoprod_pa.xlsx] - INICIANDO PROCESSAMENTO: PA
2025-10-30 20:29:08,842 - [INFO] - [hemoprod_pa.xlsx] - ============================================================
2025-10-30 20:29:08,842 - [INFO] - [hemoprod_pa.xlsx] - Carregando arquivo: Hemoprod_PA.xlsx
2025-10-30 20:29:08,843 - [INFO] - [hemoprod_pa.xlsx] - Planilha: HEMOPROD - PARA
2025-10-30 20:29:09,943 - [INFO] - [hemoprod_pa.xlsx] - ✓ Colunas Originais: 256
2025-10-30 20:29:09,943 - [INFO] - [hemoprod_pa.xlsx] - ✓ Linhas Originais: 1128
2025-10-30 20:29:09,943 - [INFO] - [hemoprod_pa.xlsx] - Iniciando limpeza e renomeação de colunas...
2025-10-30 20:29:09,943 - [INFO] - [hemoprod_pa.xlsx] - ✓ Colunas limpas e renomeadas
2025-10-30 20:29:09,943 - [INFO] - [hemoprod_pa.xlsx] - Normalizando período e ano de referência...
2025-10-30 20:29:09,946 - [INFO] - [hemoprod_pa.xlsx] - ✓ Nenhum registro necessitou normalização de período/ano
2025-10-30 20:29:09,947 - [INFO] - [hemoprod_pa.xlsx] - ✓ Período/Ano normalizado
2025-10-30 20:29:09,947 - [INFO] - [hemoprod_pa.xlsx] - Normalizando município e estado...
2025-10-30 20:29:09,947 - [INFO] - [hemoprod_pa.xlsx] - Coluna 'estado' não existe. Criando...
2025-10-30 20:29:09,980 - [INFO] - [hemoprod_pa.xlsx] - ✓ Normalizados 1128 registros com estado no município
2025-10-30 20:29:09,980 - [INFO] - [hemoprod_pa.xlsx] - ✓ Município/Estado normalizado
2025-10-30 20:29:09,980 - [INFO] - [hemoprod_pa.xlsx] - Aplicando tipos de dados...
2025-10-30 20:29:10,048 - [INFO] - [hemoprod_pa.xlsx] - ✓ Tipos aplicados
2025-10-30 20:29:10,048 - [INFO] - [hemoprod_pa.xlsx] - ✓ Colunas Faltantes: 15
2025-10-30 20:29:10,048 - [INFO] - [hemoprod_pa.xlsx] -   → ['distribuicao_para_outros_servicos_concentrado_de_plaquetas_aferese_sem_exame_pre_transfusional', 'producao_hemoterapica_entradas_concentrado_plaquetas_aferese_devolvidas', 'tranfusoes_concentrado_de_plaquetas_de_aferese_hospitalar', 'estado', 'rede_estabelecimento']...
2025-10-30 20:29:10,048 - [INFO] - [hemoprod_pa.xlsx] - ✓ Colunas A Mais: 1
2025-10-30 20:29:10,048 - [INFO] - [hemoprod_pa.xlsx] -   → ['Município  ATENÇÃO!!! A lista de municípios abaixo foi atualizada e deve ser priorizada para preenchimento do local.  [Outros]']
2025-10-30 20:29:10,048 - [INFO] - [hemoprod_pa.xlsx] - Padronizando schema...
2025-10-30 20:29:10,052 - [INFO] - [hemoprod_pa.xlsx] - Coluna 'estado' já existe, mantendo valores atuais
2025-10-30 20:29:10,058 - [INFO] - [hemoprod_pa.xlsx] - ✓ Schema padronizado - Colunas Finais: 270
2025-10-30 20:29:10,058 - [INFO] - [hemoprod_pa.xlsx] - Preenchendo valores nulos em colunas Int64 com 0...
2025-10-30 20:29:10,059 - [INFO] - [hemoprod_pa.xlsx] -   → Coluna 'semente': 94 valores nulos preenchidos com 0
2025-10-30 20:29:10,059 - [INFO] - [hemoprod_pa.xlsx] -   → Coluna 'identificacao_dado': 1128 valores nulos preenchidos com 0
2025-10-30 20:29:10,059 - [INFO] - [hemoprod_pa.xlsx] -   → Coluna 'identificacao_estabelecimento': 1128 valores nulos preenchidos com 0
2025-10-30 20:29:10,060 - [INFO] - [hemoprod_pa.xlsx] -   → Coluna 'cnes': 1128 valores nulos preenchidos com 0
2025-10-30 20:29:10,060 - [INFO] - [hemoprod_pa.xlsx] -   → Coluna 'endereco': 1128 valores nulos preenchidos com 0
2025-10-30 20:29:10,060 - [INFO] - [hemoprod_pa.xlsx] -   → Coluna 'triagem_clinica_total_doacao_espontanea_aptos': 827 valores nulos preenchidos com 0
2025-10-30 20:29:10,060 - [INFO] - [hemoprod_pa.xlsx] -   → Coluna 'triagem_clinica_total_doacao_espontanea_inaptos': 827 valores nulos preenchidos com 0
2025-10-30 20:29:10,060 - [INFO] - [hemoprod_pa.xlsx] -   → Coluna 'triagem_clinica_total_doacao_reposicao_aptos': 827 valores nulos preenchidos com 0
2025-10-30 20:29:10,061 - [INFO] - [hemoprod_pa.xlsx] -   → Coluna 'triagem_clinica_total_doacao_reposicao_inaptos': 827 valores nulos preenchidos com 0
2025-10-30 20:29:10,061 - [INFO] - [hemoprod_pa.xlsx] -   → Coluna 'triagem_clinica_total_doacao_autologa_aptos': 827 valores nulos preenchidos com 0
2025-10-30 20:29:10,061 - [INFO] - [hemoprod_pa.xlsx] -   → Coluna 'triagem_clinica_total_doacao_autologa_inaptos': 827 valores nulos preenchidos com 0
2025-10-30 20:29:10,061 - [INFO] - [hemoprod_pa.xlsx] -   → Coluna 'total_doador_primeira_vez_aptos': 827 valores nulos preenchidos com 0
2025-10-30 20:29:10,062 - [INFO] - [hemoprod_pa.xlsx] -   → Coluna 'total_doador_primeira_vez_inaptos': 827 valores nulos preenchidos com 0
2025-10-30 20:29:10,062 - [INFO] - [hemoprod_pa.xlsx] -   → Coluna 'total_doador_repeticao_aptos': 827 valores nulos preenchidos com 0
2025-10-30 20:29:10,062 - [INFO] - [hemoprod_pa.xlsx] -   → Coluna 'total_doador_repeticao_inaptos': 827 valores nulos preenchidos com 0
2025-10-30 20:29:10,062 - [INFO] - [hemoprod_pa.xlsx] -   → Coluna 'total_doador_esporadico_aptos': 827 valores nulos preenchidos com 0
2025-10-30 20:29:10,062 - [INFO] - [hemoprod_pa.xlsx] -   → Coluna 'total_doador_esporadico_inaptos': 827 valores nulos preenchidos com 0
2025-10-30 20:29:10,062 - [INFO] - [hemoprod_pa.xlsx] -   → Coluna 'total_doador_masculino_aptos': 827 valores nulos preenchidos com 0
2025-10-30 20:29:10,062 - [INFO] - [hemoprod_pa.xlsx] -   → Coluna 'total_doador_masculino_inaptos': 827 valores nulos preenchidos com 0
2025-10-30 20:29:10,063 - [INFO] - [hemoprod_pa.xlsx] -   → Coluna 'total_doador_feminino_aptos': 827 valores nulos preenchidos com 0
2025-10-30 20:29:10,063 - [INFO] - [hemoprod_pa.xlsx] -   → Coluna 'total_doador_feminino_inaptos': 827 valores nulos preenchidos com 0
2025-10-30 20:29:10,063 - [INFO] - [hemoprod_pa.xlsx] -   → Coluna 'total_doador_menor_de_18_anos_aptos': 827 valores nulos preenchidos com 0
2025-10-30 20:29:10,063 - [INFO] - [hemoprod_pa.xlsx] -   → Coluna 'total_doador_menor_de_18_anos_inaptos': 827 valores nulos preenchidos com 0
2025-10-30 20:29:10,063 - [INFO] - [hemoprod_pa.xlsx] -   → Coluna 'total_doador_18_ate_29_anos_aptos': 827 valores nulos preenchidos com 0
2025-10-30 20:29:10,063 - [INFO] - [hemoprod_pa.xlsx] -   → Coluna 'total_doador_18_ate_29_anos_inaptos': 827 valores nulos preenchidos com 0
2025-10-30 20:29:10,063 - [INFO] - [hemoprod_pa.xlsx] -   → Coluna 'total_doador_acima_de_29_anos_aptos': 827 valores nulos preenchidos com 0
2025-10-30 20:29:10,064 - [INFO] - [hemoprod_pa.xlsx] -   → Coluna 'total_doador_acima_de_29_anos_inaptos': 827 valores nulos preenchidos com 0
2025-10-30 20:29:10,064 - [INFO] - [hemoprod_pa.xlsx] -   → Coluna 'total_candidatos_inaptos_anemia_masculino': 827 valores nulos preenchidos com 0
2025-10-30 20:29:10,065 - [INFO] - [hemoprod_pa.xlsx] -   → Coluna 'total_candidatos_inaptos_anemia_feminino': 827 valores nulos preenchidos com 0
2025-10-30 20:29:10,065 - [INFO] - [hemoprod_pa.xlsx] -   → Coluna 'total_candidatos_inaptos_anemia_total': 827 valores nulos preenchidos com 0
2025-10-30 20:29:10,065 - [INFO] - [hemoprod_pa.xlsx] -   → Coluna 'total_candidatos_inaptos_hipertensao_masculino': 827 valores nulos preenchidos com 0
2025-10-30 20:29:10,065 - [INFO] - [hemoprod_pa.xlsx] -   → Coluna 'total_candidatos_inaptos_hipertensao_feminino': 827 valores nulos preenchidos com 0
2025-10-30 20:29:10,066 - [INFO] - [hemoprod_pa.xlsx] -   → Coluna 'total_candidatos_inaptos_hipertensao_total': 827 valores nulos preenchidos com 0
2025-10-30 20:29:10,066 - [INFO] - [hemoprod_pa.xlsx] -   → Coluna 'total_candidatos_inaptos_hipotensao_masculino': 827 valores nulos preenchidos com 0
2025-10-30 20:29:10,066 - [INFO] - [hemoprod_pa.xlsx] -   → Coluna 'total_candidatos_inaptos_hipotensao_feminino': 827 valores nulos preenchidos com 0
2025-10-30 20:29:10,066 - [INFO] - [hemoprod_pa.xlsx] -   → Coluna 'total_candidatos_inaptos_hipotensao_total': 827 valores nulos preenchidos com 0
2025-10-30 20:29:10,066 - [INFO] - [hemoprod_pa.xlsx] -   → Coluna 'total_candidatos_inaptos_alcoolismo_masculino': 827 valores nulos preenchidos com 0
2025-10-30 20:29:10,067 - [INFO] - [hemoprod_pa.xlsx] -   → Coluna 'total_candidatos_inaptos_alcoolismo_feminino': 827 valores nulos preenchidos com 0
2025-10-30 20:29:10,067 - [INFO] - [hemoprod_pa.xlsx] -   → Coluna 'total_candidatos_inaptos_alcoolismo_total': 827 valores nulos preenchidos com 0
2025-10-30 20:29:10,067 - [INFO] - [hemoprod_pa.xlsx] -   → Coluna 'total_candidatos_inaptos_comportamento_risco_dst_masculino': 827 valores nulos preenchidos com 0
2025-10-30 20:29:10,067 - [INFO] - [hemoprod_pa.xlsx] -   → Coluna 'total_candidatos_inaptos_comportamento_risco_dst_feminino': 827 valores nulos preenchidos com 0
2025-10-30 20:29:10,067 - [INFO] - [hemoprod_pa.xlsx] -   → Coluna 'total_candidatos_inaptos_comportamento_risco_dst_total': 827 valores nulos preenchidos com 0
2025-10-30 20:29:10,067 - [INFO] - [hemoprod_pa.xlsx] -   → Coluna 'total_candidatos_inaptos_uso_drogas_masculino': 827 valores nulos preenchidos com 0
2025-10-30 20:29:10,068 - [INFO] - [hemoprod_pa.xlsx] -   → Coluna 'total_candidatos_inaptos_uso_drogas_feminino': 827 valores nulos preenchidos com 0
2025-10-30 20:29:10,068 - [INFO] - [hemoprod_pa.xlsx] -   → Coluna 'total_candidatos_inaptos_uso_drogas_total': 827 valores nulos preenchidos com 0
2025-10-30 20:29:10,068 - [INFO] - [hemoprod_pa.xlsx] -   → Coluna 'total_candidatos_inaptos_hepatite_masculino': 827 valores nulos preenchidos com 0
2025-10-30 20:29:10,068 - [INFO] - [hemoprod_pa.xlsx] -   → Coluna 'total_candidatos_inaptos_hepatite_feminino': 827 valores nulos preenchidos com 0
2025-10-30 20:29:10,068 - [INFO] - [hemoprod_pa.xlsx] -   → Coluna 'total_candidatos_inaptos_hepatite_total': 827 valores nulos preenchidos com 0
2025-10-30 20:29:10,068 - [INFO] - [hemoprod_pa.xlsx] -   → Coluna 'total_candidatos_inaptos_doenca_chagas_masculino': 827 valores nulos preenchidos com 0
2025-10-30 20:29:10,069 - [INFO] - [hemoprod_pa.xlsx] -   → Coluna 'total_candidatos_inaptos_doenca_chagas_feminino': 827 valores nulos preenchidos com 0
2025-10-30 20:29:10,069 - [INFO] - [hemoprod_pa.xlsx] -   → Coluna 'total_candidatos_inaptos_doenca_chagas_total': 827 valores nulos preenchidos com 0
2025-10-30 20:29:10,069 - [INFO] - [hemoprod_pa.xlsx] -   → Coluna 'total_candidatos_inaptos_malaria_masculino': 827 valores nulos preenchidos com 0
2025-10-30 20:29:10,069 - [INFO] - [hemoprod_pa.xlsx] -   → Coluna 'total_candidatos_inaptos_malaria_feminino': 827 valores nulos preenchidos com 0
2025-10-30 20:29:10,070 - [INFO] - [hemoprod_pa.xlsx] -   → Coluna 'total_candidatos_inaptos_malaria_total': 827 valores nulos preenchidos com 0
2025-10-30 20:29:10,070 - [INFO] - [hemoprod_pa.xlsx] -   → Coluna 'total_candidatos_inaptos_outras_masculino': 827 valores nulos preenchidos com 0
2025-10-30 20:29:10,070 - [INFO] - [hemoprod_pa.xlsx] -   → Coluna 'total_candidatos_inaptos_outras_feminino': 827 valores nulos preenchidos com 0
2025-10-30 20:29:10,070 - [INFO] - [hemoprod_pa.xlsx] -   → Coluna 'total_candidatos_inaptos_outras_total': 827 valores nulos preenchidos com 0
2025-10-30 20:29:10,071 - [INFO] - [hemoprod_pa.xlsx] -   → Coluna 'coleta_total_candidatos_desistentes': 827 valores nulos preenchidos com 0
2025-10-30 20:29:10,071 - [INFO] - [hemoprod_pa.xlsx] -   → Coluna 'total_interrupcoes_coleta_dificuldade_puncao_venosa': 827 valores nulos preenchidos com 0
2025-10-30 20:29:10,071 - [INFO] - [hemoprod_pa.xlsx] -   → Coluna 'total_interrupcoes_coleta_reacao_vagal': 827 valores nulos preenchidos com 0
2025-10-30 20:29:10,071 - [INFO] - [hemoprod_pa.xlsx] -   → Coluna 'total_interrupcoes_coleta_outros_motivos': 827 valores nulos preenchidos com 0
2025-10-30 20:29:10,071 - [INFO] - [hemoprod_pa.xlsx] -   → Coluna 'total_coletas_sangue_total': 827 valores nulos preenchidos com 0
2025-10-30 20:29:10,071 - [INFO] - [hemoprod_pa.xlsx] -   → Coluna 'total_coletas_aferese': 827 valores nulos preenchidos com 0
2025-10-30 20:29:10,072 - [INFO] - [hemoprod_pa.xlsx] -   → Coluna 'exames_triagem_doenca_doenca_chagas_amostras_testadas': 829 valores nulos preenchidos com 0
2025-10-30 20:29:10,072 - [INFO] - [hemoprod_pa.xlsx] -   → Coluna 'exames_triagem_doenca_doenca_chagas_amostras_reagentes': 829 valores nulos preenchidos com 0
2025-10-30 20:29:10,072 - [INFO] - [hemoprod_pa.xlsx] -   → Coluna 'exames_triagem_doenca_hiv_amostras_testadas': 829 valores nulos preenchidos com 0
2025-10-30 20:29:10,072 - [INFO] - [hemoprod_pa.xlsx] -   → Coluna 'exames_triagem_doenca_hiv_amostras_reagentes': 829 valores nulos preenchidos com 0
2025-10-30 20:29:10,072 - [INFO] - [hemoprod_pa.xlsx] -   → Coluna 'exames_triagem_doenca_sifilis_amostras_testadas': 829 valores nulos preenchidos com 0
2025-10-30 20:29:10,073 - [INFO] - [hemoprod_pa.xlsx] -   → Coluna '`exames_triagem_doenca_sifilis_amostras_reagentes': 829 valores nulos preenchidos com 0
2025-10-30 20:29:10,073 - [INFO] - [hemoprod_pa.xlsx] -   → Coluna 'exames_triagem_doenca_hepatite_b_hbs_ag_amostras_testadas': 829 valores nulos preenchidos com 0
2025-10-30 20:29:10,073 - [INFO] - [hemoprod_pa.xlsx] -   → Coluna 'exames_triagem_doenca_hepatite_b_hbs_ag_amostras_reagentes': 829 valores nulos preenchidos com 0
2025-10-30 20:29:10,073 - [INFO] - [hemoprod_pa.xlsx] -   → Coluna 'exames_triagem_doenca_hepatite_b_anti_hbc_amostras_testadas': 829 valores nulos preenchidos com 0
2025-10-30 20:29:10,074 - [INFO] - [hemoprod_pa.xlsx] -   → Coluna 'exames_triagem_doenca_hepatite_b_anti_hbc_amostras_reagentes': 829 valores nulos preenchidos com 0
2025-10-30 20:29:10,074 - [INFO] - [hemoprod_pa.xlsx] -   → Coluna 'exames_triagem_doenca_hepatite_c_amostras_testadas': 829 valores nulos preenchidos com 0
2025-10-30 20:29:10,074 - [INFO] - [hemoprod_pa.xlsx] -   → Coluna 'exames_triagem_doenca_hepatite_c_amostras_reagentes': 829 valores nulos preenchidos com 0
2025-10-30 20:29:10,074 - [INFO] - [hemoprod_pa.xlsx] -   → Coluna 'exames_triagem_doenca_htlv_i_ii_amostras_testadas': 829 valores nulos preenchidos com 0
2025-10-30 20:29:10,074 - [INFO] - [hemoprod_pa.xlsx] -   → Coluna 'exames_triagem_doenca_htlv_i_ii_amostras_reagentes': 829 valores nulos preenchidos com 0
2025-10-30 20:29:10,074 - [INFO] - [hemoprod_pa.xlsx] -   → Coluna 'exames_triagem_doenca_malaria_amostras_testadas': 829 valores nulos preenchidos com 0
2025-10-30 20:29:10,075 - [INFO] - [hemoprod_pa.xlsx] -   → Coluna 'exames_triagem_doenca_malaria_amostras_reagentes': 829 valores nulos preenchidos com 0
2025-10-30 20:29:10,075 - [INFO] - [hemoprod_pa.xlsx] -   → Coluna 'exames_triagem_doenca_hbv_teste_nat_amostras_testadas': 829 valores nulos preenchidos com 0
2025-10-30 20:29:10,075 - [INFO] - [hemoprod_pa.xlsx] -   → Coluna 'exames_triagem_doenca_hbv_teste_nat_amostras_reagentes': 829 valores nulos preenchidos com 0
2025-10-30 20:29:10,075 - [INFO] - [hemoprod_pa.xlsx] -   → Coluna 'exames_triagem_doenca_hcv_teste_nat_amostras_testadas': 829 valores nulos preenchidos com 0
2025-10-30 20:29:10,075 - [INFO] - [hemoprod_pa.xlsx] -   → Coluna 'exames_triagem_doenca_hcv_teste_nat_amostras_reagentes': 829 valores nulos preenchidos com 0
2025-10-30 20:29:10,075 - [INFO] - [hemoprod_pa.xlsx] -   → Coluna 'exames_triagem_doenca_hiv_teste_nat_amostras_testadas': 829 valores nulos preenchidos com 0
2025-10-30 20:29:10,075 - [INFO] - [hemoprod_pa.xlsx] -   → Coluna 'exames_triagem_doenca_hiv_teste_nat_amostras_reagentes': 829 valores nulos preenchidos com 0
2025-10-30 20:29:10,075 - [INFO] - [hemoprod_pa.xlsx] -   → Coluna 'imunohematologia_a_positivo_doador': 2 valores nulos preenchidos com 0
2025-10-30 20:29:10,077 - [INFO] - [hemoprod_pa.xlsx] -   → Coluna 'imunohematologia_a_positivo_receptor': 2 valores nulos preenchidos com 0
2025-10-30 20:29:10,077 - [INFO] - [hemoprod_pa.xlsx] -   → Coluna 'imunohematologia_b_positivo_doador': 2 valores nulos preenchidos com 0
2025-10-30 20:29:10,077 - [INFO] - [hemoprod_pa.xlsx] -   → Coluna 'imunohematologia_b_positivo_receptor': 2 valores nulos preenchidos com 0
2025-10-30 20:29:10,077 - [INFO] - [hemoprod_pa.xlsx] -   → Coluna 'imunohematologia_ab_positivo_doador': 2 valores nulos preenchidos com 0
2025-10-30 20:29:10,078 - [INFO] - [hemoprod_pa.xlsx] -   → Coluna 'imunohematologia_ab_positivo_receptor': 2 valores nulos preenchidos com 0
2025-10-30 20:29:10,078 - [INFO] - [hemoprod_pa.xlsx] -   → Coluna 'imunohematologia_o_positivo_doador': 2 valores nulos preenchidos com 0
2025-10-30 20:29:10,078 - [INFO] - [hemoprod_pa.xlsx] -   → Coluna 'imunohematologia_o_positivo_receptor': 2 valores nulos preenchidos com 0
2025-10-30 20:29:10,078 - [INFO] - [hemoprod_pa.xlsx] -   → Coluna 'imunohematologia_a_negativo_doador': 2 valores nulos preenchidos com 0
2025-10-30 20:29:10,078 - [INFO] - [hemoprod_pa.xlsx] -   → Coluna 'imunohematologia_a_negativo_receptor': 2 valores nulos preenchidos com 0
2025-10-30 20:29:10,078 - [INFO] - [hemoprod_pa.xlsx] -   → Coluna 'imunohematologia_b_negativo_doador': 2 valores nulos preenchidos com 0
2025-10-30 20:29:10,079 - [INFO] - [hemoprod_pa.xlsx] -   → Coluna 'imunohematologia_b_negativo_receptor': 2 valores nulos preenchidos com 0
2025-10-30 20:29:10,079 - [INFO] - [hemoprod_pa.xlsx] -   → Coluna 'imunohematologia_ab_negativo_doador': 2 valores nulos preenchidos com 0
2025-10-30 20:29:10,079 - [INFO] - [hemoprod_pa.xlsx] -   → Coluna 'imunohematologia_ab_negativo_receptor': 2 valores nulos preenchidos com 0
2025-10-30 20:29:10,079 - [INFO] - [hemoprod_pa.xlsx] -   → Coluna 'imunohematologia_o_negativo_doador': 2 valores nulos preenchidos com 0
2025-10-30 20:29:10,079 - [INFO] - [hemoprod_pa.xlsx] -   → Coluna 'imunohematologia_o_negativo_receptor': 2 valores nulos preenchidos com 0
2025-10-30 20:29:10,079 - [INFO] - [hemoprod_pa.xlsx] -   → Coluna 'imunohematologia_dfraco_doador': 2 valores nulos preenchidos com 0
2025-10-30 20:29:10,079 - [INFO] - [hemoprod_pa.xlsx] -   → Coluna 'imunohematologia_dfraco_receptor': 2 valores nulos preenchidos com 0
2025-10-30 20:29:10,080 - [INFO] - [hemoprod_pa.xlsx] -   → Coluna 'imunohematologia_pesquisa_anticorpo_irregular_positivo_doador': 2 valores nulos preenchidos com 0
2025-10-30 20:29:10,080 - [INFO] - [hemoprod_pa.xlsx] -   → Coluna 'imunohematologia_pesquisa_anticorpo_irregular_positivo_receptor': 2 valores nulos preenchidos com 0
2025-10-30 20:29:10,080 - [INFO] - [hemoprod_pa.xlsx] -   → Coluna 'imunohematologia_fenotipagem_doador': 2 valores nulos preenchidos com 0
2025-10-30 20:29:10,080 - [INFO] - [hemoprod_pa.xlsx] -   → Coluna 'imunohematologia_fenotipagem_receptor': 2 valores nulos preenchidos com 0
2025-10-30 20:29:10,080 - [INFO] - [hemoprod_pa.xlsx] -   → Coluna 'imunohematologia_combs_direto_doador': 2 valores nulos preenchidos com 0
2025-10-30 20:29:10,080 - [INFO] - [hemoprod_pa.xlsx] -   → Coluna 'imunohematologia_combs_direto_receptor': 2 valores nulos preenchidos com 0
2025-10-30 20:29:10,080 - [INFO] - [hemoprod_pa.xlsx] -   → Coluna 'outros_tipos_pesquisa_pesquisa_hbs_doador': 829 valores nulos preenchidos com 0
2025-10-30 20:29:10,080 - [INFO] - [hemoprod_pa.xlsx] -   → Coluna 'inaptidao_triagem_laboratorial_total_bolsas_testadas': 829 valores nulos preenchidos com 0
2025-10-30 20:29:10,080 - [INFO] - [hemoprod_pa.xlsx] -   → Coluna 'inaptidao_triagem_laboratorial_total_bolsas_reagentes_1_ou_mais_marcadores': 829 valores nulos preenchidos com 0
2025-10-30 20:29:10,081 - [INFO] - [hemoprod_pa.xlsx] -   → Coluna 'descarte_bolsas_total_bolsas_descartadas_auto_exclusao': 829 valores nulos preenchidos com 0
2025-10-30 20:29:10,081 - [INFO] - [hemoprod_pa.xlsx] -   → Coluna 'producao_hemoterapica_entradas_sangue_total_produzidas': 2 valores nulos preenchidos com 0
2025-10-30 20:29:10,081 - [INFO] - [hemoprod_pa.xlsx] -   → Coluna 'producao_hemoterapica_entradas_sangue_total_recebidas': 2 valores nulos preenchidos com 0
2025-10-30 20:29:10,082 - [INFO] - [hemoprod_pa.xlsx] -   → Coluna 'producao_hemoterapica_entradas_sangue_total_devolvidas': 2 valores nulos preenchidos com 0
2025-10-30 20:29:10,082 - [INFO] - [hemoprod_pa.xlsx] -   → Coluna 'producao_hemoterapica_entradas_plasma_fresco_congelado_produzidas': 2 valores nulos preenchidos com 0
2025-10-30 20:29:10,082 - [INFO] - [hemoprod_pa.xlsx] -   → Coluna 'producao_hemoterapica_entradas_plasma_fresco_congelado_recebidas': 2 valores nulos preenchidos com 0
2025-10-30 20:29:10,083 - [INFO] - [hemoprod_pa.xlsx] -   → Coluna 'producao_hemoterapica_entradas_plasma_fresco_congelado_devolvidas': 2 valores nulos preenchidos com 0
2025-10-30 20:29:10,083 - [INFO] - [hemoprod_pa.xlsx] -   → Coluna 'producao_hemoterapica_entradas_plasma_comum_produzidas': 2 valores nulos preenchidos com 0
2025-10-30 20:29:10,083 - [INFO] - [hemoprod_pa.xlsx] -   → Coluna 'producao_hemoterapica_entradas_plasma_comum_recebidas': 2 valores nulos preenchidos com 0
2025-10-30 20:29:10,083 - [INFO] - [hemoprod_pa.xlsx] -   → Coluna 'producao_hemoterapica_entradas_plasma_comum_devolvidas': 2 valores nulos preenchidos com 0
2025-10-30 20:29:10,083 - [INFO] - [hemoprod_pa.xlsx] -   → Coluna 'producao_hemoterapica_entradas_concentrado_hemacias_produzidas': 2 valores nulos preenchidos com 0
2025-10-30 20:29:10,083 - [INFO] - [hemoprod_pa.xlsx] -   → Coluna 'producao_hemoterapica_entradas_concentrado_hemacias_recebidas': 2 valores nulos preenchidos com 0
2025-10-30 20:29:10,083 - [INFO] - [hemoprod_pa.xlsx] -   → Coluna 'producao_hemoterapica_entradas_concentrado_hemacias_devolvidas': 2 valores nulos preenchidos com 0
2025-10-30 20:29:10,083 - [INFO] - [hemoprod_pa.xlsx] -   → Coluna 'producao_hemoterapica_entradas_concentrado_hemacias_sem_buffy_coat_produzidas': 2 valores nulos preenchidos com 0
2025-10-30 20:29:10,085 - [INFO] - [hemoprod_pa.xlsx] -   → Coluna 'producao_hemoterapica_entradas_concentrado_hemacias_sem_buffy_coat_recebidas': 2 valores nulos preenchidos com 0
2025-10-30 20:29:10,085 - [INFO] - [hemoprod_pa.xlsx] -   → Coluna 'producao_hemoterapica_entradas_concentrado_hemacias_sem_buffy_coat_devolvidas': 2 valores nulos preenchidos com 0
2025-10-30 20:29:10,085 - [INFO] - [hemoprod_pa.xlsx] -   → Coluna 'producao_hemoterapica_entradas_concentrado_plaquetas_produzidas': 2 valores nulos preenchidos com 0
2025-10-30 20:29:10,085 - [INFO] - [hemoprod_pa.xlsx] -   → Coluna 'producao_hemoterapica_entradas_concentrado_plaquetas_recebidas': 2 valores nulos preenchidos com 0
2025-10-30 20:29:10,085 - [INFO] - [hemoprod_pa.xlsx] -   → Coluna 'producao_hemoterapica_entradas_concentrado_plaquetas_devolvidas': 2 valores nulos preenchidos com 0
2025-10-30 20:29:10,085 - [INFO] - [hemoprod_pa.xlsx] -   → Coluna 'producao_hemoterapica_entradas_concentrado_leucocitos_produzidas': 2 valores nulos preenchidos com 0
2025-10-30 20:29:10,086 - [INFO] - [hemoprod_pa.xlsx] -   → Coluna 'producao_hemoterapica_entradas_concentrado_leucocitos_recebidas': 2 valores nulos preenchidos com 0
2025-10-30 20:29:10,086 - [INFO] - [hemoprod_pa.xlsx] -   → Coluna 'producao_hemoterapica_entradas_concentrado_leucocitos_devolvidas': 2 valores nulos preenchidos com 0
2025-10-30 20:29:10,086 - [INFO] - [hemoprod_pa.xlsx] -   → Coluna 'producao_hemoterapica_entradas_crioprecipitado_produzidas': 2 valores nulos preenchidos com 0
2025-10-30 20:29:10,086 - [INFO] - [hemoprod_pa.xlsx] -   → Coluna 'producao_hemoterapica_entradas_crioprecipitado_recebidas': 2 valores nulos preenchidos com 0
2025-10-30 20:29:10,086 - [INFO] - [hemoprod_pa.xlsx] -   → Coluna 'producao_hemoterapica_entradas_crioprecipitado_devolvidas': 2 valores nulos preenchidos com 0
2025-10-30 20:29:10,087 - [INFO] - [hemoprod_pa.xlsx] -   → Coluna 'producao_hemoterapica_entradas_concentrado_de_plaquetas_sem_buffy_coat_produzidas': 2 valores nulos preenchidos com 0
2025-10-30 20:29:10,087 - [INFO] - [hemoprod_pa.xlsx] -   → Coluna 'producao_hemoterapica_entradas_concentrado_de_plaquetas_sem_buffy_coat_recebidas': 2 valores nulos preenchidos com 0
2025-10-30 20:29:10,087 - [INFO] - [hemoprod_pa.xlsx] -   → Coluna 'producao_hemoterapica_entradas_concentrado_de_plaquetas_sem_buffy_coat_devolvidas': 2 valores nulos preenchidos com 0
2025-10-30 20:29:10,087 - [INFO] - [hemoprod_pa.xlsx] -   → Coluna 'perdas_sangue_total_rompimento_de_bolsa': 2 valores nulos preenchidos com 0
2025-10-30 20:29:10,087 - [INFO] - [hemoprod_pa.xlsx] -   → Coluna 'perdas_sangue_total_validade': 2 valores nulos preenchidos com 0
2025-10-30 20:29:10,088 - [INFO] - [hemoprod_pa.xlsx] -   → Coluna 'perdas_sangue_total_outros_motivos': 2 valores nulos preenchidos com 0
2025-10-30 20:29:10,088 - [INFO] - [hemoprod_pa.xlsx] -   → Coluna 'perdas_plasma_fresco_congelado_rompimento_de_bolsa': 2 valores nulos preenchidos com 0
2025-10-30 20:29:10,088 - [INFO] - [hemoprod_pa.xlsx] -   → Coluna 'perdas_plasma_fresco_congelado_validade': 2 valores nulos preenchidos com 0
2025-10-30 20:29:10,088 - [INFO] - [hemoprod_pa.xlsx] -   → Coluna 'perdas_plasma_fresco_congelado_outros_motivos': 2 valores nulos preenchidos com 0
2025-10-30 20:29:10,089 - [INFO] - [hemoprod_pa.xlsx] -   → Coluna 'perdas_plasma_comum_rompimento_de_bolsa': 2 valores nulos preenchidos com 0
2025-10-30 20:29:10,089 - [INFO] - [hemoprod_pa.xlsx] -   → Coluna 'perdas_plasma_comum_validade': 2 valores nulos preenchidos com 0
2025-10-30 20:29:10,089 - [INFO] - [hemoprod_pa.xlsx] -   → Coluna 'perdas_plasma_comum_outros_motivos': 2 valores nulos preenchidos com 0
2025-10-30 20:29:10,090 - [INFO] - [hemoprod_pa.xlsx] -   → Coluna 'perdas_concentrado_de_hemacias_rompimento_de_bolsa': 2 valores nulos preenchidos com 0
2025-10-30 20:29:10,090 - [INFO] - [hemoprod_pa.xlsx] -   → Coluna 'perdas_concentrado_de_hemacias_validade': 2 valores nulos preenchidos com 0
2025-10-30 20:29:10,090 - [INFO] - [hemoprod_pa.xlsx] -   → Coluna 'perdas_concentrado_de_hemacias_outros_motivos': 2 valores nulos preenchidos com 0
2025-10-30 20:29:10,090 - [INFO] - [hemoprod_pa.xlsx] -   → Coluna 'perdas_concentrado_de_hemacias_sem_buffy_coat_rompimento_de_bolsa': 2 valores nulos preenchidos com 0
2025-10-30 20:29:10,090 - [INFO] - [hemoprod_pa.xlsx] -   → Coluna 'perdas_concentrado_de_hemacias_sem_buffy_coat_validade': 2 valores nulos preenchidos com 0
2025-10-30 20:29:10,090 - [INFO] - [hemoprod_pa.xlsx] -   → Coluna 'perdas_concentrado_de_hemacias_sem_buffy_coat_outros_motivos': 2 valores nulos preenchidos com 0
2025-10-30 20:29:10,090 - [INFO] - [hemoprod_pa.xlsx] -   → Coluna 'perdas_concentrado_de_plaquetas_rompimento_de_bolsa': 2 valores nulos preenchidos com 0
2025-10-30 20:29:10,090 - [INFO] - [hemoprod_pa.xlsx] -   → Coluna 'perdas_concentrado_de_plaquetas_validade': 2 valores nulos preenchidos com 0
2025-10-30 20:29:10,090 - [INFO] - [hemoprod_pa.xlsx] -   → Coluna 'perdas_concentrado_de_plaquetas_outros_motivos': 2 valores nulos preenchidos com 0
2025-10-30 20:29:10,091 - [INFO] - [hemoprod_pa.xlsx] -   → Coluna 'perdas_concentrado_de_leucocitos_rompimento_de_bolsa': 2 valores nulos preenchidos com 0
2025-10-30 20:29:10,091 - [INFO] - [hemoprod_pa.xlsx] -   → Coluna 'perdas_concentrado_de_leucocitos_validade': 2 valores nulos preenchidos com 0
2025-10-30 20:29:10,091 - [INFO] - [hemoprod_pa.xlsx] -   → Coluna 'perdas_concentrado_de_leucocitos_outros_motivos': 2 valores nulos preenchidos com 0
2025-10-30 20:29:10,091 - [INFO] - [hemoprod_pa.xlsx] -   → Coluna 'perdas_crioprecipitado_rompimento_de_bolsa': 2 valores nulos preenchidos com 0
2025-10-30 20:29:10,092 - [INFO] - [hemoprod_pa.xlsx] -   → Coluna 'perdas_crioprecipitado_validade': 2 valores nulos preenchidos com 0
2025-10-30 20:29:10,092 - [INFO] - [hemoprod_pa.xlsx] -   → Coluna 'perdas_crioprecipitado_outros_motivos': 2 valores nulos preenchidos com 0
2025-10-30 20:29:10,092 - [INFO] - [hemoprod_pa.xlsx] -   → Coluna 'perdas_concentrado_de_plaquetas_sem_buffy_coat_rompimento_de_bolsa': 2 valores nulos preenchidos com 0
2025-10-30 20:29:10,092 - [INFO] - [hemoprod_pa.xlsx] -   → Coluna 'perdas_concentrado_de_plaquetas_sem_buffy_coat_validade': 2 valores nulos preenchidos com 0
2025-10-30 20:29:10,092 - [INFO] - [hemoprod_pa.xlsx] -   → Coluna 'perdas_concentrado_de_plaquetas_sem_buffy_coat_outros_motivos': 2 valores nulos preenchidos com 0
2025-10-30 20:29:10,092 - [INFO] - [hemoprod_pa.xlsx] -   → Coluna 'tranfusoes_sangue_total_ambulatorial': 2 valores nulos preenchidos com 0
2025-10-30 20:29:10,093 - [INFO] - [hemoprod_pa.xlsx] -   → Coluna 'tranfusoes_sangue_total_hospitalar': 2 valores nulos preenchidos com 0
2025-10-30 20:29:10,093 - [INFO] - [hemoprod_pa.xlsx] -   → Coluna 'tranfusoes_sangue_total_total': 2 valores nulos preenchidos com 0
2025-10-30 20:29:10,093 - [INFO] - [hemoprod_pa.xlsx] -   → Coluna 'tranfusoes_plasma_fresco_congelado_ambulatorial': 2 valores nulos preenchidos com 0
2025-10-30 20:29:10,093 - [INFO] - [hemoprod_pa.xlsx] -   → Coluna 'tranfusoes_plasma_fresco_congelado_hospitalar': 2 valores nulos preenchidos com 0
2025-10-30 20:29:10,093 - [INFO] - [hemoprod_pa.xlsx] -   → Coluna 'tranfusoes_plasma_fresco_congelado_total': 2 valores nulos preenchidos com 0
2025-10-30 20:29:10,093 - [INFO] - [hemoprod_pa.xlsx] -   → Coluna 'tranfusoes_plasma_comum_ambulatorial': 2 valores nulos preenchidos com 0
2025-10-30 20:29:10,093 - [INFO] - [hemoprod_pa.xlsx] -   → Coluna 'tranfusoes_plasma_comum_hospitalar': 2 valores nulos preenchidos com 0
2025-10-30 20:29:10,095 - [INFO] - [hemoprod_pa.xlsx] -   → Coluna 'tranfusoes_plasma_comum_total': 2 valores nulos preenchidos com 0
2025-10-30 20:29:10,095 - [INFO] - [hemoprod_pa.xlsx] -   → Coluna 'tranfusoes_concentrado_de_hemacias_ambulatorial': 2 valores nulos preenchidos com 0
2025-10-30 20:29:10,095 - [INFO] - [hemoprod_pa.xlsx] -   → Coluna 'tranfusoes_concentrado_de_hemacias_hospitalar': 2 valores nulos preenchidos com 0
2025-10-30 20:29:10,095 - [INFO] - [hemoprod_pa.xlsx] -   → Coluna 'tranfusoes_concentrado_de_hemacias_total': 2 valores nulos preenchidos com 0
2025-10-30 20:29:10,095 - [INFO] - [hemoprod_pa.xlsx] -   → Coluna 'tranfusoes_concentrado_de_hemacias_sem_buffy_coat_ambulatorial': 2 valores nulos preenchidos com 0
2025-10-30 20:29:10,095 - [INFO] - [hemoprod_pa.xlsx] -   → Coluna 'tranfusoes_concentrado_de_hemacias_sem_buffy_coat_hospitalar': 2 valores nulos preenchidos com 0
2025-10-30 20:29:10,095 - [INFO] - [hemoprod_pa.xlsx] -   → Coluna 'tranfusoes_concentrado_de_hemacias_sem_buffy_coat_total': 2 valores nulos preenchidos com 0
2025-10-30 20:29:10,096 - [INFO] - [hemoprod_pa.xlsx] -   → Coluna 'tranfusoes_concentrado_de_plaquetas_ambulatorial': 2 valores nulos preenchidos com 0
2025-10-30 20:29:10,096 - [INFO] - [hemoprod_pa.xlsx] -   → Coluna 'tranfusoes_concentrado_de_plaquetas_hospitalar': 2 valores nulos preenchidos com 0
2025-10-30 20:29:10,096 - [INFO] - [hemoprod_pa.xlsx] -   → Coluna 'tranfusoes_concentrado_de_plaquetas_total': 2 valores nulos preenchidos com 0
2025-10-30 20:29:10,096 - [INFO] - [hemoprod_pa.xlsx] -   → Coluna 'tranfusoes_concentrado_de_leucocitos_ambulatorial': 2 valores nulos preenchidos com 0
2025-10-30 20:29:10,096 - [INFO] - [hemoprod_pa.xlsx] -   → Coluna 'tranfusoes_concentrado_de_leucocitos_hospitalar': 2 valores nulos preenchidos com 0
2025-10-30 20:29:10,097 - [INFO] - [hemoprod_pa.xlsx] -   → Coluna 'tranfusoes_concentrado_de_leucocitos_total': 2 valores nulos preenchidos com 0
2025-10-30 20:29:10,097 - [INFO] - [hemoprod_pa.xlsx] -   → Coluna 'tranfusoes_crioprecipitado_ambulatorial': 2 valores nulos preenchidos com 0
2025-10-30 20:29:10,097 - [INFO] - [hemoprod_pa.xlsx] -   → Coluna 'tranfusoes_crioprecipitado_hospitalar': 2 valores nulos preenchidos com 0
2025-10-30 20:29:10,097 - [INFO] - [hemoprod_pa.xlsx] -   → Coluna 'tranfusoes_crioprecipitado_total': 2 valores nulos preenchidos com 0
2025-10-30 20:29:10,098 - [INFO] - [hemoprod_pa.xlsx] -   → Coluna 'tranfusoes_concentrado_de_plaquetas_sem_buffy_coat_ambulatorial': 2 valores nulos preenchidos com 0
2025-10-30 20:29:10,098 - [INFO] - [hemoprod_pa.xlsx] -   → Coluna 'tranfusoes_concentrado_de_plaquetas_sem_buffy_coat_hospitalar': 2 valores nulos preenchidos com 0
2025-10-30 20:29:10,098 - [INFO] - [hemoprod_pa.xlsx] -   → Coluna 'tranfusoes_concentrado_de_plaquetas_sem_buffy_coat_total': 2 valores nulos preenchidos com 0
2025-10-30 20:29:10,098 - [INFO] - [hemoprod_pa.xlsx] -   → Coluna 'distribuicao_para_outros_servicos_sangue_total_sem_exame_pre_transfusional': 2 valores nulos preenchidos com 0
2025-10-30 20:29:10,098 - [INFO] - [hemoprod_pa.xlsx] -   → Coluna 'distribuicao_para_outros_servicos_sangue_total_com_exame_pre_transfusional': 2 valores nulos preenchidos com 0
2025-10-30 20:29:10,099 - [INFO] - [hemoprod_pa.xlsx] -   → Coluna 'distribuicao_para_outros_servicos_sangue_total_total': 2 valores nulos preenchidos com 0
2025-10-30 20:29:10,099 - [INFO] - [hemoprod_pa.xlsx] -   → Coluna 'distribuicao_para_outros_servicos_plasma_fresco_congelado_sem_exame_pre_transfusional': 2 valores nulos preenchidos com 0
2025-10-30 20:29:10,099 - [INFO] - [hemoprod_pa.xlsx] -   → Coluna 'distribuicao_para_outros_servicos_plasma_fresco_congelado_com_exame_pre_transfusional': 2 valores nulos preenchidos com 0
2025-10-30 20:29:10,099 - [INFO] - [hemoprod_pa.xlsx] -   → Coluna 'distribuicao_para_outros_servicos_plasma_fresco_congelado_total': 2 valores nulos preenchidos com 0
2025-10-30 20:29:10,100 - [INFO] - [hemoprod_pa.xlsx] -   → Coluna 'distribuicao_para_outros_servicos_plasma_comum_sem_exame_pre_transfusional': 2 valores nulos preenchidos com 0
2025-10-30 20:29:10,100 - [INFO] - [hemoprod_pa.xlsx] -   → Coluna 'distribuicao_para_outros_servicos_plasma_comum_com_exame_pre_transfusional': 2 valores nulos preenchidos com 0
2025-10-30 20:29:10,100 - [INFO] - [hemoprod_pa.xlsx] -   → Coluna 'distribuicao_para_outros_servicos_plasma_comum_total': 2 valores nulos preenchidos com 0
2025-10-30 20:29:10,100 - [INFO] - [hemoprod_pa.xlsx] -   → Coluna 'distribuicao_para_outros_servicos_concentrado_de_hemacias_sem_exame_pre_transfusional': 2 valores nulos preenchidos com 0
2025-10-30 20:29:10,100 - [INFO] - [hemoprod_pa.xlsx] -   → Coluna 'distribuicao_para_outros_servicos_concentrado_de_hemacias_com_exame_pre_transfusional': 2 valores nulos preenchidos com 0
2025-10-30 20:29:10,101 - [INFO] - [hemoprod_pa.xlsx] -   → Coluna 'distribuicao_para_outros_servicos_concentrado_de_hemacias_total': 2 valores nulos preenchidos com 0
2025-10-30 20:29:10,101 - [INFO] - [hemoprod_pa.xlsx] -   → Coluna 'distribuicao_para_outros_servicos_concentrado_de_hemacias_sem_buffy_coat_sem_exame_pre_transfusi': 2 valores nulos preenchidos com 0
2025-10-30 20:29:10,101 - [INFO] - [hemoprod_pa.xlsx] -   → Coluna 'distribuicao_para_outros_servicos_concentrado_de_hemacias_sem_buffy_coat_com_exame_pre_transfusi': 2 valores nulos preenchidos com 0
2025-10-30 20:29:10,101 - [INFO] - [hemoprod_pa.xlsx] -   → Coluna 'distribuicao_para_outros_servicos_concentrado_de_hemacias_sem_buffy_coat_total': 2 valores nulos preenchidos com 0
2025-10-30 20:29:10,101 - [INFO] - [hemoprod_pa.xlsx] -   → Coluna 'distribuicao_para_outros_servicos_concentrado_de_plaquetas_sem_exame_pre_transfusional': 2 valores nulos preenchidos com 0
2025-10-30 20:29:10,102 - [INFO] - [hemoprod_pa.xlsx] -   → Coluna 'distribuicao_para_outros_servicos_concentrado_de_plaquetas_com_exame_pre_transfusional': 2 valores nulos preenchidos com 0
2025-10-30 20:29:10,102 - [INFO] - [hemoprod_pa.xlsx] -   → Coluna 'distribuicao_para_outros_servicos_concentrado_de_plaquetas_total': 2 valores nulos preenchidos com 0
2025-10-30 20:29:10,103 - [INFO] - [hemoprod_pa.xlsx] -   → Coluna 'distribuicao_para_outros_servicos_concentrado_de_leucocitos_sem_exame_pre_transfusional': 2 valores nulos preenchidos com 0
2025-10-30 20:29:10,103 - [INFO] - [hemoprod_pa.xlsx] -   → Coluna 'distribuicao_para_outros_servicos_concentrado_de_leucocitos_com_exame_pre_transfusional': 2 valores nulos preenchidos com 0
2025-10-30 20:29:10,103 - [INFO] - [hemoprod_pa.xlsx] -   → Coluna 'distribuicao_para_outros_servicos_concentrado_de_leucocitos_total': 2 valores nulos preenchidos com 0
2025-10-30 20:29:10,103 - [INFO] - [hemoprod_pa.xlsx] -   → Coluna 'distribuicao_para_outros_servicos_crioprecipitado_sem_exame_pre_transfusional': 2 valores nulos preenchidos com 0
2025-10-30 20:29:10,105 - [INFO] - [hemoprod_pa.xlsx] -   → Coluna 'distribuicao_para_outros_servicos_crioprecipitado_com_exame_pre_transfusional': 2 valores nulos preenchidos com 0
2025-10-30 20:29:10,105 - [INFO] - [hemoprod_pa.xlsx] -   → Coluna 'distribuicao_para_outros_servicos_crioprecipitado_total': 2 valores nulos preenchidos com 0
2025-10-30 20:29:10,105 - [INFO] - [hemoprod_pa.xlsx] -   → Coluna 'distribuicao_para_outros_servicos_concentrado_de_plaquetas_sem_buffy_coat_sem_exame_pre_transfusional': 2 valores nulos preenchidos com 0
2025-10-30 20:29:10,106 - [INFO] - [hemoprod_pa.xlsx] -   → Coluna 'distribuicao_para_outros_servicos_concentrado_de_plaquetas_sem_buffy_coat_com_exame_pre_transfusional': 2 valores nulos preenchidos com 0
2025-10-30 20:29:10,106 - [INFO] - [hemoprod_pa.xlsx] -   → Coluna 'distribuicao_para_outros_servicos_concentrado_de_plaquetas_sem_buffy_coat_total': 2 valores nulos preenchidos com 0
2025-10-30 20:29:10,107 - [INFO] - [hemoprod_pa.xlsx] -   → Coluna 'procedimentos_de_modificacao_dos_hemocomponentes_lavagem': 2 valores nulos preenchidos com 0
2025-10-30 20:29:10,108 - [INFO] - [hemoprod_pa.xlsx] -   → Coluna 'procedimentos_de_modificacao_dos_hemocomponentes_irradiacao': 2 valores nulos preenchidos com 0
2025-10-30 20:29:10,108 - [INFO] - [hemoprod_pa.xlsx] -   → Coluna 'procedimentos_de_modificacao_dos_hemocomponentes_filtracao_em_concentrado_de_plaquetas': 2 valores nulos preenchidos com 0
2025-10-30 20:29:10,109 - [INFO] - [hemoprod_pa.xlsx] -   → Coluna 'procedimentos_de_modificacao_dos_hemocomponentes_filtracao_em_concentrado_de_hemacias': 2 valores nulos preenchidos com 0
2025-10-30 20:29:10,109 - [INFO] - [hemoprod_pa.xlsx] -   → Coluna 'procedimentos_de_modificacao_dos_hemocomponentes_fracionamento_pediatrico': 2 valores nulos preenchidos com 0
2025-10-30 20:29:10,109 - [INFO] - [hemoprod_pa.xlsx] -   → Coluna 'reacoes_transfusionais_reacao_febril_nao_hemolitica': 2 valores nulos preenchidos com 0
2025-10-30 20:29:10,110 - [INFO] - [hemoprod_pa.xlsx] -   → Coluna 'reacoes_transfusionais_reacao_hemolitica': 2 valores nulos preenchidos com 0
2025-10-30 20:29:10,110 - [INFO] - [hemoprod_pa.xlsx] -   → Coluna 'reacoes_transfusionais_reacao_alergica': 2 valores nulos preenchidos com 0
2025-10-30 20:29:10,110 - [INFO] - [hemoprod_pa.xlsx] -   → Coluna 'reacoes_transfusionais_choque_bacteriano': 2 valores nulos preenchidos com 0
2025-10-30 20:29:10,110 - [INFO] - [hemoprod_pa.xlsx] -   → Coluna 'reacoes_transfusionais_alteracoes_metabolicas': 2 valores nulos preenchidos com 0
2025-10-30 20:29:10,111 - [INFO] - [hemoprod_pa.xlsx] -   → Coluna 'reacoes_transfusionais_sobrecarga_volemica': 2 valores nulos preenchidos com 0
2025-10-30 20:29:10,111 - [INFO] - [hemoprod_pa.xlsx] -   → Coluna 'reacoes_transfusionais_outras_reacoes': 2 valores nulos preenchidos com 0
2025-10-30 20:29:10,112 - [INFO] - [hemoprod_pa.xlsx] -   → Coluna 'envio_plasma_producao_hemoderivados_plasma_fresco_congelado': 829 valores nulos preenchidos com 0
2025-10-30 20:29:10,112 - [INFO] - [hemoprod_pa.xlsx] -   → Coluna 'envio_plasma_producao_hemoderivados_plasma_comum': 829 valores nulos preenchidos com 0
2025-10-30 20:29:10,112 - [INFO] - [hemoprod_pa.xlsx] - ✓ 235 colunas Int64 preenchidas com 0
2025-10-30 20:29:10,112 - [INFO] - [hemoprod_pa.xlsx] - Iniciando deduplicação...
2025-10-30 20:29:10,113 - [INFO] - [hemoprod_pa.xlsx] - Convertendo 'data_envio' para datetime...
2025-10-30 20:29:10,130 - [INFO] - [hemoprod_pa.xlsx] - ✓ Deduplicação concluída - Removidas 63 linhas duplicadas
2025-10-30 20:29:10,131 - [INFO] - [hemoprod_pa.xlsx] - ✓ Linhas Finais: 1065
2025-10-30 20:29:10,131 - [INFO] - [hemoprod_pa.xlsx] - Salvando arquivo processado...
2025-10-30 20:29:11,935 - [INFO] - [hemoprod_pa.xlsx] - ============================================================
2025-10-30 20:29:11,935 - [INFO] - [hemoprod_pa.xlsx] - ✅ PROCESSAMENTO CONCLUÍDO COM SUCESSO
2025-10-30 20:29:11,935 - [INFO] - [hemoprod_pa.xlsx] - ✅ Arquivo salvo em: D:\Documentos\STTP\hemoce\src\dados_processados\hemoprod_pa.xlsx
2025-10-30 20:29:11,935 - [INFO] - [hemoprod_pa.xlsx] - ============================================================
2025-10-30 20:29:11,935 - [INFO] - [hemoprod_pa.xlsx] - 
