2025-10-30 20:29:36,126 - [INFO] - [hemoprod_to.xlsx] - ============================================================
2025-10-30 20:29:36,126 - [INFO] - [hemoprod_to.xlsx] - INICIANDO PROCESSAMENTO: TO
2025-10-30 20:29:36,126 - [INFO] - [hemoprod_to.xlsx] - ============================================================
2025-10-30 20:29:36,126 - [INFO] - [hemoprod_to.xlsx] - Carregando arquivo: Hemoprod_TO.xlsx
2025-10-30 20:29:36,127 - [INFO] - [hemoprod_to.xlsx] - Planilha: HEMOPROD - TOCANTINS
2025-10-30 20:29:36,375 - [INFO] - [hemoprod_to.xlsx] - ✓ Colunas Originais: 270
2025-10-30 20:29:36,376 - [INFO] - [hemoprod_to.xlsx] - ✓ Linhas Originais: 195
2025-10-30 20:29:36,376 - [INFO] - [hemoprod_to.xlsx] - Iniciando limpeza e renomeação de colunas...
2025-10-30 20:29:36,376 - [INFO] - [hemoprod_to.xlsx] - ✓ Colunas limpas e renomeadas
2025-10-30 20:29:36,376 - [INFO] - [hemoprod_to.xlsx] - Normalizando período e ano de referência...
2025-10-30 20:29:36,377 - [INFO] - [hemoprod_to.xlsx] - ✓ Nenhum registro necessitou normalização de período/ano
2025-10-30 20:29:36,377 - [INFO] - [hemoprod_to.xlsx] - ✓ Período/Ano normalizado
2025-10-30 20:29:36,377 - [INFO] - [hemoprod_to.xlsx] - Normalizando município e estado...
2025-10-30 20:29:36,377 - [INFO] - [hemoprod_to.xlsx] - Coluna 'estado' não existe. Criando...
2025-10-30 20:29:36,384 - [INFO] - [hemoprod_to.xlsx] - ✓ Normalizados 195 registros com estado no município
2025-10-30 20:29:36,384 - [INFO] - [hemoprod_to.xlsx] - ✓ Município/Estado normalizado
2025-10-30 20:29:36,384 - [INFO] - [hemoprod_to.xlsx] - Aplicando tipos de dados...
2025-10-30 20:29:36,432 - [INFO] - [hemoprod_to.xlsx] - ✓ Tipos aplicados
2025-10-30 20:29:36,432 - [INFO] - [hemoprod_to.xlsx] - ✓ Colunas Faltantes: 1
2025-10-30 20:29:36,432 - [INFO] - [hemoprod_to.xlsx] -   → ['estado']
2025-10-30 20:29:36,432 - [INFO] - [hemoprod_to.xlsx] - ✓ Colunas A Mais: 1
2025-10-30 20:29:36,432 - [INFO] - [hemoprod_to.xlsx] -   → ['URL de referência']
2025-10-30 20:29:36,432 - [INFO] - [hemoprod_to.xlsx] - Padronizando schema...
2025-10-30 20:29:36,435 - [INFO] - [hemoprod_to.xlsx] - Coluna 'estado' já existe, mantendo valores atuais
2025-10-30 20:29:36,436 - [INFO] - [hemoprod_to.xlsx] - ✓ Schema padronizado - Colunas Finais: 270
2025-10-30 20:29:36,436 - [INFO] - [hemoprod_to.xlsx] - Preenchendo valores nulos em colunas Int64 com 0...
2025-10-30 20:29:36,437 - [INFO] - [hemoprod_to.xlsx] -   → Coluna 'semente': 4 valores nulos preenchidos com 0
2025-10-30 20:29:36,437 - [INFO] - [hemoprod_to.xlsx] -   → Coluna 'identificacao_dado': 195 valores nulos preenchidos com 0
2025-10-30 20:29:36,437 - [INFO] - [hemoprod_to.xlsx] -   → Coluna 'identificacao_estabelecimento': 195 valores nulos preenchidos com 0
2025-10-30 20:29:36,437 - [INFO] - [hemoprod_to.xlsx] -   → Coluna 'cnes': 195 valores nulos preenchidos com 0
2025-10-30 20:29:36,438 - [INFO] - [hemoprod_to.xlsx] -   → Coluna 'endereco': 195 valores nulos preenchidos com 0
2025-10-30 20:29:36,440 - [INFO] - [hemoprod_to.xlsx] -   → Coluna 'exames_triagem_doenca_doenca_chagas_amostras_testadas': 32 valores nulos preenchidos com 0
2025-10-30 20:29:36,440 - [INFO] - [hemoprod_to.xlsx] -   → Coluna 'exames_triagem_doenca_doenca_chagas_amostras_reagentes': 32 valores nulos preenchidos com 0
2025-10-30 20:29:36,440 - [INFO] - [hemoprod_to.xlsx] -   → Coluna 'exames_triagem_doenca_hiv_amostras_testadas': 32 valores nulos preenchidos com 0
2025-10-30 20:29:36,440 - [INFO] - [hemoprod_to.xlsx] -   → Coluna 'exames_triagem_doenca_hiv_amostras_reagentes': 32 valores nulos preenchidos com 0
2025-10-30 20:29:36,440 - [INFO] - [hemoprod_to.xlsx] -   → Coluna 'exames_triagem_doenca_sifilis_amostras_testadas': 32 valores nulos preenchidos com 0
2025-10-30 20:29:36,440 - [INFO] - [hemoprod_to.xlsx] -   → Coluna '`exames_triagem_doenca_sifilis_amostras_reagentes': 32 valores nulos preenchidos com 0
2025-10-30 20:29:36,440 - [INFO] - [hemoprod_to.xlsx] -   → Coluna 'exames_triagem_doenca_hepatite_b_hbs_ag_amostras_testadas': 32 valores nulos preenchidos com 0
2025-10-30 20:29:36,441 - [INFO] - [hemoprod_to.xlsx] -   → Coluna 'exames_triagem_doenca_hepatite_b_hbs_ag_amostras_reagentes': 32 valores nulos preenchidos com 0
2025-10-30 20:29:36,441 - [INFO] - [hemoprod_to.xlsx] -   → Coluna 'exames_triagem_doenca_hepatite_b_anti_hbc_amostras_testadas': 32 valores nulos preenchidos com 0
2025-10-30 20:29:36,441 - [INFO] - [hemoprod_to.xlsx] -   → Coluna 'exames_triagem_doenca_hepatite_b_anti_hbc_amostras_reagentes': 32 valores nulos preenchidos com 0
2025-10-30 20:29:36,441 - [INFO] - [hemoprod_to.xlsx] -   → Coluna 'exames_triagem_doenca_hepatite_c_amostras_testadas': 32 valores nulos preenchidos com 0
2025-10-30 20:29:36,441 - [INFO] - [hemoprod_to.xlsx] -   → Coluna 'exames_triagem_doenca_hepatite_c_amostras_reagentes': 32 valores nulos preenchidos com 0
2025-10-30 20:29:36,442 - [INFO] - [hemoprod_to.xlsx] -   → Coluna 'exames_triagem_doenca_htlv_i_ii_amostras_testadas': 32 valores nulos preenchidos com 0
2025-10-30 20:29:36,442 - [INFO] - [hemoprod_to.xlsx] -   → Coluna 'exames_triagem_doenca_htlv_i_ii_amostras_reagentes': 32 valores nulos preenchidos com 0
2025-10-30 20:29:36,442 - [INFO] - [hemoprod_to.xlsx] -   → Coluna 'exames_triagem_doenca_malaria_amostras_testadas': 32 valores nulos preenchidos com 0
2025-10-30 20:29:36,442 - [INFO] - [hemoprod_to.xlsx] -   → Coluna 'exames_triagem_doenca_malaria_amostras_reagentes': 32 valores nulos preenchidos com 0
2025-10-30 20:29:36,442 - [INFO] - [hemoprod_to.xlsx] -   → Coluna 'exames_triagem_doenca_hbv_teste_nat_amostras_testadas': 32 valores nulos preenchidos com 0
2025-10-30 20:29:36,443 - [INFO] - [hemoprod_to.xlsx] -   → Coluna 'exames_triagem_doenca_hbv_teste_nat_amostras_reagentes': 32 valores nulos preenchidos com 0
2025-10-30 20:29:36,443 - [INFO] - [hemoprod_to.xlsx] -   → Coluna 'exames_triagem_doenca_hcv_teste_nat_amostras_testadas': 32 valores nulos preenchidos com 0
2025-10-30 20:29:36,443 - [INFO] - [hemoprod_to.xlsx] -   → Coluna 'exames_triagem_doenca_hcv_teste_nat_amostras_reagentes': 32 valores nulos preenchidos com 0
2025-10-30 20:29:36,443 - [INFO] - [hemoprod_to.xlsx] -   → Coluna 'exames_triagem_doenca_hiv_teste_nat_amostras_testadas': 32 valores nulos preenchidos com 0
2025-10-30 20:29:36,443 - [INFO] - [hemoprod_to.xlsx] -   → Coluna 'exames_triagem_doenca_hiv_teste_nat_amostras_reagentes': 32 valores nulos preenchidos com 0
2025-10-30 20:29:36,443 - [INFO] - [hemoprod_to.xlsx] -   → Coluna 'imunohematologia_a_positivo_doador': 32 valores nulos preenchidos com 0
2025-10-30 20:29:36,443 - [INFO] - [hemoprod_to.xlsx] -   → Coluna 'imunohematologia_a_positivo_receptor': 32 valores nulos preenchidos com 0
2025-10-30 20:29:36,443 - [INFO] - [hemoprod_to.xlsx] -   → Coluna 'imunohematologia_b_positivo_doador': 32 valores nulos preenchidos com 0
2025-10-30 20:29:36,443 - [INFO] - [hemoprod_to.xlsx] -   → Coluna 'imunohematologia_b_positivo_receptor': 32 valores nulos preenchidos com 0
2025-10-30 20:29:36,445 - [INFO] - [hemoprod_to.xlsx] -   → Coluna 'imunohematologia_ab_positivo_doador': 32 valores nulos preenchidos com 0
2025-10-30 20:29:36,445 - [INFO] - [hemoprod_to.xlsx] -   → Coluna 'imunohematologia_ab_positivo_receptor': 32 valores nulos preenchidos com 0
2025-10-30 20:29:36,445 - [INFO] - [hemoprod_to.xlsx] -   → Coluna 'imunohematologia_o_positivo_doador': 32 valores nulos preenchidos com 0
2025-10-30 20:29:36,445 - [INFO] - [hemoprod_to.xlsx] -   → Coluna 'imunohematologia_o_positivo_receptor': 32 valores nulos preenchidos com 0
2025-10-30 20:29:36,446 - [INFO] - [hemoprod_to.xlsx] -   → Coluna 'imunohematologia_a_negativo_doador': 32 valores nulos preenchidos com 0
2025-10-30 20:29:36,446 - [INFO] - [hemoprod_to.xlsx] -   → Coluna 'imunohematologia_a_negativo_receptor': 32 valores nulos preenchidos com 0
2025-10-30 20:29:36,446 - [INFO] - [hemoprod_to.xlsx] -   → Coluna 'imunohematologia_b_negativo_doador': 32 valores nulos preenchidos com 0
2025-10-30 20:29:36,447 - [INFO] - [hemoprod_to.xlsx] -   → Coluna 'imunohematologia_b_negativo_receptor': 32 valores nulos preenchidos com 0
2025-10-30 20:29:36,447 - [INFO] - [hemoprod_to.xlsx] -   → Coluna 'imunohematologia_ab_negativo_doador': 32 valores nulos preenchidos com 0
2025-10-30 20:29:36,447 - [INFO] - [hemoprod_to.xlsx] -   → Coluna 'imunohematologia_ab_negativo_receptor': 32 valores nulos preenchidos com 0
2025-10-30 20:29:36,447 - [INFO] - [hemoprod_to.xlsx] -   → Coluna 'imunohematologia_o_negativo_doador': 32 valores nulos preenchidos com 0
2025-10-30 20:29:36,447 - [INFO] - [hemoprod_to.xlsx] -   → Coluna 'imunohematologia_o_negativo_receptor': 32 valores nulos preenchidos com 0
2025-10-30 20:29:36,448 - [INFO] - [hemoprod_to.xlsx] -   → Coluna 'imunohematologia_dfraco_doador': 32 valores nulos preenchidos com 0
2025-10-30 20:29:36,448 - [INFO] - [hemoprod_to.xlsx] -   → Coluna 'imunohematologia_dfraco_receptor': 32 valores nulos preenchidos com 0
2025-10-30 20:29:36,448 - [INFO] - [hemoprod_to.xlsx] -   → Coluna 'imunohematologia_pesquisa_anticorpo_irregular_positivo_doador': 32 valores nulos preenchidos com 0
2025-10-30 20:29:36,448 - [INFO] - [hemoprod_to.xlsx] -   → Coluna 'imunohematologia_pesquisa_anticorpo_irregular_positivo_receptor': 32 valores nulos preenchidos com 0
2025-10-30 20:29:36,448 - [INFO] - [hemoprod_to.xlsx] -   → Coluna 'imunohematologia_fenotipagem_doador': 32 valores nulos preenchidos com 0
2025-10-30 20:29:36,449 - [INFO] - [hemoprod_to.xlsx] -   → Coluna 'imunohematologia_fenotipagem_receptor': 32 valores nulos preenchidos com 0
2025-10-30 20:29:36,449 - [INFO] - [hemoprod_to.xlsx] -   → Coluna 'imunohematologia_combs_direto_doador': 32 valores nulos preenchidos com 0
2025-10-30 20:29:36,449 - [INFO] - [hemoprod_to.xlsx] -   → Coluna 'imunohematologia_combs_direto_receptor': 32 valores nulos preenchidos com 0
2025-10-30 20:29:36,449 - [INFO] - [hemoprod_to.xlsx] -   → Coluna 'outros_tipos_pesquisa_pesquisa_hbs_doador': 32 valores nulos preenchidos com 0
2025-10-30 20:29:36,449 - [INFO] - [hemoprod_to.xlsx] -   → Coluna 'inaptidao_triagem_laboratorial_total_bolsas_testadas': 32 valores nulos preenchidos com 0
2025-10-30 20:29:36,449 - [INFO] - [hemoprod_to.xlsx] -   → Coluna 'inaptidao_triagem_laboratorial_total_bolsas_reagentes_1_ou_mais_marcadores': 32 valores nulos preenchidos com 0
2025-10-30 20:29:36,450 - [INFO] - [hemoprod_to.xlsx] -   → Coluna 'descarte_bolsas_total_bolsas_descartadas_auto_exclusao': 32 valores nulos preenchidos com 0
2025-10-30 20:29:36,450 - [INFO] - [hemoprod_to.xlsx] -   → Coluna 'producao_hemoterapica_entradas_sangue_total_produzidas': 32 valores nulos preenchidos com 0
2025-10-30 20:29:36,450 - [INFO] - [hemoprod_to.xlsx] -   → Coluna 'producao_hemoterapica_entradas_sangue_total_recebidas': 32 valores nulos preenchidos com 0
2025-10-30 20:29:36,450 - [INFO] - [hemoprod_to.xlsx] -   → Coluna 'producao_hemoterapica_entradas_sangue_total_devolvidas': 32 valores nulos preenchidos com 0
2025-10-30 20:29:36,450 - [INFO] - [hemoprod_to.xlsx] -   → Coluna 'producao_hemoterapica_entradas_plasma_fresco_congelado_produzidas': 32 valores nulos preenchidos com 0
2025-10-30 20:29:36,450 - [INFO] - [hemoprod_to.xlsx] -   → Coluna 'producao_hemoterapica_entradas_plasma_fresco_congelado_recebidas': 32 valores nulos preenchidos com 0
2025-10-30 20:29:36,450 - [INFO] - [hemoprod_to.xlsx] -   → Coluna 'producao_hemoterapica_entradas_plasma_fresco_congelado_devolvidas': 32 valores nulos preenchidos com 0
2025-10-30 20:29:36,451 - [INFO] - [hemoprod_to.xlsx] -   → Coluna 'producao_hemoterapica_entradas_plasma_comum_produzidas': 32 valores nulos preenchidos com 0
2025-10-30 20:29:36,451 - [INFO] - [hemoprod_to.xlsx] -   → Coluna 'producao_hemoterapica_entradas_plasma_comum_recebidas': 32 valores nulos preenchidos com 0
2025-10-30 20:29:36,451 - [INFO] - [hemoprod_to.xlsx] -   → Coluna 'producao_hemoterapica_entradas_plasma_comum_devolvidas': 32 valores nulos preenchidos com 0
2025-10-30 20:29:36,451 - [INFO] - [hemoprod_to.xlsx] -   → Coluna 'producao_hemoterapica_entradas_concentrado_hemacias_produzidas': 32 valores nulos preenchidos com 0
2025-10-30 20:29:36,451 - [INFO] - [hemoprod_to.xlsx] -   → Coluna 'producao_hemoterapica_entradas_concentrado_hemacias_recebidas': 32 valores nulos preenchidos com 0
2025-10-30 20:29:36,452 - [INFO] - [hemoprod_to.xlsx] -   → Coluna 'producao_hemoterapica_entradas_concentrado_hemacias_devolvidas': 32 valores nulos preenchidos com 0
2025-10-30 20:29:36,452 - [INFO] - [hemoprod_to.xlsx] -   → Coluna 'producao_hemoterapica_entradas_concentrado_hemacias_sem_buffy_coat_produzidas': 32 valores nulos preenchidos com 0
2025-10-30 20:29:36,452 - [INFO] - [hemoprod_to.xlsx] -   → Coluna 'producao_hemoterapica_entradas_concentrado_hemacias_sem_buffy_coat_recebidas': 32 valores nulos preenchidos com 0
2025-10-30 20:29:36,453 - [INFO] - [hemoprod_to.xlsx] -   → Coluna 'producao_hemoterapica_entradas_concentrado_hemacias_sem_buffy_coat_devolvidas': 32 valores nulos preenchidos com 0
2025-10-30 20:29:36,453 - [INFO] - [hemoprod_to.xlsx] -   → Coluna 'producao_hemoterapica_entradas_concentrado_plaquetas_produzidas': 32 valores nulos preenchidos com 0
2025-10-30 20:29:36,453 - [INFO] - [hemoprod_to.xlsx] -   → Coluna 'producao_hemoterapica_entradas_concentrado_plaquetas_recebidas': 32 valores nulos preenchidos com 0
2025-10-30 20:29:36,453 - [INFO] - [hemoprod_to.xlsx] -   → Coluna 'producao_hemoterapica_entradas_concentrado_plaquetas_devolvidas': 32 valores nulos preenchidos com 0
2025-10-30 20:29:36,454 - [INFO] - [hemoprod_to.xlsx] -   → Coluna 'producao_hemoterapica_entradas_concentrado_plaquetas_aferese_produzidas': 32 valores nulos preenchidos com 0
2025-10-30 20:29:36,454 - [INFO] - [hemoprod_to.xlsx] -   → Coluna 'producao_hemoterapica_entradas_concentrado_plaquetas_aferese_recebidas': 32 valores nulos preenchidos com 0
2025-10-30 20:29:36,454 - [INFO] - [hemoprod_to.xlsx] -   → Coluna 'producao_hemoterapica_entradas_concentrado_plaquetas_aferese_devolvidas': 32 valores nulos preenchidos com 0
2025-10-30 20:29:36,454 - [INFO] - [hemoprod_to.xlsx] -   → Coluna 'producao_hemoterapica_entradas_concentrado_leucocitos_produzidas': 32 valores nulos preenchidos com 0
2025-10-30 20:29:36,454 - [INFO] - [hemoprod_to.xlsx] -   → Coluna 'producao_hemoterapica_entradas_concentrado_leucocitos_recebidas': 32 valores nulos preenchidos com 0
2025-10-30 20:29:36,454 - [INFO] - [hemoprod_to.xlsx] -   → Coluna 'producao_hemoterapica_entradas_concentrado_leucocitos_devolvidas': 32 valores nulos preenchidos com 0
2025-10-30 20:29:36,455 - [INFO] - [hemoprod_to.xlsx] -   → Coluna 'producao_hemoterapica_entradas_crioprecipitado_produzidas': 32 valores nulos preenchidos com 0
2025-10-30 20:29:36,455 - [INFO] - [hemoprod_to.xlsx] -   → Coluna 'producao_hemoterapica_entradas_crioprecipitado_recebidas': 32 valores nulos preenchidos com 0
2025-10-30 20:29:36,455 - [INFO] - [hemoprod_to.xlsx] -   → Coluna 'producao_hemoterapica_entradas_crioprecipitado_devolvidas': 32 valores nulos preenchidos com 0
2025-10-30 20:29:36,455 - [INFO] - [hemoprod_to.xlsx] -   → Coluna 'producao_hemoterapica_entradas_concentrado_de_plaquetas_sem_buffy_coat_produzidas': 32 valores nulos preenchidos com 0
2025-10-30 20:29:36,455 - [INFO] - [hemoprod_to.xlsx] -   → Coluna 'producao_hemoterapica_entradas_concentrado_de_plaquetas_sem_buffy_coat_recebidas': 32 valores nulos preenchidos com 0
2025-10-30 20:29:36,455 - [INFO] - [hemoprod_to.xlsx] -   → Coluna 'producao_hemoterapica_entradas_concentrado_de_plaquetas_sem_buffy_coat_devolvidas': 32 valores nulos preenchidos com 0
2025-10-30 20:29:36,455 - [INFO] - [hemoprod_to.xlsx] -   → Coluna 'perdas_sangue_total_rompimento_de_bolsa': 32 valores nulos preenchidos com 0
2025-10-30 20:29:36,456 - [INFO] - [hemoprod_to.xlsx] -   → Coluna 'perdas_sangue_total_validade': 32 valores nulos preenchidos com 0
2025-10-30 20:29:36,456 - [INFO] - [hemoprod_to.xlsx] -   → Coluna 'perdas_sangue_total_outros_motivos': 32 valores nulos preenchidos com 0
2025-10-30 20:29:36,456 - [INFO] - [hemoprod_to.xlsx] -   → Coluna 'perdas_plasma_fresco_congelado_rompimento_de_bolsa': 32 valores nulos preenchidos com 0
2025-10-30 20:29:36,456 - [INFO] - [hemoprod_to.xlsx] -   → Coluna 'perdas_plasma_fresco_congelado_validade': 32 valores nulos preenchidos com 0
2025-10-30 20:29:36,456 - [INFO] - [hemoprod_to.xlsx] -   → Coluna 'perdas_plasma_fresco_congelado_outros_motivos': 32 valores nulos preenchidos com 0
2025-10-30 20:29:36,456 - [INFO] - [hemoprod_to.xlsx] -   → Coluna 'perdas_plasma_comum_rompimento_de_bolsa': 32 valores nulos preenchidos com 0
2025-10-30 20:29:36,457 - [INFO] - [hemoprod_to.xlsx] -   → Coluna 'perdas_plasma_comum_validade': 32 valores nulos preenchidos com 0
2025-10-30 20:29:36,457 - [INFO] - [hemoprod_to.xlsx] -   → Coluna 'perdas_plasma_comum_outros_motivos': 32 valores nulos preenchidos com 0
2025-10-30 20:29:36,457 - [INFO] - [hemoprod_to.xlsx] -   → Coluna 'perdas_concentrado_de_hemacias_rompimento_de_bolsa': 32 valores nulos preenchidos com 0
2025-10-30 20:29:36,457 - [INFO] - [hemoprod_to.xlsx] -   → Coluna 'perdas_concentrado_de_hemacias_validade': 32 valores nulos preenchidos com 0
2025-10-30 20:29:36,457 - [INFO] - [hemoprod_to.xlsx] -   → Coluna 'perdas_concentrado_de_hemacias_outros_motivos': 32 valores nulos preenchidos com 0
2025-10-30 20:29:36,458 - [INFO] - [hemoprod_to.xlsx] -   → Coluna 'perdas_concentrado_de_hemacias_sem_buffy_coat_rompimento_de_bolsa': 32 valores nulos preenchidos com 0
2025-10-30 20:29:36,458 - [INFO] - [hemoprod_to.xlsx] -   → Coluna 'perdas_concentrado_de_hemacias_sem_buffy_coat_validade': 32 valores nulos preenchidos com 0
2025-10-30 20:29:36,458 - [INFO] - [hemoprod_to.xlsx] -   → Coluna 'perdas_concentrado_de_hemacias_sem_buffy_coat_outros_motivos': 32 valores nulos preenchidos com 0
2025-10-30 20:29:36,458 - [INFO] - [hemoprod_to.xlsx] -   → Coluna 'perdas_concentrado_de_plaquetas_rompimento_de_bolsa': 32 valores nulos preenchidos com 0
2025-10-30 20:29:36,458 - [INFO] - [hemoprod_to.xlsx] -   → Coluna 'perdas_concentrado_de_plaquetas_validade': 32 valores nulos preenchidos com 0
2025-10-30 20:29:36,458 - [INFO] - [hemoprod_to.xlsx] -   → Coluna 'perdas_concentrado_de_plaquetas_outros_motivos': 32 valores nulos preenchidos com 0
2025-10-30 20:29:36,459 - [INFO] - [hemoprod_to.xlsx] -   → Coluna 'perdas_concentrado_de_plaquetas_de_aferese_rompimento_de_bolsa': 32 valores nulos preenchidos com 0
2025-10-30 20:29:36,459 - [INFO] - [hemoprod_to.xlsx] -   → Coluna 'perdas_concentrado_de_plaquetas_de_aferese_validade': 32 valores nulos preenchidos com 0
2025-10-30 20:29:36,459 - [INFO] - [hemoprod_to.xlsx] -   → Coluna 'perdas_concentrado_de_plaquetas_de_aferese_outros_motivos': 32 valores nulos preenchidos com 0
2025-10-30 20:29:36,459 - [INFO] - [hemoprod_to.xlsx] -   → Coluna 'perdas_concentrado_de_leucocitos_rompimento_de_bolsa': 32 valores nulos preenchidos com 0
2025-10-30 20:29:36,459 - [INFO] - [hemoprod_to.xlsx] -   → Coluna 'perdas_concentrado_de_leucocitos_validade': 32 valores nulos preenchidos com 0
2025-10-30 20:29:36,460 - [INFO] - [hemoprod_to.xlsx] -   → Coluna 'perdas_concentrado_de_leucocitos_outros_motivos': 32 valores nulos preenchidos com 0
2025-10-30 20:29:36,460 - [INFO] - [hemoprod_to.xlsx] -   → Coluna 'perdas_crioprecipitado_rompimento_de_bolsa': 32 valores nulos preenchidos com 0
2025-10-30 20:29:36,460 - [INFO] - [hemoprod_to.xlsx] -   → Coluna 'perdas_crioprecipitado_validade': 32 valores nulos preenchidos com 0
2025-10-30 20:29:36,460 - [INFO] - [hemoprod_to.xlsx] -   → Coluna 'perdas_crioprecipitado_outros_motivos': 32 valores nulos preenchidos com 0
2025-10-30 20:29:36,460 - [INFO] - [hemoprod_to.xlsx] -   → Coluna 'perdas_concentrado_de_plaquetas_sem_buffy_coat_rompimento_de_bolsa': 32 valores nulos preenchidos com 0
2025-10-30 20:29:36,460 - [INFO] - [hemoprod_to.xlsx] -   → Coluna 'perdas_concentrado_de_plaquetas_sem_buffy_coat_validade': 32 valores nulos preenchidos com 0
2025-10-30 20:29:36,460 - [INFO] - [hemoprod_to.xlsx] -   → Coluna 'perdas_concentrado_de_plaquetas_sem_buffy_coat_outros_motivos': 32 valores nulos preenchidos com 0
2025-10-30 20:29:36,461 - [INFO] - [hemoprod_to.xlsx] -   → Coluna 'tranfusoes_sangue_total_ambulatorial': 32 valores nulos preenchidos com 0
2025-10-30 20:29:36,461 - [INFO] - [hemoprod_to.xlsx] -   → Coluna 'tranfusoes_sangue_total_hospitalar': 32 valores nulos preenchidos com 0
2025-10-30 20:29:36,461 - [INFO] - [hemoprod_to.xlsx] -   → Coluna 'tranfusoes_sangue_total_total': 32 valores nulos preenchidos com 0
2025-10-30 20:29:36,461 - [INFO] - [hemoprod_to.xlsx] -   → Coluna 'tranfusoes_plasma_fresco_congelado_ambulatorial': 32 valores nulos preenchidos com 0
2025-10-30 20:29:36,461 - [INFO] - [hemoprod_to.xlsx] -   → Coluna 'tranfusoes_plasma_fresco_congelado_hospitalar': 32 valores nulos preenchidos com 0
2025-10-30 20:29:36,461 - [INFO] - [hemoprod_to.xlsx] -   → Coluna 'tranfusoes_plasma_fresco_congelado_total': 32 valores nulos preenchidos com 0
2025-10-30 20:29:36,462 - [INFO] - [hemoprod_to.xlsx] -   → Coluna 'tranfusoes_plasma_comum_ambulatorial': 32 valores nulos preenchidos com 0
2025-10-30 20:29:36,462 - [INFO] - [hemoprod_to.xlsx] -   → Coluna 'tranfusoes_plasma_comum_hospitalar': 32 valores nulos preenchidos com 0
2025-10-30 20:29:36,462 - [INFO] - [hemoprod_to.xlsx] -   → Coluna 'tranfusoes_plasma_comum_total': 32 valores nulos preenchidos com 0
2025-10-30 20:29:36,462 - [INFO] - [hemoprod_to.xlsx] -   → Coluna 'tranfusoes_concentrado_de_hemacias_ambulatorial': 32 valores nulos preenchidos com 0
2025-10-30 20:29:36,462 - [INFO] - [hemoprod_to.xlsx] -   → Coluna 'tranfusoes_concentrado_de_hemacias_hospitalar': 32 valores nulos preenchidos com 0
2025-10-30 20:29:36,462 - [INFO] - [hemoprod_to.xlsx] -   → Coluna 'tranfusoes_concentrado_de_hemacias_total': 32 valores nulos preenchidos com 0
2025-10-30 20:29:36,464 - [INFO] - [hemoprod_to.xlsx] -   → Coluna 'tranfusoes_concentrado_de_hemacias_sem_buffy_coat_ambulatorial': 32 valores nulos preenchidos com 0
2025-10-30 20:29:36,464 - [INFO] - [hemoprod_to.xlsx] -   → Coluna 'tranfusoes_concentrado_de_hemacias_sem_buffy_coat_hospitalar': 32 valores nulos preenchidos com 0
2025-10-30 20:29:36,464 - [INFO] - [hemoprod_to.xlsx] -   → Coluna 'tranfusoes_concentrado_de_hemacias_sem_buffy_coat_total': 32 valores nulos preenchidos com 0
2025-10-30 20:29:36,464 - [INFO] - [hemoprod_to.xlsx] -   → Coluna 'tranfusoes_concentrado_de_plaquetas_ambulatorial': 32 valores nulos preenchidos com 0
2025-10-30 20:29:36,464 - [INFO] - [hemoprod_to.xlsx] -   → Coluna 'tranfusoes_concentrado_de_plaquetas_hospitalar': 32 valores nulos preenchidos com 0
2025-10-30 20:29:36,464 - [INFO] - [hemoprod_to.xlsx] -   → Coluna 'tranfusoes_concentrado_de_plaquetas_total': 32 valores nulos preenchidos com 0
2025-10-30 20:29:36,464 - [INFO] - [hemoprod_to.xlsx] -   → Coluna 'tranfusoes_concentrado_de_plaquetas_de_aferese_ambulatorial': 32 valores nulos preenchidos com 0
2025-10-30 20:29:36,465 - [INFO] - [hemoprod_to.xlsx] -   → Coluna 'tranfusoes_concentrado_de_plaquetas_de_aferese_hospitalar': 32 valores nulos preenchidos com 0
2025-10-30 20:29:36,465 - [INFO] - [hemoprod_to.xlsx] -   → Coluna 'tranfusoes_concentrado_de_plaquetas_de_aferese_total': 32 valores nulos preenchidos com 0
2025-10-30 20:29:36,465 - [INFO] - [hemoprod_to.xlsx] -   → Coluna 'tranfusoes_concentrado_de_leucocitos_ambulatorial': 32 valores nulos preenchidos com 0
2025-10-30 20:29:36,465 - [INFO] - [hemoprod_to.xlsx] -   → Coluna 'tranfusoes_concentrado_de_leucocitos_hospitalar': 32 valores nulos preenchidos com 0
2025-10-30 20:29:36,465 - [INFO] - [hemoprod_to.xlsx] -   → Coluna 'tranfusoes_concentrado_de_leucocitos_total': 32 valores nulos preenchidos com 0
2025-10-30 20:29:36,466 - [INFO] - [hemoprod_to.xlsx] -   → Coluna 'tranfusoes_crioprecipitado_ambulatorial': 32 valores nulos preenchidos com 0
2025-10-30 20:29:36,466 - [INFO] - [hemoprod_to.xlsx] -   → Coluna 'tranfusoes_crioprecipitado_hospitalar': 32 valores nulos preenchidos com 0
2025-10-30 20:29:36,466 - [INFO] - [hemoprod_to.xlsx] -   → Coluna 'tranfusoes_crioprecipitado_total': 32 valores nulos preenchidos com 0
2025-10-30 20:29:36,466 - [INFO] - [hemoprod_to.xlsx] -   → Coluna 'tranfusoes_concentrado_de_plaquetas_sem_buffy_coat_ambulatorial': 32 valores nulos preenchidos com 0
2025-10-30 20:29:36,466 - [INFO] - [hemoprod_to.xlsx] -   → Coluna 'tranfusoes_concentrado_de_plaquetas_sem_buffy_coat_hospitalar': 32 valores nulos preenchidos com 0
2025-10-30 20:29:36,466 - [INFO] - [hemoprod_to.xlsx] -   → Coluna 'tranfusoes_concentrado_de_plaquetas_sem_buffy_coat_total': 32 valores nulos preenchidos com 0
2025-10-30 20:29:36,466 - [INFO] - [hemoprod_to.xlsx] -   → Coluna 'distribuicao_para_outros_servicos_sangue_total_sem_exame_pre_transfusional': 32 valores nulos preenchidos com 0
2025-10-30 20:29:36,466 - [INFO] - [hemoprod_to.xlsx] -   → Coluna 'distribuicao_para_outros_servicos_sangue_total_com_exame_pre_transfusional': 32 valores nulos preenchidos com 0
2025-10-30 20:29:36,466 - [INFO] - [hemoprod_to.xlsx] -   → Coluna 'distribuicao_para_outros_servicos_sangue_total_total': 32 valores nulos preenchidos com 0
2025-10-30 20:29:36,468 - [INFO] - [hemoprod_to.xlsx] -   → Coluna 'distribuicao_para_outros_servicos_plasma_fresco_congelado_sem_exame_pre_transfusional': 32 valores nulos preenchidos com 0
2025-10-30 20:29:36,468 - [INFO] - [hemoprod_to.xlsx] -   → Coluna 'distribuicao_para_outros_servicos_plasma_fresco_congelado_com_exame_pre_transfusional': 32 valores nulos preenchidos com 0
2025-10-30 20:29:36,468 - [INFO] - [hemoprod_to.xlsx] -   → Coluna 'distribuicao_para_outros_servicos_plasma_fresco_congelado_total': 32 valores nulos preenchidos com 0
2025-10-30 20:29:36,469 - [INFO] - [hemoprod_to.xlsx] -   → Coluna 'distribuicao_para_outros_servicos_plasma_comum_sem_exame_pre_transfusional': 32 valores nulos preenchidos com 0
2025-10-30 20:29:36,469 - [INFO] - [hemoprod_to.xlsx] -   → Coluna 'distribuicao_para_outros_servicos_plasma_comum_com_exame_pre_transfusional': 32 valores nulos preenchidos com 0
2025-10-30 20:29:36,469 - [INFO] - [hemoprod_to.xlsx] -   → Coluna 'distribuicao_para_outros_servicos_plasma_comum_total': 32 valores nulos preenchidos com 0
2025-10-30 20:29:36,469 - [INFO] - [hemoprod_to.xlsx] -   → Coluna 'distribuicao_para_outros_servicos_concentrado_de_hemacias_sem_exame_pre_transfusional': 32 valores nulos preenchidos com 0
2025-10-30 20:29:36,470 - [INFO] - [hemoprod_to.xlsx] -   → Coluna 'distribuicao_para_outros_servicos_concentrado_de_hemacias_com_exame_pre_transfusional': 32 valores nulos preenchidos com 0
2025-10-30 20:29:36,470 - [INFO] - [hemoprod_to.xlsx] -   → Coluna 'distribuicao_para_outros_servicos_concentrado_de_hemacias_total': 32 valores nulos preenchidos com 0
2025-10-30 20:29:36,470 - [INFO] - [hemoprod_to.xlsx] -   → Coluna 'distribuicao_para_outros_servicos_concentrado_de_hemacias_sem_buffy_coat_sem_exame_pre_transfusi': 32 valores nulos preenchidos com 0
2025-10-30 20:29:36,470 - [INFO] - [hemoprod_to.xlsx] -   → Coluna 'distribuicao_para_outros_servicos_concentrado_de_hemacias_sem_buffy_coat_com_exame_pre_transfusi': 32 valores nulos preenchidos com 0
2025-10-30 20:29:36,471 - [INFO] - [hemoprod_to.xlsx] -   → Coluna 'distribuicao_para_outros_servicos_concentrado_de_hemacias_sem_buffy_coat_total': 32 valores nulos preenchidos com 0
2025-10-30 20:29:36,471 - [INFO] - [hemoprod_to.xlsx] -   → Coluna 'distribuicao_para_outros_servicos_concentrado_de_plaquetas_sem_exame_pre_transfusional': 32 valores nulos preenchidos com 0
2025-10-30 20:29:36,471 - [INFO] - [hemoprod_to.xlsx] -   → Coluna 'distribuicao_para_outros_servicos_concentrado_de_plaquetas_com_exame_pre_transfusional': 32 valores nulos preenchidos com 0
2025-10-30 20:29:36,471 - [INFO] - [hemoprod_to.xlsx] -   → Coluna 'distribuicao_para_outros_servicos_concentrado_de_plaquetas_total': 32 valores nulos preenchidos com 0
2025-10-30 20:29:36,471 - [INFO] - [hemoprod_to.xlsx] -   → Coluna 'distribuicao_para_outros_servicos_concentrado_de_plaquetas_aferese_sem_exame_pre_transfusional': 32 valores nulos preenchidos com 0
2025-10-30 20:29:36,471 - [INFO] - [hemoprod_to.xlsx] -   → Coluna 'distribuicao_para_outros_servicos_concentrado_de_plaquetas_aferese_com_exame_pre_transfusional': 32 valores nulos preenchidos com 0
2025-10-30 20:29:36,472 - [INFO] - [hemoprod_to.xlsx] -   → Coluna 'distribuicao_para_outros_servicos_concentrado_de_plaquetas_aferese_total': 32 valores nulos preenchidos com 0
2025-10-30 20:29:36,472 - [INFO] - [hemoprod_to.xlsx] -   → Coluna 'distribuicao_para_outros_servicos_concentrado_de_leucocitos_sem_exame_pre_transfusional': 32 valores nulos preenchidos com 0
2025-10-30 20:29:36,472 - [INFO] - [hemoprod_to.xlsx] -   → Coluna 'distribuicao_para_outros_servicos_concentrado_de_leucocitos_com_exame_pre_transfusional': 32 valores nulos preenchidos com 0
2025-10-30 20:29:36,472 - [INFO] - [hemoprod_to.xlsx] -   → Coluna 'distribuicao_para_outros_servicos_concentrado_de_leucocitos_total': 32 valores nulos preenchidos com 0
2025-10-30 20:29:36,472 - [INFO] - [hemoprod_to.xlsx] -   → Coluna 'distribuicao_para_outros_servicos_crioprecipitado_sem_exame_pre_transfusional': 32 valores nulos preenchidos com 0
2025-10-30 20:29:36,473 - [INFO] - [hemoprod_to.xlsx] -   → Coluna 'distribuicao_para_outros_servicos_crioprecipitado_com_exame_pre_transfusional': 32 valores nulos preenchidos com 0
2025-10-30 20:29:36,473 - [INFO] - [hemoprod_to.xlsx] -   → Coluna 'distribuicao_para_outros_servicos_crioprecipitado_total': 32 valores nulos preenchidos com 0
2025-10-30 20:29:36,473 - [INFO] - [hemoprod_to.xlsx] -   → Coluna 'distribuicao_para_outros_servicos_concentrado_de_plaquetas_sem_buffy_coat_sem_exame_pre_transfusional': 32 valores nulos preenchidos com 0
2025-10-30 20:29:36,473 - [INFO] - [hemoprod_to.xlsx] -   → Coluna 'distribuicao_para_outros_servicos_concentrado_de_plaquetas_sem_buffy_coat_com_exame_pre_transfusional': 32 valores nulos preenchidos com 0
2025-10-30 20:29:36,473 - [INFO] - [hemoprod_to.xlsx] -   → Coluna 'distribuicao_para_outros_servicos_concentrado_de_plaquetas_sem_buffy_coat_total': 32 valores nulos preenchidos com 0
2025-10-30 20:29:36,473 - [INFO] - [hemoprod_to.xlsx] -   → Coluna 'procedimentos_de_modificacao_dos_hemocomponentes_lavagem': 32 valores nulos preenchidos com 0
2025-10-30 20:29:36,473 - [INFO] - [hemoprod_to.xlsx] -   → Coluna 'procedimentos_de_modificacao_dos_hemocomponentes_irradiacao': 32 valores nulos preenchidos com 0
2025-10-30 20:29:36,473 - [INFO] - [hemoprod_to.xlsx] -   → Coluna 'procedimentos_de_modificacao_dos_hemocomponentes_filtracao_em_concentrado_de_plaquetas': 32 valores nulos preenchidos com 0
2025-10-30 20:29:36,474 - [INFO] - [hemoprod_to.xlsx] -   → Coluna 'procedimentos_de_modificacao_dos_hemocomponentes_filtracao_em_concentrado_de_hemacias': 32 valores nulos preenchidos com 0
2025-10-30 20:29:36,474 - [INFO] - [hemoprod_to.xlsx] -   → Coluna 'procedimentos_de_modificacao_dos_hemocomponentes_fracionamento_pediatrico': 32 valores nulos preenchidos com 0
2025-10-30 20:29:36,474 - [INFO] - [hemoprod_to.xlsx] -   → Coluna 'reacoes_transfusionais_reacao_febril_nao_hemolitica': 32 valores nulos preenchidos com 0
2025-10-30 20:29:36,474 - [INFO] - [hemoprod_to.xlsx] -   → Coluna 'reacoes_transfusionais_reacao_hemolitica': 32 valores nulos preenchidos com 0
2025-10-30 20:29:36,474 - [INFO] - [hemoprod_to.xlsx] -   → Coluna 'reacoes_transfusionais_reacao_alergica': 32 valores nulos preenchidos com 0
2025-10-30 20:29:36,474 - [INFO] - [hemoprod_to.xlsx] -   → Coluna 'reacoes_transfusionais_choque_bacteriano': 32 valores nulos preenchidos com 0
2025-10-30 20:29:36,474 - [INFO] - [hemoprod_to.xlsx] -   → Coluna 'reacoes_transfusionais_alteracoes_metabolicas': 32 valores nulos preenchidos com 0
2025-10-30 20:29:36,475 - [INFO] - [hemoprod_to.xlsx] -   → Coluna 'reacoes_transfusionais_sobrecarga_volemica': 32 valores nulos preenchidos com 0
2025-10-30 20:29:36,475 - [INFO] - [hemoprod_to.xlsx] -   → Coluna 'reacoes_transfusionais_outras_reacoes': 32 valores nulos preenchidos com 0
2025-10-30 20:29:36,475 - [INFO] - [hemoprod_to.xlsx] -   → Coluna 'envio_plasma_producao_hemoderivados_plasma_fresco_congelado': 32 valores nulos preenchidos com 0
2025-10-30 20:29:36,476 - [INFO] - [hemoprod_to.xlsx] -   → Coluna 'envio_plasma_producao_hemoderivados_plasma_comum': 32 valores nulos preenchidos com 0
2025-10-30 20:29:36,476 - [INFO] - [hemoprod_to.xlsx] - ✓ 189 colunas Int64 preenchidas com 0
2025-10-30 20:29:36,476 - [INFO] - [hemoprod_to.xlsx] - Iniciando deduplicação...
2025-10-30 20:29:36,476 - [INFO] - [hemoprod_to.xlsx] - Convertendo 'data_envio' para datetime...
2025-10-30 20:29:36,483 - [INFO] - [hemoprod_to.xlsx] - ✓ Deduplicação concluída - Removidas 2 linhas duplicadas
2025-10-30 20:29:36,485 - [INFO] - [hemoprod_to.xlsx] - ✓ Linhas Finais: 193
2025-10-30 20:29:36,485 - [INFO] - [hemoprod_to.xlsx] - Salvando arquivo processado...
2025-10-30 20:29:36,825 - [INFO] - [hemoprod_to.xlsx] - ============================================================
2025-10-30 20:29:36,825 - [INFO] - [hemoprod_to.xlsx] - ✅ PROCESSAMENTO CONCLUÍDO COM SUCESSO
2025-10-30 20:29:36,825 - [INFO] - [hemoprod_to.xlsx] - ✅ Arquivo salvo em: D:\Documentos\STTP\hemoce\src\dados_processados\hemoprod_to.xlsx
2025-10-30 20:29:36,825 - [INFO] - [hemoprod_to.xlsx] - ============================================================
2025-10-30 20:29:36,825 - [INFO] - [hemoprod_to.xlsx] - 
