2025-10-30 20:29:02,685 - [INFO] - [hemoprod_ms.xlsx] - ============================================================
2025-10-30 20:29:02,685 - [INFO] - [hemoprod_ms.xlsx] - INICIANDO PROCESSAMENTO: MS
2025-10-30 20:29:02,685 - [INFO] - [hemoprod_ms.xlsx] - ============================================================
2025-10-30 20:29:02,685 - [INFO] - [hemoprod_ms.xlsx] - Carregando arquivo: Hemoprod_MS.xlsx
2025-10-30 20:29:02,687 - [INFO] - [hemoprod_ms.xlsx] - Planilha: HEMOPROD - MATOGROSSODOSUL
2025-10-30 20:29:03,180 - [INFO] - [hemoprod_ms.xlsx] - ✓ Colunas Originais: 269
2025-10-30 20:29:03,180 - [INFO] - [hemoprod_ms.xlsx] - ✓ Linhas Originais: 444
2025-10-30 20:29:03,181 - [INFO] - [hemoprod_ms.xlsx] - Iniciando limpeza e renomeação de colunas...
2025-10-30 20:29:03,181 - [INFO] - [hemoprod_ms.xlsx] - ✓ Colunas limpas e renomeadas
2025-10-30 20:29:03,181 - [INFO] - [hemoprod_ms.xlsx] - Normalizando período e ano de referência...
2025-10-30 20:29:03,181 - [INFO] - [hemoprod_ms.xlsx] - Coluna 'ano_referencia' não existe. Criando...
2025-10-30 20:29:03,197 - [INFO] - [hemoprod_ms.xlsx] - ✓ Normalizados 444 registros com ano no período
2025-10-30 20:29:03,197 - [INFO] - [hemoprod_ms.xlsx] - ✓ Período/Ano normalizado
2025-10-30 20:29:03,197 - [INFO] - [hemoprod_ms.xlsx] - Normalizando município e estado...
2025-10-30 20:29:03,198 - [INFO] - [hemoprod_ms.xlsx] - Coluna 'estado' não existe. Criando...
2025-10-30 20:29:03,210 - [INFO] - [hemoprod_ms.xlsx] - ✓ Normalizados 444 registros com estado no município
2025-10-30 20:29:03,210 - [INFO] - [hemoprod_ms.xlsx] - ✓ Município/Estado normalizado
2025-10-30 20:29:03,210 - [INFO] - [hemoprod_ms.xlsx] - Aplicando tipos de dados...
2025-10-30 20:29:03,266 - [INFO] - [hemoprod_ms.xlsx] - ✓ Tipos aplicados
2025-10-30 20:29:03,267 - [INFO] - [hemoprod_ms.xlsx] - ✓ Colunas Faltantes: 4
2025-10-30 20:29:03,267 - [INFO] - [hemoprod_ms.xlsx] -   → ['rede_estabelecimento', 'ano_referencia', 'dados_informados_referem_se', 'estado']
2025-10-30 20:29:03,267 - [INFO] - [hemoprod_ms.xlsx] - ✓ Colunas A Mais: 3
2025-10-30 20:29:03,267 - [INFO] - [hemoprod_ms.xlsx] -   → ['Período de referência [Outros]', 'Município [Outros]', 'URL de referência']
2025-10-30 20:29:03,267 - [INFO] - [hemoprod_ms.xlsx] - Padronizando schema...
2025-10-30 20:29:03,269 - [INFO] - [hemoprod_ms.xlsx] - Coluna 'ano_referencia' já existe, mantendo valores atuais
2025-10-30 20:29:03,270 - [INFO] - [hemoprod_ms.xlsx] - Coluna 'estado' já existe, mantendo valores atuais
2025-10-30 20:29:03,271 - [INFO] - [hemoprod_ms.xlsx] - ✓ Schema padronizado - Colunas Finais: 270
2025-10-30 20:29:03,271 - [INFO] - [hemoprod_ms.xlsx] - Preenchendo valores nulos em colunas Int64 com 0...
2025-10-30 20:29:03,272 - [INFO] - [hemoprod_ms.xlsx] -   → Coluna 'semente': 82 valores nulos preenchidos com 0
2025-10-30 20:29:03,272 - [INFO] - [hemoprod_ms.xlsx] -   → Coluna 'identificacao_dado': 444 valores nulos preenchidos com 0
2025-10-30 20:29:03,272 - [INFO] - [hemoprod_ms.xlsx] -   → Coluna 'identificacao_estabelecimento': 444 valores nulos preenchidos com 0
2025-10-30 20:29:03,273 - [INFO] - [hemoprod_ms.xlsx] -   → Coluna 'cnes': 444 valores nulos preenchidos com 0
2025-10-30 20:29:03,273 - [INFO] - [hemoprod_ms.xlsx] -   → Coluna 'endereco': 444 valores nulos preenchidos com 0
2025-10-30 20:29:03,273 - [INFO] - [hemoprod_ms.xlsx] -   → Coluna 'triagem_clinica_total_doacao_espontanea_aptos': 2 valores nulos preenchidos com 0
2025-10-30 20:29:03,273 - [INFO] - [hemoprod_ms.xlsx] -   → Coluna 'triagem_clinica_total_doacao_espontanea_inaptos': 2 valores nulos preenchidos com 0
2025-10-30 20:29:03,274 - [INFO] - [hemoprod_ms.xlsx] -   → Coluna 'triagem_clinica_total_doacao_reposicao_aptos': 2 valores nulos preenchidos com 0
2025-10-30 20:29:03,274 - [INFO] - [hemoprod_ms.xlsx] -   → Coluna 'triagem_clinica_total_doacao_reposicao_inaptos': 2 valores nulos preenchidos com 0
2025-10-30 20:29:03,275 - [INFO] - [hemoprod_ms.xlsx] -   → Coluna 'triagem_clinica_total_doacao_autologa_aptos': 2 valores nulos preenchidos com 0
2025-10-30 20:29:03,275 - [INFO] - [hemoprod_ms.xlsx] -   → Coluna 'triagem_clinica_total_doacao_autologa_inaptos': 2 valores nulos preenchidos com 0
2025-10-30 20:29:03,275 - [INFO] - [hemoprod_ms.xlsx] -   → Coluna 'total_doador_primeira_vez_aptos': 2 valores nulos preenchidos com 0
2025-10-30 20:29:03,275 - [INFO] - [hemoprod_ms.xlsx] -   → Coluna 'total_doador_primeira_vez_inaptos': 2 valores nulos preenchidos com 0
2025-10-30 20:29:03,276 - [INFO] - [hemoprod_ms.xlsx] -   → Coluna 'total_doador_repeticao_aptos': 2 valores nulos preenchidos com 0
2025-10-30 20:29:03,276 - [INFO] - [hemoprod_ms.xlsx] -   → Coluna 'total_doador_repeticao_inaptos': 2 valores nulos preenchidos com 0
2025-10-30 20:29:03,276 - [INFO] - [hemoprod_ms.xlsx] -   → Coluna 'total_doador_esporadico_aptos': 2 valores nulos preenchidos com 0
2025-10-30 20:29:03,276 - [INFO] - [hemoprod_ms.xlsx] -   → Coluna 'total_doador_esporadico_inaptos': 2 valores nulos preenchidos com 0
2025-10-30 20:29:03,276 - [INFO] - [hemoprod_ms.xlsx] -   → Coluna 'total_doador_masculino_aptos': 2 valores nulos preenchidos com 0
2025-10-30 20:29:03,277 - [INFO] - [hemoprod_ms.xlsx] -   → Coluna 'total_doador_masculino_inaptos': 2 valores nulos preenchidos com 0
2025-10-30 20:29:03,277 - [INFO] - [hemoprod_ms.xlsx] -   → Coluna 'total_doador_feminino_aptos': 2 valores nulos preenchidos com 0
2025-10-30 20:29:03,277 - [INFO] - [hemoprod_ms.xlsx] -   → Coluna 'total_doador_feminino_inaptos': 2 valores nulos preenchidos com 0
2025-10-30 20:29:03,277 - [INFO] - [hemoprod_ms.xlsx] -   → Coluna 'total_doador_menor_de_18_anos_aptos': 2 valores nulos preenchidos com 0
2025-10-30 20:29:03,277 - [INFO] - [hemoprod_ms.xlsx] -   → Coluna 'total_doador_menor_de_18_anos_inaptos': 2 valores nulos preenchidos com 0
2025-10-30 20:29:03,278 - [INFO] - [hemoprod_ms.xlsx] -   → Coluna 'total_doador_18_ate_29_anos_aptos': 2 valores nulos preenchidos com 0
2025-10-30 20:29:03,278 - [INFO] - [hemoprod_ms.xlsx] -   → Coluna 'total_doador_18_ate_29_anos_inaptos': 2 valores nulos preenchidos com 0
2025-10-30 20:29:03,278 - [INFO] - [hemoprod_ms.xlsx] -   → Coluna 'total_doador_acima_de_29_anos_aptos': 2 valores nulos preenchidos com 0
2025-10-30 20:29:03,278 - [INFO] - [hemoprod_ms.xlsx] -   → Coluna 'total_doador_acima_de_29_anos_inaptos': 2 valores nulos preenchidos com 0
2025-10-30 20:29:03,278 - [INFO] - [hemoprod_ms.xlsx] -   → Coluna 'total_candidatos_inaptos_anemia_masculino': 2 valores nulos preenchidos com 0
2025-10-30 20:29:03,279 - [INFO] - [hemoprod_ms.xlsx] -   → Coluna 'total_candidatos_inaptos_anemia_feminino': 2 valores nulos preenchidos com 0
2025-10-30 20:29:03,279 - [INFO] - [hemoprod_ms.xlsx] -   → Coluna 'total_candidatos_inaptos_anemia_total': 2 valores nulos preenchidos com 0
2025-10-30 20:29:03,279 - [INFO] - [hemoprod_ms.xlsx] -   → Coluna 'total_candidatos_inaptos_hipertensao_masculino': 2 valores nulos preenchidos com 0
2025-10-30 20:29:03,279 - [INFO] - [hemoprod_ms.xlsx] -   → Coluna 'total_candidatos_inaptos_hipertensao_feminino': 2 valores nulos preenchidos com 0
2025-10-30 20:29:03,279 - [INFO] - [hemoprod_ms.xlsx] -   → Coluna 'total_candidatos_inaptos_hipertensao_total': 2 valores nulos preenchidos com 0
2025-10-30 20:29:03,279 - [INFO] - [hemoprod_ms.xlsx] -   → Coluna 'total_candidatos_inaptos_hipotensao_masculino': 2 valores nulos preenchidos com 0
2025-10-30 20:29:03,280 - [INFO] - [hemoprod_ms.xlsx] -   → Coluna 'total_candidatos_inaptos_hipotensao_feminino': 2 valores nulos preenchidos com 0
2025-10-30 20:29:03,280 - [INFO] - [hemoprod_ms.xlsx] -   → Coluna 'total_candidatos_inaptos_hipotensao_total': 2 valores nulos preenchidos com 0
2025-10-30 20:29:03,280 - [INFO] - [hemoprod_ms.xlsx] -   → Coluna 'total_candidatos_inaptos_alcoolismo_masculino': 2 valores nulos preenchidos com 0
2025-10-30 20:29:03,280 - [INFO] - [hemoprod_ms.xlsx] -   → Coluna 'total_candidatos_inaptos_alcoolismo_feminino': 2 valores nulos preenchidos com 0
2025-10-30 20:29:03,280 - [INFO] - [hemoprod_ms.xlsx] -   → Coluna 'total_candidatos_inaptos_alcoolismo_total': 2 valores nulos preenchidos com 0
2025-10-30 20:29:03,280 - [INFO] - [hemoprod_ms.xlsx] -   → Coluna 'total_candidatos_inaptos_comportamento_risco_dst_masculino': 2 valores nulos preenchidos com 0
2025-10-30 20:29:03,280 - [INFO] - [hemoprod_ms.xlsx] -   → Coluna 'total_candidatos_inaptos_comportamento_risco_dst_feminino': 2 valores nulos preenchidos com 0
2025-10-30 20:29:03,280 - [INFO] - [hemoprod_ms.xlsx] -   → Coluna 'total_candidatos_inaptos_comportamento_risco_dst_total': 2 valores nulos preenchidos com 0
2025-10-30 20:29:03,281 - [INFO] - [hemoprod_ms.xlsx] -   → Coluna 'total_candidatos_inaptos_uso_drogas_masculino': 2 valores nulos preenchidos com 0
2025-10-30 20:29:03,281 - [INFO] - [hemoprod_ms.xlsx] -   → Coluna 'total_candidatos_inaptos_uso_drogas_feminino': 2 valores nulos preenchidos com 0
2025-10-30 20:29:03,281 - [INFO] - [hemoprod_ms.xlsx] -   → Coluna 'total_candidatos_inaptos_uso_drogas_total': 2 valores nulos preenchidos com 0
2025-10-30 20:29:03,281 - [INFO] - [hemoprod_ms.xlsx] -   → Coluna 'total_candidatos_inaptos_hepatite_masculino': 2 valores nulos preenchidos com 0
2025-10-30 20:29:03,282 - [INFO] - [hemoprod_ms.xlsx] -   → Coluna 'total_candidatos_inaptos_hepatite_feminino': 2 valores nulos preenchidos com 0
2025-10-30 20:29:03,282 - [INFO] - [hemoprod_ms.xlsx] -   → Coluna 'total_candidatos_inaptos_hepatite_total': 2 valores nulos preenchidos com 0
2025-10-30 20:29:03,282 - [INFO] - [hemoprod_ms.xlsx] -   → Coluna 'total_candidatos_inaptos_doenca_chagas_masculino': 2 valores nulos preenchidos com 0
2025-10-30 20:29:03,282 - [INFO] - [hemoprod_ms.xlsx] -   → Coluna 'total_candidatos_inaptos_doenca_chagas_feminino': 2 valores nulos preenchidos com 0
2025-10-30 20:29:03,282 - [INFO] - [hemoprod_ms.xlsx] -   → Coluna 'total_candidatos_inaptos_doenca_chagas_total': 2 valores nulos preenchidos com 0
2025-10-30 20:29:03,282 - [INFO] - [hemoprod_ms.xlsx] -   → Coluna 'total_candidatos_inaptos_malaria_masculino': 2 valores nulos preenchidos com 0
2025-10-30 20:29:03,282 - [INFO] - [hemoprod_ms.xlsx] -   → Coluna 'total_candidatos_inaptos_malaria_feminino': 2 valores nulos preenchidos com 0
2025-10-30 20:29:03,284 - [INFO] - [hemoprod_ms.xlsx] -   → Coluna 'total_candidatos_inaptos_malaria_total': 2 valores nulos preenchidos com 0
2025-10-30 20:29:03,284 - [INFO] - [hemoprod_ms.xlsx] -   → Coluna 'total_candidatos_inaptos_outras_masculino': 2 valores nulos preenchidos com 0
2025-10-30 20:29:03,284 - [INFO] - [hemoprod_ms.xlsx] -   → Coluna 'total_candidatos_inaptos_outras_feminino': 2 valores nulos preenchidos com 0
2025-10-30 20:29:03,284 - [INFO] - [hemoprod_ms.xlsx] -   → Coluna 'total_candidatos_inaptos_outras_total': 2 valores nulos preenchidos com 0
2025-10-30 20:29:03,284 - [INFO] - [hemoprod_ms.xlsx] -   → Coluna 'coleta_total_candidatos_desistentes': 2 valores nulos preenchidos com 0
2025-10-30 20:29:03,284 - [INFO] - [hemoprod_ms.xlsx] -   → Coluna 'total_interrupcoes_coleta_dificuldade_puncao_venosa': 2 valores nulos preenchidos com 0
2025-10-30 20:29:03,285 - [INFO] - [hemoprod_ms.xlsx] -   → Coluna 'total_interrupcoes_coleta_reacao_vagal': 2 valores nulos preenchidos com 0
2025-10-30 20:29:03,285 - [INFO] - [hemoprod_ms.xlsx] -   → Coluna 'total_interrupcoes_coleta_outros_motivos': 2 valores nulos preenchidos com 0
2025-10-30 20:29:03,285 - [INFO] - [hemoprod_ms.xlsx] -   → Coluna 'total_coletas_sangue_total': 2 valores nulos preenchidos com 0
2025-10-30 20:29:03,285 - [INFO] - [hemoprod_ms.xlsx] -   → Coluna 'total_coletas_aferese': 2 valores nulos preenchidos com 0
2025-10-30 20:29:03,285 - [INFO] - [hemoprod_ms.xlsx] -   → Coluna 'exames_triagem_doenca_doenca_chagas_amostras_testadas': 34 valores nulos preenchidos com 0
2025-10-30 20:29:03,285 - [INFO] - [hemoprod_ms.xlsx] -   → Coluna 'exames_triagem_doenca_doenca_chagas_amostras_reagentes': 34 valores nulos preenchidos com 0
2025-10-30 20:29:03,285 - [INFO] - [hemoprod_ms.xlsx] -   → Coluna 'exames_triagem_doenca_hiv_amostras_testadas': 34 valores nulos preenchidos com 0
2025-10-30 20:29:03,286 - [INFO] - [hemoprod_ms.xlsx] -   → Coluna 'exames_triagem_doenca_hiv_amostras_reagentes': 34 valores nulos preenchidos com 0
2025-10-30 20:29:03,286 - [INFO] - [hemoprod_ms.xlsx] -   → Coluna 'exames_triagem_doenca_sifilis_amostras_testadas': 34 valores nulos preenchidos com 0
2025-10-30 20:29:03,286 - [INFO] - [hemoprod_ms.xlsx] -   → Coluna '`exames_triagem_doenca_sifilis_amostras_reagentes': 34 valores nulos preenchidos com 0
2025-10-30 20:29:03,286 - [INFO] - [hemoprod_ms.xlsx] -   → Coluna 'exames_triagem_doenca_hepatite_b_hbs_ag_amostras_testadas': 34 valores nulos preenchidos com 0
2025-10-30 20:29:03,286 - [INFO] - [hemoprod_ms.xlsx] -   → Coluna 'exames_triagem_doenca_hepatite_b_hbs_ag_amostras_reagentes': 34 valores nulos preenchidos com 0
2025-10-30 20:29:03,287 - [INFO] - [hemoprod_ms.xlsx] -   → Coluna 'exames_triagem_doenca_hepatite_b_anti_hbc_amostras_testadas': 34 valores nulos preenchidos com 0
2025-10-30 20:29:03,287 - [INFO] - [hemoprod_ms.xlsx] -   → Coluna 'exames_triagem_doenca_hepatite_b_anti_hbc_amostras_reagentes': 34 valores nulos preenchidos com 0
2025-10-30 20:29:03,287 - [INFO] - [hemoprod_ms.xlsx] -   → Coluna 'exames_triagem_doenca_hepatite_c_amostras_testadas': 34 valores nulos preenchidos com 0
2025-10-30 20:29:03,287 - [INFO] - [hemoprod_ms.xlsx] -   → Coluna 'exames_triagem_doenca_hepatite_c_amostras_reagentes': 34 valores nulos preenchidos com 0
2025-10-30 20:29:03,288 - [INFO] - [hemoprod_ms.xlsx] -   → Coluna 'exames_triagem_doenca_htlv_i_ii_amostras_testadas': 34 valores nulos preenchidos com 0
2025-10-30 20:29:03,288 - [INFO] - [hemoprod_ms.xlsx] -   → Coluna 'exames_triagem_doenca_htlv_i_ii_amostras_reagentes': 34 valores nulos preenchidos com 0
2025-10-30 20:29:03,288 - [INFO] - [hemoprod_ms.xlsx] -   → Coluna 'exames_triagem_doenca_malaria_amostras_testadas': 34 valores nulos preenchidos com 0
2025-10-30 20:29:03,288 - [INFO] - [hemoprod_ms.xlsx] -   → Coluna 'exames_triagem_doenca_malaria_amostras_reagentes': 34 valores nulos preenchidos com 0
2025-10-30 20:29:03,289 - [INFO] - [hemoprod_ms.xlsx] -   → Coluna 'exames_triagem_doenca_hbv_teste_nat_amostras_testadas': 34 valores nulos preenchidos com 0
2025-10-30 20:29:03,289 - [INFO] - [hemoprod_ms.xlsx] -   → Coluna 'exames_triagem_doenca_hbv_teste_nat_amostras_reagentes': 34 valores nulos preenchidos com 0
2025-10-30 20:29:03,289 - [INFO] - [hemoprod_ms.xlsx] -   → Coluna 'exames_triagem_doenca_hcv_teste_nat_amostras_testadas': 34 valores nulos preenchidos com 0
2025-10-30 20:29:03,289 - [INFO] - [hemoprod_ms.xlsx] -   → Coluna 'exames_triagem_doenca_hcv_teste_nat_amostras_reagentes': 34 valores nulos preenchidos com 0
2025-10-30 20:29:03,289 - [INFO] - [hemoprod_ms.xlsx] -   → Coluna 'exames_triagem_doenca_hiv_teste_nat_amostras_testadas': 34 valores nulos preenchidos com 0
2025-10-30 20:29:03,290 - [INFO] - [hemoprod_ms.xlsx] -   → Coluna 'exames_triagem_doenca_hiv_teste_nat_amostras_reagentes': 34 valores nulos preenchidos com 0
2025-10-30 20:29:03,290 - [INFO] - [hemoprod_ms.xlsx] -   → Coluna 'imunohematologia_a_positivo_doador': 32 valores nulos preenchidos com 0
2025-10-30 20:29:03,290 - [INFO] - [hemoprod_ms.xlsx] -   → Coluna 'imunohematologia_a_positivo_receptor': 32 valores nulos preenchidos com 0
2025-10-30 20:29:03,290 - [INFO] - [hemoprod_ms.xlsx] -   → Coluna 'imunohematologia_b_positivo_doador': 32 valores nulos preenchidos com 0
2025-10-30 20:29:03,290 - [INFO] - [hemoprod_ms.xlsx] -   → Coluna 'imunohematologia_b_positivo_receptor': 32 valores nulos preenchidos com 0
2025-10-30 20:29:03,290 - [INFO] - [hemoprod_ms.xlsx] -   → Coluna 'imunohematologia_ab_positivo_doador': 32 valores nulos preenchidos com 0
2025-10-30 20:29:03,291 - [INFO] - [hemoprod_ms.xlsx] -   → Coluna 'imunohematologia_ab_positivo_receptor': 32 valores nulos preenchidos com 0
2025-10-30 20:29:03,291 - [INFO] - [hemoprod_ms.xlsx] -   → Coluna 'imunohematologia_o_positivo_doador': 32 valores nulos preenchidos com 0
2025-10-30 20:29:03,291 - [INFO] - [hemoprod_ms.xlsx] -   → Coluna 'imunohematologia_o_positivo_receptor': 32 valores nulos preenchidos com 0
2025-10-30 20:29:03,291 - [INFO] - [hemoprod_ms.xlsx] -   → Coluna 'imunohematologia_a_negativo_doador': 32 valores nulos preenchidos com 0
2025-10-30 20:29:03,291 - [INFO] - [hemoprod_ms.xlsx] -   → Coluna 'imunohematologia_a_negativo_receptor': 32 valores nulos preenchidos com 0
2025-10-30 20:29:03,291 - [INFO] - [hemoprod_ms.xlsx] -   → Coluna 'imunohematologia_b_negativo_doador': 32 valores nulos preenchidos com 0
2025-10-30 20:29:03,292 - [INFO] - [hemoprod_ms.xlsx] -   → Coluna 'imunohematologia_b_negativo_receptor': 32 valores nulos preenchidos com 0
2025-10-30 20:29:03,292 - [INFO] - [hemoprod_ms.xlsx] -   → Coluna 'imunohematologia_ab_negativo_doador': 32 valores nulos preenchidos com 0
2025-10-30 20:29:03,292 - [INFO] - [hemoprod_ms.xlsx] -   → Coluna 'imunohematologia_ab_negativo_receptor': 32 valores nulos preenchidos com 0
2025-10-30 20:29:03,292 - [INFO] - [hemoprod_ms.xlsx] -   → Coluna 'imunohematologia_o_negativo_doador': 32 valores nulos preenchidos com 0
2025-10-30 20:29:03,292 - [INFO] - [hemoprod_ms.xlsx] -   → Coluna 'imunohematologia_o_negativo_receptor': 32 valores nulos preenchidos com 0
2025-10-30 20:29:03,293 - [INFO] - [hemoprod_ms.xlsx] -   → Coluna 'imunohematologia_dfraco_doador': 32 valores nulos preenchidos com 0
2025-10-30 20:29:03,293 - [INFO] - [hemoprod_ms.xlsx] -   → Coluna 'imunohematologia_dfraco_receptor': 32 valores nulos preenchidos com 0
2025-10-30 20:29:03,293 - [INFO] - [hemoprod_ms.xlsx] -   → Coluna 'imunohematologia_pesquisa_anticorpo_irregular_positivo_doador': 32 valores nulos preenchidos com 0
2025-10-30 20:29:03,293 - [INFO] - [hemoprod_ms.xlsx] -   → Coluna 'imunohematologia_pesquisa_anticorpo_irregular_positivo_receptor': 32 valores nulos preenchidos com 0
2025-10-30 20:29:03,293 - [INFO] - [hemoprod_ms.xlsx] -   → Coluna 'imunohematologia_fenotipagem_doador': 32 valores nulos preenchidos com 0
2025-10-30 20:29:03,294 - [INFO] - [hemoprod_ms.xlsx] -   → Coluna 'imunohematologia_fenotipagem_receptor': 32 valores nulos preenchidos com 0
2025-10-30 20:29:03,294 - [INFO] - [hemoprod_ms.xlsx] -   → Coluna 'imunohematologia_combs_direto_doador': 32 valores nulos preenchidos com 0
2025-10-30 20:29:03,294 - [INFO] - [hemoprod_ms.xlsx] -   → Coluna 'imunohematologia_combs_direto_receptor': 32 valores nulos preenchidos com 0
2025-10-30 20:29:03,294 - [INFO] - [hemoprod_ms.xlsx] -   → Coluna 'outros_tipos_pesquisa_pesquisa_hbs_doador': 34 valores nulos preenchidos com 0
2025-10-30 20:29:03,294 - [INFO] - [hemoprod_ms.xlsx] -   → Coluna 'inaptidao_triagem_laboratorial_total_bolsas_testadas': 34 valores nulos preenchidos com 0
2025-10-30 20:29:03,295 - [INFO] - [hemoprod_ms.xlsx] -   → Coluna 'inaptidao_triagem_laboratorial_total_bolsas_reagentes_1_ou_mais_marcadores': 34 valores nulos preenchidos com 0
2025-10-30 20:29:03,295 - [INFO] - [hemoprod_ms.xlsx] -   → Coluna 'descarte_bolsas_total_bolsas_descartadas_auto_exclusao': 34 valores nulos preenchidos com 0
2025-10-30 20:29:03,295 - [INFO] - [hemoprod_ms.xlsx] -   → Coluna 'producao_hemoterapica_entradas_sangue_total_produzidas': 32 valores nulos preenchidos com 0
2025-10-30 20:29:03,295 - [INFO] - [hemoprod_ms.xlsx] -   → Coluna 'producao_hemoterapica_entradas_sangue_total_recebidas': 32 valores nulos preenchidos com 0
2025-10-30 20:29:03,295 - [INFO] - [hemoprod_ms.xlsx] -   → Coluna 'producao_hemoterapica_entradas_sangue_total_devolvidas': 32 valores nulos preenchidos com 0
2025-10-30 20:29:03,295 - [INFO] - [hemoprod_ms.xlsx] -   → Coluna 'producao_hemoterapica_entradas_plasma_fresco_congelado_produzidas': 32 valores nulos preenchidos com 0
2025-10-30 20:29:03,295 - [INFO] - [hemoprod_ms.xlsx] -   → Coluna 'producao_hemoterapica_entradas_plasma_fresco_congelado_recebidas': 32 valores nulos preenchidos com 0
2025-10-30 20:29:03,296 - [INFO] - [hemoprod_ms.xlsx] -   → Coluna 'producao_hemoterapica_entradas_plasma_fresco_congelado_devolvidas': 32 valores nulos preenchidos com 0
2025-10-30 20:29:03,296 - [INFO] - [hemoprod_ms.xlsx] -   → Coluna 'producao_hemoterapica_entradas_plasma_comum_produzidas': 32 valores nulos preenchidos com 0
2025-10-30 20:29:03,296 - [INFO] - [hemoprod_ms.xlsx] -   → Coluna 'producao_hemoterapica_entradas_plasma_comum_recebidas': 32 valores nulos preenchidos com 0
2025-10-30 20:29:03,296 - [INFO] - [hemoprod_ms.xlsx] -   → Coluna 'producao_hemoterapica_entradas_plasma_comum_devolvidas': 32 valores nulos preenchidos com 0
2025-10-30 20:29:03,296 - [INFO] - [hemoprod_ms.xlsx] -   → Coluna 'producao_hemoterapica_entradas_concentrado_hemacias_produzidas': 32 valores nulos preenchidos com 0
2025-10-30 20:29:03,297 - [INFO] - [hemoprod_ms.xlsx] -   → Coluna 'producao_hemoterapica_entradas_concentrado_hemacias_recebidas': 32 valores nulos preenchidos com 0
2025-10-30 20:29:03,297 - [INFO] - [hemoprod_ms.xlsx] -   → Coluna 'producao_hemoterapica_entradas_concentrado_hemacias_devolvidas': 32 valores nulos preenchidos com 0
2025-10-30 20:29:03,297 - [INFO] - [hemoprod_ms.xlsx] -   → Coluna 'producao_hemoterapica_entradas_concentrado_hemacias_sem_buffy_coat_produzidas': 32 valores nulos preenchidos com 0
2025-10-30 20:29:03,297 - [INFO] - [hemoprod_ms.xlsx] -   → Coluna 'producao_hemoterapica_entradas_concentrado_hemacias_sem_buffy_coat_recebidas': 32 valores nulos preenchidos com 0
2025-10-30 20:29:03,297 - [INFO] - [hemoprod_ms.xlsx] -   → Coluna 'producao_hemoterapica_entradas_concentrado_hemacias_sem_buffy_coat_devolvidas': 32 valores nulos preenchidos com 0
2025-10-30 20:29:03,298 - [INFO] - [hemoprod_ms.xlsx] -   → Coluna 'producao_hemoterapica_entradas_concentrado_plaquetas_produzidas': 32 valores nulos preenchidos com 0
2025-10-30 20:29:03,298 - [INFO] - [hemoprod_ms.xlsx] -   → Coluna 'producao_hemoterapica_entradas_concentrado_plaquetas_recebidas': 32 valores nulos preenchidos com 0
2025-10-30 20:29:03,298 - [INFO] - [hemoprod_ms.xlsx] -   → Coluna 'producao_hemoterapica_entradas_concentrado_plaquetas_devolvidas': 32 valores nulos preenchidos com 0
2025-10-30 20:29:03,298 - [INFO] - [hemoprod_ms.xlsx] -   → Coluna 'producao_hemoterapica_entradas_concentrado_plaquetas_aferese_produzidas': 32 valores nulos preenchidos com 0
2025-10-30 20:29:03,298 - [INFO] - [hemoprod_ms.xlsx] -   → Coluna 'producao_hemoterapica_entradas_concentrado_plaquetas_aferese_recebidas': 32 valores nulos preenchidos com 0
2025-10-30 20:29:03,298 - [INFO] - [hemoprod_ms.xlsx] -   → Coluna 'producao_hemoterapica_entradas_concentrado_plaquetas_aferese_devolvidas': 32 valores nulos preenchidos com 0
2025-10-30 20:29:03,298 - [INFO] - [hemoprod_ms.xlsx] -   → Coluna 'producao_hemoterapica_entradas_concentrado_leucocitos_produzidas': 32 valores nulos preenchidos com 0
2025-10-30 20:29:03,298 - [INFO] - [hemoprod_ms.xlsx] -   → Coluna 'producao_hemoterapica_entradas_concentrado_leucocitos_recebidas': 32 valores nulos preenchidos com 0
2025-10-30 20:29:03,300 - [INFO] - [hemoprod_ms.xlsx] -   → Coluna 'producao_hemoterapica_entradas_concentrado_leucocitos_devolvidas': 32 valores nulos preenchidos com 0
2025-10-30 20:29:03,300 - [INFO] - [hemoprod_ms.xlsx] -   → Coluna 'producao_hemoterapica_entradas_crioprecipitado_produzidas': 32 valores nulos preenchidos com 0
2025-10-30 20:29:03,300 - [INFO] - [hemoprod_ms.xlsx] -   → Coluna 'producao_hemoterapica_entradas_crioprecipitado_recebidas': 32 valores nulos preenchidos com 0
2025-10-30 20:29:03,300 - [INFO] - [hemoprod_ms.xlsx] -   → Coluna 'producao_hemoterapica_entradas_crioprecipitado_devolvidas': 32 valores nulos preenchidos com 0
2025-10-30 20:29:03,300 - [INFO] - [hemoprod_ms.xlsx] -   → Coluna 'producao_hemoterapica_entradas_concentrado_de_plaquetas_sem_buffy_coat_produzidas': 32 valores nulos preenchidos com 0
2025-10-30 20:29:03,300 - [INFO] - [hemoprod_ms.xlsx] -   → Coluna 'producao_hemoterapica_entradas_concentrado_de_plaquetas_sem_buffy_coat_recebidas': 32 valores nulos preenchidos com 0
2025-10-30 20:29:03,300 - [INFO] - [hemoprod_ms.xlsx] -   → Coluna 'producao_hemoterapica_entradas_concentrado_de_plaquetas_sem_buffy_coat_devolvidas': 32 valores nulos preenchidos com 0
2025-10-30 20:29:03,301 - [INFO] - [hemoprod_ms.xlsx] -   → Coluna 'perdas_sangue_total_rompimento_de_bolsa': 32 valores nulos preenchidos com 0
2025-10-30 20:29:03,301 - [INFO] - [hemoprod_ms.xlsx] -   → Coluna 'perdas_sangue_total_validade': 32 valores nulos preenchidos com 0
2025-10-30 20:29:03,301 - [INFO] - [hemoprod_ms.xlsx] -   → Coluna 'perdas_sangue_total_outros_motivos': 32 valores nulos preenchidos com 0
2025-10-30 20:29:03,301 - [INFO] - [hemoprod_ms.xlsx] -   → Coluna 'perdas_plasma_fresco_congelado_rompimento_de_bolsa': 32 valores nulos preenchidos com 0
2025-10-30 20:29:03,301 - [INFO] - [hemoprod_ms.xlsx] -   → Coluna 'perdas_plasma_fresco_congelado_validade': 32 valores nulos preenchidos com 0
2025-10-30 20:29:03,302 - [INFO] - [hemoprod_ms.xlsx] -   → Coluna 'perdas_plasma_fresco_congelado_outros_motivos': 32 valores nulos preenchidos com 0
2025-10-30 20:29:03,302 - [INFO] - [hemoprod_ms.xlsx] -   → Coluna 'perdas_plasma_comum_rompimento_de_bolsa': 32 valores nulos preenchidos com 0
2025-10-30 20:29:03,302 - [INFO] - [hemoprod_ms.xlsx] -   → Coluna 'perdas_plasma_comum_validade': 32 valores nulos preenchidos com 0
2025-10-30 20:29:03,302 - [INFO] - [hemoprod_ms.xlsx] -   → Coluna 'perdas_plasma_comum_outros_motivos': 32 valores nulos preenchidos com 0
2025-10-30 20:29:03,302 - [INFO] - [hemoprod_ms.xlsx] -   → Coluna 'perdas_concentrado_de_hemacias_rompimento_de_bolsa': 32 valores nulos preenchidos com 0
2025-10-30 20:29:03,302 - [INFO] - [hemoprod_ms.xlsx] -   → Coluna 'perdas_concentrado_de_hemacias_validade': 32 valores nulos preenchidos com 0
2025-10-30 20:29:03,303 - [INFO] - [hemoprod_ms.xlsx] -   → Coluna 'perdas_concentrado_de_hemacias_outros_motivos': 32 valores nulos preenchidos com 0
2025-10-30 20:29:03,303 - [INFO] - [hemoprod_ms.xlsx] -   → Coluna 'perdas_concentrado_de_hemacias_sem_buffy_coat_rompimento_de_bolsa': 32 valores nulos preenchidos com 0
2025-10-30 20:29:03,303 - [INFO] - [hemoprod_ms.xlsx] -   → Coluna 'perdas_concentrado_de_hemacias_sem_buffy_coat_validade': 32 valores nulos preenchidos com 0
2025-10-30 20:29:03,303 - [INFO] - [hemoprod_ms.xlsx] -   → Coluna 'perdas_concentrado_de_hemacias_sem_buffy_coat_outros_motivos': 32 valores nulos preenchidos com 0
2025-10-30 20:29:03,303 - [INFO] - [hemoprod_ms.xlsx] -   → Coluna 'perdas_concentrado_de_plaquetas_rompimento_de_bolsa': 32 valores nulos preenchidos com 0
2025-10-30 20:29:03,303 - [INFO] - [hemoprod_ms.xlsx] -   → Coluna 'perdas_concentrado_de_plaquetas_validade': 32 valores nulos preenchidos com 0
2025-10-30 20:29:03,303 - [INFO] - [hemoprod_ms.xlsx] -   → Coluna 'perdas_concentrado_de_plaquetas_outros_motivos': 32 valores nulos preenchidos com 0
2025-10-30 20:29:03,303 - [INFO] - [hemoprod_ms.xlsx] -   → Coluna 'perdas_concentrado_de_plaquetas_de_aferese_rompimento_de_bolsa': 32 valores nulos preenchidos com 0
2025-10-30 20:29:03,305 - [INFO] - [hemoprod_ms.xlsx] -   → Coluna 'perdas_concentrado_de_plaquetas_de_aferese_validade': 32 valores nulos preenchidos com 0
2025-10-30 20:29:03,305 - [INFO] - [hemoprod_ms.xlsx] -   → Coluna 'perdas_concentrado_de_plaquetas_de_aferese_outros_motivos': 32 valores nulos preenchidos com 0
2025-10-30 20:29:03,305 - [INFO] - [hemoprod_ms.xlsx] -   → Coluna 'perdas_concentrado_de_leucocitos_rompimento_de_bolsa': 32 valores nulos preenchidos com 0
2025-10-30 20:29:03,305 - [INFO] - [hemoprod_ms.xlsx] -   → Coluna 'perdas_concentrado_de_leucocitos_validade': 32 valores nulos preenchidos com 0
2025-10-30 20:29:03,305 - [INFO] - [hemoprod_ms.xlsx] -   → Coluna 'perdas_concentrado_de_leucocitos_outros_motivos': 32 valores nulos preenchidos com 0
2025-10-30 20:29:03,306 - [INFO] - [hemoprod_ms.xlsx] -   → Coluna 'perdas_crioprecipitado_rompimento_de_bolsa': 32 valores nulos preenchidos com 0
2025-10-30 20:29:03,306 - [INFO] - [hemoprod_ms.xlsx] -   → Coluna 'perdas_crioprecipitado_validade': 32 valores nulos preenchidos com 0
2025-10-30 20:29:03,306 - [INFO] - [hemoprod_ms.xlsx] -   → Coluna 'perdas_crioprecipitado_outros_motivos': 32 valores nulos preenchidos com 0
2025-10-30 20:29:03,306 - [INFO] - [hemoprod_ms.xlsx] -   → Coluna 'perdas_concentrado_de_plaquetas_sem_buffy_coat_rompimento_de_bolsa': 32 valores nulos preenchidos com 0
2025-10-30 20:29:03,306 - [INFO] - [hemoprod_ms.xlsx] -   → Coluna 'perdas_concentrado_de_plaquetas_sem_buffy_coat_validade': 32 valores nulos preenchidos com 0
2025-10-30 20:29:03,306 - [INFO] - [hemoprod_ms.xlsx] -   → Coluna 'perdas_concentrado_de_plaquetas_sem_buffy_coat_outros_motivos': 32 valores nulos preenchidos com 0
2025-10-30 20:29:03,307 - [INFO] - [hemoprod_ms.xlsx] -   → Coluna 'tranfusoes_sangue_total_ambulatorial': 32 valores nulos preenchidos com 0
2025-10-30 20:29:03,307 - [INFO] - [hemoprod_ms.xlsx] -   → Coluna 'tranfusoes_sangue_total_hospitalar': 32 valores nulos preenchidos com 0
2025-10-30 20:29:03,307 - [INFO] - [hemoprod_ms.xlsx] -   → Coluna 'tranfusoes_sangue_total_total': 32 valores nulos preenchidos com 0
2025-10-30 20:29:03,307 - [INFO] - [hemoprod_ms.xlsx] -   → Coluna 'tranfusoes_plasma_fresco_congelado_ambulatorial': 32 valores nulos preenchidos com 0
2025-10-30 20:29:03,307 - [INFO] - [hemoprod_ms.xlsx] -   → Coluna 'tranfusoes_plasma_fresco_congelado_hospitalar': 32 valores nulos preenchidos com 0
2025-10-30 20:29:03,308 - [INFO] - [hemoprod_ms.xlsx] -   → Coluna 'tranfusoes_plasma_fresco_congelado_total': 32 valores nulos preenchidos com 0
2025-10-30 20:29:03,308 - [INFO] - [hemoprod_ms.xlsx] -   → Coluna 'tranfusoes_plasma_comum_ambulatorial': 32 valores nulos preenchidos com 0
2025-10-30 20:29:03,308 - [INFO] - [hemoprod_ms.xlsx] -   → Coluna 'tranfusoes_plasma_comum_hospitalar': 32 valores nulos preenchidos com 0
2025-10-30 20:29:03,308 - [INFO] - [hemoprod_ms.xlsx] -   → Coluna 'tranfusoes_plasma_comum_total': 32 valores nulos preenchidos com 0
2025-10-30 20:29:03,308 - [INFO] - [hemoprod_ms.xlsx] -   → Coluna 'tranfusoes_concentrado_de_hemacias_ambulatorial': 32 valores nulos preenchidos com 0
2025-10-30 20:29:03,308 - [INFO] - [hemoprod_ms.xlsx] -   → Coluna 'tranfusoes_concentrado_de_hemacias_hospitalar': 32 valores nulos preenchidos com 0
2025-10-30 20:29:03,308 - [INFO] - [hemoprod_ms.xlsx] -   → Coluna 'tranfusoes_concentrado_de_hemacias_total': 32 valores nulos preenchidos com 0
2025-10-30 20:29:03,309 - [INFO] - [hemoprod_ms.xlsx] -   → Coluna 'tranfusoes_concentrado_de_hemacias_sem_buffy_coat_ambulatorial': 32 valores nulos preenchidos com 0
2025-10-30 20:29:03,309 - [INFO] - [hemoprod_ms.xlsx] -   → Coluna 'tranfusoes_concentrado_de_hemacias_sem_buffy_coat_hospitalar': 32 valores nulos preenchidos com 0
2025-10-30 20:29:03,309 - [INFO] - [hemoprod_ms.xlsx] -   → Coluna 'tranfusoes_concentrado_de_hemacias_sem_buffy_coat_total': 32 valores nulos preenchidos com 0
2025-10-30 20:29:03,309 - [INFO] - [hemoprod_ms.xlsx] -   → Coluna 'tranfusoes_concentrado_de_plaquetas_ambulatorial': 32 valores nulos preenchidos com 0
2025-10-30 20:29:03,309 - [INFO] - [hemoprod_ms.xlsx] -   → Coluna 'tranfusoes_concentrado_de_plaquetas_hospitalar': 32 valores nulos preenchidos com 0
2025-10-30 20:29:03,309 - [INFO] - [hemoprod_ms.xlsx] -   → Coluna 'tranfusoes_concentrado_de_plaquetas_total': 32 valores nulos preenchidos com 0
2025-10-30 20:29:03,310 - [INFO] - [hemoprod_ms.xlsx] -   → Coluna 'tranfusoes_concentrado_de_plaquetas_de_aferese_ambulatorial': 32 valores nulos preenchidos com 0
2025-10-30 20:29:03,310 - [INFO] - [hemoprod_ms.xlsx] -   → Coluna 'tranfusoes_concentrado_de_plaquetas_de_aferese_hospitalar': 32 valores nulos preenchidos com 0
2025-10-30 20:29:03,310 - [INFO] - [hemoprod_ms.xlsx] -   → Coluna 'tranfusoes_concentrado_de_plaquetas_de_aferese_total': 32 valores nulos preenchidos com 0
2025-10-30 20:29:03,310 - [INFO] - [hemoprod_ms.xlsx] -   → Coluna 'tranfusoes_concentrado_de_leucocitos_ambulatorial': 32 valores nulos preenchidos com 0
2025-10-30 20:29:03,310 - [INFO] - [hemoprod_ms.xlsx] -   → Coluna 'tranfusoes_concentrado_de_leucocitos_hospitalar': 32 valores nulos preenchidos com 0
2025-10-30 20:29:03,311 - [INFO] - [hemoprod_ms.xlsx] -   → Coluna 'tranfusoes_concentrado_de_leucocitos_total': 32 valores nulos preenchidos com 0
2025-10-30 20:29:03,311 - [INFO] - [hemoprod_ms.xlsx] -   → Coluna 'tranfusoes_crioprecipitado_ambulatorial': 32 valores nulos preenchidos com 0
2025-10-30 20:29:03,311 - [INFO] - [hemoprod_ms.xlsx] -   → Coluna 'tranfusoes_crioprecipitado_hospitalar': 32 valores nulos preenchidos com 0
2025-10-30 20:29:03,311 - [INFO] - [hemoprod_ms.xlsx] -   → Coluna 'tranfusoes_crioprecipitado_total': 32 valores nulos preenchidos com 0
2025-10-30 20:29:03,311 - [INFO] - [hemoprod_ms.xlsx] -   → Coluna 'tranfusoes_concentrado_de_plaquetas_sem_buffy_coat_ambulatorial': 32 valores nulos preenchidos com 0
2025-10-30 20:29:03,312 - [INFO] - [hemoprod_ms.xlsx] -   → Coluna 'tranfusoes_concentrado_de_plaquetas_sem_buffy_coat_hospitalar': 32 valores nulos preenchidos com 0
2025-10-30 20:29:03,312 - [INFO] - [hemoprod_ms.xlsx] -   → Coluna 'tranfusoes_concentrado_de_plaquetas_sem_buffy_coat_total': 32 valores nulos preenchidos com 0
2025-10-30 20:29:03,312 - [INFO] - [hemoprod_ms.xlsx] -   → Coluna 'distribuicao_para_outros_servicos_sangue_total_sem_exame_pre_transfusional': 32 valores nulos preenchidos com 0
2025-10-30 20:29:03,312 - [INFO] - [hemoprod_ms.xlsx] -   → Coluna 'distribuicao_para_outros_servicos_sangue_total_com_exame_pre_transfusional': 32 valores nulos preenchidos com 0
2025-10-30 20:29:03,312 - [INFO] - [hemoprod_ms.xlsx] -   → Coluna 'distribuicao_para_outros_servicos_sangue_total_total': 32 valores nulos preenchidos com 0
2025-10-30 20:29:03,312 - [INFO] - [hemoprod_ms.xlsx] -   → Coluna 'distribuicao_para_outros_servicos_plasma_fresco_congelado_sem_exame_pre_transfusional': 32 valores nulos preenchidos com 0
2025-10-30 20:29:03,312 - [INFO] - [hemoprod_ms.xlsx] -   → Coluna 'distribuicao_para_outros_servicos_plasma_fresco_congelado_com_exame_pre_transfusional': 32 valores nulos preenchidos com 0
2025-10-30 20:29:03,314 - [INFO] - [hemoprod_ms.xlsx] -   → Coluna 'distribuicao_para_outros_servicos_plasma_fresco_congelado_total': 32 valores nulos preenchidos com 0
2025-10-30 20:29:03,314 - [INFO] - [hemoprod_ms.xlsx] -   → Coluna 'distribuicao_para_outros_servicos_plasma_comum_sem_exame_pre_transfusional': 32 valores nulos preenchidos com 0
2025-10-30 20:29:03,314 - [INFO] - [hemoprod_ms.xlsx] -   → Coluna 'distribuicao_para_outros_servicos_plasma_comum_com_exame_pre_transfusional': 32 valores nulos preenchidos com 0
2025-10-30 20:29:03,314 - [INFO] - [hemoprod_ms.xlsx] -   → Coluna 'distribuicao_para_outros_servicos_plasma_comum_total': 32 valores nulos preenchidos com 0
2025-10-30 20:29:03,314 - [INFO] - [hemoprod_ms.xlsx] -   → Coluna 'distribuicao_para_outros_servicos_concentrado_de_hemacias_sem_exame_pre_transfusional': 32 valores nulos preenchidos com 0
2025-10-30 20:29:03,315 - [INFO] - [hemoprod_ms.xlsx] -   → Coluna 'distribuicao_para_outros_servicos_concentrado_de_hemacias_com_exame_pre_transfusional': 32 valores nulos preenchidos com 0
2025-10-30 20:29:03,315 - [INFO] - [hemoprod_ms.xlsx] -   → Coluna 'distribuicao_para_outros_servicos_concentrado_de_hemacias_total': 32 valores nulos preenchidos com 0
2025-10-30 20:29:03,315 - [INFO] - [hemoprod_ms.xlsx] -   → Coluna 'distribuicao_para_outros_servicos_concentrado_de_hemacias_sem_buffy_coat_sem_exame_pre_transfusi': 32 valores nulos preenchidos com 0
2025-10-30 20:29:03,315 - [INFO] - [hemoprod_ms.xlsx] -   → Coluna 'distribuicao_para_outros_servicos_concentrado_de_hemacias_sem_buffy_coat_com_exame_pre_transfusi': 32 valores nulos preenchidos com 0
2025-10-30 20:29:03,315 - [INFO] - [hemoprod_ms.xlsx] -   → Coluna 'distribuicao_para_outros_servicos_concentrado_de_hemacias_sem_buffy_coat_total': 32 valores nulos preenchidos com 0
2025-10-30 20:29:03,315 - [INFO] - [hemoprod_ms.xlsx] -   → Coluna 'distribuicao_para_outros_servicos_concentrado_de_plaquetas_sem_exame_pre_transfusional': 32 valores nulos preenchidos com 0
2025-10-30 20:29:03,316 - [INFO] - [hemoprod_ms.xlsx] -   → Coluna 'distribuicao_para_outros_servicos_concentrado_de_plaquetas_com_exame_pre_transfusional': 32 valores nulos preenchidos com 0
2025-10-30 20:29:03,316 - [INFO] - [hemoprod_ms.xlsx] -   → Coluna 'distribuicao_para_outros_servicos_concentrado_de_plaquetas_total': 32 valores nulos preenchidos com 0
2025-10-30 20:29:03,316 - [INFO] - [hemoprod_ms.xlsx] -   → Coluna 'distribuicao_para_outros_servicos_concentrado_de_plaquetas_aferese_sem_exame_pre_transfusional': 32 valores nulos preenchidos com 0
2025-10-30 20:29:03,316 - [INFO] - [hemoprod_ms.xlsx] -   → Coluna 'distribuicao_para_outros_servicos_concentrado_de_plaquetas_aferese_com_exame_pre_transfusional': 32 valores nulos preenchidos com 0
2025-10-30 20:29:03,316 - [INFO] - [hemoprod_ms.xlsx] -   → Coluna 'distribuicao_para_outros_servicos_concentrado_de_plaquetas_aferese_total': 32 valores nulos preenchidos com 0
2025-10-30 20:29:03,316 - [INFO] - [hemoprod_ms.xlsx] -   → Coluna 'distribuicao_para_outros_servicos_concentrado_de_leucocitos_sem_exame_pre_transfusional': 32 valores nulos preenchidos com 0
2025-10-30 20:29:03,317 - [INFO] - [hemoprod_ms.xlsx] -   → Coluna 'distribuicao_para_outros_servicos_concentrado_de_leucocitos_com_exame_pre_transfusional': 32 valores nulos preenchidos com 0
2025-10-30 20:29:03,317 - [INFO] - [hemoprod_ms.xlsx] -   → Coluna 'distribuicao_para_outros_servicos_concentrado_de_leucocitos_total': 32 valores nulos preenchidos com 0
2025-10-30 20:29:03,317 - [INFO] - [hemoprod_ms.xlsx] -   → Coluna 'distribuicao_para_outros_servicos_crioprecipitado_sem_exame_pre_transfusional': 32 valores nulos preenchidos com 0
2025-10-30 20:29:03,317 - [INFO] - [hemoprod_ms.xlsx] -   → Coluna 'distribuicao_para_outros_servicos_crioprecipitado_com_exame_pre_transfusional': 32 valores nulos preenchidos com 0
2025-10-30 20:29:03,317 - [INFO] - [hemoprod_ms.xlsx] -   → Coluna 'distribuicao_para_outros_servicos_crioprecipitado_total': 32 valores nulos preenchidos com 0
2025-10-30 20:29:03,318 - [INFO] - [hemoprod_ms.xlsx] -   → Coluna 'distribuicao_para_outros_servicos_concentrado_de_plaquetas_sem_buffy_coat_sem_exame_pre_transfusional': 32 valores nulos preenchidos com 0
2025-10-30 20:29:03,318 - [INFO] - [hemoprod_ms.xlsx] -   → Coluna 'distribuicao_para_outros_servicos_concentrado_de_plaquetas_sem_buffy_coat_com_exame_pre_transfusional': 32 valores nulos preenchidos com 0
2025-10-30 20:29:03,318 - [INFO] - [hemoprod_ms.xlsx] -   → Coluna 'distribuicao_para_outros_servicos_concentrado_de_plaquetas_sem_buffy_coat_total': 32 valores nulos preenchidos com 0
2025-10-30 20:29:03,318 - [INFO] - [hemoprod_ms.xlsx] -   → Coluna 'procedimentos_de_modificacao_dos_hemocomponentes_lavagem': 32 valores nulos preenchidos com 0
2025-10-30 20:29:03,319 - [INFO] - [hemoprod_ms.xlsx] -   → Coluna 'procedimentos_de_modificacao_dos_hemocomponentes_irradiacao': 32 valores nulos preenchidos com 0
2025-10-30 20:29:03,319 - [INFO] - [hemoprod_ms.xlsx] -   → Coluna 'procedimentos_de_modificacao_dos_hemocomponentes_filtracao_em_concentrado_de_plaquetas': 32 valores nulos preenchidos com 0
2025-10-30 20:29:03,319 - [INFO] - [hemoprod_ms.xlsx] -   → Coluna 'procedimentos_de_modificacao_dos_hemocomponentes_filtracao_em_concentrado_de_hemacias': 32 valores nulos preenchidos com 0
2025-10-30 20:29:03,319 - [INFO] - [hemoprod_ms.xlsx] -   → Coluna 'procedimentos_de_modificacao_dos_hemocomponentes_fracionamento_pediatrico': 32 valores nulos preenchidos com 0
2025-10-30 20:29:03,319 - [INFO] - [hemoprod_ms.xlsx] -   → Coluna 'reacoes_transfusionais_reacao_febril_nao_hemolitica': 32 valores nulos preenchidos com 0
2025-10-30 20:29:03,320 - [INFO] - [hemoprod_ms.xlsx] -   → Coluna 'reacoes_transfusionais_reacao_hemolitica': 32 valores nulos preenchidos com 0
2025-10-30 20:29:03,320 - [INFO] - [hemoprod_ms.xlsx] -   → Coluna 'reacoes_transfusionais_reacao_alergica': 32 valores nulos preenchidos com 0
2025-10-30 20:29:03,320 - [INFO] - [hemoprod_ms.xlsx] -   → Coluna 'reacoes_transfusionais_choque_bacteriano': 32 valores nulos preenchidos com 0
2025-10-30 20:29:03,320 - [INFO] - [hemoprod_ms.xlsx] -   → Coluna 'reacoes_transfusionais_alteracoes_metabolicas': 32 valores nulos preenchidos com 0
2025-10-30 20:29:03,320 - [INFO] - [hemoprod_ms.xlsx] -   → Coluna 'reacoes_transfusionais_sobrecarga_volemica': 32 valores nulos preenchidos com 0
2025-10-30 20:29:03,320 - [INFO] - [hemoprod_ms.xlsx] -   → Coluna 'reacoes_transfusionais_outras_reacoes': 32 valores nulos preenchidos com 0
2025-10-30 20:29:03,320 - [INFO] - [hemoprod_ms.xlsx] -   → Coluna 'envio_plasma_producao_hemoderivados_plasma_fresco_congelado': 34 valores nulos preenchidos com 0
2025-10-30 20:29:03,321 - [INFO] - [hemoprod_ms.xlsx] -   → Coluna 'envio_plasma_producao_hemoderivados_plasma_comum': 34 valores nulos preenchidos com 0
2025-10-30 20:29:03,321 - [INFO] - [hemoprod_ms.xlsx] - ✓ 247 colunas Int64 preenchidas com 0
2025-10-30 20:29:03,321 - [INFO] - [hemoprod_ms.xlsx] - Iniciando deduplicação...
2025-10-30 20:29:03,321 - [INFO] - [hemoprod_ms.xlsx] - Convertendo 'data_envio' para datetime...
2025-10-30 20:29:03,332 - [INFO] - [hemoprod_ms.xlsx] - ✓ Deduplicação concluída - Removidas 26 linhas duplicadas
2025-10-30 20:29:03,332 - [INFO] - [hemoprod_ms.xlsx] - ✓ Linhas Finais: 418
2025-10-30 20:29:03,332 - [INFO] - [hemoprod_ms.xlsx] - Salvando arquivo processado...
2025-10-30 20:29:04,030 - [INFO] - [hemoprod_ms.xlsx] - ============================================================
2025-10-30 20:29:04,030 - [INFO] - [hemoprod_ms.xlsx] - ✅ PROCESSAMENTO CONCLUÍDO COM SUCESSO
2025-10-30 20:29:04,030 - [INFO] - [hemoprod_ms.xlsx] - ✅ Arquivo salvo em: D:\Documentos\STTP\hemoce\src\dados_processados\hemoprod_ms.xlsx
2025-10-30 20:29:04,030 - [INFO] - [hemoprod_ms.xlsx] - ============================================================
2025-10-30 20:29:04,030 - [INFO] - [hemoprod_ms.xlsx] - 
