2025-10-30 20:29:04,133 - [INFO] - [hemoprod_mt.xlsx] - ============================================================
2025-10-30 20:29:04,133 - [INFO] - [hemoprod_mt.xlsx] - INICIANDO PROCESSAMENTO: MT
2025-10-30 20:29:04,133 - [INFO] - [hemoprod_mt.xlsx] - ============================================================
2025-10-30 20:29:04,133 - [INFO] - [hemoprod_mt.xlsx] - Carregando arquivo: Hemoprod_MT.xlsx
2025-10-30 20:29:04,133 - [INFO] - [hemoprod_mt.xlsx] - Planilha: HEMOPROD - MATOGROSSO
2025-10-30 20:29:05,778 - [INFO] - [hemoprod_mt.xlsx] - ✓ Colunas Originais: 256
2025-10-30 20:29:05,779 - [INFO] - [hemoprod_mt.xlsx] - ✓ Linhas Originais: 1720
2025-10-30 20:29:05,779 - [INFO] - [hemoprod_mt.xlsx] - Iniciando limpeza e renomeação de colunas...
2025-10-30 20:29:05,779 - [INFO] - [hemoprod_mt.xlsx] - ✓ Colunas limpas e renomeadas
2025-10-30 20:29:05,779 - [INFO] - [hemoprod_mt.xlsx] - Normalizando período e ano de referência...
2025-10-30 20:29:05,779 - [INFO] - [hemoprod_mt.xlsx] - Coluna 'ano_referencia' não existe. Criando...
2025-10-30 20:29:05,833 - [INFO] - [hemoprod_mt.xlsx] - ✓ Normalizados 1720 registros com ano no período
2025-10-30 20:29:05,833 - [INFO] - [hemoprod_mt.xlsx] - ✓ Período/Ano normalizado
2025-10-30 20:29:05,833 - [INFO] - [hemoprod_mt.xlsx] - Normalizando município e estado...
2025-10-30 20:29:05,833 - [INFO] - [hemoprod_mt.xlsx] - Coluna 'estado' não existe. Criando...
2025-10-30 20:29:05,878 - [INFO] - [hemoprod_mt.xlsx] - ✓ Normalizados 1720 registros com estado no município
2025-10-30 20:29:05,878 - [INFO] - [hemoprod_mt.xlsx] - ✓ Município/Estado normalizado
2025-10-30 20:29:05,878 - [INFO] - [hemoprod_mt.xlsx] - Aplicando tipos de dados...
2025-10-30 20:29:05,955 - [INFO] - [hemoprod_mt.xlsx] - ✓ Tipos aplicados
2025-10-30 20:29:05,955 - [INFO] - [hemoprod_mt.xlsx] - ✓ Colunas Faltantes: 16
2025-10-30 20:29:05,955 - [INFO] - [hemoprod_mt.xlsx] -   → ['distribuicao_para_outros_servicos_concentrado_de_plaquetas_aferese_sem_exame_pre_transfusional', 'producao_hemoterapica_entradas_concentrado_plaquetas_aferese_devolvidas', 'tranfusoes_concentrado_de_plaquetas_de_aferese_hospitalar', 'estado', 'rede_estabelecimento']...
2025-10-30 20:29:05,955 - [INFO] - [hemoprod_mt.xlsx] - ✓ Colunas A Mais: 2
2025-10-30 20:29:05,955 - [INFO] - [hemoprod_mt.xlsx] -   → ['Município [Outros]', 'URL de referência']
2025-10-30 20:29:05,955 - [INFO] - [hemoprod_mt.xlsx] - Padronizando schema...
2025-10-30 20:29:05,960 - [INFO] - [hemoprod_mt.xlsx] - Coluna 'estado' já existe, mantendo valores atuais
2025-10-30 20:29:05,960 - [INFO] - [hemoprod_mt.xlsx] - Coluna 'ano_referencia' já existe, mantendo valores atuais
2025-10-30 20:29:05,967 - [INFO] - [hemoprod_mt.xlsx] - ✓ Schema padronizado - Colunas Finais: 270
2025-10-30 20:29:05,967 - [INFO] - [hemoprod_mt.xlsx] - Preenchendo valores nulos em colunas Int64 com 0...
2025-10-30 20:29:05,967 - [INFO] - [hemoprod_mt.xlsx] -   → Coluna 'semente': 100 valores nulos preenchidos com 0
2025-10-30 20:29:05,968 - [INFO] - [hemoprod_mt.xlsx] -   → Coluna 'identificacao_dado': 1720 valores nulos preenchidos com 0
2025-10-30 20:29:05,968 - [INFO] - [hemoprod_mt.xlsx] -   → Coluna 'identificacao_estabelecimento': 1720 valores nulos preenchidos com 0
2025-10-30 20:29:05,968 - [INFO] - [hemoprod_mt.xlsx] -   → Coluna 'cnpj': 2 valores nulos preenchidos com 0
2025-10-30 20:29:05,968 - [INFO] - [hemoprod_mt.xlsx] -   → Coluna 'cnes': 1720 valores nulos preenchidos com 0
2025-10-30 20:29:05,969 - [INFO] - [hemoprod_mt.xlsx] -   → Coluna 'endereco': 1720 valores nulos preenchidos com 0
2025-10-30 20:29:05,969 - [INFO] - [hemoprod_mt.xlsx] -   → Coluna 'triagem_clinica_total_doacao_espontanea_aptos': 1039 valores nulos preenchidos com 0
2025-10-30 20:29:05,969 - [INFO] - [hemoprod_mt.xlsx] -   → Coluna 'triagem_clinica_total_doacao_espontanea_inaptos': 1039 valores nulos preenchidos com 0
2025-10-30 20:29:05,969 - [INFO] - [hemoprod_mt.xlsx] -   → Coluna 'triagem_clinica_total_doacao_reposicao_aptos': 1052 valores nulos preenchidos com 0
2025-10-30 20:29:05,969 - [INFO] - [hemoprod_mt.xlsx] -   → Coluna 'triagem_clinica_total_doacao_reposicao_inaptos': 1052 valores nulos preenchidos com 0
2025-10-30 20:29:05,970 - [INFO] - [hemoprod_mt.xlsx] -   → Coluna 'triagem_clinica_total_doacao_autologa_aptos': 1056 valores nulos preenchidos com 0
2025-10-30 20:29:05,970 - [INFO] - [hemoprod_mt.xlsx] -   → Coluna 'triagem_clinica_total_doacao_autologa_inaptos': 1056 valores nulos preenchidos com 0
2025-10-30 20:29:05,970 - [INFO] - [hemoprod_mt.xlsx] -   → Coluna 'total_doador_primeira_vez_aptos': 1039 valores nulos preenchidos com 0
2025-10-30 20:29:05,970 - [INFO] - [hemoprod_mt.xlsx] -   → Coluna 'total_doador_primeira_vez_inaptos': 1041 valores nulos preenchidos com 0
2025-10-30 20:29:05,970 - [INFO] - [hemoprod_mt.xlsx] -   → Coluna 'total_doador_repeticao_aptos': 1039 valores nulos preenchidos com 0
2025-10-30 20:29:05,970 - [INFO] - [hemoprod_mt.xlsx] -   → Coluna 'total_doador_repeticao_inaptos': 1039 valores nulos preenchidos com 0
2025-10-30 20:29:05,970 - [INFO] - [hemoprod_mt.xlsx] -   → Coluna 'total_doador_esporadico_aptos': 1050 valores nulos preenchidos com 0
2025-10-30 20:29:05,971 - [INFO] - [hemoprod_mt.xlsx] -   → Coluna 'total_doador_esporadico_inaptos': 1052 valores nulos preenchidos com 0
2025-10-30 20:29:05,971 - [INFO] - [hemoprod_mt.xlsx] -   → Coluna 'total_doador_masculino_aptos': 1039 valores nulos preenchidos com 0
2025-10-30 20:29:05,971 - [INFO] - [hemoprod_mt.xlsx] -   → Coluna 'total_doador_masculino_inaptos': 1039 valores nulos preenchidos com 0
2025-10-30 20:29:05,971 - [INFO] - [hemoprod_mt.xlsx] -   → Coluna 'total_doador_feminino_aptos': 1039 valores nulos preenchidos com 0
2025-10-30 20:29:05,972 - [INFO] - [hemoprod_mt.xlsx] -   → Coluna 'total_doador_feminino_inaptos': 1039 valores nulos preenchidos com 0
2025-10-30 20:29:05,972 - [INFO] - [hemoprod_mt.xlsx] -   → Coluna 'total_doador_menor_de_18_anos_aptos': 1053 valores nulos preenchidos com 0
2025-10-30 20:29:05,972 - [INFO] - [hemoprod_mt.xlsx] -   → Coluna 'total_doador_menor_de_18_anos_inaptos': 1053 valores nulos preenchidos com 0
2025-10-30 20:29:05,972 - [INFO] - [hemoprod_mt.xlsx] -   → Coluna 'total_doador_18_ate_29_anos_aptos': 1038 valores nulos preenchidos com 0
2025-10-30 20:29:05,972 - [INFO] - [hemoprod_mt.xlsx] -   → Coluna 'total_doador_18_ate_29_anos_inaptos': 1040 valores nulos preenchidos com 0
2025-10-30 20:29:05,972 - [INFO] - [hemoprod_mt.xlsx] -   → Coluna 'total_doador_acima_de_29_anos_aptos': 1038 valores nulos preenchidos com 0
2025-10-30 20:29:05,974 - [INFO] - [hemoprod_mt.xlsx] -   → Coluna 'total_doador_acima_de_29_anos_inaptos': 1038 valores nulos preenchidos com 0
2025-10-30 20:29:05,974 - [INFO] - [hemoprod_mt.xlsx] -   → Coluna 'total_candidatos_inaptos_anemia_masculino': 1050 valores nulos preenchidos com 0
2025-10-30 20:29:05,974 - [INFO] - [hemoprod_mt.xlsx] -   → Coluna 'total_candidatos_inaptos_anemia_feminino': 1043 valores nulos preenchidos com 0
2025-10-30 20:29:05,974 - [INFO] - [hemoprod_mt.xlsx] -   → Coluna 'total_candidatos_inaptos_anemia_total': 1044 valores nulos preenchidos com 0
2025-10-30 20:29:05,975 - [INFO] - [hemoprod_mt.xlsx] -   → Coluna 'total_candidatos_inaptos_hipertensao_masculino': 1051 valores nulos preenchidos com 0
2025-10-30 20:29:05,975 - [INFO] - [hemoprod_mt.xlsx] -   → Coluna 'total_candidatos_inaptos_hipertensao_feminino': 1051 valores nulos preenchidos com 0
2025-10-30 20:29:05,975 - [INFO] - [hemoprod_mt.xlsx] -   → Coluna 'total_candidatos_inaptos_hipertensao_total': 1050 valores nulos preenchidos com 0
2025-10-30 20:29:05,975 - [INFO] - [hemoprod_mt.xlsx] -   → Coluna 'total_candidatos_inaptos_hipotensao_masculino': 1051 valores nulos preenchidos com 0
2025-10-30 20:29:05,975 - [INFO] - [hemoprod_mt.xlsx] -   → Coluna 'total_candidatos_inaptos_hipotensao_feminino': 1049 valores nulos preenchidos com 0
2025-10-30 20:29:05,976 - [INFO] - [hemoprod_mt.xlsx] -   → Coluna 'total_candidatos_inaptos_hipotensao_total': 1049 valores nulos preenchidos com 0
2025-10-30 20:29:05,976 - [INFO] - [hemoprod_mt.xlsx] -   → Coluna 'total_candidatos_inaptos_alcoolismo_masculino': 1053 valores nulos preenchidos com 0
2025-10-30 20:29:05,976 - [INFO] - [hemoprod_mt.xlsx] -   → Coluna 'total_candidatos_inaptos_alcoolismo_feminino': 1054 valores nulos preenchidos com 0
2025-10-30 20:29:05,976 - [INFO] - [hemoprod_mt.xlsx] -   → Coluna 'total_candidatos_inaptos_alcoolismo_total': 1053 valores nulos preenchidos com 0
2025-10-30 20:29:05,976 - [INFO] - [hemoprod_mt.xlsx] -   → Coluna 'total_candidatos_inaptos_comportamento_risco_dst_masculino': 1052 valores nulos preenchidos com 0
2025-10-30 20:29:05,976 - [INFO] - [hemoprod_mt.xlsx] -   → Coluna 'total_candidatos_inaptos_comportamento_risco_dst_feminino': 1052 valores nulos preenchidos com 0
2025-10-30 20:29:05,977 - [INFO] - [hemoprod_mt.xlsx] -   → Coluna 'total_candidatos_inaptos_comportamento_risco_dst_total': 1052 valores nulos preenchidos com 0
2025-10-30 20:29:05,977 - [INFO] - [hemoprod_mt.xlsx] -   → Coluna 'total_candidatos_inaptos_uso_drogas_masculino': 1054 valores nulos preenchidos com 0
2025-10-30 20:29:05,977 - [INFO] - [hemoprod_mt.xlsx] -   → Coluna 'total_candidatos_inaptos_uso_drogas_feminino': 1056 valores nulos preenchidos com 0
2025-10-30 20:29:05,977 - [INFO] - [hemoprod_mt.xlsx] -   → Coluna 'total_candidatos_inaptos_uso_drogas_total': 1054 valores nulos preenchidos com 0
2025-10-30 20:29:05,978 - [INFO] - [hemoprod_mt.xlsx] -   → Coluna 'total_candidatos_inaptos_hepatite_masculino': 1055 valores nulos preenchidos com 0
2025-10-30 20:29:05,978 - [INFO] - [hemoprod_mt.xlsx] -   → Coluna 'total_candidatos_inaptos_hepatite_feminino': 1055 valores nulos preenchidos com 0
2025-10-30 20:29:05,978 - [INFO] - [hemoprod_mt.xlsx] -   → Coluna 'total_candidatos_inaptos_hepatite_total': 1055 valores nulos preenchidos com 0
2025-10-30 20:29:05,978 - [INFO] - [hemoprod_mt.xlsx] -   → Coluna 'total_candidatos_inaptos_doenca_chagas_masculino': 1056 valores nulos preenchidos com 0
2025-10-30 20:29:05,978 - [INFO] - [hemoprod_mt.xlsx] -   → Coluna 'total_candidatos_inaptos_doenca_chagas_feminino': 1056 valores nulos preenchidos com 0
2025-10-30 20:29:05,979 - [INFO] - [hemoprod_mt.xlsx] -   → Coluna 'total_candidatos_inaptos_doenca_chagas_total': 1056 valores nulos preenchidos com 0
2025-10-30 20:29:05,979 - [INFO] - [hemoprod_mt.xlsx] -   → Coluna 'total_candidatos_inaptos_malaria_masculino': 1055 valores nulos preenchidos com 0
2025-10-30 20:29:05,979 - [INFO] - [hemoprod_mt.xlsx] -   → Coluna 'total_candidatos_inaptos_malaria_feminino': 1056 valores nulos preenchidos com 0
2025-10-30 20:29:05,979 - [INFO] - [hemoprod_mt.xlsx] -   → Coluna 'total_candidatos_inaptos_malaria_total': 1055 valores nulos preenchidos com 0
2025-10-30 20:29:05,979 - [INFO] - [hemoprod_mt.xlsx] -   → Coluna 'total_candidatos_inaptos_outras_masculino': 1040 valores nulos preenchidos com 0
2025-10-30 20:29:05,980 - [INFO] - [hemoprod_mt.xlsx] -   → Coluna 'total_candidatos_inaptos_outras_feminino': 1040 valores nulos preenchidos com 0
2025-10-30 20:29:05,980 - [INFO] - [hemoprod_mt.xlsx] -   → Coluna 'total_candidatos_inaptos_outras_total': 1039 valores nulos preenchidos com 0
2025-10-30 20:29:05,980 - [INFO] - [hemoprod_mt.xlsx] -   → Coluna 'coleta_total_candidatos_desistentes': 1049 valores nulos preenchidos com 0
2025-10-30 20:29:05,980 - [INFO] - [hemoprod_mt.xlsx] -   → Coluna 'total_interrupcoes_coleta_dificuldade_puncao_venosa': 1043 valores nulos preenchidos com 0
2025-10-30 20:29:05,980 - [INFO] - [hemoprod_mt.xlsx] -   → Coluna 'total_interrupcoes_coleta_reacao_vagal': 1051 valores nulos preenchidos com 0
2025-10-30 20:29:05,980 - [INFO] - [hemoprod_mt.xlsx] -   → Coluna 'total_interrupcoes_coleta_outros_motivos': 1047 valores nulos preenchidos com 0
2025-10-30 20:29:05,980 - [INFO] - [hemoprod_mt.xlsx] -   → Coluna 'total_coletas_sangue_total': 1038 valores nulos preenchidos com 0
2025-10-30 20:29:05,980 - [INFO] - [hemoprod_mt.xlsx] -   → Coluna 'total_coletas_aferese': 1051 valores nulos preenchidos com 0
2025-10-30 20:29:05,982 - [INFO] - [hemoprod_mt.xlsx] -   → Coluna 'exames_triagem_doenca_doenca_chagas_amostras_testadas': 1045 valores nulos preenchidos com 0
2025-10-30 20:29:05,982 - [INFO] - [hemoprod_mt.xlsx] -   → Coluna 'exames_triagem_doenca_doenca_chagas_amostras_reagentes': 1055 valores nulos preenchidos com 0
2025-10-30 20:29:05,982 - [INFO] - [hemoprod_mt.xlsx] -   → Coluna 'exames_triagem_doenca_hiv_amostras_testadas': 1045 valores nulos preenchidos com 0
2025-10-30 20:29:05,982 - [INFO] - [hemoprod_mt.xlsx] -   → Coluna 'exames_triagem_doenca_hiv_amostras_reagentes': 1053 valores nulos preenchidos com 0
2025-10-30 20:29:05,983 - [INFO] - [hemoprod_mt.xlsx] -   → Coluna 'exames_triagem_doenca_sifilis_amostras_testadas': 1045 valores nulos preenchidos com 0
2025-10-30 20:29:05,983 - [INFO] - [hemoprod_mt.xlsx] -   → Coluna '`exames_triagem_doenca_sifilis_amostras_reagentes': 1050 valores nulos preenchidos com 0
2025-10-30 20:29:05,983 - [INFO] - [hemoprod_mt.xlsx] -   → Coluna 'exames_triagem_doenca_hepatite_b_hbs_ag_amostras_testadas': 1045 valores nulos preenchidos com 0
2025-10-30 20:29:05,983 - [INFO] - [hemoprod_mt.xlsx] -   → Coluna 'exames_triagem_doenca_hepatite_b_hbs_ag_amostras_reagentes': 1052 valores nulos preenchidos com 0
2025-10-30 20:29:05,983 - [INFO] - [hemoprod_mt.xlsx] -   → Coluna 'exames_triagem_doenca_hepatite_b_anti_hbc_amostras_testadas': 1045 valores nulos preenchidos com 0
2025-10-30 20:29:05,984 - [INFO] - [hemoprod_mt.xlsx] -   → Coluna 'exames_triagem_doenca_hepatite_b_anti_hbc_amostras_reagentes': 1048 valores nulos preenchidos com 0
2025-10-30 20:29:05,984 - [INFO] - [hemoprod_mt.xlsx] -   → Coluna 'exames_triagem_doenca_hepatite_c_amostras_testadas': 1045 valores nulos preenchidos com 0
2025-10-30 20:29:05,984 - [INFO] - [hemoprod_mt.xlsx] -   → Coluna 'exames_triagem_doenca_hepatite_c_amostras_reagentes': 1053 valores nulos preenchidos com 0
2025-10-30 20:29:05,984 - [INFO] - [hemoprod_mt.xlsx] -   → Coluna 'exames_triagem_doenca_htlv_i_ii_amostras_testadas': 1045 valores nulos preenchidos com 0
2025-10-30 20:29:05,984 - [INFO] - [hemoprod_mt.xlsx] -   → Coluna 'exames_triagem_doenca_htlv_i_ii_amostras_reagentes': 1053 valores nulos preenchidos com 0
2025-10-30 20:29:05,985 - [INFO] - [hemoprod_mt.xlsx] -   → Coluna 'exames_triagem_doenca_malaria_amostras_testadas': 1052 valores nulos preenchidos com 0
2025-10-30 20:29:05,985 - [INFO] - [hemoprod_mt.xlsx] -   → Coluna 'exames_triagem_doenca_malaria_amostras_reagentes': 1058 valores nulos preenchidos com 0
2025-10-30 20:29:05,985 - [INFO] - [hemoprod_mt.xlsx] -   → Coluna 'exames_triagem_doenca_hbv_teste_nat_amostras_testadas': 1049 valores nulos preenchidos com 0
2025-10-30 20:29:05,985 - [INFO] - [hemoprod_mt.xlsx] -   → Coluna 'exames_triagem_doenca_hbv_teste_nat_amostras_reagentes': 1058 valores nulos preenchidos com 0
2025-10-30 20:29:05,985 - [INFO] - [hemoprod_mt.xlsx] -   → Coluna 'exames_triagem_doenca_hcv_teste_nat_amostras_testadas': 1049 valores nulos preenchidos com 0
2025-10-30 20:29:05,985 - [INFO] - [hemoprod_mt.xlsx] -   → Coluna 'exames_triagem_doenca_hcv_teste_nat_amostras_reagentes': 1058 valores nulos preenchidos com 0
2025-10-30 20:29:05,986 - [INFO] - [hemoprod_mt.xlsx] -   → Coluna 'exames_triagem_doenca_hiv_teste_nat_amostras_testadas': 1049 valores nulos preenchidos com 0
2025-10-30 20:29:05,986 - [INFO] - [hemoprod_mt.xlsx] -   → Coluna 'exames_triagem_doenca_hiv_teste_nat_amostras_reagentes': 1056 valores nulos preenchidos com 0
2025-10-30 20:29:05,986 - [INFO] - [hemoprod_mt.xlsx] -   → Coluna 'imunohematologia_a_positivo_doador': 6 valores nulos preenchidos com 0
2025-10-30 20:29:05,986 - [INFO] - [hemoprod_mt.xlsx] -   → Coluna 'imunohematologia_a_positivo_receptor': 13 valores nulos preenchidos com 0
2025-10-30 20:29:05,986 - [INFO] - [hemoprod_mt.xlsx] -   → Coluna 'imunohematologia_b_positivo_doador': 10 valores nulos preenchidos com 0
2025-10-30 20:29:05,987 - [INFO] - [hemoprod_mt.xlsx] -   → Coluna 'imunohematologia_b_positivo_receptor': 18 valores nulos preenchidos com 0
2025-10-30 20:29:05,987 - [INFO] - [hemoprod_mt.xlsx] -   → Coluna 'imunohematologia_ab_positivo_doador': 18 valores nulos preenchidos com 0
2025-10-30 20:29:05,987 - [INFO] - [hemoprod_mt.xlsx] -   → Coluna 'imunohematologia_ab_positivo_receptor': 27 valores nulos preenchidos com 0
2025-10-30 20:29:05,987 - [INFO] - [hemoprod_mt.xlsx] -   → Coluna 'imunohematologia_o_positivo_doador': 5 valores nulos preenchidos com 0
2025-10-30 20:29:05,987 - [INFO] - [hemoprod_mt.xlsx] -   → Coluna 'imunohematologia_o_positivo_receptor': 10 valores nulos preenchidos com 0
2025-10-30 20:29:05,988 - [INFO] - [hemoprod_mt.xlsx] -   → Coluna 'imunohematologia_a_negativo_doador': 13 valores nulos preenchidos com 0
2025-10-30 20:29:05,988 - [INFO] - [hemoprod_mt.xlsx] -   → Coluna 'imunohematologia_a_negativo_receptor': 21 valores nulos preenchidos com 0
2025-10-30 20:29:05,988 - [INFO] - [hemoprod_mt.xlsx] -   → Coluna 'imunohematologia_b_negativo_doador': 16 valores nulos preenchidos com 0
2025-10-30 20:29:05,988 - [INFO] - [hemoprod_mt.xlsx] -   → Coluna 'imunohematologia_b_negativo_receptor': 29 valores nulos preenchidos com 0
2025-10-30 20:29:05,988 - [INFO] - [hemoprod_mt.xlsx] -   → Coluna 'imunohematologia_ab_negativo_doador': 19 valores nulos preenchidos com 0
2025-10-30 20:29:05,988 - [INFO] - [hemoprod_mt.xlsx] -   → Coluna 'imunohematologia_ab_negativo_receptor': 29 valores nulos preenchidos com 0
2025-10-30 20:29:05,989 - [INFO] - [hemoprod_mt.xlsx] -   → Coluna 'imunohematologia_o_negativo_doador': 9 valores nulos preenchidos com 0
2025-10-30 20:29:05,989 - [INFO] - [hemoprod_mt.xlsx] -   → Coluna 'imunohematologia_o_negativo_receptor': 17 valores nulos preenchidos com 0
2025-10-30 20:29:05,989 - [INFO] - [hemoprod_mt.xlsx] -   → Coluna 'imunohematologia_dfraco_doador': 31 valores nulos preenchidos com 0
2025-10-30 20:29:05,989 - [INFO] - [hemoprod_mt.xlsx] -   → Coluna 'imunohematologia_dfraco_receptor': 31 valores nulos preenchidos com 0
2025-10-30 20:29:05,989 - [INFO] - [hemoprod_mt.xlsx] -   → Coluna 'imunohematologia_pesquisa_anticorpo_irregular_positivo_doador': 37 valores nulos preenchidos com 0
2025-10-30 20:29:05,989 - [INFO] - [hemoprod_mt.xlsx] -   → Coluna 'imunohematologia_pesquisa_anticorpo_irregular_positivo_receptor': 30 valores nulos preenchidos com 0
2025-10-30 20:29:05,990 - [INFO] - [hemoprod_mt.xlsx] -   → Coluna 'imunohematologia_fenotipagem_doador': 35 valores nulos preenchidos com 0
2025-10-30 20:29:05,990 - [INFO] - [hemoprod_mt.xlsx] -   → Coluna 'imunohematologia_fenotipagem_receptor': 35 valores nulos preenchidos com 0
2025-10-30 20:29:05,990 - [INFO] - [hemoprod_mt.xlsx] -   → Coluna 'imunohematologia_combs_direto_doador': 40 valores nulos preenchidos com 0
2025-10-30 20:29:05,990 - [INFO] - [hemoprod_mt.xlsx] -   → Coluna 'imunohematologia_combs_direto_receptor': 19 valores nulos preenchidos com 0
2025-10-30 20:29:05,991 - [INFO] - [hemoprod_mt.xlsx] -   → Coluna 'outros_tipos_pesquisa_pesquisa_hbs_doador': 1050 valores nulos preenchidos com 0
2025-10-30 20:29:05,991 - [INFO] - [hemoprod_mt.xlsx] -   → Coluna 'inaptidao_triagem_laboratorial_total_bolsas_testadas': 1046 valores nulos preenchidos com 0
2025-10-30 20:29:05,991 - [INFO] - [hemoprod_mt.xlsx] -   → Coluna 'inaptidao_triagem_laboratorial_total_bolsas_reagentes_1_ou_mais_marcadores': 1049 valores nulos preenchidos com 0
2025-10-30 20:29:05,992 - [INFO] - [hemoprod_mt.xlsx] -   → Coluna 'descarte_bolsas_total_bolsas_descartadas_auto_exclusao': 1052 valores nulos preenchidos com 0
2025-10-30 20:29:05,992 - [INFO] - [hemoprod_mt.xlsx] -   → Coluna 'producao_hemoterapica_entradas_sangue_total_produzidas': 32 valores nulos preenchidos com 0
2025-10-30 20:29:05,992 - [INFO] - [hemoprod_mt.xlsx] -   → Coluna 'producao_hemoterapica_entradas_sangue_total_recebidas': 39 valores nulos preenchidos com 0
2025-10-30 20:29:05,992 - [INFO] - [hemoprod_mt.xlsx] -   → Coluna 'producao_hemoterapica_entradas_sangue_total_devolvidas': 40 valores nulos preenchidos com 0
2025-10-30 20:29:05,993 - [INFO] - [hemoprod_mt.xlsx] -   → Coluna 'producao_hemoterapica_entradas_plasma_fresco_congelado_produzidas': 34 valores nulos preenchidos com 0
2025-10-30 20:29:05,993 - [INFO] - [hemoprod_mt.xlsx] -   → Coluna 'producao_hemoterapica_entradas_plasma_fresco_congelado_recebidas': 22 valores nulos preenchidos com 0
2025-10-30 20:29:05,993 - [INFO] - [hemoprod_mt.xlsx] -   → Coluna 'producao_hemoterapica_entradas_plasma_fresco_congelado_devolvidas': 39 valores nulos preenchidos com 0
2025-10-30 20:29:05,993 - [INFO] - [hemoprod_mt.xlsx] -   → Coluna 'producao_hemoterapica_entradas_plasma_comum_produzidas': 26 valores nulos preenchidos com 0
2025-10-30 20:29:05,993 - [INFO] - [hemoprod_mt.xlsx] -   → Coluna 'producao_hemoterapica_entradas_plasma_comum_recebidas': 39 valores nulos preenchidos com 0
2025-10-30 20:29:05,993 - [INFO] - [hemoprod_mt.xlsx] -   → Coluna 'producao_hemoterapica_entradas_plasma_comum_devolvidas': 40 valores nulos preenchidos com 0
2025-10-30 20:29:05,993 - [INFO] - [hemoprod_mt.xlsx] -   → Coluna 'producao_hemoterapica_entradas_concentrado_hemacias_produzidas': 23 valores nulos preenchidos com 0
2025-10-30 20:29:05,993 - [INFO] - [hemoprod_mt.xlsx] -   → Coluna 'producao_hemoterapica_entradas_concentrado_hemacias_recebidas': 11 valores nulos preenchidos com 0
2025-10-30 20:29:05,995 - [INFO] - [hemoprod_mt.xlsx] -   → Coluna 'producao_hemoterapica_entradas_concentrado_hemacias_devolvidas': 38 valores nulos preenchidos com 0
2025-10-30 20:29:05,995 - [INFO] - [hemoprod_mt.xlsx] -   → Coluna 'producao_hemoterapica_entradas_concentrado_hemacias_sem_buffy_coat_produzidas': 38 valores nulos preenchidos com 0
2025-10-30 20:29:05,995 - [INFO] - [hemoprod_mt.xlsx] -   → Coluna 'producao_hemoterapica_entradas_concentrado_hemacias_sem_buffy_coat_recebidas': 31 valores nulos preenchidos com 0
2025-10-30 20:29:05,996 - [INFO] - [hemoprod_mt.xlsx] -   → Coluna 'producao_hemoterapica_entradas_concentrado_hemacias_sem_buffy_coat_devolvidas': 41 valores nulos preenchidos com 0
2025-10-30 20:29:05,996 - [INFO] - [hemoprod_mt.xlsx] -   → Coluna 'producao_hemoterapica_entradas_concentrado_plaquetas_produzidas': 36 valores nulos preenchidos com 0
2025-10-30 20:29:05,996 - [INFO] - [hemoprod_mt.xlsx] -   → Coluna 'producao_hemoterapica_entradas_concentrado_plaquetas_recebidas': 29 valores nulos preenchidos com 0
2025-10-30 20:29:05,996 - [INFO] - [hemoprod_mt.xlsx] -   → Coluna 'producao_hemoterapica_entradas_concentrado_plaquetas_devolvidas': 41 valores nulos preenchidos com 0
2025-10-30 20:29:05,997 - [INFO] - [hemoprod_mt.xlsx] -   → Coluna 'producao_hemoterapica_entradas_concentrado_leucocitos_produzidas': 38 valores nulos preenchidos com 0
2025-10-30 20:29:05,997 - [INFO] - [hemoprod_mt.xlsx] -   → Coluna 'producao_hemoterapica_entradas_concentrado_leucocitos_recebidas': 39 valores nulos preenchidos com 0
2025-10-30 20:29:05,997 - [INFO] - [hemoprod_mt.xlsx] -   → Coluna 'producao_hemoterapica_entradas_concentrado_leucocitos_devolvidas': 41 valores nulos preenchidos com 0
2025-10-30 20:29:05,997 - [INFO] - [hemoprod_mt.xlsx] -   → Coluna 'producao_hemoterapica_entradas_crioprecipitado_produzidas': 38 valores nulos preenchidos com 0
2025-10-30 20:29:05,998 - [INFO] - [hemoprod_mt.xlsx] -   → Coluna 'producao_hemoterapica_entradas_crioprecipitado_recebidas': 36 valores nulos preenchidos com 0
2025-10-30 20:29:05,998 - [INFO] - [hemoprod_mt.xlsx] -   → Coluna 'producao_hemoterapica_entradas_crioprecipitado_devolvidas': 41 valores nulos preenchidos com 0
2025-10-30 20:29:05,998 - [INFO] - [hemoprod_mt.xlsx] -   → Coluna 'producao_hemoterapica_entradas_concentrado_de_plaquetas_sem_buffy_coat_produzidas': 38 valores nulos preenchidos com 0
2025-10-30 20:29:05,998 - [INFO] - [hemoprod_mt.xlsx] -   → Coluna 'producao_hemoterapica_entradas_concentrado_de_plaquetas_sem_buffy_coat_recebidas': 39 valores nulos preenchidos com 0
2025-10-30 20:29:05,999 - [INFO] - [hemoprod_mt.xlsx] -   → Coluna 'producao_hemoterapica_entradas_concentrado_de_plaquetas_sem_buffy_coat_devolvidas': 41 valores nulos preenchidos com 0
2025-10-30 20:29:05,999 - [INFO] - [hemoprod_mt.xlsx] -   → Coluna 'perdas_sangue_total_rompimento_de_bolsa': 36 valores nulos preenchidos com 0
2025-10-30 20:29:05,999 - [INFO] - [hemoprod_mt.xlsx] -   → Coluna 'perdas_sangue_total_validade': 39 valores nulos preenchidos com 0
2025-10-30 20:29:05,999 - [INFO] - [hemoprod_mt.xlsx] -   → Coluna 'perdas_sangue_total_outros_motivos': 31 valores nulos preenchidos com 0
2025-10-30 20:29:06,000 - [INFO] - [hemoprod_mt.xlsx] -   → Coluna 'perdas_plasma_fresco_congelado_rompimento_de_bolsa': 35 valores nulos preenchidos com 0
2025-10-30 20:29:06,000 - [INFO] - [hemoprod_mt.xlsx] -   → Coluna 'perdas_plasma_fresco_congelado_validade': 28 valores nulos preenchidos com 0
2025-10-30 20:29:06,000 - [INFO] - [hemoprod_mt.xlsx] -   → Coluna 'perdas_plasma_fresco_congelado_outros_motivos': 25 valores nulos preenchidos com 0
2025-10-30 20:29:06,000 - [INFO] - [hemoprod_mt.xlsx] -   → Coluna 'perdas_plasma_comum_rompimento_de_bolsa': 40 valores nulos preenchidos com 0
2025-10-30 20:29:06,000 - [INFO] - [hemoprod_mt.xlsx] -   → Coluna 'perdas_plasma_comum_validade': 39 valores nulos preenchidos com 0
2025-10-30 20:29:06,000 - [INFO] - [hemoprod_mt.xlsx] -   → Coluna 'perdas_plasma_comum_outros_motivos': 30 valores nulos preenchidos com 0
2025-10-30 20:29:06,000 - [INFO] - [hemoprod_mt.xlsx] -   → Coluna 'perdas_concentrado_de_hemacias_rompimento_de_bolsa': 35 valores nulos preenchidos com 0
2025-10-30 20:29:06,001 - [INFO] - [hemoprod_mt.xlsx] -   → Coluna 'perdas_concentrado_de_hemacias_validade': 7 valores nulos preenchidos com 0
2025-10-30 20:29:06,001 - [INFO] - [hemoprod_mt.xlsx] -   → Coluna 'perdas_concentrado_de_hemacias_outros_motivos': 21 valores nulos preenchidos com 0
2025-10-30 20:29:06,001 - [INFO] - [hemoprod_mt.xlsx] -   → Coluna 'perdas_concentrado_de_hemacias_sem_buffy_coat_rompimento_de_bolsa': 38 valores nulos preenchidos com 0
2025-10-30 20:29:06,001 - [INFO] - [hemoprod_mt.xlsx] -   → Coluna 'perdas_concentrado_de_hemacias_sem_buffy_coat_validade': 32 valores nulos preenchidos com 0
2025-10-30 20:29:06,001 - [INFO] - [hemoprod_mt.xlsx] -   → Coluna 'perdas_concentrado_de_hemacias_sem_buffy_coat_outros_motivos': 35 valores nulos preenchidos com 0
2025-10-30 20:29:06,002 - [INFO] - [hemoprod_mt.xlsx] -   → Coluna 'perdas_concentrado_de_plaquetas_rompimento_de_bolsa': 40 valores nulos preenchidos com 0
2025-10-30 20:29:06,002 - [INFO] - [hemoprod_mt.xlsx] -   → Coluna 'perdas_concentrado_de_plaquetas_validade': 32 valores nulos preenchidos com 0
2025-10-30 20:29:06,002 - [INFO] - [hemoprod_mt.xlsx] -   → Coluna 'perdas_concentrado_de_plaquetas_outros_motivos': 33 valores nulos preenchidos com 0
2025-10-30 20:29:06,002 - [INFO] - [hemoprod_mt.xlsx] -   → Coluna 'perdas_concentrado_de_leucocitos_rompimento_de_bolsa': 41 valores nulos preenchidos com 0
2025-10-30 20:29:06,003 - [INFO] - [hemoprod_mt.xlsx] -   → Coluna 'perdas_concentrado_de_leucocitos_validade': 36 valores nulos preenchidos com 0
2025-10-30 20:29:06,003 - [INFO] - [hemoprod_mt.xlsx] -   → Coluna 'perdas_concentrado_de_leucocitos_outros_motivos': 37 valores nulos preenchidos com 0
2025-10-30 20:29:06,003 - [INFO] - [hemoprod_mt.xlsx] -   → Coluna 'perdas_crioprecipitado_rompimento_de_bolsa': 41 valores nulos preenchidos com 0
2025-10-30 20:29:06,003 - [INFO] - [hemoprod_mt.xlsx] -   → Coluna 'perdas_crioprecipitado_validade': 37 valores nulos preenchidos com 0
2025-10-30 20:29:06,003 - [INFO] - [hemoprod_mt.xlsx] -   → Coluna 'perdas_crioprecipitado_outros_motivos': 36 valores nulos preenchidos com 0
2025-10-30 20:29:06,003 - [INFO] - [hemoprod_mt.xlsx] -   → Coluna 'perdas_concentrado_de_plaquetas_sem_buffy_coat_rompimento_de_bolsa': 40 valores nulos preenchidos com 0
2025-10-30 20:29:06,004 - [INFO] - [hemoprod_mt.xlsx] -   → Coluna 'perdas_concentrado_de_plaquetas_sem_buffy_coat_validade': 36 valores nulos preenchidos com 0
2025-10-30 20:29:06,004 - [INFO] - [hemoprod_mt.xlsx] -   → Coluna 'perdas_concentrado_de_plaquetas_sem_buffy_coat_outros_motivos': 38 valores nulos preenchidos com 0
2025-10-30 20:29:06,004 - [INFO] - [hemoprod_mt.xlsx] -   → Coluna 'tranfusoes_sangue_total_ambulatorial': 43 valores nulos preenchidos com 0
2025-10-30 20:29:06,005 - [INFO] - [hemoprod_mt.xlsx] -   → Coluna 'tranfusoes_sangue_total_hospitalar': 41 valores nulos preenchidos com 0
2025-10-30 20:29:06,005 - [INFO] - [hemoprod_mt.xlsx] -   → Coluna 'tranfusoes_sangue_total_total': 40 valores nulos preenchidos com 0
2025-10-30 20:29:06,005 - [INFO] - [hemoprod_mt.xlsx] -   → Coluna 'tranfusoes_plasma_fresco_congelado_ambulatorial': 41 valores nulos preenchidos com 0
2025-10-30 20:29:06,005 - [INFO] - [hemoprod_mt.xlsx] -   → Coluna 'tranfusoes_plasma_fresco_congelado_hospitalar': 31 valores nulos preenchidos com 0
2025-10-30 20:29:06,005 - [INFO] - [hemoprod_mt.xlsx] -   → Coluna 'tranfusoes_plasma_fresco_congelado_total': 38 valores nulos preenchidos com 0
2025-10-30 20:29:06,006 - [INFO] - [hemoprod_mt.xlsx] -   → Coluna 'tranfusoes_plasma_comum_ambulatorial': 43 valores nulos preenchidos com 0
2025-10-30 20:29:06,006 - [INFO] - [hemoprod_mt.xlsx] -   → Coluna 'tranfusoes_plasma_comum_hospitalar': 40 valores nulos preenchidos com 0
2025-10-30 20:29:06,006 - [INFO] - [hemoprod_mt.xlsx] -   → Coluna 'tranfusoes_plasma_comum_total': 39 valores nulos preenchidos com 0
2025-10-30 20:29:06,006 - [INFO] - [hemoprod_mt.xlsx] -   → Coluna 'tranfusoes_concentrado_de_hemacias_ambulatorial': 39 valores nulos preenchidos com 0
2025-10-30 20:29:06,006 - [INFO] - [hemoprod_mt.xlsx] -   → Coluna 'tranfusoes_concentrado_de_hemacias_hospitalar': 20 valores nulos preenchidos com 0
2025-10-30 20:29:06,007 - [INFO] - [hemoprod_mt.xlsx] -   → Coluna 'tranfusoes_concentrado_de_hemacias_total': 32 valores nulos preenchidos com 0
2025-10-30 20:29:06,007 - [INFO] - [hemoprod_mt.xlsx] -   → Coluna 'tranfusoes_concentrado_de_hemacias_sem_buffy_coat_ambulatorial': 39 valores nulos preenchidos com 0
2025-10-30 20:29:06,007 - [INFO] - [hemoprod_mt.xlsx] -   → Coluna 'tranfusoes_concentrado_de_hemacias_sem_buffy_coat_hospitalar': 36 valores nulos preenchidos com 0
2025-10-30 20:29:06,007 - [INFO] - [hemoprod_mt.xlsx] -   → Coluna 'tranfusoes_concentrado_de_hemacias_sem_buffy_coat_total': 35 valores nulos preenchidos com 0
2025-10-30 20:29:06,007 - [INFO] - [hemoprod_mt.xlsx] -   → Coluna 'tranfusoes_concentrado_de_plaquetas_ambulatorial': 40 valores nulos preenchidos com 0
2025-10-30 20:29:06,007 - [INFO] - [hemoprod_mt.xlsx] -   → Coluna 'tranfusoes_concentrado_de_plaquetas_hospitalar': 33 valores nulos preenchidos com 0
2025-10-30 20:29:06,008 - [INFO] - [hemoprod_mt.xlsx] -   → Coluna 'tranfusoes_concentrado_de_plaquetas_total': 36 valores nulos preenchidos com 0
2025-10-30 20:29:06,008 - [INFO] - [hemoprod_mt.xlsx] -   → Coluna 'tranfusoes_concentrado_de_leucocitos_ambulatorial': 39 valores nulos preenchidos com 0
2025-10-30 20:29:06,008 - [INFO] - [hemoprod_mt.xlsx] -   → Coluna 'tranfusoes_concentrado_de_leucocitos_hospitalar': 40 valores nulos preenchidos com 0
2025-10-30 20:29:06,008 - [INFO] - [hemoprod_mt.xlsx] -   → Coluna 'tranfusoes_concentrado_de_leucocitos_total': 37 valores nulos preenchidos com 0
2025-10-30 20:29:06,009 - [INFO] - [hemoprod_mt.xlsx] -   → Coluna 'tranfusoes_crioprecipitado_ambulatorial': 42 valores nulos preenchidos com 0
2025-10-30 20:29:06,009 - [INFO] - [hemoprod_mt.xlsx] -   → Coluna 'tranfusoes_crioprecipitado_hospitalar': 40 valores nulos preenchidos com 0
2025-10-30 20:29:06,009 - [INFO] - [hemoprod_mt.xlsx] -   → Coluna 'tranfusoes_crioprecipitado_total': 40 valores nulos preenchidos com 0
2025-10-30 20:29:06,009 - [INFO] - [hemoprod_mt.xlsx] -   → Coluna 'tranfusoes_concentrado_de_plaquetas_sem_buffy_coat_ambulatorial': 41 valores nulos preenchidos com 0
2025-10-30 20:29:06,009 - [INFO] - [hemoprod_mt.xlsx] -   → Coluna 'tranfusoes_concentrado_de_plaquetas_sem_buffy_coat_hospitalar': 40 valores nulos preenchidos com 0
2025-10-30 20:29:06,010 - [INFO] - [hemoprod_mt.xlsx] -   → Coluna 'tranfusoes_concentrado_de_plaquetas_sem_buffy_coat_total': 38 valores nulos preenchidos com 0
2025-10-30 20:29:06,010 - [INFO] - [hemoprod_mt.xlsx] -   → Coluna 'distribuicao_para_outros_servicos_sangue_total_sem_exame_pre_transfusional': 41 valores nulos preenchidos com 0
2025-10-30 20:29:06,010 - [INFO] - [hemoprod_mt.xlsx] -   → Coluna 'distribuicao_para_outros_servicos_sangue_total_com_exame_pre_transfusional': 40 valores nulos preenchidos com 0
2025-10-30 20:29:06,010 - [INFO] - [hemoprod_mt.xlsx] -   → Coluna 'distribuicao_para_outros_servicos_sangue_total_total': 41 valores nulos preenchidos com 0
2025-10-30 20:29:06,010 - [INFO] - [hemoprod_mt.xlsx] -   → Coluna 'distribuicao_para_outros_servicos_plasma_fresco_congelado_sem_exame_pre_transfusional': 31 valores nulos preenchidos com 0
2025-10-30 20:29:06,011 - [INFO] - [hemoprod_mt.xlsx] -   → Coluna 'distribuicao_para_outros_servicos_plasma_fresco_congelado_com_exame_pre_transfusional': 28 valores nulos preenchidos com 0
2025-10-30 20:29:06,011 - [INFO] - [hemoprod_mt.xlsx] -   → Coluna 'distribuicao_para_outros_servicos_plasma_fresco_congelado_total': 35 valores nulos preenchidos com 0
2025-10-30 20:29:06,011 - [INFO] - [hemoprod_mt.xlsx] -   → Coluna 'distribuicao_para_outros_servicos_plasma_comum_sem_exame_pre_transfusional': 40 valores nulos preenchidos com 0
2025-10-30 20:29:06,011 - [INFO] - [hemoprod_mt.xlsx] -   → Coluna 'distribuicao_para_outros_servicos_plasma_comum_com_exame_pre_transfusional': 40 valores nulos preenchidos com 0
2025-10-30 20:29:06,011 - [INFO] - [hemoprod_mt.xlsx] -   → Coluna 'distribuicao_para_outros_servicos_plasma_comum_total': 41 valores nulos preenchidos com 0
2025-10-30 20:29:06,012 - [INFO] - [hemoprod_mt.xlsx] -   → Coluna 'distribuicao_para_outros_servicos_concentrado_de_hemacias_sem_exame_pre_transfusional': 25 valores nulos preenchidos com 0
2025-10-30 20:29:06,012 - [INFO] - [hemoprod_mt.xlsx] -   → Coluna 'distribuicao_para_outros_servicos_concentrado_de_hemacias_com_exame_pre_transfusional': 12 valores nulos preenchidos com 0
2025-10-30 20:29:06,012 - [INFO] - [hemoprod_mt.xlsx] -   → Coluna 'distribuicao_para_outros_servicos_concentrado_de_hemacias_total': 27 valores nulos preenchidos com 0
2025-10-30 20:29:06,012 - [INFO] - [hemoprod_mt.xlsx] -   → Coluna 'distribuicao_para_outros_servicos_concentrado_de_hemacias_sem_buffy_coat_sem_exame_pre_transfusi': 34 valores nulos preenchidos com 0
2025-10-30 20:29:06,012 - [INFO] - [hemoprod_mt.xlsx] -   → Coluna 'distribuicao_para_outros_servicos_concentrado_de_hemacias_sem_buffy_coat_com_exame_pre_transfusi': 32 valores nulos preenchidos com 0
2025-10-30 20:29:06,012 - [INFO] - [hemoprod_mt.xlsx] -   → Coluna 'distribuicao_para_outros_servicos_concentrado_de_hemacias_sem_buffy_coat_total': 36 valores nulos preenchidos com 0
2025-10-30 20:29:06,012 - [INFO] - [hemoprod_mt.xlsx] -   → Coluna 'distribuicao_para_outros_servicos_concentrado_de_plaquetas_sem_exame_pre_transfusional': 35 valores nulos preenchidos com 0
2025-10-30 20:29:06,014 - [INFO] - [hemoprod_mt.xlsx] -   → Coluna 'distribuicao_para_outros_servicos_concentrado_de_plaquetas_com_exame_pre_transfusional': 31 valores nulos preenchidos com 0
2025-10-30 20:29:06,014 - [INFO] - [hemoprod_mt.xlsx] -   → Coluna 'distribuicao_para_outros_servicos_concentrado_de_plaquetas_total': 37 valores nulos preenchidos com 0
2025-10-30 20:29:06,014 - [INFO] - [hemoprod_mt.xlsx] -   → Coluna 'distribuicao_para_outros_servicos_concentrado_de_leucocitos_sem_exame_pre_transfusional': 37 valores nulos preenchidos com 0
2025-10-30 20:29:06,014 - [INFO] - [hemoprod_mt.xlsx] -   → Coluna 'distribuicao_para_outros_servicos_concentrado_de_leucocitos_com_exame_pre_transfusional': 38 valores nulos preenchidos com 0
2025-10-30 20:29:06,014 - [INFO] - [hemoprod_mt.xlsx] -   → Coluna 'distribuicao_para_outros_servicos_concentrado_de_leucocitos_total': 40 valores nulos preenchidos com 0
2025-10-30 20:29:06,015 - [INFO] - [hemoprod_mt.xlsx] -   → Coluna 'distribuicao_para_outros_servicos_crioprecipitado_sem_exame_pre_transfusional': 36 valores nulos preenchidos com 0
2025-10-30 20:29:06,015 - [INFO] - [hemoprod_mt.xlsx] -   → Coluna 'distribuicao_para_outros_servicos_crioprecipitado_com_exame_pre_transfusional': 36 valores nulos preenchidos com 0
2025-10-30 20:29:06,015 - [INFO] - [hemoprod_mt.xlsx] -   → Coluna 'distribuicao_para_outros_servicos_crioprecipitado_total': 39 valores nulos preenchidos com 0
2025-10-30 20:29:06,015 - [INFO] - [hemoprod_mt.xlsx] -   → Coluna 'distribuicao_para_outros_servicos_concentrado_de_plaquetas_sem_buffy_coat_sem_exame_pre_transfusional': 37 valores nulos preenchidos com 0
2025-10-30 20:29:06,015 - [INFO] - [hemoprod_mt.xlsx] -   → Coluna 'distribuicao_para_outros_servicos_concentrado_de_plaquetas_sem_buffy_coat_com_exame_pre_transfusional': 38 valores nulos preenchidos com 0
2025-10-30 20:29:06,016 - [INFO] - [hemoprod_mt.xlsx] -   → Coluna 'distribuicao_para_outros_servicos_concentrado_de_plaquetas_sem_buffy_coat_total': 40 valores nulos preenchidos com 0
2025-10-30 20:29:06,016 - [INFO] - [hemoprod_mt.xlsx] -   → Coluna 'procedimentos_de_modificacao_dos_hemocomponentes_lavagem': 43 valores nulos preenchidos com 0
2025-10-30 20:29:06,016 - [INFO] - [hemoprod_mt.xlsx] -   → Coluna 'procedimentos_de_modificacao_dos_hemocomponentes_irradiacao': 44 valores nulos preenchidos com 0
2025-10-30 20:29:06,016 - [INFO] - [hemoprod_mt.xlsx] -   → Coluna 'procedimentos_de_modificacao_dos_hemocomponentes_filtracao_em_concentrado_de_plaquetas': 43 valores nulos preenchidos com 0
2025-10-30 20:29:06,016 - [INFO] - [hemoprod_mt.xlsx] -   → Coluna 'procedimentos_de_modificacao_dos_hemocomponentes_filtracao_em_concentrado_de_hemacias': 40 valores nulos preenchidos com 0
2025-10-30 20:29:06,016 - [INFO] - [hemoprod_mt.xlsx] -   → Coluna 'procedimentos_de_modificacao_dos_hemocomponentes_fracionamento_pediatrico': 38 valores nulos preenchidos com 0
2025-10-30 20:29:06,016 - [INFO] - [hemoprod_mt.xlsx] -   → Coluna 'reacoes_transfusionais_reacao_febril_nao_hemolitica': 41 valores nulos preenchidos com 0
2025-10-30 20:29:06,017 - [INFO] - [hemoprod_mt.xlsx] -   → Coluna 'reacoes_transfusionais_reacao_hemolitica': 41 valores nulos preenchidos com 0
2025-10-30 20:29:06,017 - [INFO] - [hemoprod_mt.xlsx] -   → Coluna 'reacoes_transfusionais_reacao_alergica': 39 valores nulos preenchidos com 0
2025-10-30 20:29:06,017 - [INFO] - [hemoprod_mt.xlsx] -   → Coluna 'reacoes_transfusionais_choque_bacteriano': 41 valores nulos preenchidos com 0
2025-10-30 20:29:06,017 - [INFO] - [hemoprod_mt.xlsx] -   → Coluna 'reacoes_transfusionais_alteracoes_metabolicas': 41 valores nulos preenchidos com 0
2025-10-30 20:29:06,018 - [INFO] - [hemoprod_mt.xlsx] -   → Coluna 'reacoes_transfusionais_sobrecarga_volemica': 41 valores nulos preenchidos com 0
2025-10-30 20:29:06,018 - [INFO] - [hemoprod_mt.xlsx] -   → Coluna 'reacoes_transfusionais_outras_reacoes': 41 valores nulos preenchidos com 0
2025-10-30 20:29:06,018 - [INFO] - [hemoprod_mt.xlsx] -   → Coluna 'envio_plasma_producao_hemoderivados_plasma_fresco_congelado': 1060 valores nulos preenchidos com 0
2025-10-30 20:29:06,018 - [INFO] - [hemoprod_mt.xlsx] -   → Coluna 'envio_plasma_producao_hemoderivados_plasma_comum': 1060 valores nulos preenchidos com 0
2025-10-30 20:29:06,018 - [INFO] - [hemoprod_mt.xlsx] - ✓ 236 colunas Int64 preenchidas com 0
2025-10-30 20:29:06,019 - [INFO] - [hemoprod_mt.xlsx] - Iniciando deduplicação...
2025-10-30 20:29:06,019 - [INFO] - [hemoprod_mt.xlsx] - Convertendo 'data_envio' para datetime...
2025-10-30 20:29:06,033 - [INFO] - [hemoprod_mt.xlsx] - ✓ Deduplicação concluída - Removidas 131 linhas duplicadas
2025-10-30 20:29:06,033 - [INFO] - [hemoprod_mt.xlsx] - ✓ Linhas Finais: 1589
2025-10-30 20:29:06,033 - [INFO] - [hemoprod_mt.xlsx] - Salvando arquivo processado...
2025-10-30 20:29:08,738 - [INFO] - [hemoprod_mt.xlsx] - ============================================================
2025-10-30 20:29:08,738 - [INFO] - [hemoprod_mt.xlsx] - ✅ PROCESSAMENTO CONCLUÍDO COM SUCESSO
2025-10-30 20:29:08,738 - [INFO] - [hemoprod_mt.xlsx] - ✅ Arquivo salvo em: D:\Documentos\STTP\hemoce\src\dados_processados\hemoprod_mt.xlsx
2025-10-30 20:29:08,738 - [INFO] - [hemoprod_mt.xlsx] - ============================================================
2025-10-30 20:29:08,739 - [INFO] - [hemoprod_mt.xlsx] - 
